31.0 APEX_CODE,FINE;APEX_PROFILING,NONE;CALLOUT,INFO;DB,NONE;NBA,INFO;SYSTEM,NONE;VALIDATION,NONE;VISUALFORCE,FINE;WAVE,NONE;WORKFLOW,NONE
10:59:26.0 (156627)|USER_INFO|[EXTERNAL]|0052p000008i9TA|n.gonzalez@blackbirdcrew.com.pre|hora estándar de Europa central|GMT+02:00
10:59:26.0 (251328)|EXECUTION_STARTED
10:59:26.0 (258470)|CODE_UNIT_STARTED|[EXTERNAL]|TRIGGERS
10:59:26.0 (306853)|CODE_UNIT_STARTED|[EXTERNAL]|01q57000000g1Lq|ContractTrigger on Contract trigger event BeforeUpdate|__sfdc_trigger/ContractTrigger
10:59:26.0 (1283993)|USER_DEBUG|[3]|DEBUG|**** Contract Trigger ****
10:59:26.0 (2410692)|METHOD_ENTRY|[6]|01p57000001HcLT|TriggerFactory.TriggerFactory()
10:59:26.0 (2431544)|METHOD_EXIT|[6]|TriggerFactory
10:59:26.0 (2452030)|METHOD_ENTRY|[4]|01p57000001HcLT|TriggerFactory.createHandler(Schema.SObjectType)
10:59:26.0 (6677465)|METHOD_ENTRY|[1]|01p57000001lFxx|Util.Util()
10:59:26.0 (7387451)|METHOD_EXIT|[1]|Util
10:59:26.0 (19645419)|METHOD_ENTRY|[27]|01p57000001HcLT|TriggerFactory.getHandler(Configuration_Switch__mdt, String)
10:59:26.0 (19805584)|SYSTEM_METHOD_ENTRY|[1]|Type.Type()
10:59:26.0 (19826747)|SYSTEM_METHOD_EXIT|[1]|Type
10:59:26.0 (19844541)|METHOD_ENTRY|[112]||System.Type.forName(String)
10:59:26.0 (23322789)|METHOD_EXIT|[112]||System.Type.forName(String)
10:59:26.0 (23356360)|METHOD_ENTRY|[119]||System.Type.newInstance()
10:59:26.0 (24209310)|METHOD_ENTRY|[5]|01p57000001HcKv|ContractHandler.ContractHandler()
10:59:26.0 (24248722)|METHOD_EXIT|[5]|ContractHandler
10:59:26.0 (24550576)|METHOD_EXIT|[119]||System.Type.newInstance()
10:59:26.0 (28121832)|METHOD_EXIT|[27]|01p57000001HcLT|TriggerFactory.getHandler(Configuration_Switch__mdt, String)
10:59:26.0 (28173512)|METHOD_ENTRY|[33]|01p57000001HcLT|TriggerFactory.execute(ITrigger)
10:59:26.0 (28409288)|METHOD_ENTRY|[51]|01p57000001HcKv|ContractHandler.bulkBefore(List<SObject>, Map<Id,SObject>)
10:59:26.0 (29456401)|METHOD_ENTRY|[1]|01p57000001HcKw|ContractUtil.ContractUtil()
10:59:26.0 (30466409)|METHOD_EXIT|[1]|ContractUtil
10:59:26.0 (30504863)|METHOD_ENTRY|[23]|01p57000001HcKw|ContractUtil.loadData(List<Contract>, Map<String,Contract>)
10:59:26.0 (62677589)|USER_DEBUG|[51]|DEBUG|## before loadData BEFORE newList: (Contract:{Id=8003L0000003ksrQAA, AccountId=0013L00000LfR0wQAF, OwnerExpirationNotice=null, StartDate=2022-06-06 00:00:00, EndDate=null, BillingStreet=null, BillingCity=null, BillingState=null, BillingPostalCode=null, BillingCountry=null, BillingLatitude=null, BillingLongitude=null, BillingGeocodeAccuracy=null, ShippingStreet=null, ShippingCity=null, ShippingState=null, ShippingPostalCode=null, ShippingCountry=null, ShippingLatitude=null, ShippingLongitude=null, ShippingGeocodeAccuracy=null, ContractTerm=null, OwnerId=0052p000008i9TAAAY, Status=Borrador, CompanySignedId=null, CompanySignedDate=null, CustomerSignedId=null, CustomerSignedTitle=null, CustomerSignedDate=2022-06-06 00:00:00, SpecialTerms=null, ActivatedById=null, ActivatedDate=null, StatusCode=Draft, Description=null, RecordTypeId=012D00000003GZSIA2, Name=null, IsDeleted=false, ContractNumber=00046255, LastApprovedDate=null, CreatedDate=2022-07-21 10:51:22, CreatedById=0052p000008i9TAAAY, LastModifiedDate=2022-08-03 08:29:29, LastModifiedById=0052p000008i9TAAAY, SystemModstamp=2022-08-03 08:29:29, LastActivityDate=null, LastViewedDate=null, LastReferencedDate=null, Comarca__c=null, Territorio__c=null, N_cliente_existente__c=null, N_telefono__c=null, N_telefono_movil__c=612496984, N_fax__c=null, Cod_tarifa__c=null, Cod_forma_de_pago__c=null, Cod_terminos_de_pago__c=null, Cod_dia_de_pago__c=null, Duracion_contrato_en_toneladas__c=null, Consumo_previsto_Kgs__c=null, Coste_resolucion_anticipada__c=null, Producto_contratado__c=null, Prescriptor__c=null, Segmento__c=null, Importe_prima__c=null, Importe_prima_por_tonelada__c=null, Numero_de_contrato_app__c=null, Rentabilidad_prevista__c=null, dp_cad_min1__c=null, dp_cad_min2__c=null, dp_cad_min3__c=null, SWI__c=null, IBAN__c=null, CIF__c=8, Nombre_cliente__c=null, e_mail__c=null, Cod_CNAE__c=null, Entrega_de_producto__c=Automática, Origen__c=null, Origen_tipo_de_cliente__c=null, Perfil_de_consumo__c=null, Cod_forma_pago_servicios__c=null, Cod_terminos_pago_servicios__c=null, dp_cad_min4__c=null, dp_cad_min5__c=null, dp_cad_min6__c=null, dto_Kg_1__c=null, dto_Kg_2__c=null, dto_Kg_3__c=null, dto_Kg_4__c=null, dto_Kg_5__c=null, dto_Kg_6__c=null, dcm_propano1__c=null, dcm_propano2__c=null, dcm_propano3__c=null, dcm_propano4__c=null, dto_a_o_1__c=null, dto_a_o_2__c=null, dto_a_o_3__c=null, dto_a_o_4__c=null, Cobertura_movil__c=false, Tipo_de_tanque__c=null, Capacidad_tanque__c=null, Tipo__c=null, Tipo_camion__c=null, Perfil_base__c=null, Fecha_prevista_1er_llenado__c=null, Fecha_prevista_obra_civil__c=null, TP_tipo_instalacion__c=null, Importe_modalidad_instalacion__c=null, Altitud__c=null, Proyecto_exterior_importe__c=null, Aportaci_n_al_cliente__c=null, Obra_civil_deposito_importe__c=null, Canalizado_promotor__c=null, Obra_civil_zanjas_importe__c=null, Carburante__c=false, Obra_civil_vallado_importe__c=null, Consumo_previsto_GWh__c=null, ECD_grua_importe__c=null, Consumo_previsto_tons__c=1000, Gestion_instalacion_importe__c=null, Contrato_anterior__c=null, Conexion_gas_red_ext_importe__c=null, Coste_resolucion_anticipada_MWh__c=null, Prueba_instalacion_importe__c=null, Coste_resolucion_anticipada_toneladas__c=null, LI_legaliz_inst_ext_importe__c=null, LI_extintores_importe__c=null, Direccion_de_entrega__c=a003L000003TKLpQAO, Duraci_n_contrato_GWh__c=null, Proyecto_interior_importe__c=null, Duraci_n_del_contrato_a_os__c=2, Conexion_certificado_interior_importe__c=null, Error_Sync__c=false, Contadores_importe__c=null, Estado_2__c=Nuevo, Otros_exterior__c=null, Aportacion_maxima_interior__c=null, Caldera__c=null, Inertizado_Dep_Cliente__c=null, Inversion_recuperable__c=null, Inversion_no_recuperable__c=null, Oportunidad__c=null, Modalidad_de_instalaci_n__c=Modular, Otros_interior_importe__c=null, Compraventa_minima_en_kg__c=null, Fecha_ltima_Sync__c=null, Id_Navision__c=null, Importe_SAU__c=null, Importe_alquiler_contador__c=null, Importe_contador_nuevo__c=null, Importe_dep_sito__c=null, Importe_derechos_acometida__c=null, Importe_derechos_de_alta__c=null, Importe_equipos__c=null, Importe_forfait__c=null, Importe_gesti_n_contrato__c=null, Importe_inspecci_n_quinquenal__c=null, Importe_instalaci_n_exterior__c=null, Importe_instalaci_n_interior__c=null, Importe_obra_Civil__c=null, Importe_proyectos__c=null, Importe_reenganche__c=null, Importe_servicios__c=null, Importe_t_rmino_fijo__c=null, Motivo_de_renovacion__c=null, N_Cliente_anterior__c=null, N_mero_de_vaporizadores__c=null, Prescriptor_no_en_BD__c=null, Primaconta__c=false, Primaservicios_gratuitos__c=true, Promotor__c=null, Reminder_terms_code__c=null, Responsabilidad_Primagas__c=null, Responsabilidad_cliente__c=null, Segmento_1__c=null, Segmento_2__c=null, Servicios__c=null, Subcontratista__c=null, Subcontratista_no_BD__c=null, Tarifa__c=null, Tipo_GNL__c=null, Tipo_de_descuento__c=null, Toma_agua_15_m__c=false, Uso__c=null, Vaporizaci_n_Nm3h__c=null, dcm_propano5__c=null, dcm_propano6__c=null, dto_1__c=null, dto_2__c=null, dto_3__c=null, dto_4__c=null, dto_5__c=null, dto_6__c=null, dto_a_o_5__c=null, dto_a_o_6__c=null, Fecha_fin_contrato__c=2024-06-07 00:00:00, Campa_a_relacionada__c=7013L000000Bh5RQAS, Coordenadas_GPS__Latitude__s=null, Coordenadas_GPS__Longitude__s=null, Derechos_de_titular__c=null, Directorio_pdf__c=null, Entrega_y_colocacion_deposito__c=null, Equipos_instalacion__c=null, Instalacion_exterior__c=null, Instalacion_y_certificado_interior__c=null, Instalador__c=null, Obra_civil_deposito__c=null, Obra_civil_tuberia__c=null, Observaciones_equipos__c=null, Otros_Primagas__c=null, Otros_cliente__c=null, Pago_fraccionado__c=false, Plazo_de_pagos__c=null, Presentacion_en_ayuntamiento__c=null, Proyectista__c=null, Proyecto_exterior_memoria__c=null, Proyecto_interior__c=null, Tramo_con_descuento__c=null, Ubicacion_deposito__c=null, Vallado__c=null, Telemedida__c=false, Forma_de_pago_forfait__c=null, Observaciones_generales__c=null, emailDestinatarioBorrador__c=null, Contrato_original_recibido__c=false, N_Cliente_Navision__c=0, Pago_prima__c=false, Factura_n__c=null, Fraccionar_pago_1er_llenado_en_3__c=false, Tanque_propio__c=false, OldCustomerNavCode__c=null, OldShiptoCode__c=null, Ultima_lectura_de_contador__c=null, N_Pedido_creado__c=null, N_Prescriptor__c=R, Campa_a_aplicada__c=false, DNI__c=null, Pedido_Instalaci_n_creado__c=false, Primaservicios_mes1__c=0.00, Primaservicios_mes2__c=0.00, Primaservicios_mes3__c=0.00, Primaservicios_mes4__c=0.00, Primaservicios_mes5__c=0.00, Tipo_residencia__c=null, Financiacion_externa__c=false, IsTitularChange__c=false, Tramo__c=1, uso_en_contrato__c=null, DateFirstFilled__c=2022-06-07 00:00:00, conv_importe_term_fijo__c=null, conv_importe_SAU__c=00, conv_total2_ds__c=null, conv_fecha_firma_cliente__c=6/6/2022})
10:59:26.0 (63491271)|USER_DEBUG|[73]|DEBUG|## loadData BEFORE contratosAnteriores: ()
10:59:26.0 (63534589)|USER_DEBUG|[74]|DEBUG|## after loadData BEFORE
10:59:26.0 (63580716)|METHOD_EXIT|[23]|01p57000001HcKw|ContractUtil.loadData(List<Contract>, Map<String,Contract>)
10:59:26.0 (63595809)|METHOD_EXIT|[51]|01p57000001HcKv|ContractHandler.bulkBefore(List<SObject>, Map<Id,SObject>)
10:59:26.0 (63702714)|METHOD_ENTRY|[61]|01p57000001HcKv|ContractHandler.beforeUpdate(List<SObject>, Map<Id,SObject>)
10:59:26.0 (63750985)|METHOD_ENTRY|[48]|01p57000001HcKw|ContractUtil.populateContractEndDateUpdate(List<Contract>, Map<Id,Contract>)
10:59:26.0 (64842207)|METHOD_EXIT|[48]|01p57000001HcKw|ContractUtil.populateContractEndDateUpdate(List<Contract>, Map<Id,Contract>)
10:59:26.0 (64865165)|METHOD_EXIT|[61]|01p57000001HcKv|ContractHandler.beforeUpdate(List<SObject>, Map<Id,SObject>)
10:59:26.0 (64887197)|METHOD_ENTRY|[92]|01p57000001HcKv|ContractHandler.andFinally()
10:59:26.0 (64926371)|METHOD_ENTRY|[92]|01p57000001HcKw|ContractUtil.insertUpdateDeleteRecords()
10:59:26.0 (65100825)|METHOD_EXIT|[92]|01p57000001HcKw|ContractUtil.insertUpdateDeleteRecords()
10:59:26.0 (65111544)|METHOD_EXIT|[92]|01p57000001HcKv|ContractHandler.andFinally()
10:59:26.0 (65121887)|METHOD_EXIT|[33]|01p57000001HcLT|TriggerFactory.execute(ITrigger)
10:59:26.0 (65134874)|METHOD_EXIT|[4]|01p57000001HcLT|TriggerFactory.createHandler(Schema.SObjectType)
10:59:26.0 (67201039)|CODE_UNIT_FINISHED|ContractTrigger on Contract trigger event BeforeUpdate|__sfdc_trigger/ContractTrigger
10:59:26.0 (152310807)|CODE_UNIT_STARTED|[EXTERNAL]|01q57000000g1Lq|ContractTrigger on Contract trigger event AfterUpdate|__sfdc_trigger/ContractTrigger
10:59:26.0 (152702927)|USER_DEBUG|[3]|DEBUG|**** Contract Trigger ****
10:59:26.0 (152792073)|METHOD_ENTRY|[4]|01p57000001HcLT|TriggerFactory.createHandler(Schema.SObjectType)
10:59:26.0 (153465047)|METHOD_ENTRY|[27]|01p57000001HcLT|TriggerFactory.getHandler(Configuration_Switch__mdt, String)
10:59:26.0 (153521544)|METHOD_ENTRY|[112]||System.Type.forName(String)
10:59:26.0 (153695157)|METHOD_EXIT|[112]||System.Type.forName(String)
10:59:26.0 (153709013)|METHOD_ENTRY|[119]||System.Type.newInstance()
10:59:26.0 (153812655)|METHOD_EXIT|[119]||System.Type.newInstance()
10:59:26.0 (153930295)|METHOD_EXIT|[27]|01p57000001HcLT|TriggerFactory.getHandler(Configuration_Switch__mdt, String)
10:59:26.0 (153942721)|METHOD_ENTRY|[33]|01p57000001HcLT|TriggerFactory.execute(ITrigger)
10:59:26.0 (154032284)|METHOD_ENTRY|[72]|01p57000001HcKv|ContractHandler.bulkAfter(List<SObject>, Map<Id,SObject>)
10:59:26.0 (154081426)|METHOD_ENTRY|[28]|01p57000001HcKw|ContractUtil.loadData(List<SObject>, Map<String,Account>)
10:59:26.0 (154133619)|USER_DEBUG|[25]|DEBUG|## before loadData AFTER
10:59:26.0 (164385405)|USER_DEBUG|[46]|DEBUG|## after loadData AFTER
10:59:26.0 (164429652)|METHOD_EXIT|[28]|01p57000001HcKw|ContractUtil.loadData(List<SObject>, Map<String,Account>)
10:59:26.0 (164450406)|METHOD_EXIT|[72]|01p57000001HcKv|ContractHandler.bulkAfter(List<SObject>, Map<Id,SObject>)
10:59:26.0 (164519564)|METHOD_ENTRY|[82]|01p57000001HcKv|ContractHandler.afterUpdate(List<SObject>, Map<Id,SObject>)
10:59:26.0 (164574663)|METHOD_ENTRY|[72]|01p57000001HcKw|ContractUtil.actualizarDatosClienteYDireccionEntrega(List<Contract>, Map<Id,Contract>, Map<String,Account>)
10:59:26.0 (165236865)|USER_DEBUG|[354]|DEBUG|##cuentasUpdate: ()
10:59:26.0 (165336801)|USER_DEBUG|[372]|DEBUG|##direccionesUpdate: ()
10:59:26.0 (165383485)|METHOD_EXIT|[72]|01p57000001HcKw|ContractUtil.actualizarDatosClienteYDireccionEntrega(List<Contract>, Map<Id,Contract>, Map<String,Account>)
10:59:26.0 (165410460)|METHOD_ENTRY|[73]|01p57000001HcKw|ContractUtil.RegistrarContrato(List<Contract>, Map<Id,Contract>, Map<String,Account>)
10:59:26.0 (172223977)|USER_DEBUG|[142]|DEBUG|## before RegistrarContrato newList: (Contract:{Id=8003L0000003ksrQAA, AccountId=0013L00000LfR0wQAF, OwnerExpirationNotice=null, StartDate=2022-06-06 00:00:00, EndDate=null, BillingStreet=null, BillingCity=null, BillingState=null, BillingPostalCode=null, BillingCountry=null, BillingLatitude=null, BillingLongitude=null, BillingGeocodeAccuracy=null, ShippingStreet=null, ShippingCity=null, ShippingState=null, ShippingPostalCode=null, ShippingCountry=null, ShippingLatitude=null, ShippingLongitude=null, ShippingGeocodeAccuracy=null, ContractTerm=null, OwnerId=0052p000008i9TAAAY, Status=Borrador, CompanySignedId=null, CompanySignedDate=null, CustomerSignedId=null, CustomerSignedTitle=null, CustomerSignedDate=2022-06-06 00:00:00, SpecialTerms=null, ActivatedById=null, ActivatedDate=null, StatusCode=Draft, Description=null, RecordTypeId=012D00000003GZSIA2, Name=null, IsDeleted=false, ContractNumber=00046255, LastApprovedDate=null, CreatedDate=2022-07-21 10:51:22, CreatedById=0052p000008i9TAAAY, LastModifiedDate=2022-08-03 08:59:27, LastModifiedById=0052p000008i9TAAAY, SystemModstamp=2022-08-03 08:59:27, LastActivityDate=null, LastViewedDate=null, LastReferencedDate=null, Comarca__c=null, Territorio__c=null, N_cliente_existente__c=null, N_telefono__c=null, N_telefono_movil__c=612496984, N_fax__c=null, Cod_tarifa__c=null, Cod_forma_de_pago__c=null, Cod_terminos_de_pago__c=null, Cod_dia_de_pago__c=null, Duracion_contrato_en_toneladas__c=null, Consumo_previsto_Kgs__c=null, Coste_resolucion_anticipada__c=null, Producto_contratado__c=null, Prescriptor__c=null, Segmento__c=null, Importe_prima__c=null, Importe_prima_por_tonelada__c=null, Numero_de_contrato_app__c=null, Rentabilidad_prevista__c=null, dp_cad_min1__c=null, dp_cad_min2__c=null, dp_cad_min3__c=null, SWI__c=null, IBAN__c=null, CIF__c=8, Nombre_cliente__c=null, e_mail__c=null, Cod_CNAE__c=null, Entrega_de_producto__c=Automática, Origen__c=null, Origen_tipo_de_cliente__c=null, Perfil_de_consumo__c=null, Cod_forma_pago_servicios__c=null, Cod_terminos_pago_servicios__c=null, dp_cad_min4__c=null, dp_cad_min5__c=null, dp_cad_min6__c=null, dto_Kg_1__c=null, dto_Kg_2__c=null, dto_Kg_3__c=null, dto_Kg_4__c=null, dto_Kg_5__c=null, dto_Kg_6__c=null, dcm_propano1__c=null, dcm_propano2__c=null, dcm_propano3__c=null, dcm_propano4__c=null, dto_a_o_1__c=null, dto_a_o_2__c=null, dto_a_o_3__c=null, dto_a_o_4__c=null, Cobertura_movil__c=false, Tipo_de_tanque__c=null, Capacidad_tanque__c=null, Tipo__c=null, Tipo_camion__c=null, Perfil_base__c=null, Fecha_prevista_1er_llenado__c=null, Fecha_prevista_obra_civil__c=null, TP_tipo_instalacion__c=null, Importe_modalidad_instalacion__c=null, Altitud__c=null, Proyecto_exterior_importe__c=null, Aportaci_n_al_cliente__c=null, Obra_civil_deposito_importe__c=null, Canalizado_promotor__c=null, Obra_civil_zanjas_importe__c=null, Carburante__c=false, Obra_civil_vallado_importe__c=null, Consumo_previsto_GWh__c=null, ECD_grua_importe__c=null, Consumo_previsto_tons__c=1000, Gestion_instalacion_importe__c=null, Contrato_anterior__c=null, Conexion_gas_red_ext_importe__c=null, Coste_resolucion_anticipada_MWh__c=null, Prueba_instalacion_importe__c=null, Coste_resolucion_anticipada_toneladas__c=null, LI_legaliz_inst_ext_importe__c=null, LI_extintores_importe__c=null, Direccion_de_entrega__c=a003L000003TKLpQAO, Duraci_n_contrato_GWh__c=null, Proyecto_interior_importe__c=null, Duraci_n_del_contrato_a_os__c=2, Conexion_certificado_interior_importe__c=null, Error_Sync__c=false, Contadores_importe__c=null, Estado_2__c=Nuevo, Otros_exterior__c=null, Aportacion_maxima_interior__c=null, Caldera__c=null, Inertizado_Dep_Cliente__c=null, Inversion_recuperable__c=null, Inversion_no_recuperable__c=null, Oportunidad__c=null, Modalidad_de_instalaci_n__c=Modular, Otros_interior_importe__c=null, Compraventa_minima_en_kg__c=null, Fecha_ltima_Sync__c=null, Id_Navision__c=null, Importe_SAU__c=null, Importe_alquiler_contador__c=null, Importe_contador_nuevo__c=null, Importe_dep_sito__c=null, Importe_derechos_acometida__c=null, Importe_derechos_de_alta__c=null, Importe_equipos__c=null, Importe_forfait__c=null, Importe_gesti_n_contrato__c=null, Importe_inspecci_n_quinquenal__c=null, Importe_instalaci_n_exterior__c=null, Importe_instalaci_n_interior__c=null, Importe_obra_Civil__c=null, Importe_proyectos__c=null, Importe_reenganche__c=null, Importe_servicios__c=null, Importe_t_rmino_fijo__c=null, Motivo_de_renovacion__c=null, N_Cliente_anterior__c=null, N_mero_de_vaporizadores__c=null, Prescriptor_no_en_BD__c=null, Primaconta__c=false, Primaservicios_gratuitos__c=true, Promotor__c=null, Reminder_terms_code__c=null, Responsabilidad_Primagas__c=null, Responsabilidad_cliente__c=null, Segmento_1__c=null, Segmento_2__c=null, Servicios__c=null, Subcontratista__c=null, Subcontratista_no_BD__c=null, Tarifa__c=null, Tipo_GNL__c=null, Tipo_de_descuento__c=null, Toma_agua_15_m__c=false, Uso__c=null, Vaporizaci_n_Nm3h__c=null, dcm_propano5__c=null, dcm_propano6__c=null, dto_1__c=null, dto_2__c=null, dto_3__c=null, dto_4__c=null, dto_5__c=null, dto_6__c=null, dto_a_o_5__c=null, dto_a_o_6__c=null, Fecha_fin_contrato__c=2024-06-07 00:00:00, Campa_a_relacionada__c=7013L000000Bh5RQAS, Coordenadas_GPS__Latitude__s=null, Coordenadas_GPS__Longitude__s=null, Derechos_de_titular__c=null, Directorio_pdf__c=null, Entrega_y_colocacion_deposito__c=null, Equipos_instalacion__c=null, Instalacion_exterior__c=null, Instalacion_y_certificado_interior__c=null, Instalador__c=null, Obra_civil_deposito__c=null, Obra_civil_tuberia__c=null, Observaciones_equipos__c=null, Otros_Primagas__c=null, Otros_cliente__c=null, Pago_fraccionado__c=false, Plazo_de_pagos__c=null, Presentacion_en_ayuntamiento__c=null, Proyectista__c=null, Proyecto_exterior_memoria__c=null, Proyecto_interior__c=null, Tramo_con_descuento__c=null, Ubicacion_deposito__c=null, Vallado__c=null, Telemedida__c=false, Forma_de_pago_forfait__c=null, Observaciones_generales__c=null, emailDestinatarioBorrador__c=null, Contrato_original_recibido__c=false, N_Cliente_Navision__c=0, Pago_prima__c=false, Factura_n__c=null, Fraccionar_pago_1er_llenado_en_3__c=false, Tanque_propio__c=false, OldCustomerNavCode__c=null, OldShiptoCode__c=null, Ultima_lectura_de_contador__c=null, N_Pedido_creado__c=null, N_Prescriptor__c=R, Campa_a_aplicada__c=false, DNI__c=null, Pedido_Instalaci_n_creado__c=false, Primaservicios_mes1__c=0.00, Primaservicios_mes2__c=0.00, Primaservicios_mes3__c=0.00, Primaservicios_mes4__c=0.00, Primaservicios_mes5__c=0.00, Tipo_residencia__c=null, Financiacion_externa__c=false, IsTitularChange__c=false, Tramo__c=1, uso_en_contrato__c=null, DateFirstFilled__c=2022-06-07 00:00:00, conv_importe_term_fijo__c=null, conv_importe_SAU__c=00, conv_total2_ds__c=null, conv_fecha_firma_cliente__c=6/6/2022})
10:59:26.0 (172585330)|USER_DEBUG|[145]|DEBUG|mapaClientes: {0013L00000LfR0wQAF}
10:59:26.0 (210293725)|SYSTEM_METHOD_ENTRY|[7]|QueryLocatorIterator.QueryLocatorIterator()
10:59:26.0 (210326991)|SYSTEM_METHOD_EXIT|[7]|QueryLocatorIterator
10:59:26.0 (210491485)|METHOD_ENTRY|[112]||Database.QueryLocatorIterator.hasNext()
10:59:26.0 (210659006)|METHOD_EXIT|[112]||Database.QueryLocatorIterator.hasNext()
10:59:26.0 (210671951)|METHOD_ENTRY|[112]||Database.QueryLocatorIterator.next()
10:59:26.0 (210770945)|METHOD_EXIT|[112]||Database.QueryLocatorIterator.next()
10:59:26.0 (211100174)|METHOD_ENTRY|[112]||Database.QueryLocatorIterator.hasNext()
10:59:26.0 (211134936)|METHOD_EXIT|[112]||Database.QueryLocatorIterator.hasNext()
10:59:26.0 (211142533)|METHOD_ENTRY|[112]||Database.QueryLocatorIterator.next()
10:59:26.0 (211205736)|METHOD_EXIT|[112]||Database.QueryLocatorIterator.next()
10:59:26.0 (211290237)|METHOD_ENTRY|[112]||Database.QueryLocatorIterator.hasNext()
10:59:26.0 (211318534)|METHOD_EXIT|[112]||Database.QueryLocatorIterator.hasNext()
10:59:26.0 (211325305)|METHOD_ENTRY|[112]||Database.QueryLocatorIterator.next()
10:59:26.0 (211383107)|METHOD_EXIT|[112]||Database.QueryLocatorIterator.next()
10:59:26.0 (211448119)|METHOD_ENTRY|[112]||Database.QueryLocatorIterator.hasNext()
10:59:26.0 (211464768)|METHOD_EXIT|[112]||Database.QueryLocatorIterator.hasNext()
10:59:26.0 (211471062)|METHOD_ENTRY|[112]||Database.QueryLocatorIterator.next()
10:59:26.0 (211503040)|METHOD_EXIT|[112]||Database.QueryLocatorIterator.next()
10:59:26.0 (211592804)|METHOD_ENTRY|[112]||Database.QueryLocatorIterator.hasNext()
10:59:26.0 (211610956)|METHOD_EXIT|[112]||Database.QueryLocatorIterator.hasNext()
10:59:26.0 (211617524)|METHOD_ENTRY|[112]||Database.QueryLocatorIterator.next()
10:59:26.0 (211658720)|METHOD_EXIT|[112]||Database.QueryLocatorIterator.next()
10:59:26.0 (211712418)|METHOD_ENTRY|[112]||Database.QueryLocatorIterator.hasNext()
10:59:26.0 (211728847)|METHOD_EXIT|[112]||Database.QueryLocatorIterator.hasNext()
10:59:26.0 (211735062)|METHOD_ENTRY|[112]||Database.QueryLocatorIterator.next()
10:59:26.0 (211774077)|METHOD_EXIT|[112]||Database.QueryLocatorIterator.next()
10:59:26.0 (211842845)|METHOD_ENTRY|[112]||Database.QueryLocatorIterator.hasNext()
10:59:26.0 (211867323)|METHOD_EXIT|[112]||Database.QueryLocatorIterator.hasNext()
10:59:26.0 (211873742)|METHOD_ENTRY|[112]||Database.QueryLocatorIterator.next()
10:59:26.0 (211910607)|METHOD_EXIT|[112]||Database.QueryLocatorIterator.next()
10:59:26.0 (211990420)|METHOD_ENTRY|[112]||Database.QueryLocatorIterator.hasNext()
10:59:26.0 (212007254)|METHOD_EXIT|[112]||Database.QueryLocatorIterator.hasNext()
10:59:26.0 (212014401)|METHOD_ENTRY|[112]||Database.QueryLocatorIterator.next()
10:59:26.0 (212047252)|METHOD_EXIT|[112]||Database.QueryLocatorIterator.next()
10:59:26.0 (212108372)|METHOD_ENTRY|[112]||Database.QueryLocatorIterator.hasNext()
10:59:26.0 (212124569)|METHOD_EXIT|[112]||Database.QueryLocatorIterator.hasNext()
10:59:26.0 (212130815)|METHOD_ENTRY|[112]||Database.QueryLocatorIterator.next()
10:59:26.0 (212169706)|METHOD_EXIT|[112]||Database.QueryLocatorIterator.next()
10:59:26.0 (212225132)|METHOD_ENTRY|[112]||Database.QueryLocatorIterator.hasNext()
10:59:26.0 (212242767)|METHOD_EXIT|[112]||Database.QueryLocatorIterator.hasNext()
10:59:26.0 (212249320)|METHOD_ENTRY|[112]||Database.QueryLocatorIterator.next()
10:59:26.0 (212290092)|METHOD_EXIT|[112]||Database.QueryLocatorIterator.next()
10:59:26.0 (212343492)|METHOD_ENTRY|[112]||Database.QueryLocatorIterator.hasNext()
10:59:26.0 (212384917)|METHOD_EXIT|[112]||Database.QueryLocatorIterator.hasNext()
10:59:26.0 (212391763)|METHOD_ENTRY|[112]||Database.QueryLocatorIterator.next()
10:59:26.0 (212428909)|METHOD_EXIT|[112]||Database.QueryLocatorIterator.next()
10:59:26.0 (212488919)|METHOD_ENTRY|[112]||Database.QueryLocatorIterator.hasNext()
10:59:26.0 (212507429)|METHOD_EXIT|[112]||Database.QueryLocatorIterator.hasNext()
10:59:26.0 (212513983)|METHOD_ENTRY|[112]||Database.QueryLocatorIterator.next()
10:59:26.0 (212546506)|METHOD_EXIT|[112]||Database.QueryLocatorIterator.next()
10:59:26.0 (212623698)|METHOD_ENTRY|[112]||Database.QueryLocatorIterator.hasNext()
10:59:26.0 (212643480)|METHOD_EXIT|[112]||Database.QueryLocatorIterator.hasNext()
10:59:26.0 (212650125)|METHOD_ENTRY|[112]||Database.QueryLocatorIterator.next()
10:59:26.0 (212687642)|METHOD_EXIT|[112]||Database.QueryLocatorIterator.next()
10:59:26.0 (212784037)|METHOD_ENTRY|[112]||Database.QueryLocatorIterator.hasNext()
10:59:26.0 (212805627)|METHOD_EXIT|[112]||Database.QueryLocatorIterator.hasNext()
10:59:26.0 (212813065)|METHOD_ENTRY|[112]||Database.QueryLocatorIterator.next()
10:59:26.0 (212902446)|METHOD_EXIT|[112]||Database.QueryLocatorIterator.next()
10:59:26.0 (212973163)|METHOD_ENTRY|[112]||Database.QueryLocatorIterator.hasNext()
10:59:26.0 (213001219)|METHOD_EXIT|[112]||Database.QueryLocatorIterator.hasNext()
10:59:26.0 (213009818)|METHOD_ENTRY|[112]||Database.QueryLocatorIterator.next()
10:59:26.0 (213056597)|METHOD_EXIT|[112]||Database.QueryLocatorIterator.next()
10:59:26.0 (213127472)|METHOD_ENTRY|[112]||Database.QueryLocatorIterator.hasNext()
10:59:26.0 (213146614)|METHOD_EXIT|[112]||Database.QueryLocatorIterator.hasNext()
10:59:26.0 (213153948)|METHOD_ENTRY|[112]||Database.QueryLocatorIterator.next()
10:59:26.0 (213192597)|METHOD_EXIT|[112]||Database.QueryLocatorIterator.next()
10:59:26.0 (213258344)|METHOD_ENTRY|[112]||Database.QueryLocatorIterator.hasNext()
10:59:26.0 (213278762)|METHOD_EXIT|[112]||Database.QueryLocatorIterator.hasNext()
10:59:26.0 (213285075)|METHOD_ENTRY|[112]||Database.QueryLocatorIterator.next()
10:59:26.0 (213323279)|METHOD_EXIT|[112]||Database.QueryLocatorIterator.next()
10:59:26.0 (213441611)|METHOD_ENTRY|[112]||Database.QueryLocatorIterator.hasNext()
10:59:26.0 (213472194)|METHOD_EXIT|[112]||Database.QueryLocatorIterator.hasNext()
10:59:26.0 (213480736)|METHOD_ENTRY|[112]||Database.QueryLocatorIterator.next()
10:59:26.0 (213532394)|METHOD_EXIT|[112]||Database.QueryLocatorIterator.next()
10:59:26.0 (213607404)|METHOD_ENTRY|[112]||Database.QueryLocatorIterator.hasNext()
10:59:26.0 (213626509)|METHOD_EXIT|[112]||Database.QueryLocatorIterator.hasNext()
10:59:26.0 (213634131)|METHOD_ENTRY|[112]||Database.QueryLocatorIterator.next()
10:59:26.0 (213680578)|METHOD_EXIT|[112]||Database.QueryLocatorIterator.next()
10:59:26.0 (213740054)|METHOD_ENTRY|[112]||Database.QueryLocatorIterator.hasNext()
10:59:26.0 (213765342)|METHOD_EXIT|[112]||Database.QueryLocatorIterator.hasNext()
10:59:26.0 (213772404)|METHOD_ENTRY|[112]||Database.QueryLocatorIterator.next()
10:59:26.0 (213806924)|METHOD_EXIT|[112]||Database.QueryLocatorIterator.next()
10:59:26.0 (213871556)|METHOD_ENTRY|[112]||Database.QueryLocatorIterator.hasNext()
10:59:26.0 (213889463)|METHOD_EXIT|[112]||Database.QueryLocatorIterator.hasNext()
10:59:26.0 (213895791)|METHOD_ENTRY|[112]||Database.QueryLocatorIterator.next()
10:59:26.0 (213929650)|METHOD_EXIT|[112]||Database.QueryLocatorIterator.next()
10:59:26.0 (213998182)|METHOD_ENTRY|[112]||Database.QueryLocatorIterator.hasNext()
10:59:26.0 (214017999)|METHOD_EXIT|[112]||Database.QueryLocatorIterator.hasNext()
10:59:26.0 (214025858)|METHOD_ENTRY|[112]||Database.QueryLocatorIterator.next()
10:59:26.0 (214064661)|METHOD_EXIT|[112]||Database.QueryLocatorIterator.next()
10:59:26.0 (214184794)|METHOD_ENTRY|[112]||Database.QueryLocatorIterator.hasNext()
10:59:26.0 (214205770)|METHOD_EXIT|[112]||Database.QueryLocatorIterator.hasNext()
10:59:26.0 (214212967)|METHOD_ENTRY|[112]||Database.QueryLocatorIterator.next()
10:59:26.0 (214264445)|METHOD_EXIT|[112]||Database.QueryLocatorIterator.next()
10:59:26.0 (214323322)|METHOD_ENTRY|[112]||Database.QueryLocatorIterator.hasNext()
10:59:26.0 (214349974)|METHOD_EXIT|[112]||Database.QueryLocatorIterator.hasNext()
10:59:26.0 (214356661)|METHOD_ENTRY|[112]||Database.QueryLocatorIterator.next()
10:59:26.0 (214391987)|METHOD_EXIT|[112]||Database.QueryLocatorIterator.next()
10:59:26.0 (214475492)|METHOD_ENTRY|[112]||Database.QueryLocatorIterator.hasNext()
10:59:26.0 (214493825)|METHOD_EXIT|[112]||Database.QueryLocatorIterator.hasNext()
10:59:26.0 (214500251)|METHOD_ENTRY|[112]||Database.QueryLocatorIterator.next()
10:59:26.0 (214534703)|METHOD_EXIT|[112]||Database.QueryLocatorIterator.next()
10:59:26.0 (214632258)|METHOD_ENTRY|[112]||Database.QueryLocatorIterator.hasNext()
10:59:26.0 (214651700)|METHOD_EXIT|[112]||Database.QueryLocatorIterator.hasNext()
10:59:26.0 (214658324)|METHOD_ENTRY|[112]||Database.QueryLocatorIterator.next()
10:59:26.0 (214698955)|METHOD_EXIT|[112]||Database.QueryLocatorIterator.next()
10:59:26.0 (214763462)|METHOD_ENTRY|[112]||Database.QueryLocatorIterator.hasNext()
10:59:26.0 (214780534)|METHOD_EXIT|[112]||Database.QueryLocatorIterator.hasNext()
10:59:26.0 (214787027)|METHOD_ENTRY|[112]||Database.QueryLocatorIterator.next()
10:59:26.0 (214827156)|METHOD_EXIT|[112]||Database.QueryLocatorIterator.next()
10:59:26.0 (214915789)|METHOD_ENTRY|[112]||Database.QueryLocatorIterator.hasNext()
10:59:26.0 (214938671)|METHOD_EXIT|[112]||Database.QueryLocatorIterator.hasNext()
10:59:26.0 (214971049)|METHOD_ENTRY|[112]||Database.QueryLocatorIterator.next()
10:59:26.0 (215021833)|METHOD_EXIT|[112]||Database.QueryLocatorIterator.next()
10:59:26.0 (215079373)|METHOD_ENTRY|[112]||Database.QueryLocatorIterator.hasNext()
10:59:26.0 (215103817)|METHOD_EXIT|[112]||Database.QueryLocatorIterator.hasNext()
10:59:26.0 (215108443)|METHOD_ENTRY|[112]||Database.QueryLocatorIterator.next()
10:59:26.0 (215135796)|METHOD_EXIT|[112]||Database.QueryLocatorIterator.next()
10:59:26.0 (215180535)|METHOD_ENTRY|[112]||Database.QueryLocatorIterator.hasNext()
10:59:26.0 (215196019)|METHOD_EXIT|[112]||Database.QueryLocatorIterator.hasNext()
10:59:26.0 (215202833)|METHOD_ENTRY|[112]||Database.QueryLocatorIterator.next()
10:59:26.0 (215235927)|METHOD_EXIT|[112]||Database.QueryLocatorIterator.next()
10:59:26.0 (215301122)|METHOD_ENTRY|[112]||Database.QueryLocatorIterator.hasNext()
10:59:26.0 (215319893)|METHOD_EXIT|[112]||Database.QueryLocatorIterator.hasNext()
10:59:26.0 (215326474)|METHOD_ENTRY|[112]||Database.QueryLocatorIterator.next()
10:59:26.0 (215363444)|METHOD_EXIT|[112]||Database.QueryLocatorIterator.next()
10:59:26.0 (215431003)|METHOD_ENTRY|[112]||Database.QueryLocatorIterator.hasNext()
10:59:26.0 (215449438)|METHOD_EXIT|[112]||Database.QueryLocatorIterator.hasNext()
10:59:26.0 (215455798)|METHOD_ENTRY|[112]||Database.QueryLocatorIterator.next()
10:59:26.0 (215500269)|METHOD_EXIT|[112]||Database.QueryLocatorIterator.next()
10:59:26.0 (215571053)|METHOD_ENTRY|[112]||Database.QueryLocatorIterator.hasNext()
10:59:26.0 (215592135)|METHOD_EXIT|[112]||Database.QueryLocatorIterator.hasNext()
10:59:26.0 (215599256)|METHOD_ENTRY|[112]||Database.QueryLocatorIterator.next()
10:59:26.0 (215644113)|METHOD_EXIT|[112]||Database.QueryLocatorIterator.next()
10:59:26.0 (215689287)|METHOD_ENTRY|[112]||Database.QueryLocatorIterator.hasNext()
10:59:26.0 (215706736)|METHOD_EXIT|[112]||Database.QueryLocatorIterator.hasNext()
10:59:26.0 (215711364)|METHOD_ENTRY|[112]||Database.QueryLocatorIterator.next()
10:59:26.0 (215735369)|METHOD_EXIT|[112]||Database.QueryLocatorIterator.next()
10:59:26.0 (215779168)|METHOD_ENTRY|[112]||Database.QueryLocatorIterator.hasNext()
10:59:26.0 (215792070)|METHOD_EXIT|[112]||Database.QueryLocatorIterator.hasNext()
10:59:26.0 (215796451)|METHOD_ENTRY|[112]||Database.QueryLocatorIterator.next()
10:59:26.0 (215818977)|METHOD_EXIT|[112]||Database.QueryLocatorIterator.next()
10:59:26.0 (215862274)|METHOD_ENTRY|[112]||Database.QueryLocatorIterator.hasNext()
10:59:26.0 (215873719)|METHOD_EXIT|[112]||Database.QueryLocatorIterator.hasNext()
10:59:26.0 (215877890)|METHOD_ENTRY|[112]||Database.QueryLocatorIterator.next()
10:59:26.0 (215899808)|METHOD_EXIT|[112]||Database.QueryLocatorIterator.next()
10:59:26.0 (215947459)|METHOD_ENTRY|[112]||Database.QueryLocatorIterator.hasNext()
10:59:26.0 (215955909)|METHOD_EXIT|[112]||Database.QueryLocatorIterator.hasNext()
10:59:26.0 (216338809)|USER_DEBUG|[159]|DEBUG|contratoAnterior.Status - contrato --> Borrador - Borrador
10:59:26.0 (216551263)|USER_DEBUG|[207]|DEBUG|## after RegistrarContrato
10:59:26.0 (216593566)|METHOD_EXIT|[73]|01p57000001HcKw|ContractUtil.RegistrarContrato(List<Contract>, Map<Id,Contract>, Map<String,Account>)
10:59:26.0 (216619754)|METHOD_ENTRY|[74]|01p57000001HcKw|ContractUtil.cambiarEstadoOportunidadCerradaGanada(List<Contract>)
10:59:26.0 (216975434)|USER_DEBUG|[266]|DEBUG|Contratos firmados: ()
10:59:26.0 (221140059)|USER_DEBUG|[278]|DEBUG|Oportunidades a pasar al estado "Cerrada ganada": ()
10:59:26.0 (221236402)|METHOD_EXIT|[74]|01p57000001HcKw|ContractUtil.cambiarEstadoOportunidadCerradaGanada(List<Contract>)
10:59:26.0 (221267648)|METHOD_ENTRY|[75]|01p57000001HcKw|ContractUtil.activarDireccionEntrega(List<Contract>, Map<Id,Contract>)
10:59:26.0 (221601596)|METHOD_EXIT|[75]|01p57000001HcKw|ContractUtil.activarDireccionEntrega(List<Contract>, Map<Id,Contract>)
10:59:26.0 (221619948)|METHOD_EXIT|[82]|01p57000001HcKv|ContractHandler.afterUpdate(List<SObject>, Map<Id,SObject>)
10:59:26.0 (221631975)|METHOD_ENTRY|[92]|01p57000001HcKv|ContractHandler.andFinally()
10:59:26.0 (221643625)|METHOD_ENTRY|[92]|01p57000001HcKw|ContractUtil.insertUpdateDeleteRecords()
10:59:26.0 (221704164)|METHOD_EXIT|[92]|01p57000001HcKw|ContractUtil.insertUpdateDeleteRecords()
10:59:26.0 (221710287)|METHOD_EXIT|[92]|01p57000001HcKv|ContractHandler.andFinally()
10:59:26.0 (221718015)|METHOD_EXIT|[33]|01p57000001HcLT|TriggerFactory.execute(ITrigger)
10:59:26.0 (221727884)|METHOD_EXIT|[4]|01p57000001HcLT|TriggerFactory.createHandler(Schema.SObjectType)
10:59:26.0 (223432979)|CODE_UNIT_FINISHED|ContractTrigger on Contract trigger event AfterUpdate|__sfdc_trigger/ContractTrigger
10:59:26.0 (228735380)|CODE_UNIT_STARTED|[EXTERNAL]|Workflow:Contract
10:59:26.0 (576233297)|CODE_UNIT_FINISHED|Workflow:Contract
10:59:26.0 (578003900)|CODE_UNIT_STARTED|[EXTERNAL]|Flow:Contract
10:59:26.0 (578333473)|CODE_UNIT_FINISHED|Flow:Contract
10:59:26.0 (578458783)|CODE_UNIT_STARTED|[EXTERNAL]|Flow:Contract
10:59:26.0 (578479416)|CODE_UNIT_FINISHED|Flow:Contract
10:59:26.0 (598328355)|CODE_UNIT_FINISHED|TRIGGERS
10:59:26.0 (598362328)|EXECUTION_FINISHED
