31.0 APEX_CODE,FINE;APEX_PROFILING,NONE;CALLOUT,INFO;DB,NONE;NBA,INFO;SYSTEM,NONE;VALIDATION,NONE;VISUALFORCE,FINE;WAVE,NONE;WORKFLOW,NONE
11:42:02.1 (1450530)|USER_INFO|[EXTERNAL]|0052p000008i9TA|n.gonzalez@blackbirdcrew.com.pre|hora estándar de Europa central|GMT+02:00
11:42:02.1 (1507962)|EXECUTION_STARTED
11:42:02.1 (1514862)|CODE_UNIT_STARTED|[EXTERNAL]|FutureHandler - state load
11:42:02.1 (3632159)|CODE_UNIT_FINISHED|FutureHandler - state load
11:42:02.1 (3656069)|EXECUTION_FINISHED
11:42:02.43 (43150248)|USER_INFO|[EXTERNAL]|0052p000008i9TA|n.gonzalez@blackbirdcrew.com.pre|hora estándar de Europa central|GMT+02:00
11:42:02.43 (43183020)|EXECUTION_STARTED
11:42:02.43 (43190322)|CODE_UNIT_STARTED|[EXTERNAL]|01p57000001HcLI|SyncNav.SincronizarClientesyContratos(List<String>, List<String>)
11:42:02.43 (47495919)|METHOD_ENTRY|[8]|01p57000001HcLI|SyncNav.SyncNav()
11:42:02.43 (48582547)|METHOD_EXIT|[8]|SyncNav
11:42:02.43 (51206474)|METHOD_ENTRY|[10]|01p57000001HcL3|LogUtil.LogUtil()
11:42:02.43 (51229745)|METHOD_EXIT|[10]|LogUtil
11:42:02.43 (51265588)|METHOD_ENTRY|[332]|01p57000001HcL3|LogUtil.crearLog(String, String, String, String, Boolean)
11:42:02.43 (101337578)|SYSTEM_METHOD_ENTRY|[1]|Test.Test()
11:42:02.43 (101414675)|SYSTEM_METHOD_EXIT|[1]|Test
11:42:02.43 (101456479)|METHOD_ENTRY|[37]||System.Test.isRunningTest()
11:42:02.43 (101514099)|METHOD_EXIT|[37]||System.Test.isRunningTest()
11:42:02.43 (101572022)|METHOD_EXIT|[332]|01p57000001HcL3|LogUtil.crearLog(String, String, String, String, Boolean)
11:42:02.43 (101600304)|METHOD_ENTRY|[333]|01p57000001HcLI|SyncNav.SincronizarClientes(List<String>, Boolean)
11:42:02.43 (101706347)|USER_DEBUG|[92]|DEBUG|## before SincronizarCliente
11:42:02.43 (101777084)|USER_DEBUG|[93]|DEBUG|clientesSyncIDs: (0013L00000KN807QAD)
11:42:02.43 (107772223)|METHOD_ENTRY|[1]|01p57000001HcKs|AccountUtil.AccountUtil()
11:42:02.43 (107833081)|METHOD_EXIT|[1]|AccountUtil
11:42:02.43 (110278919)|METHOD_ENTRY|[1]|01p57000001HcL0|DireccionEnvioUtil.DireccionEnvioUtil()
11:42:02.43 (110321840)|METHOD_EXIT|[1]|DireccionEnvioUtil
11:42:02.43 (271294262)|SYSTEM_METHOD_ENTRY|[7]|QueryLocatorIterator.QueryLocatorIterator()
11:42:02.43 (271327192)|SYSTEM_METHOD_EXIT|[7]|QueryLocatorIterator
11:42:02.43 (271577190)|METHOD_ENTRY|[122]||Database.QueryLocatorIterator.hasNext()
11:42:02.43 (273548758)|METHOD_EXIT|[122]||Database.QueryLocatorIterator.hasNext()
11:42:02.43 (273581878)|METHOD_ENTRY|[122]||Database.QueryLocatorIterator.next()
11:42:02.43 (273709699)|METHOD_EXIT|[122]||Database.QueryLocatorIterator.next()
11:42:02.43 (273842104)|METHOD_ENTRY|[122]||Database.QueryLocatorIterator.hasNext()
11:42:02.43 (273861025)|METHOD_EXIT|[122]||Database.QueryLocatorIterator.hasNext()
11:42:02.43 (277371350)|CONSTRUCTOR_ENTRY|[132]|01p57000001JBgb|<init>()|SchemaCliente.entitySyncDto
11:42:02.43 (277609838)|CONSTRUCTOR_EXIT|[132]|01p57000001JBgb|<init>()|SchemaCliente.entitySyncDto
11:42:02.43 (279186900)|CONSTRUCTOR_ENTRY|[153]|01p57000001JBgb|<init>()|SchemaCliente.etAddres
11:42:02.43 (280011969)|CONSTRUCTOR_EXIT|[153]|01p57000001JBgb|<init>()|SchemaCliente.etAddres
11:42:02.43 (280715819)|CONSTRUCTOR_ENTRY|[153]|01p57000001JBgb|<init>()|SchemaCliente.etAddres
11:42:02.43 (281319855)|CONSTRUCTOR_EXIT|[153]|01p57000001JBgb|<init>()|SchemaCliente.etAddres
11:42:02.43 (281864992)|USER_DEBUG|[183]|DEBUG|Cliente SF a pasar a Cliente Nav: Account:{Recibir_factura_por_mail__c=false, OwnerId=0052p000008i9TAAAY, E_mail__c=monica.barreira@primagas.es, Id_Fiscal__c=46255997L, Provincia__c=Cantabria, Pais__c=ES, Calle_Facturacion__c=C/ Cerdigo, nº 64-A CH 18 Urb. El Acantilado, Poblacion_Facturacion__c=Cantabria, Codigo_Postal__c=33456, Phone=659874422, Id=0013L00000KN807QAD, Name=TEST6, CreatedById=005D0000003mWJ4IAM}
11:42:02.43 (282318983)|CONSTRUCTOR_ENTRY|[184]|01p57000001JBgb|<init>()|SchemaCliente.etCustomer
11:42:02.43 (283317420)|CONSTRUCTOR_EXIT|[184]|01p57000001JBgb|<init>()|SchemaCliente.etCustomer
11:42:02.43 (287636753)|METHOD_ENTRY|[1]|01p57000001HcLC|NavWSUtil.NavWSUtil()
11:42:02.43 (287666268)|METHOD_EXIT|[1]|NavWSUtil
11:42:02.43 (287701534)|METHOD_ENTRY|[264]|01p57000001HcLC|NavWSUtil.peticionWSSincronizarClientes(SchemaCliente.entitySyncDto)
11:42:02.43 (300567587)|METHOD_ENTRY|[8]|01p57000001HcLU|XmlUtil.XmlUtil()
11:42:02.43 (300636805)|METHOD_EXIT|[8]|XmlUtil
11:42:02.43 (300673080)|METHOD_ENTRY|[161]|01p57000001HcLU|XmlUtil.generarXmlSincronizarClientes(SchemaCliente.entitySyncDto)
11:42:02.43 (307348036)|USER_DEBUG|[1401]|DEBUG|Body: <?xml version="1.0" encoding="utf-8"?><soap:Envelope xmlns:soap="http://schemas.xmlsoap.org/soap/envelope/" xmlns:xsi="http://www.w3.org/2001/XMLSchema-instance" xmlns:xsd="http://www.w3.org/2001/XMLSchema"><soap:Body><Sfdc2Nav_CrearCliente xmlns="urn:microsoft-dynamics-schemas/codeunit/PGE_SF"><entitySyncDto><etCustomer xmlns="urn:microsoft-dynamics-nav/xmlports/x50050"><CustomerNo/><Name/><Name2/><Name_SF/><Surname_SF>TEST6</Surname_SF><Addres>C/ Cerdigo, nº 64-A CH 18 Urb. El Acantilado</Addres><Addres2/><City>Cantabria</City><PostCode>33456</PostCode><County>Cantabria</County><Country>ES</Country><Phone>659874422</Phone><Mobile/><Fax/><email>monica.barreira@primagas.es</email><VatRegistration>46255997L</VatRegistration><PaymentTerms/><PaymentMethod/><PaymentTermsStdOrd/><PaymentTermsFuelOrd/><PaymentDays/><NoPaymentDays/><Comercial>ngonz</Comercial><eMailInvoice>false</eMailInvoice><IBAN/><SalesForceId>0013L00000KN807QAD</SalesForceId><etAddres><ADCode>01</ADCode><ADAddres>FINCA VILLAGORDO</ADAddres><ADAddres2/><ADCity>HIGUERA DE VARGAS</ADCity><ADCounty>Badajoz</ADCounty><ADPostCode>06132</ADPostCode><ADCountry>ES</ADCountry><Activity1>1200-AGRI</Activity1><Activity2/><FixTemperature/><ADCodePriceDiscount>Z_TRG2_E3</ADCodePriceDiscount><ADSalesForceId>a003L000003VuPRQA0</ADSalesForceId></etAddres><etAddres><ADCode>1</ADCode><ADAddres>CR DEL PONT DE COI,</ADAddres><ADAddres2>PARCELA 96</ADAddres2><ADCity>ALCOVER</ADCity><ADCounty>Tarragona</ADCounty><ADPostCode>43460</ADPostCode><ADCountry>ES</ADCountry><Activity1>1000-DU</Activity1><Activity2/><FixTemperature>0</FixTemperature><ADCodePriceDiscount>HOGAR E</ADCodePriceDiscount><ADSalesForceId>a005700000h2PhBAAU</ADSalesForceId></etAddres></etCustomer></entitySyncDto><entitySyncDto_OUT><etCustomer xmlns="urn:microsoft-dynamics-nav/xmlports/x50050"/></entitySyncDto_OUT></Sfdc2Nav_CrearCliente></soap:Body></soap:Envelope>
11:42:02.43 (307421133)|METHOD_EXIT|[161]|01p57000001HcLU|XmlUtil.generarXmlSincronizarClientes(SchemaCliente.entitySyncDto)
11:42:02.43 (313049356)|METHOD_ENTRY|[1]|01p57000001lFxx|Util.Util()
11:42:02.43 (313103068)|METHOD_EXIT|[1]|Util
11:42:02.43 (343416009)|METHOD_ENTRY|[162]|01p57000001HcLC|NavWSUtil.peticionesWSNavision(String, String, String)
11:42:02.43 (345861018)|METHOD_ENTRY|[7]|01p57000001HcL1|HttpClient.HttpClient()
11:42:02.43 (345893141)|METHOD_EXIT|[7]|HttpClient
11:42:02.43 (349392208)|CONSTRUCTOR_ENTRY|[255]|01p57000001HcL1|<init>(String,String,Boolean)|HttpClient
11:42:02.43 (349477877)|METHOD_ENTRY|[59]|01p57000001HcL1|HttpClient.setUser(String)
11:42:02.43 (349571124)|METHOD_EXIT|[59]|01p57000001HcL1|HttpClient.setUser(String)
11:42:02.43 (349592390)|METHOD_ENTRY|[60]|01p57000001HcL1|HttpClient.setPassword(String)
11:42:02.43 (349622747)|METHOD_EXIT|[60]|01p57000001HcL1|HttpClient.setPassword(String)
11:42:02.43 (349639170)|METHOD_ENTRY|[61]|01p57000001HcL1|HttpClient.setIsPreAuthenticate(Boolean)
11:42:02.43 (349666429)|METHOD_EXIT|[61]|01p57000001HcL1|HttpClient.setIsPreAuthenticate(Boolean)
11:42:02.43 (349733657)|METHOD_ENTRY|[11]|01p57000001HcL6|NTLMAuth.NTLMAuth()
11:42:02.43 (349767933)|METHOD_EXIT|[11]|NTLMAuth
11:42:02.43 (349803461)|CONSTRUCTOR_ENTRY|[63]|01p57000001HcL6|<init>()|NTLMAuth
11:42:02.43 (349845072)|CONSTRUCTOR_EXIT|[63]|01p57000001HcL6|<init>()|NTLMAuth
11:42:02.43 (349864923)|CONSTRUCTOR_EXIT|[255]|01p57000001HcL1|<init>(String,String,Boolean)|HttpClient
11:42:02.43 (350645994)|USER_DEBUG|[274]|ERROR|Request Body**: <?xml version="1.0" encoding="utf-8"?><soap:Envelope xmlns:soap="http://schemas.xmlsoap.org/soap/envelope/" xmlns:xsi="http://www.w3.org/2001/XMLSchema-instance" xmlns:xsd="http://www.w3.org/2001/XMLSchema"><soap:Body><Sfdc2Nav_CrearCliente xmlns="urn:microsoft-dynamics-schemas/codeunit/PGE_SF"><entitySyncDto><etCustomer xmlns="urn:microsoft-dynamics-nav/xmlports/x50050"><CustomerNo/><Name/><Name2/><Name_SF/><Surname_SF>TEST6</Surname_SF><Addres>C/ Cerdigo, nº 64-A CH 18 Urb. El Acantilado</Addres><Addres2/><City>Cantabria</City><PostCode>33456</PostCode><County>Cantabria</County><Country>ES</Country><Phone>659874422</Phone><Mobile/><Fax/><email>monica.barreira@primagas.es</email><VatRegistration>46255997L</VatRegistration><PaymentTerms/><PaymentMethod/><PaymentTermsStdOrd/><PaymentTermsFuelOrd/><PaymentDays/><NoPaymentDays/><Comercial>ngonz</Comercial><eMailInvoice>false</eMailInvoice><IBAN/><SalesForceId>0013L00000KN807QAD</SalesForceId><etAddres><ADCode>01</ADCode><ADAddres>FINCA VILLAGORDO</ADAddres><ADAddres2/><ADCity>HIGUERA DE VARGAS</ADCity><ADCounty>Badajoz</ADCounty><ADPostCode>06132</ADPostCode><ADCountry>ES</ADCountry><Activity1>1200-AGRI</Activity1><Activity2/><FixTemperature/><ADCodePriceDiscount>Z_TRG2_E3</ADCodePriceDiscount><ADSalesForceId>a003L000003VuPRQA0</ADSalesForceId></etAddres><etAddres><ADCode>1</ADCode><ADAddres>CR DEL PONT DE COI,</ADAddres><ADAddres2>PARCELA 96</ADAddres2><ADCity>ALCOVER</ADCity><ADCounty>Tarragona</ADCounty><ADPostCode>43460</ADPostCode><ADCountry>ES</ADCountry><Activity1>1000-DU</Activity1><Activity2/><FixTemperature>0</FixTemperature><ADCodePriceDiscount>HOGAR E</ADCodePriceDiscount><ADSalesForceId>a005700000h2PhBAAU</ADSalesForceId></etAddres></etCustomer></entitySyncDto><entitySyncDto_OUT><etCustomer xmlns="urn:microsoft-dynamics-nav/xmlports/x50050"/></entitySyncDto_OUT></Sfdc2Nav_CrearCliente></soap:Body></soap:Envelope>
11:42:02.43 (351061884)|METHOD_ENTRY|[283]|01p57000001HcL3|LogUtil.crearLog(String, String, String, String, Boolean)
11:42:02.43 (351279037)|METHOD_ENTRY|[37]||System.Test.isRunningTest()
11:42:02.43 (351303874)|METHOD_EXIT|[37]||System.Test.isRunningTest()
11:42:02.43 (351331350)|METHOD_EXIT|[283]|01p57000001HcL3|LogUtil.crearLog(String, String, String, String, Boolean)
11:42:02.43 (351359142)|METHOD_ENTRY|[287]|01p57000001HcL1|HttpClient.send(System.HttpRequest, Map<String,String>)
11:42:02.43 (351394992)|METHOD_ENTRY|[134]|01p57000001HcL1|HttpClient.Clone(System.HttpRequest, Map<String,String>)
11:42:02.43 (352005661)|METHOD_EXIT|[134]|01p57000001HcL1|HttpClient.Clone(System.HttpRequest, Map<String,String>)
11:42:02.43 (352029271)|METHOD_ENTRY|[136]|01p57000001HcL1|HttpClient.getIsPreAuthenticate()
11:42:02.43 (352084739)|METHOD_EXIT|[136]|01p57000001HcL1|HttpClient.getIsPreAuthenticate()
11:42:02.43 (352123759)|METHOD_ENTRY|[137]|01p57000001HcL6|NTLMAuth.getType1Message()
11:42:02.43 (356179656)|METHOD_ENTRY|[12]|01p57000001HcKt|BitConverter.BitConverter()
11:42:02.43 (357829993)|METHOD_EXIT|[12]|BitConverter
11:42:02.43 (357870181)|METHOD_ENTRY|[33]|01p57000001HcKt|BitConverter.getBytesForUInt32(Integer)
11:42:02.43 (358057637)|METHOD_EXIT|[33]|01p57000001HcKt|BitConverter.getBytesForUInt32(Integer)
11:42:02.43 (358102028)|METHOD_ENTRY|[34]|01p57000001HcL6|NTLMAuth.WriteSecurityBuffer(List<Integer>, List<Integer>, List<Integer>)
11:42:02.43 (358146013)|METHOD_ENTRY|[165]|01p57000001HcKt|BitConverter.getBytesForUInt16(Integer)
11:42:02.43 (358203487)|METHOD_EXIT|[165]|01p57000001HcKt|BitConverter.getBytesForUInt16(Integer)
11:42:02.43 (358226038)|METHOD_ENTRY|[166]|01p57000001HcKt|BitConverter.getBytesForUInt16(Integer)
11:42:02.43 (358260269)|METHOD_EXIT|[166]|01p57000001HcKt|BitConverter.getBytesForUInt16(Integer)
11:42:02.43 (358281334)|METHOD_ENTRY|[167]|01p57000001HcKt|BitConverter.getBytesForUInt32(Integer)
11:42:02.43 (358317863)|METHOD_EXIT|[167]|01p57000001HcKt|BitConverter.getBytesForUInt32(Integer)
11:42:02.43 (358339068)|METHOD_EXIT|[34]|01p57000001HcL6|NTLMAuth.WriteSecurityBuffer(List<Integer>, List<Integer>, List<Integer>)
11:42:02.43 (358352467)|METHOD_ENTRY|[35]|01p57000001HcL6|NTLMAuth.WriteSecurityBuffer(List<Integer>, List<Integer>, List<Integer>)
11:42:02.43 (358369185)|METHOD_ENTRY|[165]|01p57000001HcKt|BitConverter.getBytesForUInt16(Integer)
11:42:02.43 (358396798)|METHOD_EXIT|[165]|01p57000001HcKt|BitConverter.getBytesForUInt16(Integer)
11:42:02.43 (358413616)|METHOD_ENTRY|[166]|01p57000001HcKt|BitConverter.getBytesForUInt16(Integer)
11:42:02.43 (358437277)|METHOD_EXIT|[166]|01p57000001HcKt|BitConverter.getBytesForUInt16(Integer)
11:42:02.43 (358453385)|METHOD_ENTRY|[167]|01p57000001HcKt|BitConverter.getBytesForUInt32(Integer)
11:42:02.43 (358479763)|METHOD_EXIT|[167]|01p57000001HcKt|BitConverter.getBytesForUInt32(Integer)
11:42:02.43 (358495954)|METHOD_EXIT|[35]|01p57000001HcL6|NTLMAuth.WriteSecurityBuffer(List<Integer>, List<Integer>, List<Integer>)
11:42:02.43 (358514134)|METHOD_ENTRY|[37]|01p57000001HcKt|BitConverter.encodeBase64String(List<Integer>)
11:42:02.43 (359340611)|METHOD_EXIT|[37]|01p57000001HcKt|BitConverter.encodeBase64String(List<Integer>)
11:42:02.43 (359360154)|METHOD_EXIT|[137]|01p57000001HcL6|NTLMAuth.getType1Message()
11:42:02.43 (359595844)|CALLOUT_REQUEST|[142]|System.HttpRequest[Endpoint=https://bc-acc.primagas.es:7047/bc_ad/WS/PSEnergia/Codeunit/PGE_SF, Method=POST]
11:42:02.43 (608118951)|CALLOUT_RESPONSE|[142]|System.HttpResponse[Status=Unauthorized, StatusCode=401]
11:42:02.43 (608279406)|METHOD_ENTRY|[148]|01p57000001HcL1|HttpClient.handle401Response(System.HttpResponse, System.HttpRequest, Map<String,String>, Integer)
11:42:02.43 (608322978)|METHOD_ENTRY|[184]|01p57000001HcL1|HttpClient.ParseHttpNtlmHeader(System.HttpResponse)
11:42:02.43 (608558110)|METHOD_EXIT|[184]|01p57000001HcL1|HttpClient.ParseHttpNtlmHeader(System.HttpResponse)
11:42:02.43 (608611940)|METHOD_ENTRY|[188]|01p57000001HcL1|HttpClient.Clone(System.HttpRequest, Map<String,String>)
11:42:02.43 (609053001)|METHOD_EXIT|[188]|01p57000001HcL1|HttpClient.Clone(System.HttpRequest, Map<String,String>)
11:42:02.43 (609084916)|METHOD_ENTRY|[189]|01p57000001HcL1|HttpClient.getUser()
11:42:02.43 (609115198)|METHOD_EXIT|[189]|01p57000001HcL1|HttpClient.getUser()
11:42:02.43 (609126223)|METHOD_ENTRY|[189]|01p57000001HcL1|HttpClient.getPassword()
11:42:02.43 (609144594)|METHOD_EXIT|[189]|01p57000001HcL1|HttpClient.getPassword()
11:42:02.43 (609161243)|METHOD_ENTRY|[189]|01p57000001HcL6|NTLMAuth.getType3Message(String, String, String)
11:42:02.43 (609328047)|METHOD_ENTRY|[59]|01p57000001HcKt|BitConverter.decodeBase64String(String)
11:42:02.43 (609388594)|USER_DEBUG|[75]|DEBUG|hello
11:42:02.43 (609509147)|SYSTEM_METHOD_ENTRY|[1]|Math.Math()
11:42:02.43 (609600865)|SYSTEM_METHOD_EXIT|[1]|Math
11:42:02.43 (609615857)|METHOD_ENTRY|[78]||System.Math.mod(Integer, Integer)
11:42:02.43 (609666895)|METHOD_EXIT|[78]||System.Math.mod(Integer, Integer)
11:42:02.43 (622374148)|METHOD_EXIT|[59]|01p57000001HcKt|BitConverter.decodeBase64String(String)
11:42:02.43 (622497857)|METHOD_ENTRY|[75]|01p57000001HcKt|BitConverter.toUInt32(List<Integer>, Integer)
11:42:02.43 (622537083)|METHOD_EXIT|[75]|01p57000001HcKt|BitConverter.toUInt32(List<Integer>, Integer)
11:42:02.43 (626473865)|METHOD_ENTRY|[69]|01p57000001HcL4|MD4Hash.MD4Hash()
11:42:02.43 (626525771)|METHOD_EXIT|[69]|MD4Hash
11:42:02.43 (626585965)|CONSTRUCTOR_ENTRY|[89]|01p57000001HcL4|<init>()|MD4Hash
11:42:02.43 (626799962)|METHOD_ENTRY|[99]|01p57000001HcL4|MD4Hash.reset()
11:42:02.43 (627059099)|METHOD_ENTRY|[182]|01p57000001HcL4|MD4Hash.resetContext()
11:42:02.43 (627089290)|METHOD_EXIT|[182]|01p57000001HcL4|MD4Hash.resetContext()
11:42:02.43 (627097164)|METHOD_EXIT|[99]|01p57000001HcL4|MD4Hash.reset()
11:42:02.43 (627104530)|METHOD_ENTRY|[100]|01p57000001HcL4|MD4Hash.resetContext()
11:42:02.43 (627115960)|METHOD_EXIT|[100]|01p57000001HcL4|MD4Hash.resetContext()
11:42:02.43 (627124998)|CONSTRUCTOR_EXIT|[89]|01p57000001HcL4|<init>()|MD4Hash
11:42:02.43 (627145460)|METHOD_ENTRY|[90]|01p57000001HcKt|BitConverter.encodeUTF16String(String)
11:42:02.43 (627331953)|SYSTEM_METHOD_ENTRY|[1]|EncodingUtil.EncodingUtil()
11:42:02.43 (627343399)|SYSTEM_METHOD_EXIT|[1]|EncodingUtil
11:42:02.43 (627357273)|METHOD_ENTRY|[208]||System.EncodingUtil.convertToHex(Blob)
11:42:02.43 (627439316)|METHOD_EXIT|[208]||System.EncodingUtil.convertToHex(Blob)
11:42:02.43 (627451992)|METHOD_ENTRY|[209]|01p57000001HcKt|BitConverter.encodeIntegerFromHex(String)
11:42:02.43 (627583525)|METHOD_ENTRY|[192]||System.Math.pow(Double, Double)
11:42:02.43 (627620518)|METHOD_EXIT|[192]||System.Math.pow(Double, Double)
11:42:02.43 (627684392)|METHOD_ENTRY|[192]||System.Math.pow(Double, Double)
11:42:02.43 (627698589)|METHOD_EXIT|[192]||System.Math.pow(Double, Double)
11:42:02.43 (627724640)|METHOD_EXIT|[209]|01p57000001HcKt|BitConverter.encodeIntegerFromHex(String)
11:42:02.43 (627794342)|METHOD_ENTRY|[208]||System.EncodingUtil.convertToHex(Blob)
11:42:02.43 (627811665)|METHOD_EXIT|[208]||System.EncodingUtil.convertToHex(Blob)
11:42:02.43 (627817656)|METHOD_ENTRY|[209]|01p57000001HcKt|BitConverter.encodeIntegerFromHex(String)
11:42:02.43 (627876967)|METHOD_ENTRY|[192]||System.Math.pow(Double, Double)
11:42:02.43 (627891980)|METHOD_EXIT|[192]||System.Math.pow(Double, Double)
11:42:02.43 (627933107)|METHOD_ENTRY|[192]||System.Math.pow(Double, Double)
11:42:02.43 (627949012)|METHOD_EXIT|[192]||System.Math.pow(Double, Double)
11:42:02.43 (627981955)|METHOD_EXIT|[209]|01p57000001HcKt|BitConverter.encodeIntegerFromHex(String)
11:42:02.43 (628030297)|METHOD_ENTRY|[208]||System.EncodingUtil.convertToHex(Blob)
11:42:02.43 (628045473)|METHOD_EXIT|[208]||System.EncodingUtil.convertToHex(Blob)
11:42:02.43 (628050614)|METHOD_ENTRY|[209]|01p57000001HcKt|BitConverter.encodeIntegerFromHex(String)
11:42:02.43 (628104292)|METHOD_ENTRY|[192]||System.Math.pow(Double, Double)
11:42:02.43 (628117238)|METHOD_EXIT|[192]||System.Math.pow(Double, Double)
11:42:02.43 (628156865)|METHOD_ENTRY|[192]||System.Math.pow(Double, Double)
11:42:02.43 (628169871)|METHOD_EXIT|[192]||System.Math.pow(Double, Double)
11:42:02.43 (628193470)|METHOD_EXIT|[209]|01p57000001HcKt|BitConverter.encodeIntegerFromHex(String)
11:42:02.43 (628240297)|METHOD_ENTRY|[208]||System.EncodingUtil.convertToHex(Blob)
11:42:02.43 (628253353)|METHOD_EXIT|[208]||System.EncodingUtil.convertToHex(Blob)
11:42:02.43 (628258866)|METHOD_ENTRY|[209]|01p57000001HcKt|BitConverter.encodeIntegerFromHex(String)
11:42:02.43 (628309917)|METHOD_ENTRY|[192]||System.Math.pow(Double, Double)
11:42:02.43 (628323610)|METHOD_EXIT|[192]||System.Math.pow(Double, Double)
11:42:02.43 (628364695)|METHOD_ENTRY|[192]||System.Math.pow(Double, Double)
11:42:02.43 (628377655)|METHOD_EXIT|[192]||System.Math.pow(Double, Double)
11:42:02.43 (628400957)|METHOD_EXIT|[209]|01p57000001HcKt|BitConverter.encodeIntegerFromHex(String)
11:42:02.43 (628445162)|METHOD_ENTRY|[208]||System.EncodingUtil.convertToHex(Blob)
11:42:02.43 (628465030)|METHOD_EXIT|[208]||System.EncodingUtil.convertToHex(Blob)
11:42:02.43 (628470179)|METHOD_ENTRY|[209]|01p57000001HcKt|BitConverter.encodeIntegerFromHex(String)
11:42:02.43 (628522925)|METHOD_ENTRY|[192]||System.Math.pow(Double, Double)
11:42:02.43 (628536750)|METHOD_EXIT|[192]||System.Math.pow(Double, Double)
11:42:02.43 (628576451)|METHOD_ENTRY|[192]||System.Math.pow(Double, Double)
11:42:02.43 (628597263)|METHOD_EXIT|[192]||System.Math.pow(Double, Double)
11:42:02.43 (628622187)|METHOD_EXIT|[209]|01p57000001HcKt|BitConverter.encodeIntegerFromHex(String)
11:42:02.43 (628668701)|METHOD_ENTRY|[208]||System.EncodingUtil.convertToHex(Blob)
11:42:02.43 (628681837)|METHOD_EXIT|[208]||System.EncodingUtil.convertToHex(Blob)
11:42:02.43 (628687120)|METHOD_ENTRY|[209]|01p57000001HcKt|BitConverter.encodeIntegerFromHex(String)
11:42:02.43 (628739110)|METHOD_ENTRY|[192]||System.Math.pow(Double, Double)
11:42:02.43 (628751639)|METHOD_EXIT|[192]||System.Math.pow(Double, Double)
11:42:02.43 (628790937)|METHOD_ENTRY|[192]||System.Math.pow(Double, Double)
11:42:02.43 (628803291)|METHOD_EXIT|[192]||System.Math.pow(Double, Double)
11:42:02.43 (628826581)|METHOD_EXIT|[209]|01p57000001HcKt|BitConverter.encodeIntegerFromHex(String)
11:42:02.43 (628872891)|METHOD_ENTRY|[208]||System.EncodingUtil.convertToHex(Blob)
11:42:02.43 (628885414)|METHOD_EXIT|[208]||System.EncodingUtil.convertToHex(Blob)
11:42:02.43 (628890978)|METHOD_ENTRY|[209]|01p57000001HcKt|BitConverter.encodeIntegerFromHex(String)
11:42:02.43 (628945828)|METHOD_ENTRY|[192]||System.Math.pow(Double, Double)
11:42:02.43 (628964916)|METHOD_EXIT|[192]||System.Math.pow(Double, Double)
11:42:02.43 (629007230)|METHOD_ENTRY|[192]||System.Math.pow(Double, Double)
11:42:02.43 (629022779)|METHOD_EXIT|[192]||System.Math.pow(Double, Double)
11:42:02.43 (629048242)|METHOD_EXIT|[209]|01p57000001HcKt|BitConverter.encodeIntegerFromHex(String)
11:42:02.43 (629095646)|METHOD_ENTRY|[208]||System.EncodingUtil.convertToHex(Blob)
11:42:02.43 (629108966)|METHOD_EXIT|[208]||System.EncodingUtil.convertToHex(Blob)
11:42:02.43 (629114172)|METHOD_ENTRY|[209]|01p57000001HcKt|BitConverter.encodeIntegerFromHex(String)
11:42:02.43 (629165693)|METHOD_ENTRY|[192]||System.Math.pow(Double, Double)
11:42:02.43 (629178089)|METHOD_EXIT|[192]||System.Math.pow(Double, Double)
11:42:02.43 (629218377)|METHOD_ENTRY|[192]||System.Math.pow(Double, Double)
11:42:02.43 (629231039)|METHOD_EXIT|[192]||System.Math.pow(Double, Double)
11:42:02.43 (629255217)|METHOD_EXIT|[209]|01p57000001HcKt|BitConverter.encodeIntegerFromHex(String)
11:42:02.43 (629300876)|METHOD_ENTRY|[208]||System.EncodingUtil.convertToHex(Blob)
11:42:02.43 (629313786)|METHOD_EXIT|[208]||System.EncodingUtil.convertToHex(Blob)
11:42:02.43 (629319231)|METHOD_ENTRY|[209]|01p57000001HcKt|BitConverter.encodeIntegerFromHex(String)
11:42:02.43 (629369186)|METHOD_ENTRY|[192]||System.Math.pow(Double, Double)
11:42:02.43 (629381799)|METHOD_EXIT|[192]||System.Math.pow(Double, Double)
11:42:02.43 (629422316)|METHOD_ENTRY|[192]||System.Math.pow(Double, Double)
11:42:02.43 (629435180)|METHOD_EXIT|[192]||System.Math.pow(Double, Double)
11:42:02.43 (629458946)|METHOD_EXIT|[209]|01p57000001HcKt|BitConverter.encodeIntegerFromHex(String)
11:42:02.43 (629486543)|METHOD_EXIT|[90]|01p57000001HcKt|BitConverter.encodeUTF16String(String)
11:42:02.43 (629505091)|METHOD_ENTRY|[90]|01p57000001HcL4|MD4Hash.digest(List<Integer>)
11:42:02.43 (629542832)|METHOD_ENTRY|[113]|01p57000001HcL4|MD4Hash.updateBuffer(List<Integer>, Integer, Integer)
11:42:02.43 (629570976)|METHOD_ENTRY|[139]||System.Math.mod(Long, Long)
11:42:02.43 (629610932)|METHOD_EXIT|[139]||System.Math.mod(Long, Long)
11:42:02.43 (629690511)|METHOD_ENTRY|[154]|01p57000001HcL4|MD4Hash.arrayCopy(List<Integer>, Integer, List<Integer>, Integer, Integer)
11:42:02.43 (629763436)|METHOD_EXIT|[154]|01p57000001HcL4|MD4Hash.arrayCopy(List<Integer>, Integer, List<Integer>, Integer, Integer)
11:42:02.43 (629771414)|METHOD_EXIT|[113]|01p57000001HcL4|MD4Hash.updateBuffer(List<Integer>, Integer, Integer)
11:42:02.43 (629780992)|METHOD_ENTRY|[114]|01p57000001HcL4|MD4Hash.digest()
11:42:02.43 (629794831)|METHOD_ENTRY|[164]|01p57000001HcL4|MD4Hash.padBuffer()
11:42:02.43 (629808733)|METHOD_ENTRY|[219]||System.Math.mod(Long, Long)
11:42:02.43 (629826448)|METHOD_EXIT|[219]||System.Math.mod(Long, Long)
11:42:02.43 (630554680)|METHOD_EXIT|[164]|01p57000001HcL4|MD4Hash.padBuffer()
11:42:02.43 (630600675)|METHOD_ENTRY|[165]|01p57000001HcL4|MD4Hash.updateBuffer(List<Integer>, Integer, Integer)
11:42:02.43 (630634424)|METHOD_ENTRY|[139]||System.Math.mod(Long, Long)
11:42:02.43 (630666409)|METHOD_EXIT|[139]||System.Math.mod(Long, Long)
11:42:02.43 (630707113)|METHOD_ENTRY|[145]|01p57000001HcL4|MD4Hash.arrayCopy(List<Integer>, Integer, List<Integer>, Integer, Integer)
11:42:02.43 (630897028)|METHOD_EXIT|[145]|01p57000001HcL4|MD4Hash.arrayCopy(List<Integer>, Integer, List<Integer>, Integer, Integer)
11:42:02.43 (630920583)|METHOD_ENTRY|[146]|01p57000001HcL4|MD4Hash.transform(List<Integer>, Integer)
11:42:02.43 (631137421)|METHOD_ENTRY|[268]|01p57000001HcKt|BitConverter.getIntegerComplement(Integer)
11:42:02.43 (631163985)|METHOD_EXIT|[268]|01p57000001HcKt|BitConverter.getIntegerComplement(Integer)
11:42:02.43 (631178553)|METHOD_ENTRY|[270]|01p57000001HcKt|BitConverter.getIntegerComplement(Integer)
11:42:02.43 (631194865)|METHOD_EXIT|[270]|01p57000001HcKt|BitConverter.getIntegerComplement(Integer)
11:42:02.43 (631205587)|METHOD_ENTRY|[272]|01p57000001HcKt|BitConverter.getIntegerComplement(Integer)
11:42:02.43 (631217855)|METHOD_EXIT|[272]|01p57000001HcKt|BitConverter.getIntegerComplement(Integer)
11:42:02.43 (631227841)|METHOD_ENTRY|[274]|01p57000001HcKt|BitConverter.getIntegerComplement(Integer)
11:42:02.43 (631239255)|METHOD_EXIT|[274]|01p57000001HcKt|BitConverter.getIntegerComplement(Integer)
11:42:02.43 (631249552)|METHOD_ENTRY|[276]|01p57000001HcKt|BitConverter.getIntegerComplement(Integer)
11:42:02.43 (631261384)|METHOD_EXIT|[276]|01p57000001HcKt|BitConverter.getIntegerComplement(Integer)
11:42:02.43 (631271577)|METHOD_ENTRY|[278]|01p57000001HcKt|BitConverter.getIntegerComplement(Integer)
11:42:02.43 (631283931)|METHOD_EXIT|[278]|01p57000001HcKt|BitConverter.getIntegerComplement(Integer)
11:42:02.43 (631294646)|METHOD_ENTRY|[280]|01p57000001HcKt|BitConverter.getIntegerComplement(Integer)
11:42:02.43 (631305589)|METHOD_EXIT|[280]|01p57000001HcKt|BitConverter.getIntegerComplement(Integer)
11:42:02.43 (631314934)|METHOD_ENTRY|[282]|01p57000001HcKt|BitConverter.getIntegerComplement(Integer)
11:42:02.43 (631326018)|METHOD_EXIT|[282]|01p57000001HcKt|BitConverter.getIntegerComplement(Integer)
11:42:02.43 (631335624)|METHOD_ENTRY|[284]|01p57000001HcKt|BitConverter.getIntegerComplement(Integer)
11:42:02.43 (631375685)|METHOD_EXIT|[284]|01p57000001HcKt|BitConverter.getIntegerComplement(Integer)
11:42:02.43 (631386975)|METHOD_ENTRY|[286]|01p57000001HcKt|BitConverter.getIntegerComplement(Integer)
11:42:02.43 (631398894)|METHOD_EXIT|[286]|01p57000001HcKt|BitConverter.getIntegerComplement(Integer)
11:42:02.43 (631409247)|METHOD_ENTRY|[288]|01p57000001HcKt|BitConverter.getIntegerComplement(Integer)
11:42:02.43 (631419219)|METHOD_EXIT|[288]|01p57000001HcKt|BitConverter.getIntegerComplement(Integer)
11:42:02.43 (631428105)|METHOD_ENTRY|[290]|01p57000001HcKt|BitConverter.getIntegerComplement(Integer)
11:42:02.43 (631438600)|METHOD_EXIT|[290]|01p57000001HcKt|BitConverter.getIntegerComplement(Integer)
11:42:02.43 (631447911)|METHOD_ENTRY|[292]|01p57000001HcKt|BitConverter.getIntegerComplement(Integer)
11:42:02.43 (631459486)|METHOD_EXIT|[292]|01p57000001HcKt|BitConverter.getIntegerComplement(Integer)
11:42:02.43 (631469098)|METHOD_ENTRY|[294]|01p57000001HcKt|BitConverter.getIntegerComplement(Integer)
11:42:02.43 (631480203)|METHOD_EXIT|[294]|01p57000001HcKt|BitConverter.getIntegerComplement(Integer)
11:42:02.43 (631490038)|METHOD_ENTRY|[296]|01p57000001HcKt|BitConverter.getIntegerComplement(Integer)
11:42:02.43 (631500402)|METHOD_EXIT|[296]|01p57000001HcKt|BitConverter.getIntegerComplement(Integer)
11:42:02.43 (631510484)|METHOD_ENTRY|[298]|01p57000001HcKt|BitConverter.getIntegerComplement(Integer)
11:42:02.43 (631520954)|METHOD_EXIT|[298]|01p57000001HcKt|BitConverter.getIntegerComplement(Integer)
11:42:02.43 (631595417)|METHOD_EXIT|[146]|01p57000001HcL4|MD4Hash.transform(List<Integer>, Integer)
11:42:02.43 (631614139)|METHOD_EXIT|[165]|01p57000001HcL4|MD4Hash.updateBuffer(List<Integer>, Integer, Integer)
11:42:02.43 (631628071)|METHOD_ENTRY|[166]|01p57000001HcL4|MD4Hash.getResult()
11:42:02.43 (631724221)|METHOD_EXIT|[166]|01p57000001HcL4|MD4Hash.getResult()
11:42:02.43 (631737212)|METHOD_ENTRY|[168]|01p57000001HcL4|MD4Hash.reset()
11:42:02.43 (631934493)|METHOD_ENTRY|[182]|01p57000001HcL4|MD4Hash.resetContext()
11:42:02.43 (631963083)|METHOD_EXIT|[182]|01p57000001HcL4|MD4Hash.resetContext()
11:42:02.43 (631971843)|METHOD_EXIT|[168]|01p57000001HcL4|MD4Hash.reset()
11:42:02.43 (631980866)|METHOD_EXIT|[114]|01p57000001HcL4|MD4Hash.digest()
11:42:02.43 (631993646)|METHOD_EXIT|[90]|01p57000001HcL4|MD4Hash.digest(List<Integer>)
11:42:02.43 (632015445)|METHOD_ENTRY|[94]||System.Math.pow(Double, Double)
11:42:02.43 (632057044)|METHOD_EXIT|[94]||System.Math.pow(Double, Double)
11:42:02.43 (632081213)|METHOD_ENTRY|[95]||System.Math.random()
11:42:02.43 (632113876)|METHOD_EXIT|[95]||System.Math.random()
11:42:02.43 (632142647)|METHOD_ENTRY|[95]||System.Math.roundToLong(Double)
11:42:02.43 (632197311)|METHOD_EXIT|[95]||System.Math.roundToLong(Double)
11:42:02.43 (632211275)|METHOD_ENTRY|[96]|01p57000001HcKt|BitConverter.getBytesForUInt64(Long)
11:42:02.43 (632463570)|METHOD_EXIT|[96]|01p57000001HcKt|BitConverter.getBytesForUInt64(Long)
11:42:02.43 (632748499)|METHOD_ENTRY|[106]|01p57000001HcKt|BitConverter.getBlob(List<Integer>)
11:42:02.43 (632784786)|METHOD_ENTRY|[344]|01p57000001HcKt|BitConverter.encodeBase64String(List<Integer>)
11:42:02.43 (633218937)|METHOD_EXIT|[344]|01p57000001HcKt|BitConverter.encodeBase64String(List<Integer>)
11:42:02.43 (633241458)|METHOD_ENTRY|[345]||System.EncodingUtil.base64Decode(String)
11:42:02.43 (633319852)|METHOD_EXIT|[345]||System.EncodingUtil.base64Decode(String)
11:42:02.43 (633337654)|METHOD_EXIT|[106]|01p57000001HcKt|BitConverter.getBlob(List<Integer>)
11:42:02.43 (633457237)|SYSTEM_METHOD_ENTRY|[1]|Crypto.Crypto()
11:42:02.43 (633473432)|SYSTEM_METHOD_EXIT|[1]|Crypto
11:42:02.43 (633489101)|METHOD_ENTRY|[106]||System.Crypto.generateDigest(String, Blob)
11:42:02.43 (634023847)|METHOD_EXIT|[106]||System.Crypto.generateDigest(String, Blob)
11:42:02.43 (634057543)|METHOD_ENTRY|[108]|01p57000001HcKt|BitConverter.getBytes(Blob)
11:42:02.43 (634088962)|METHOD_ENTRY|[279]||System.EncodingUtil.convertToHex(Blob)
11:42:02.43 (634125987)|METHOD_EXIT|[279]||System.EncodingUtil.convertToHex(Blob)
11:42:02.43 (634250859)|METHOD_ENTRY|[282]|01p57000001HcKt|BitConverter.encodeIntegerFromHex(String)
11:42:02.43 (634359260)|METHOD_ENTRY|[192]||System.Math.pow(Double, Double)
11:42:02.43 (634390461)|METHOD_EXIT|[192]||System.Math.pow(Double, Double)
11:42:02.43 (634459092)|METHOD_ENTRY|[192]||System.Math.pow(Double, Double)
11:42:02.43 (634479470)|METHOD_EXIT|[192]||System.Math.pow(Double, Double)
11:42:02.43 (634517043)|METHOD_EXIT|[282]|01p57000001HcKt|BitConverter.encodeIntegerFromHex(String)
11:42:02.43 (634580632)|METHOD_ENTRY|[282]|01p57000001HcKt|BitConverter.encodeIntegerFromHex(String)
11:42:02.43 (634666455)|METHOD_ENTRY|[192]||System.Math.pow(Double, Double)
11:42:02.43 (634691663)|METHOD_EXIT|[192]||System.Math.pow(Double, Double)
11:42:02.43 (634749712)|METHOD_ENTRY|[192]||System.Math.pow(Double, Double)
11:42:02.43 (634773359)|METHOD_EXIT|[192]||System.Math.pow(Double, Double)
11:42:02.43 (634807863)|METHOD_EXIT|[282]|01p57000001HcKt|BitConverter.encodeIntegerFromHex(String)
11:42:02.43 (634856885)|METHOD_ENTRY|[282]|01p57000001HcKt|BitConverter.encodeIntegerFromHex(String)
11:42:02.43 (634932813)|METHOD_ENTRY|[192]||System.Math.pow(Double, Double)
11:42:02.43 (634964609)|METHOD_EXIT|[192]||System.Math.pow(Double, Double)
11:42:02.43 (635026745)|METHOD_ENTRY|[192]||System.Math.pow(Double, Double)
11:42:02.43 (635046879)|METHOD_EXIT|[192]||System.Math.pow(Double, Double)
11:42:02.43 (635082101)|METHOD_EXIT|[282]|01p57000001HcKt|BitConverter.encodeIntegerFromHex(String)
11:42:02.43 (635128133)|METHOD_ENTRY|[282]|01p57000001HcKt|BitConverter.encodeIntegerFromHex(String)
11:42:02.43 (635205227)|METHOD_ENTRY|[192]||System.Math.pow(Double, Double)
11:42:02.43 (635227714)|METHOD_EXIT|[192]||System.Math.pow(Double, Double)
11:42:02.43 (635287641)|METHOD_ENTRY|[192]||System.Math.pow(Double, Double)
11:42:02.43 (635305209)|METHOD_EXIT|[192]||System.Math.pow(Double, Double)
11:42:02.43 (635340229)|METHOD_EXIT|[282]|01p57000001HcKt|BitConverter.encodeIntegerFromHex(String)
11:42:02.43 (635387235)|METHOD_ENTRY|[282]|01p57000001HcKt|BitConverter.encodeIntegerFromHex(String)
11:42:02.43 (635465682)|METHOD_ENTRY|[192]||System.Math.pow(Double, Double)
11:42:02.43 (635485761)|METHOD_EXIT|[192]||System.Math.pow(Double, Double)
11:42:02.43 (635544041)|METHOD_ENTRY|[192]||System.Math.pow(Double, Double)
11:42:02.43 (635562541)|METHOD_EXIT|[192]||System.Math.pow(Double, Double)
11:42:02.43 (635598124)|METHOD_EXIT|[282]|01p57000001HcKt|BitConverter.encodeIntegerFromHex(String)
11:42:02.43 (635640486)|METHOD_ENTRY|[282]|01p57000001HcKt|BitConverter.encodeIntegerFromHex(String)
11:42:02.43 (635717529)|METHOD_ENTRY|[192]||System.Math.pow(Double, Double)
11:42:02.43 (635737297)|METHOD_EXIT|[192]||System.Math.pow(Double, Double)
11:42:02.43 (635794733)|METHOD_ENTRY|[192]||System.Math.pow(Double, Double)
11:42:02.43 (635814571)|METHOD_EXIT|[192]||System.Math.pow(Double, Double)
11:42:02.43 (635853102)|METHOD_EXIT|[282]|01p57000001HcKt|BitConverter.encodeIntegerFromHex(String)
11:42:02.43 (635906399)|METHOD_ENTRY|[282]|01p57000001HcKt|BitConverter.encodeIntegerFromHex(String)
11:42:02.43 (636370017)|METHOD_ENTRY|[192]||System.Math.pow(Double, Double)
11:42:02.43 (636408666)|METHOD_EXIT|[192]||System.Math.pow(Double, Double)
11:42:02.43 (636500633)|METHOD_ENTRY|[192]||System.Math.pow(Double, Double)
11:42:02.43 (636523987)|METHOD_EXIT|[192]||System.Math.pow(Double, Double)
11:42:02.43 (636561844)|METHOD_EXIT|[282]|01p57000001HcKt|BitConverter.encodeIntegerFromHex(String)
11:42:02.43 (636612460)|METHOD_ENTRY|[282]|01p57000001HcKt|BitConverter.encodeIntegerFromHex(String)
11:42:02.43 (636693166)|METHOD_ENTRY|[192]||System.Math.pow(Double, Double)
11:42:02.43 (636713590)|METHOD_EXIT|[192]||System.Math.pow(Double, Double)
11:42:02.43 (636769513)|METHOD_ENTRY|[192]||System.Math.pow(Double, Double)
11:42:02.43 (636945808)|METHOD_EXIT|[192]||System.Math.pow(Double, Double)
11:42:02.43 (637009256)|METHOD_EXIT|[282]|01p57000001HcKt|BitConverter.encodeIntegerFromHex(String)
11:42:02.43 (637066012)|METHOD_ENTRY|[282]|01p57000001HcKt|BitConverter.encodeIntegerFromHex(String)
11:42:02.43 (637418260)|METHOD_ENTRY|[192]||System.Math.pow(Double, Double)
11:42:02.43 (637458166)|METHOD_EXIT|[192]||System.Math.pow(Double, Double)
11:42:02.43 (637732761)|METHOD_ENTRY|[192]||System.Math.pow(Double, Double)
11:42:02.43 (637767273)|METHOD_EXIT|[192]||System.Math.pow(Double, Double)
11:42:02.43 (637812322)|METHOD_EXIT|[282]|01p57000001HcKt|BitConverter.encodeIntegerFromHex(String)
11:42:02.43 (638162903)|METHOD_ENTRY|[282]|01p57000001HcKt|BitConverter.encodeIntegerFromHex(String)
11:42:02.43 (638269930)|METHOD_ENTRY|[192]||System.Math.pow(Double, Double)
11:42:02.43 (638323366)|METHOD_EXIT|[192]||System.Math.pow(Double, Double)
11:42:02.43 (638385800)|METHOD_ENTRY|[192]||System.Math.pow(Double, Double)
11:42:02.43 (638405938)|METHOD_EXIT|[192]||System.Math.pow(Double, Double)
11:42:02.43 (638441882)|METHOD_EXIT|[282]|01p57000001HcKt|BitConverter.encodeIntegerFromHex(String)
11:42:02.43 (638490781)|METHOD_ENTRY|[282]|01p57000001HcKt|BitConverter.encodeIntegerFromHex(String)
11:42:02.43 (638567017)|METHOD_ENTRY|[192]||System.Math.pow(Double, Double)
11:42:02.43 (638587255)|METHOD_EXIT|[192]||System.Math.pow(Double, Double)
11:42:02.43 (638661394)|METHOD_ENTRY|[192]||System.Math.pow(Double, Double)
11:42:02.43 (638680779)|METHOD_EXIT|[192]||System.Math.pow(Double, Double)
11:42:02.43 (638714791)|METHOD_EXIT|[282]|01p57000001HcKt|BitConverter.encodeIntegerFromHex(String)
11:42:02.43 (638758152)|METHOD_ENTRY|[282]|01p57000001HcKt|BitConverter.encodeIntegerFromHex(String)
11:42:02.43 (638835299)|METHOD_ENTRY|[192]||System.Math.pow(Double, Double)
11:42:02.43 (638854128)|METHOD_EXIT|[192]||System.Math.pow(Double, Double)
11:42:02.43 (638910533)|METHOD_ENTRY|[192]||System.Math.pow(Double, Double)
11:42:02.43 (638928662)|METHOD_EXIT|[192]||System.Math.pow(Double, Double)
11:42:02.43 (638972600)|METHOD_EXIT|[282]|01p57000001HcKt|BitConverter.encodeIntegerFromHex(String)
11:42:02.43 (639015313)|METHOD_ENTRY|[282]|01p57000001HcKt|BitConverter.encodeIntegerFromHex(String)
11:42:02.43 (639092330)|METHOD_ENTRY|[192]||System.Math.pow(Double, Double)
11:42:02.43 (639111021)|METHOD_EXIT|[192]||System.Math.pow(Double, Double)
11:42:02.43 (639168930)|METHOD_ENTRY|[192]||System.Math.pow(Double, Double)
11:42:02.43 (639190280)|METHOD_EXIT|[192]||System.Math.pow(Double, Double)
11:42:02.43 (639224139)|METHOD_EXIT|[282]|01p57000001HcKt|BitConverter.encodeIntegerFromHex(String)
11:42:02.43 (639269116)|METHOD_ENTRY|[282]|01p57000001HcKt|BitConverter.encodeIntegerFromHex(String)
11:42:02.43 (639339513)|METHOD_ENTRY|[192]||System.Math.pow(Double, Double)
11:42:02.43 (639387064)|METHOD_EXIT|[192]||System.Math.pow(Double, Double)
11:42:02.43 (639442882)|METHOD_ENTRY|[192]||System.Math.pow(Double, Double)
11:42:02.43 (639462092)|METHOD_EXIT|[192]||System.Math.pow(Double, Double)
11:42:02.43 (639517553)|METHOD_EXIT|[282]|01p57000001HcKt|BitConverter.encodeIntegerFromHex(String)
11:42:02.43 (639561409)|METHOD_ENTRY|[282]|01p57000001HcKt|BitConverter.encodeIntegerFromHex(String)
11:42:02.43 (639640059)|METHOD_ENTRY|[192]||System.Math.pow(Double, Double)
11:42:02.43 (639660333)|METHOD_EXIT|[192]||System.Math.pow(Double, Double)
11:42:02.43 (639723602)|METHOD_ENTRY|[192]||System.Math.pow(Double, Double)
11:42:02.43 (639740672)|METHOD_EXIT|[192]||System.Math.pow(Double, Double)
11:42:02.43 (639789594)|METHOD_EXIT|[282]|01p57000001HcKt|BitConverter.encodeIntegerFromHex(String)
11:42:02.43 (639836595)|METHOD_ENTRY|[282]|01p57000001HcKt|BitConverter.encodeIntegerFromHex(String)
11:42:02.43 (639913286)|METHOD_ENTRY|[192]||System.Math.pow(Double, Double)
11:42:02.43 (639932671)|METHOD_EXIT|[192]||System.Math.pow(Double, Double)
11:42:02.43 (640017311)|METHOD_ENTRY|[192]||System.Math.pow(Double, Double)
11:42:02.43 (640037334)|METHOD_EXIT|[192]||System.Math.pow(Double, Double)
11:42:02.43 (640071273)|METHOD_EXIT|[282]|01p57000001HcKt|BitConverter.encodeIntegerFromHex(String)
11:42:02.43 (640107924)|METHOD_EXIT|[108]|01p57000001HcKt|BitConverter.getBytes(Blob)
11:42:02.43 (640136435)|METHOD_ENTRY|[108]|01p57000001HcL6|NTLMAuth.createNTLMResponse(List<Integer>, List<Integer>)
11:42:02.43 (640313321)|METHOD_ENTRY|[191]|01p57000001HcL6|NTLMAuth.createDESKey(List<Integer>, Integer)
11:42:02.43 (640519161)|METHOD_ENTRY|[231]|01p57000001HcL6|NTLMAuth.applyOddParity(List<Integer>)
11:42:02.43 (640712793)|METHOD_EXIT|[231]|01p57000001HcL6|NTLMAuth.applyOddParity(List<Integer>)
11:42:02.43 (640725048)|METHOD_EXIT|[191]|01p57000001HcL6|NTLMAuth.createDESKey(List<Integer>, Integer)
11:42:02.43 (640736092)|METHOD_ENTRY|[192]|01p57000001HcL6|NTLMAuth.createDESKey(List<Integer>, Integer)
11:42:02.43 (640842278)|METHOD_ENTRY|[231]|01p57000001HcL6|NTLMAuth.applyOddParity(List<Integer>)
11:42:02.43 (641019201)|METHOD_EXIT|[231]|01p57000001HcL6|NTLMAuth.applyOddParity(List<Integer>)
11:42:02.43 (641032684)|METHOD_EXIT|[192]|01p57000001HcL6|NTLMAuth.createDESKey(List<Integer>, Integer)
11:42:02.43 (641044645)|METHOD_ENTRY|[193]|01p57000001HcL6|NTLMAuth.createDESKey(List<Integer>, Integer)
11:42:02.43 (641149985)|METHOD_ENTRY|[231]|01p57000001HcL6|NTLMAuth.applyOddParity(List<Integer>)
11:42:02.43 (641284009)|METHOD_EXIT|[231]|01p57000001HcL6|NTLMAuth.applyOddParity(List<Integer>)
11:42:02.43 (641294354)|METHOD_EXIT|[193]|01p57000001HcL6|NTLMAuth.createDESKey(List<Integer>, Integer)
11:42:02.43 (663446607)|METHOD_ENTRY|[40]|01p57000001HcKx|DESCrypt.DESCrypt()
11:42:02.43 (666559967)|METHOD_EXIT|[40]|DESCrypt
11:42:02.43 (666625018)|CONSTRUCTOR_ENTRY|[195]|01p57000001HcKx|<init>()|DESCrypt
11:42:02.43 (666690857)|CONSTRUCTOR_EXIT|[195]|01p57000001HcKx|<init>()|DESCrypt
11:42:02.43 (666741255)|METHOD_ENTRY|[196]|01p57000001HcKx|DESCrypt.encrypt(List<Integer>, List<Integer>)
11:42:02.43 (666781423)|METHOD_ENTRY|[706]|01p57000001HcKx|DESCrypt.init(List<Integer>)
11:42:02.43 (666934612)|METHOD_ENTRY|[695]|01p57000001HcKx|DESCrypt.expandKey(List<Integer>)
11:42:02.43 (670220026)|METHOD_EXIT|[695]|01p57000001HcKx|DESCrypt.expandKey(List<Integer>)
11:42:02.43 (670252927)|METHOD_EXIT|[706]|01p57000001HcKx|DESCrypt.init(List<Integer>)
11:42:02.43 (670285259)|METHOD_ENTRY|[707]|01p57000001HcKx|DESCrypt.encrypt(List<Integer>)
11:42:02.43 (670371286)|METHOD_ENTRY|[719]||System.Math.mod(Integer, Integer)
11:42:02.43 (670416020)|METHOD_EXIT|[719]||System.Math.mod(Integer, Integer)
11:42:02.43 (670503018)|METHOD_ENTRY|[724]|01p57000001HcKx|DESCrypt.encryptBlock(List<Integer>, Integer, List<Integer>, Integer)
11:42:02.43 (670547797)|METHOD_ENTRY|[751]|01p57000001HcKx|DESCrypt.cipherBlock(List<Integer>, Integer, List<Integer>, Integer)
11:42:02.43 (670582524)|METHOD_ENTRY|[769]|01p57000001HcKx|DESCrypt.initialPermutationLeft(List<Integer>, Integer)
11:42:02.43 (670741731)|METHOD_EXIT|[769]|01p57000001HcKx|DESCrypt.initialPermutationLeft(List<Integer>, Integer)
11:42:02.43 (670764195)|METHOD_ENTRY|[770]|01p57000001HcKx|DESCrypt.initialPermutationRight(List<Integer>, Integer)
11:42:02.43 (670883512)|METHOD_EXIT|[770]|01p57000001HcKx|DESCrypt.initialPermutationRight(List<Integer>, Integer)
11:42:02.43 (671420938)|METHOD_ENTRY|[804]|01p57000001HcKx|DESCrypt.perm(Integer, Integer, List<Integer>, Integer)
11:42:02.43 (671583220)|METHOD_EXIT|[804]|01p57000001HcKx|DESCrypt.perm(Integer, Integer, List<Integer>, Integer)
11:42:02.43 (671599406)|METHOD_EXIT|[751]|01p57000001HcKx|DESCrypt.cipherBlock(List<Integer>, Integer, List<Integer>, Integer)
11:42:02.43 (671609995)|METHOD_EXIT|[724]|01p57000001HcKx|DESCrypt.encryptBlock(List<Integer>, Integer, List<Integer>, Integer)
11:42:02.43 (671637873)|METHOD_ENTRY|[724]|01p57000001HcKx|DESCrypt.encryptBlock(List<Integer>, Integer, List<Integer>, Integer)
11:42:02.43 (671659910)|METHOD_ENTRY|[751]|01p57000001HcKx|DESCrypt.cipherBlock(List<Integer>, Integer, List<Integer>, Integer)
11:42:02.43 (671673072)|METHOD_ENTRY|[769]|01p57000001HcKx|DESCrypt.initialPermutationLeft(List<Integer>, Integer)
11:42:02.43 (671758030)|METHOD_EXIT|[769]|01p57000001HcKx|DESCrypt.initialPermutationLeft(List<Integer>, Integer)
11:42:02.43 (671770479)|METHOD_ENTRY|[770]|01p57000001HcKx|DESCrypt.initialPermutationRight(List<Integer>, Integer)
11:42:02.43 (671849038)|METHOD_EXIT|[770]|01p57000001HcKx|DESCrypt.initialPermutationRight(List<Integer>, Integer)
11:42:02.43 (672320016)|METHOD_ENTRY|[804]|01p57000001HcKx|DESCrypt.perm(Integer, Integer, List<Integer>, Integer)
11:42:02.43 (672409720)|METHOD_EXIT|[804]|01p57000001HcKx|DESCrypt.perm(Integer, Integer, List<Integer>, Integer)
11:42:02.43 (672418819)|METHOD_EXIT|[751]|01p57000001HcKx|DESCrypt.cipherBlock(List<Integer>, Integer, List<Integer>, Integer)
11:42:02.43 (672426876)|METHOD_EXIT|[724]|01p57000001HcKx|DESCrypt.encryptBlock(List<Integer>, Integer, List<Integer>, Integer)
11:42:02.43 (672449123)|METHOD_EXIT|[707]|01p57000001HcKx|DESCrypt.encrypt(List<Integer>)
11:42:02.43 (672460215)|METHOD_EXIT|[196]|01p57000001HcKx|DESCrypt.encrypt(List<Integer>, List<Integer>)
11:42:02.43 (672477122)|METHOD_ENTRY|[197]|01p57000001HcKx|DESCrypt.encrypt(List<Integer>, List<Integer>)
11:42:02.43 (672502505)|METHOD_ENTRY|[706]|01p57000001HcKx|DESCrypt.init(List<Integer>)
11:42:02.43 (672527296)|METHOD_ENTRY|[695]|01p57000001HcKx|DESCrypt.expandKey(List<Integer>)
11:42:02.43 (675765420)|METHOD_EXIT|[695]|01p57000001HcKx|DESCrypt.expandKey(List<Integer>)
11:42:02.43 (675794584)|METHOD_EXIT|[706]|01p57000001HcKx|DESCrypt.init(List<Integer>)
11:42:02.43 (675812304)|METHOD_ENTRY|[707]|01p57000001HcKx|DESCrypt.encrypt(List<Integer>)
11:42:02.43 (675852828)|METHOD_ENTRY|[719]||System.Math.mod(Integer, Integer)
11:42:02.43 (675895678)|METHOD_EXIT|[719]||System.Math.mod(Integer, Integer)
11:42:02.43 (675972219)|METHOD_ENTRY|[724]|01p57000001HcKx|DESCrypt.encryptBlock(List<Integer>, Integer, List<Integer>, Integer)
11:42:02.43 (675987098)|METHOD_ENTRY|[751]|01p57000001HcKx|DESCrypt.cipherBlock(List<Integer>, Integer, List<Integer>, Integer)
11:42:02.43 (676002848)|METHOD_ENTRY|[769]|01p57000001HcKx|DESCrypt.initialPermutationLeft(List<Integer>, Integer)
11:42:02.43 (676091498)|METHOD_EXIT|[769]|01p57000001HcKx|DESCrypt.initialPermutationLeft(List<Integer>, Integer)
11:42:02.43 (676104047)|METHOD_ENTRY|[770]|01p57000001HcKx|DESCrypt.initialPermutationRight(List<Integer>, Integer)
11:42:02.43 (676175455)|METHOD_EXIT|[770]|01p57000001HcKx|DESCrypt.initialPermutationRight(List<Integer>, Integer)
11:42:02.43 (676594775)|METHOD_ENTRY|[804]|01p57000001HcKx|DESCrypt.perm(Integer, Integer, List<Integer>, Integer)
11:42:02.43 (676738453)|METHOD_EXIT|[804]|01p57000001HcKx|DESCrypt.perm(Integer, Integer, List<Integer>, Integer)
11:42:02.43 (676753532)|METHOD_EXIT|[751]|01p57000001HcKx|DESCrypt.cipherBlock(List<Integer>, Integer, List<Integer>, Integer)
11:42:02.43 (676763714)|METHOD_EXIT|[724]|01p57000001HcKx|DESCrypt.encryptBlock(List<Integer>, Integer, List<Integer>, Integer)
11:42:02.43 (676791358)|METHOD_ENTRY|[724]|01p57000001HcKx|DESCrypt.encryptBlock(List<Integer>, Integer, List<Integer>, Integer)
11:42:02.43 (676804768)|METHOD_ENTRY|[751]|01p57000001HcKx|DESCrypt.cipherBlock(List<Integer>, Integer, List<Integer>, Integer)
11:42:02.43 (676817420)|METHOD_ENTRY|[769]|01p57000001HcKx|DESCrypt.initialPermutationLeft(List<Integer>, Integer)
11:42:02.43 (676890464)|METHOD_EXIT|[769]|01p57000001HcKx|DESCrypt.initialPermutationLeft(List<Integer>, Integer)
11:42:02.43 (676901732)|METHOD_ENTRY|[770]|01p57000001HcKx|DESCrypt.initialPermutationRight(List<Integer>, Integer)
11:42:02.43 (676979325)|METHOD_EXIT|[770]|01p57000001HcKx|DESCrypt.initialPermutationRight(List<Integer>, Integer)
11:42:02.43 (677380128)|METHOD_ENTRY|[804]|01p57000001HcKx|DESCrypt.perm(Integer, Integer, List<Integer>, Integer)
11:42:02.43 (677461234)|METHOD_EXIT|[804]|01p57000001HcKx|DESCrypt.perm(Integer, Integer, List<Integer>, Integer)
11:42:02.43 (677470611)|METHOD_EXIT|[751]|01p57000001HcKx|DESCrypt.cipherBlock(List<Integer>, Integer, List<Integer>, Integer)
11:42:02.43 (677479392)|METHOD_EXIT|[724]|01p57000001HcKx|DESCrypt.encryptBlock(List<Integer>, Integer, List<Integer>, Integer)
11:42:02.43 (677502385)|METHOD_EXIT|[707]|01p57000001HcKx|DESCrypt.encrypt(List<Integer>)
11:42:02.43 (677514180)|METHOD_EXIT|[197]|01p57000001HcKx|DESCrypt.encrypt(List<Integer>, List<Integer>)
11:42:02.43 (677534499)|METHOD_ENTRY|[198]|01p57000001HcKx|DESCrypt.encrypt(List<Integer>, List<Integer>)
11:42:02.43 (677572605)|METHOD_ENTRY|[706]|01p57000001HcKx|DESCrypt.init(List<Integer>)
11:42:02.43 (677598442)|METHOD_ENTRY|[695]|01p57000001HcKx|DESCrypt.expandKey(List<Integer>)
11:42:02.43 (679314421)|METHOD_EXIT|[695]|01p57000001HcKx|DESCrypt.expandKey(List<Integer>)
11:42:02.43 (679341148)|METHOD_EXIT|[706]|01p57000001HcKx|DESCrypt.init(List<Integer>)
11:42:02.43 (679356808)|METHOD_ENTRY|[707]|01p57000001HcKx|DESCrypt.encrypt(List<Integer>)
11:42:02.43 (679390592)|METHOD_ENTRY|[719]||System.Math.mod(Integer, Integer)
11:42:02.43 (679434387)|METHOD_EXIT|[719]||System.Math.mod(Integer, Integer)
11:42:02.43 (679498678)|METHOD_ENTRY|[724]|01p57000001HcKx|DESCrypt.encryptBlock(List<Integer>, Integer, List<Integer>, Integer)
11:42:02.43 (679512340)|METHOD_ENTRY|[751]|01p57000001HcKx|DESCrypt.cipherBlock(List<Integer>, Integer, List<Integer>, Integer)
11:42:02.43 (679527875)|METHOD_ENTRY|[769]|01p57000001HcKx|DESCrypt.initialPermutationLeft(List<Integer>, Integer)
11:42:02.43 (679614776)|METHOD_EXIT|[769]|01p57000001HcKx|DESCrypt.initialPermutationLeft(List<Integer>, Integer)
11:42:02.43 (679628367)|METHOD_ENTRY|[770]|01p57000001HcKx|DESCrypt.initialPermutationRight(List<Integer>, Integer)
11:42:02.43 (679704753)|METHOD_EXIT|[770]|01p57000001HcKx|DESCrypt.initialPermutationRight(List<Integer>, Integer)
11:42:02.43 (680065263)|METHOD_ENTRY|[804]|01p57000001HcKx|DESCrypt.perm(Integer, Integer, List<Integer>, Integer)
11:42:02.43 (680161413)|METHOD_EXIT|[804]|01p57000001HcKx|DESCrypt.perm(Integer, Integer, List<Integer>, Integer)
11:42:02.43 (680179389)|METHOD_EXIT|[751]|01p57000001HcKx|DESCrypt.cipherBlock(List<Integer>, Integer, List<Integer>, Integer)
11:42:02.43 (680188106)|METHOD_EXIT|[724]|01p57000001HcKx|DESCrypt.encryptBlock(List<Integer>, Integer, List<Integer>, Integer)
11:42:02.43 (680207003)|METHOD_ENTRY|[724]|01p57000001HcKx|DESCrypt.encryptBlock(List<Integer>, Integer, List<Integer>, Integer)
11:42:02.43 (680216456)|METHOD_ENTRY|[751]|01p57000001HcKx|DESCrypt.cipherBlock(List<Integer>, Integer, List<Integer>, Integer)
11:42:02.43 (680225421)|METHOD_ENTRY|[769]|01p57000001HcKx|DESCrypt.initialPermutationLeft(List<Integer>, Integer)
11:42:02.43 (680304309)|METHOD_EXIT|[769]|01p57000001HcKx|DESCrypt.initialPermutationLeft(List<Integer>, Integer)
11:42:02.43 (680316678)|METHOD_ENTRY|[770]|01p57000001HcKx|DESCrypt.initialPermutationRight(List<Integer>, Integer)
11:42:02.43 (680384948)|METHOD_EXIT|[770]|01p57000001HcKx|DESCrypt.initialPermutationRight(List<Integer>, Integer)
11:42:02.43 (680774911)|METHOD_ENTRY|[804]|01p57000001HcKx|DESCrypt.perm(Integer, Integer, List<Integer>, Integer)
11:42:02.43 (680861931)|METHOD_EXIT|[804]|01p57000001HcKx|DESCrypt.perm(Integer, Integer, List<Integer>, Integer)
11:42:02.43 (680873619)|METHOD_EXIT|[751]|01p57000001HcKx|DESCrypt.cipherBlock(List<Integer>, Integer, List<Integer>, Integer)
11:42:02.43 (680883512)|METHOD_EXIT|[724]|01p57000001HcKx|DESCrypt.encryptBlock(List<Integer>, Integer, List<Integer>, Integer)
11:42:02.43 (680906234)|METHOD_EXIT|[707]|01p57000001HcKx|DESCrypt.encrypt(List<Integer>)
11:42:02.43 (680918237)|METHOD_EXIT|[198]|01p57000001HcKx|DESCrypt.encrypt(List<Integer>, List<Integer>)
11:42:02.43 (681104473)|METHOD_EXIT|[108]|01p57000001HcL6|NTLMAuth.createNTLMResponse(List<Integer>, List<Integer>)
11:42:02.43 (681186942)|METHOD_ENTRY|[127]|01p57000001HcL6|NTLMAuth.WriteSecurityBuffer(List<Integer>, List<Integer>, List<Integer>)
11:42:02.43 (681316595)|METHOD_ENTRY|[172]|01p57000001HcKt|BitConverter.getBytesForUInt16(Integer)
11:42:02.43 (681351256)|METHOD_EXIT|[172]|01p57000001HcKt|BitConverter.getBytesForUInt16(Integer)
11:42:02.43 (681381665)|METHOD_ENTRY|[173]|01p57000001HcKt|BitConverter.getBytesForUInt16(Integer)
11:42:02.43 (681404603)|METHOD_EXIT|[173]|01p57000001HcKt|BitConverter.getBytesForUInt16(Integer)
11:42:02.43 (681423664)|METHOD_ENTRY|[174]|01p57000001HcKt|BitConverter.getBytesForUInt32(Integer)
11:42:02.43 (681460004)|METHOD_EXIT|[174]|01p57000001HcKt|BitConverter.getBytesForUInt32(Integer)
11:42:02.43 (681478254)|METHOD_EXIT|[127]|01p57000001HcL6|NTLMAuth.WriteSecurityBuffer(List<Integer>, List<Integer>, List<Integer>)
11:42:02.43 (681492147)|METHOD_ENTRY|[130]|01p57000001HcL6|NTLMAuth.WriteSecurityBuffer(List<Integer>, List<Integer>, List<Integer>)
11:42:02.43 (681543977)|METHOD_ENTRY|[172]|01p57000001HcKt|BitConverter.getBytesForUInt16(Integer)
11:42:02.43 (681569078)|METHOD_EXIT|[172]|01p57000001HcKt|BitConverter.getBytesForUInt16(Integer)
11:42:02.43 (681593015)|METHOD_ENTRY|[173]|01p57000001HcKt|BitConverter.getBytesForUInt16(Integer)
11:42:02.43 (681614270)|METHOD_EXIT|[173]|01p57000001HcKt|BitConverter.getBytesForUInt16(Integer)
11:42:02.43 (681629891)|METHOD_ENTRY|[174]|01p57000001HcKt|BitConverter.getBytesForUInt32(Integer)
11:42:02.43 (681655742)|METHOD_EXIT|[174]|01p57000001HcKt|BitConverter.getBytesForUInt32(Integer)
11:42:02.43 (681672123)|METHOD_EXIT|[130]|01p57000001HcL6|NTLMAuth.WriteSecurityBuffer(List<Integer>, List<Integer>, List<Integer>)
11:42:02.43 (681686478)|METHOD_ENTRY|[133]|01p57000001HcKt|BitConverter.encodeUTF16String(String)
11:42:02.43 (681794143)|METHOD_ENTRY|[208]||System.EncodingUtil.convertToHex(Blob)
11:42:02.43 (681832507)|METHOD_EXIT|[208]||System.EncodingUtil.convertToHex(Blob)
11:42:02.43 (681842961)|METHOD_ENTRY|[209]|01p57000001HcKt|BitConverter.encodeIntegerFromHex(String)
11:42:02.43 (681947244)|METHOD_ENTRY|[192]||System.Math.pow(Double, Double)
11:42:02.43 (681986233)|METHOD_EXIT|[192]||System.Math.pow(Double, Double)
11:42:02.43 (682054785)|METHOD_ENTRY|[192]||System.Math.pow(Double, Double)
11:42:02.43 (682075923)|METHOD_EXIT|[192]||System.Math.pow(Double, Double)
11:42:02.43 (682112802)|METHOD_EXIT|[209]|01p57000001HcKt|BitConverter.encodeIntegerFromHex(String)
11:42:02.43 (682187554)|METHOD_ENTRY|[208]||System.EncodingUtil.convertToHex(Blob)
11:42:02.43 (682210116)|METHOD_EXIT|[208]||System.EncodingUtil.convertToHex(Blob)
11:42:02.43 (682218276)|METHOD_ENTRY|[209]|01p57000001HcKt|BitConverter.encodeIntegerFromHex(String)
11:42:02.43 (682292211)|METHOD_ENTRY|[192]||System.Math.pow(Double, Double)
11:42:02.43 (682310952)|METHOD_EXIT|[192]||System.Math.pow(Double, Double)
11:42:02.43 (682366901)|METHOD_ENTRY|[192]||System.Math.pow(Double, Double)
11:42:02.43 (682385740)|METHOD_EXIT|[192]||System.Math.pow(Double, Double)
11:42:02.43 (682420499)|METHOD_EXIT|[209]|01p57000001HcKt|BitConverter.encodeIntegerFromHex(String)
11:42:02.43 (682485862)|METHOD_ENTRY|[208]||System.EncodingUtil.convertToHex(Blob)
11:42:02.43 (682505028)|METHOD_EXIT|[208]||System.EncodingUtil.convertToHex(Blob)
11:42:02.43 (682511988)|METHOD_ENTRY|[209]|01p57000001HcKt|BitConverter.encodeIntegerFromHex(String)
11:42:02.43 (682583834)|METHOD_ENTRY|[192]||System.Math.pow(Double, Double)
11:42:02.43 (682606041)|METHOD_EXIT|[192]||System.Math.pow(Double, Double)
11:42:02.43 (682663935)|METHOD_ENTRY|[192]||System.Math.pow(Double, Double)
11:42:02.43 (682686287)|METHOD_EXIT|[192]||System.Math.pow(Double, Double)
11:42:02.43 (682720774)|METHOD_EXIT|[209]|01p57000001HcKt|BitConverter.encodeIntegerFromHex(String)
11:42:02.43 (682790954)|METHOD_ENTRY|[208]||System.EncodingUtil.convertToHex(Blob)
11:42:02.43 (682812699)|METHOD_EXIT|[208]||System.EncodingUtil.convertToHex(Blob)
11:42:02.43 (682820498)|METHOD_ENTRY|[209]|01p57000001HcKt|BitConverter.encodeIntegerFromHex(String)
11:42:02.43 (682898432)|METHOD_ENTRY|[192]||System.Math.pow(Double, Double)
11:42:02.43 (682921023)|METHOD_EXIT|[192]||System.Math.pow(Double, Double)
11:42:02.43 (682996201)|METHOD_ENTRY|[192]||System.Math.pow(Double, Double)
11:42:02.43 (683018167)|METHOD_EXIT|[192]||System.Math.pow(Double, Double)
11:42:02.43 (683055799)|METHOD_EXIT|[209]|01p57000001HcKt|BitConverter.encodeIntegerFromHex(String)
11:42:02.43 (683129673)|METHOD_ENTRY|[208]||System.EncodingUtil.convertToHex(Blob)
11:42:02.43 (683154373)|METHOD_EXIT|[208]||System.EncodingUtil.convertToHex(Blob)
11:42:02.43 (683162996)|METHOD_ENTRY|[209]|01p57000001HcKt|BitConverter.encodeIntegerFromHex(String)
11:42:02.43 (683242978)|METHOD_ENTRY|[192]||System.Math.pow(Double, Double)
11:42:02.43 (683263905)|METHOD_EXIT|[192]||System.Math.pow(Double, Double)
11:42:02.43 (683321839)|METHOD_ENTRY|[192]||System.Math.pow(Double, Double)
11:42:02.43 (683342347)|METHOD_EXIT|[192]||System.Math.pow(Double, Double)
11:42:02.43 (683375365)|METHOD_EXIT|[209]|01p57000001HcKt|BitConverter.encodeIntegerFromHex(String)
11:42:02.43 (683449201)|METHOD_ENTRY|[208]||System.EncodingUtil.convertToHex(Blob)
11:42:02.43 (683474059)|METHOD_EXIT|[208]||System.EncodingUtil.convertToHex(Blob)
11:42:02.43 (683482260)|METHOD_ENTRY|[209]|01p57000001HcKt|BitConverter.encodeIntegerFromHex(String)
11:42:02.43 (683558413)|METHOD_ENTRY|[192]||System.Math.pow(Double, Double)
11:42:02.43 (683581849)|METHOD_EXIT|[192]||System.Math.pow(Double, Double)
11:42:02.43 (683635533)|METHOD_ENTRY|[192]||System.Math.pow(Double, Double)
11:42:02.43 (683653451)|METHOD_EXIT|[192]||System.Math.pow(Double, Double)
11:42:02.43 (683686591)|METHOD_EXIT|[209]|01p57000001HcKt|BitConverter.encodeIntegerFromHex(String)
11:42:02.43 (683781194)|METHOD_ENTRY|[208]||System.EncodingUtil.convertToHex(Blob)
11:42:02.43 (683800288)|METHOD_EXIT|[208]||System.EncodingUtil.convertToHex(Blob)
11:42:02.43 (683807507)|METHOD_ENTRY|[209]|01p57000001HcKt|BitConverter.encodeIntegerFromHex(String)
11:42:02.43 (683880303)|METHOD_ENTRY|[192]||System.Math.pow(Double, Double)
11:42:02.43 (683898268)|METHOD_EXIT|[192]||System.Math.pow(Double, Double)
11:42:02.43 (683962719)|METHOD_ENTRY|[192]||System.Math.pow(Double, Double)
11:42:02.43 (684004654)|METHOD_EXIT|[192]||System.Math.pow(Double, Double)
11:42:02.43 (684044141)|METHOD_EXIT|[209]|01p57000001HcKt|BitConverter.encodeIntegerFromHex(String)
11:42:02.43 (684131404)|METHOD_ENTRY|[208]||System.EncodingUtil.convertToHex(Blob)
11:42:02.43 (684152552)|METHOD_EXIT|[208]||System.EncodingUtil.convertToHex(Blob)
11:42:02.43 (684160357)|METHOD_ENTRY|[209]|01p57000001HcKt|BitConverter.encodeIntegerFromHex(String)
11:42:02.43 (684270972)|METHOD_ENTRY|[192]||System.Math.pow(Double, Double)
11:42:02.43 (684292236)|METHOD_EXIT|[192]||System.Math.pow(Double, Double)
11:42:02.43 (684365303)|METHOD_ENTRY|[192]||System.Math.pow(Double, Double)
11:42:02.43 (684384510)|METHOD_EXIT|[192]||System.Math.pow(Double, Double)
11:42:02.43 (684418551)|METHOD_EXIT|[209]|01p57000001HcKt|BitConverter.encodeIntegerFromHex(String)
11:42:02.43 (684494222)|METHOD_ENTRY|[208]||System.EncodingUtil.convertToHex(Blob)
11:42:02.43 (684514060)|METHOD_EXIT|[208]||System.EncodingUtil.convertToHex(Blob)
11:42:02.43 (684521959)|METHOD_ENTRY|[209]|01p57000001HcKt|BitConverter.encodeIntegerFromHex(String)
11:42:02.43 (684595863)|METHOD_ENTRY|[192]||System.Math.pow(Double, Double)
11:42:02.43 (684615158)|METHOD_EXIT|[192]||System.Math.pow(Double, Double)
11:42:02.43 (684670780)|METHOD_ENTRY|[192]||System.Math.pow(Double, Double)
11:42:02.43 (684688589)|METHOD_EXIT|[192]||System.Math.pow(Double, Double)
11:42:02.43 (684721707)|METHOD_EXIT|[209]|01p57000001HcKt|BitConverter.encodeIntegerFromHex(String)
11:42:02.43 (684807327)|METHOD_ENTRY|[208]||System.EncodingUtil.convertToHex(Blob)
11:42:02.43 (684847327)|METHOD_EXIT|[208]||System.EncodingUtil.convertToHex(Blob)
11:42:02.43 (684856292)|METHOD_ENTRY|[209]|01p57000001HcKt|BitConverter.encodeIntegerFromHex(String)
11:42:02.43 (684931853)|METHOD_ENTRY|[192]||System.Math.pow(Double, Double)
11:42:02.43 (684966827)|METHOD_EXIT|[192]||System.Math.pow(Double, Double)
11:42:02.43 (685022021)|METHOD_ENTRY|[192]||System.Math.pow(Double, Double)
11:42:02.43 (685041483)|METHOD_EXIT|[192]||System.Math.pow(Double, Double)
11:42:02.43 (685092246)|METHOD_EXIT|[209]|01p57000001HcKt|BitConverter.encodeIntegerFromHex(String)
11:42:02.43 (685159831)|METHOD_ENTRY|[208]||System.EncodingUtil.convertToHex(Blob)
11:42:02.43 (685181117)|METHOD_EXIT|[208]||System.EncodingUtil.convertToHex(Blob)
11:42:02.43 (685188938)|METHOD_ENTRY|[209]|01p57000001HcKt|BitConverter.encodeIntegerFromHex(String)
11:42:02.43 (685260560)|METHOD_ENTRY|[192]||System.Math.pow(Double, Double)
11:42:02.43 (685278890)|METHOD_EXIT|[192]||System.Math.pow(Double, Double)
11:42:02.43 (685332896)|METHOD_ENTRY|[192]||System.Math.pow(Double, Double)
11:42:02.43 (685350742)|METHOD_EXIT|[192]||System.Math.pow(Double, Double)
11:42:02.43 (685385047)|METHOD_EXIT|[209]|01p57000001HcKt|BitConverter.encodeIntegerFromHex(String)
11:42:02.43 (685449348)|METHOD_ENTRY|[208]||System.EncodingUtil.convertToHex(Blob)
11:42:02.43 (685469580)|METHOD_EXIT|[208]||System.EncodingUtil.convertToHex(Blob)
11:42:02.43 (685477252)|METHOD_ENTRY|[209]|01p57000001HcKt|BitConverter.encodeIntegerFromHex(String)
11:42:02.43 (685546441)|METHOD_ENTRY|[192]||System.Math.pow(Double, Double)
11:42:02.43 (685564726)|METHOD_EXIT|[192]||System.Math.pow(Double, Double)
11:42:02.43 (685619367)|METHOD_ENTRY|[192]||System.Math.pow(Double, Double)
11:42:02.43 (685637199)|METHOD_EXIT|[192]||System.Math.pow(Double, Double)
11:42:02.43 (685668962)|METHOD_EXIT|[209]|01p57000001HcKt|BitConverter.encodeIntegerFromHex(String)
11:42:02.43 (685708377)|METHOD_EXIT|[133]|01p57000001HcKt|BitConverter.encodeUTF16String(String)
11:42:02.43 (685733232)|METHOD_ENTRY|[133]|01p57000001HcL6|NTLMAuth.WriteSecurityBuffer(List<Integer>, List<Integer>, List<Integer>)
11:42:02.43 (685791341)|METHOD_ENTRY|[172]|01p57000001HcKt|BitConverter.getBytesForUInt16(Integer)
11:42:02.43 (685882656)|METHOD_EXIT|[172]|01p57000001HcKt|BitConverter.getBytesForUInt16(Integer)
11:42:02.43 (685909138)|METHOD_ENTRY|[173]|01p57000001HcKt|BitConverter.getBytesForUInt16(Integer)
11:42:02.43 (685975144)|METHOD_EXIT|[173]|01p57000001HcKt|BitConverter.getBytesForUInt16(Integer)
11:42:02.43 (685994886)|METHOD_ENTRY|[174]|01p57000001HcKt|BitConverter.getBytesForUInt32(Integer)
11:42:02.43 (686027311)|METHOD_EXIT|[174]|01p57000001HcKt|BitConverter.getBytesForUInt32(Integer)
11:42:02.43 (686046537)|METHOD_EXIT|[133]|01p57000001HcL6|NTLMAuth.WriteSecurityBuffer(List<Integer>, List<Integer>, List<Integer>)
11:42:02.43 (686073580)|METHOD_ENTRY|[136]|01p57000001HcKt|BitConverter.encodeUTF16String(String)
11:42:02.43 (686185427)|METHOD_ENTRY|[208]||System.EncodingUtil.convertToHex(Blob)
11:42:02.43 (686212115)|METHOD_EXIT|[208]||System.EncodingUtil.convertToHex(Blob)
11:42:02.43 (686220450)|METHOD_ENTRY|[209]|01p57000001HcKt|BitConverter.encodeIntegerFromHex(String)
11:42:02.43 (686300769)|METHOD_ENTRY|[192]||System.Math.pow(Double, Double)
11:42:02.43 (686322455)|METHOD_EXIT|[192]||System.Math.pow(Double, Double)
11:42:02.43 (686379208)|METHOD_ENTRY|[192]||System.Math.pow(Double, Double)
11:42:02.43 (686396932)|METHOD_EXIT|[192]||System.Math.pow(Double, Double)
11:42:02.43 (686429866)|METHOD_EXIT|[209]|01p57000001HcKt|BitConverter.encodeIntegerFromHex(String)
11:42:02.43 (686495137)|METHOD_ENTRY|[208]||System.EncodingUtil.convertToHex(Blob)
11:42:02.43 (686515729)|METHOD_EXIT|[208]||System.EncodingUtil.convertToHex(Blob)
11:42:02.43 (686523513)|METHOD_ENTRY|[209]|01p57000001HcKt|BitConverter.encodeIntegerFromHex(String)
11:42:02.43 (686592075)|METHOD_ENTRY|[192]||System.Math.pow(Double, Double)
11:42:02.43 (686611830)|METHOD_EXIT|[192]||System.Math.pow(Double, Double)
11:42:02.43 (686665598)|METHOD_ENTRY|[192]||System.Math.pow(Double, Double)
11:42:02.43 (686683161)|METHOD_EXIT|[192]||System.Math.pow(Double, Double)
11:42:02.43 (686715153)|METHOD_EXIT|[209]|01p57000001HcKt|BitConverter.encodeIntegerFromHex(String)
11:42:02.43 (686778722)|METHOD_ENTRY|[208]||System.EncodingUtil.convertToHex(Blob)
11:42:02.43 (686797434)|METHOD_EXIT|[208]||System.EncodingUtil.convertToHex(Blob)
11:42:02.43 (686805151)|METHOD_ENTRY|[209]|01p57000001HcKt|BitConverter.encodeIntegerFromHex(String)
11:42:02.43 (686875837)|METHOD_ENTRY|[192]||System.Math.pow(Double, Double)
11:42:02.43 (686894838)|METHOD_EXIT|[192]||System.Math.pow(Double, Double)
11:42:02.43 (686959818)|METHOD_ENTRY|[192]||System.Math.pow(Double, Double)
11:42:02.43 (686979909)|METHOD_EXIT|[192]||System.Math.pow(Double, Double)
11:42:02.43 (687013480)|METHOD_EXIT|[209]|01p57000001HcKt|BitConverter.encodeIntegerFromHex(String)
11:42:02.43 (687080076)|METHOD_ENTRY|[208]||System.EncodingUtil.convertToHex(Blob)
11:42:02.43 (687101992)|METHOD_EXIT|[208]||System.EncodingUtil.convertToHex(Blob)
11:42:02.43 (687109142)|METHOD_ENTRY|[209]|01p57000001HcKt|BitConverter.encodeIntegerFromHex(String)
11:42:02.43 (687183796)|METHOD_ENTRY|[192]||System.Math.pow(Double, Double)
11:42:02.43 (687205576)|METHOD_EXIT|[192]||System.Math.pow(Double, Double)
11:42:02.43 (687262210)|METHOD_ENTRY|[192]||System.Math.pow(Double, Double)
11:42:02.43 (687285945)|METHOD_EXIT|[192]||System.Math.pow(Double, Double)
11:42:02.43 (687319867)|METHOD_EXIT|[209]|01p57000001HcKt|BitConverter.encodeIntegerFromHex(String)
11:42:02.43 (687387556)|METHOD_ENTRY|[208]||System.EncodingUtil.convertToHex(Blob)
11:42:02.43 (687409700)|METHOD_EXIT|[208]||System.EncodingUtil.convertToHex(Blob)
11:42:02.43 (687417174)|METHOD_ENTRY|[209]|01p57000001HcKt|BitConverter.encodeIntegerFromHex(String)
11:42:02.43 (687491408)|METHOD_ENTRY|[192]||System.Math.pow(Double, Double)
11:42:02.43 (687514003)|METHOD_EXIT|[192]||System.Math.pow(Double, Double)
11:42:02.43 (687574569)|METHOD_ENTRY|[192]||System.Math.pow(Double, Double)
11:42:02.43 (687596525)|METHOD_EXIT|[192]||System.Math.pow(Double, Double)
11:42:02.43 (687631724)|METHOD_EXIT|[209]|01p57000001HcKt|BitConverter.encodeIntegerFromHex(String)
11:42:02.43 (687698834)|METHOD_ENTRY|[208]||System.EncodingUtil.convertToHex(Blob)
11:42:02.43 (687722947)|METHOD_EXIT|[208]||System.EncodingUtil.convertToHex(Blob)
11:42:02.43 (687731897)|METHOD_ENTRY|[209]|01p57000001HcKt|BitConverter.encodeIntegerFromHex(String)
11:42:02.43 (687811721)|METHOD_ENTRY|[192]||System.Math.pow(Double, Double)
11:42:02.43 (687884683)|METHOD_EXIT|[192]||System.Math.pow(Double, Double)
11:42:02.43 (688132937)|METHOD_ENTRY|[192]||System.Math.pow(Double, Double)
11:42:02.43 (688195667)|METHOD_EXIT|[192]||System.Math.pow(Double, Double)
11:42:02.43 (688239248)|METHOD_EXIT|[209]|01p57000001HcKt|BitConverter.encodeIntegerFromHex(String)
11:42:02.43 (688318162)|METHOD_ENTRY|[208]||System.EncodingUtil.convertToHex(Blob)
11:42:02.43 (688342642)|METHOD_EXIT|[208]||System.EncodingUtil.convertToHex(Blob)
11:42:02.43 (688350989)|METHOD_ENTRY|[209]|01p57000001HcKt|BitConverter.encodeIntegerFromHex(String)
11:42:02.43 (688434107)|METHOD_ENTRY|[192]||System.Math.pow(Double, Double)
11:42:02.43 (688454711)|METHOD_EXIT|[192]||System.Math.pow(Double, Double)
11:42:02.43 (688510113)|METHOD_ENTRY|[192]||System.Math.pow(Double, Double)
11:42:02.43 (688529327)|METHOD_EXIT|[192]||System.Math.pow(Double, Double)
11:42:02.43 (688562629)|METHOD_EXIT|[209]|01p57000001HcKt|BitConverter.encodeIntegerFromHex(String)
11:42:02.43 (688628963)|METHOD_ENTRY|[208]||System.EncodingUtil.convertToHex(Blob)
11:42:02.43 (688651279)|METHOD_EXIT|[208]||System.EncodingUtil.convertToHex(Blob)
11:42:02.43 (688659147)|METHOD_ENTRY|[209]|01p57000001HcKt|BitConverter.encodeIntegerFromHex(String)
11:42:02.43 (688733881)|METHOD_ENTRY|[192]||System.Math.pow(Double, Double)
11:42:02.43 (688755733)|METHOD_EXIT|[192]||System.Math.pow(Double, Double)
11:42:02.43 (688812328)|METHOD_ENTRY|[192]||System.Math.pow(Double, Double)
11:42:02.43 (688832850)|METHOD_EXIT|[192]||System.Math.pow(Double, Double)
11:42:02.43 (688867431)|METHOD_EXIT|[209]|01p57000001HcKt|BitConverter.encodeIntegerFromHex(String)
11:42:02.43 (688936808)|METHOD_ENTRY|[208]||System.EncodingUtil.convertToHex(Blob)
11:42:02.43 (688977053)|METHOD_EXIT|[208]||System.EncodingUtil.convertToHex(Blob)
11:42:02.43 (688985535)|METHOD_ENTRY|[209]|01p57000001HcKt|BitConverter.encodeIntegerFromHex(String)
11:42:02.43 (689064714)|METHOD_ENTRY|[192]||System.Math.pow(Double, Double)
11:42:02.43 (689138087)|METHOD_EXIT|[192]||System.Math.pow(Double, Double)
11:42:02.43 (689262251)|METHOD_ENTRY|[192]||System.Math.pow(Double, Double)
11:42:02.43 (689286420)|METHOD_EXIT|[192]||System.Math.pow(Double, Double)
11:42:02.43 (689360113)|METHOD_EXIT|[209]|01p57000001HcKt|BitConverter.encodeIntegerFromHex(String)
11:42:02.43 (689477253)|METHOD_ENTRY|[208]||System.EncodingUtil.convertToHex(Blob)
11:42:02.43 (689533990)|METHOD_EXIT|[208]||System.EncodingUtil.convertToHex(Blob)
11:42:02.43 (689542145)|METHOD_ENTRY|[209]|01p57000001HcKt|BitConverter.encodeIntegerFromHex(String)
11:42:02.43 (689677486)|METHOD_ENTRY|[192]||System.Math.pow(Double, Double)
11:42:02.43 (689703830)|METHOD_EXIT|[192]||System.Math.pow(Double, Double)
11:42:02.43 (689850176)|METHOD_ENTRY|[192]||System.Math.pow(Double, Double)
11:42:02.43 (689876847)|METHOD_EXIT|[192]||System.Math.pow(Double, Double)
11:42:02.43 (689911957)|METHOD_EXIT|[209]|01p57000001HcKt|BitConverter.encodeIntegerFromHex(String)
11:42:02.43 (690032525)|METHOD_ENTRY|[208]||System.EncodingUtil.convertToHex(Blob)
11:42:02.43 (690054912)|METHOD_EXIT|[208]||System.EncodingUtil.convertToHex(Blob)
11:42:02.43 (690061905)|METHOD_ENTRY|[209]|01p57000001HcKt|BitConverter.encodeIntegerFromHex(String)
11:42:02.43 (690161109)|METHOD_ENTRY|[192]||System.Math.pow(Double, Double)
11:42:02.43 (690199170)|METHOD_EXIT|[192]||System.Math.pow(Double, Double)
11:42:02.43 (690256909)|METHOD_ENTRY|[192]||System.Math.pow(Double, Double)
11:42:02.43 (690270709)|METHOD_EXIT|[192]||System.Math.pow(Double, Double)
11:42:02.43 (690295852)|METHOD_EXIT|[209]|01p57000001HcKt|BitConverter.encodeIntegerFromHex(String)
11:42:02.43 (690362955)|METHOD_ENTRY|[208]||System.EncodingUtil.convertToHex(Blob)
11:42:02.43 (690385760)|METHOD_EXIT|[208]||System.EncodingUtil.convertToHex(Blob)
11:42:02.43 (690393397)|METHOD_ENTRY|[209]|01p57000001HcKt|BitConverter.encodeIntegerFromHex(String)
11:42:02.43 (690471318)|METHOD_ENTRY|[192]||System.Math.pow(Double, Double)
11:42:02.43 (690494502)|METHOD_EXIT|[192]||System.Math.pow(Double, Double)
11:42:02.43 (690554403)|METHOD_ENTRY|[192]||System.Math.pow(Double, Double)
11:42:02.43 (690576974)|METHOD_EXIT|[192]||System.Math.pow(Double, Double)
11:42:02.43 (690615042)|METHOD_EXIT|[209]|01p57000001HcKt|BitConverter.encodeIntegerFromHex(String)
11:42:02.43 (690678330)|METHOD_ENTRY|[208]||System.EncodingUtil.convertToHex(Blob)
11:42:02.43 (690699479)|METHOD_EXIT|[208]||System.EncodingUtil.convertToHex(Blob)
11:42:02.43 (690707897)|METHOD_ENTRY|[209]|01p57000001HcKt|BitConverter.encodeIntegerFromHex(String)
11:42:02.43 (690790041)|METHOD_ENTRY|[192]||System.Math.pow(Double, Double)
11:42:02.43 (690813236)|METHOD_EXIT|[192]||System.Math.pow(Double, Double)
11:42:02.43 (690904104)|METHOD_ENTRY|[192]||System.Math.pow(Double, Double)
11:42:02.43 (690929740)|METHOD_EXIT|[192]||System.Math.pow(Double, Double)
11:42:02.43 (690980549)|METHOD_EXIT|[209]|01p57000001HcKt|BitConverter.encodeIntegerFromHex(String)
11:42:02.43 (691024819)|METHOD_EXIT|[136]|01p57000001HcKt|BitConverter.encodeUTF16String(String)
11:42:02.43 (691048270)|METHOD_ENTRY|[136]|01p57000001HcL6|NTLMAuth.WriteSecurityBuffer(List<Integer>, List<Integer>, List<Integer>)
11:42:02.43 (691137509)|METHOD_ENTRY|[172]|01p57000001HcKt|BitConverter.getBytesForUInt16(Integer)
11:42:02.43 (691204079)|METHOD_EXIT|[172]|01p57000001HcKt|BitConverter.getBytesForUInt16(Integer)
11:42:02.43 (691232299)|METHOD_ENTRY|[173]|01p57000001HcKt|BitConverter.getBytesForUInt16(Integer)
11:42:02.43 (691275787)|METHOD_EXIT|[173]|01p57000001HcKt|BitConverter.getBytesForUInt16(Integer)
11:42:02.43 (691296373)|METHOD_ENTRY|[174]|01p57000001HcKt|BitConverter.getBytesForUInt32(Integer)
11:42:02.43 (691330614)|METHOD_EXIT|[174]|01p57000001HcKt|BitConverter.getBytesForUInt32(Integer)
11:42:02.43 (691350848)|METHOD_EXIT|[136]|01p57000001HcL6|NTLMAuth.WriteSecurityBuffer(List<Integer>, List<Integer>, List<Integer>)
11:42:02.43 (691373760)|METHOD_ENTRY|[139]|01p57000001HcKt|BitConverter.encodeUTF16String(String)
11:42:02.43 (691504954)|METHOD_ENTRY|[208]||System.EncodingUtil.convertToHex(Blob)
11:42:02.43 (691536682)|METHOD_EXIT|[208]||System.EncodingUtil.convertToHex(Blob)
11:42:02.43 (691545215)|METHOD_ENTRY|[209]|01p57000001HcKt|BitConverter.encodeIntegerFromHex(String)
11:42:02.43 (691628856)|METHOD_ENTRY|[192]||System.Math.pow(Double, Double)
11:42:02.43 (691651873)|METHOD_EXIT|[192]||System.Math.pow(Double, Double)
11:42:02.43 (691741007)|METHOD_ENTRY|[192]||System.Math.pow(Double, Double)
11:42:02.43 (691762550)|METHOD_EXIT|[192]||System.Math.pow(Double, Double)
11:42:02.43 (691788645)|METHOD_EXIT|[209]|01p57000001HcKt|BitConverter.encodeIntegerFromHex(String)
11:42:02.43 (691840229)|METHOD_ENTRY|[208]||System.EncodingUtil.convertToHex(Blob)
11:42:02.43 (691856162)|METHOD_EXIT|[208]||System.EncodingUtil.convertToHex(Blob)
11:42:02.43 (691861538)|METHOD_ENTRY|[209]|01p57000001HcKt|BitConverter.encodeIntegerFromHex(String)
11:42:02.43 (691914282)|METHOD_ENTRY|[192]||System.Math.pow(Double, Double)
11:42:02.43 (691927966)|METHOD_EXIT|[192]||System.Math.pow(Double, Double)
11:42:02.43 (691976568)|METHOD_ENTRY|[192]||System.Math.pow(Double, Double)
11:42:02.43 (691990259)|METHOD_EXIT|[192]||System.Math.pow(Double, Double)
11:42:02.43 (692019637)|METHOD_EXIT|[209]|01p57000001HcKt|BitConverter.encodeIntegerFromHex(String)
11:42:02.43 (692090504)|METHOD_ENTRY|[208]||System.EncodingUtil.convertToHex(Blob)
11:42:02.43 (692111422)|METHOD_EXIT|[208]||System.EncodingUtil.convertToHex(Blob)
11:42:02.43 (692119221)|METHOD_ENTRY|[209]|01p57000001HcKt|BitConverter.encodeIntegerFromHex(String)
11:42:02.43 (692193768)|METHOD_ENTRY|[192]||System.Math.pow(Double, Double)
11:42:02.43 (692214100)|METHOD_EXIT|[192]||System.Math.pow(Double, Double)
11:42:02.43 (705721771)|METHOD_ENTRY|[192]||System.Math.pow(Double, Double)
11:42:02.43 (705769998)|METHOD_EXIT|[192]||System.Math.pow(Double, Double)
11:42:02.43 (705817194)|METHOD_EXIT|[209]|01p57000001HcKt|BitConverter.encodeIntegerFromHex(String)
11:42:02.43 (705902218)|METHOD_ENTRY|[208]||System.EncodingUtil.convertToHex(Blob)
11:42:02.43 (705932255)|METHOD_EXIT|[208]||System.EncodingUtil.convertToHex(Blob)
11:42:02.43 (705942119)|METHOD_ENTRY|[209]|01p57000001HcKt|BitConverter.encodeIntegerFromHex(String)
11:42:02.43 (706044800)|METHOD_ENTRY|[192]||System.Math.pow(Double, Double)
11:42:02.43 (706071335)|METHOD_EXIT|[192]||System.Math.pow(Double, Double)
11:42:02.43 (706144750)|METHOD_ENTRY|[192]||System.Math.pow(Double, Double)
11:42:02.43 (706166555)|METHOD_EXIT|[192]||System.Math.pow(Double, Double)
11:42:02.43 (706239369)|METHOD_EXIT|[209]|01p57000001HcKt|BitConverter.encodeIntegerFromHex(String)
11:42:02.43 (706322449)|METHOD_ENTRY|[208]||System.EncodingUtil.convertToHex(Blob)
11:42:02.43 (706418126)|METHOD_EXIT|[208]||System.EncodingUtil.convertToHex(Blob)
11:42:02.43 (706429068)|METHOD_ENTRY|[209]|01p57000001HcKt|BitConverter.encodeIntegerFromHex(String)
11:42:02.43 (706512582)|METHOD_ENTRY|[192]||System.Math.pow(Double, Double)
11:42:02.43 (706552466)|METHOD_EXIT|[192]||System.Math.pow(Double, Double)
11:42:02.43 (706596400)|METHOD_ENTRY|[192]||System.Math.pow(Double, Double)
11:42:02.43 (706612452)|METHOD_EXIT|[192]||System.Math.pow(Double, Double)
11:42:02.43 (706648659)|METHOD_EXIT|[209]|01p57000001HcKt|BitConverter.encodeIntegerFromHex(String)
11:42:02.43 (706706539)|METHOD_ENTRY|[208]||System.EncodingUtil.convertToHex(Blob)
11:42:02.43 (706721918)|METHOD_EXIT|[208]||System.EncodingUtil.convertToHex(Blob)
11:42:02.43 (706727894)|METHOD_ENTRY|[209]|01p57000001HcKt|BitConverter.encodeIntegerFromHex(String)
11:42:02.43 (706780547)|METHOD_ENTRY|[192]||System.Math.pow(Double, Double)
11:42:02.43 (706812102)|METHOD_EXIT|[192]||System.Math.pow(Double, Double)
11:42:02.43 (706870802)|METHOD_ENTRY|[192]||System.Math.pow(Double, Double)
11:42:02.43 (706890210)|METHOD_EXIT|[192]||System.Math.pow(Double, Double)
11:42:02.43 (706923744)|METHOD_EXIT|[209]|01p57000001HcKt|BitConverter.encodeIntegerFromHex(String)
11:42:02.43 (706998569)|METHOD_ENTRY|[208]||System.EncodingUtil.convertToHex(Blob)
11:42:02.43 (707020647)|METHOD_EXIT|[208]||System.EncodingUtil.convertToHex(Blob)
11:42:02.43 (707037530)|METHOD_ENTRY|[209]|01p57000001HcKt|BitConverter.encodeIntegerFromHex(String)
11:42:02.43 (707117697)|METHOD_ENTRY|[192]||System.Math.pow(Double, Double)
11:42:02.43 (707139455)|METHOD_EXIT|[192]||System.Math.pow(Double, Double)
11:42:02.43 (707200338)|METHOD_ENTRY|[192]||System.Math.pow(Double, Double)
11:42:02.43 (707218379)|METHOD_EXIT|[192]||System.Math.pow(Double, Double)
11:42:02.43 (707253614)|METHOD_EXIT|[209]|01p57000001HcKt|BitConverter.encodeIntegerFromHex(String)
11:42:02.43 (707325497)|METHOD_ENTRY|[208]||System.EncodingUtil.convertToHex(Blob)
11:42:02.43 (707345372)|METHOD_EXIT|[208]||System.EncodingUtil.convertToHex(Blob)
11:42:02.43 (707352492)|METHOD_ENTRY|[209]|01p57000001HcKt|BitConverter.encodeIntegerFromHex(String)
11:42:02.43 (707428508)|METHOD_ENTRY|[192]||System.Math.pow(Double, Double)
11:42:02.43 (707448733)|METHOD_EXIT|[192]||System.Math.pow(Double, Double)
11:42:02.43 (707508867)|METHOD_ENTRY|[192]||System.Math.pow(Double, Double)
11:42:02.43 (707527937)|METHOD_EXIT|[192]||System.Math.pow(Double, Double)
11:42:02.43 (707567525)|METHOD_EXIT|[209]|01p57000001HcKt|BitConverter.encodeIntegerFromHex(String)
11:42:02.43 (707668515)|METHOD_ENTRY|[208]||System.EncodingUtil.convertToHex(Blob)
11:42:02.43 (707691814)|METHOD_EXIT|[208]||System.EncodingUtil.convertToHex(Blob)
11:42:02.43 (707699930)|METHOD_ENTRY|[209]|01p57000001HcKt|BitConverter.encodeIntegerFromHex(String)
11:42:02.43 (707780788)|METHOD_ENTRY|[192]||System.Math.pow(Double, Double)
11:42:02.43 (707802214)|METHOD_EXIT|[192]||System.Math.pow(Double, Double)
11:42:02.43 (708026203)|METHOD_ENTRY|[192]||System.Math.pow(Double, Double)
11:42:02.43 (708057892)|METHOD_EXIT|[192]||System.Math.pow(Double, Double)
11:42:02.43 (708096559)|METHOD_EXIT|[209]|01p57000001HcKt|BitConverter.encodeIntegerFromHex(String)
11:42:02.43 (708172074)|METHOD_ENTRY|[208]||System.EncodingUtil.convertToHex(Blob)
11:42:02.43 (708194595)|METHOD_EXIT|[208]||System.EncodingUtil.convertToHex(Blob)
11:42:02.43 (708203039)|METHOD_ENTRY|[209]|01p57000001HcKt|BitConverter.encodeIntegerFromHex(String)
11:42:02.43 (708403205)|METHOD_ENTRY|[192]||System.Math.pow(Double, Double)
11:42:02.43 (708435329)|METHOD_EXIT|[192]||System.Math.pow(Double, Double)
11:42:02.43 (708503272)|METHOD_ENTRY|[192]||System.Math.pow(Double, Double)
11:42:02.43 (708524213)|METHOD_EXIT|[192]||System.Math.pow(Double, Double)
11:42:02.43 (708563059)|METHOD_EXIT|[209]|01p57000001HcKt|BitConverter.encodeIntegerFromHex(String)
11:42:02.43 (708609461)|METHOD_EXIT|[139]|01p57000001HcKt|BitConverter.encodeUTF16String(String)
11:42:02.43 (708633470)|METHOD_ENTRY|[139]|01p57000001HcL6|NTLMAuth.WriteSecurityBuffer(List<Integer>, List<Integer>, List<Integer>)
11:42:02.43 (708696593)|METHOD_ENTRY|[172]|01p57000001HcKt|BitConverter.getBytesForUInt16(Integer)
11:42:02.43 (708781245)|METHOD_EXIT|[172]|01p57000001HcKt|BitConverter.getBytesForUInt16(Integer)
11:42:02.43 (708812737)|METHOD_ENTRY|[173]|01p57000001HcKt|BitConverter.getBytesForUInt16(Integer)
11:42:02.43 (708844110)|METHOD_EXIT|[173]|01p57000001HcKt|BitConverter.getBytesForUInt16(Integer)
11:42:02.43 (708863349)|METHOD_ENTRY|[174]|01p57000001HcKt|BitConverter.getBytesForUInt32(Integer)
11:42:02.43 (708898007)|METHOD_EXIT|[174]|01p57000001HcKt|BitConverter.getBytesForUInt32(Integer)
11:42:02.43 (708917327)|METHOD_EXIT|[139]|01p57000001HcL6|NTLMAuth.WriteSecurityBuffer(List<Integer>, List<Integer>, List<Integer>)
11:42:02.43 (708932740)|METHOD_ENTRY|[142]|01p57000001HcL6|NTLMAuth.WriteSecurityBuffer(List<Integer>, List<Integer>, List<Integer>)
11:42:02.43 (708983834)|METHOD_ENTRY|[165]|01p57000001HcKt|BitConverter.getBytesForUInt16(Integer)
11:42:02.43 (709012098)|METHOD_EXIT|[165]|01p57000001HcKt|BitConverter.getBytesForUInt16(Integer)
11:42:02.43 (709031165)|METHOD_ENTRY|[166]|01p57000001HcKt|BitConverter.getBytesForUInt16(Integer)
11:42:02.43 (709055334)|METHOD_EXIT|[166]|01p57000001HcKt|BitConverter.getBytesForUInt16(Integer)
11:42:02.43 (709072573)|METHOD_ENTRY|[167]|01p57000001HcKt|BitConverter.getBytesForUInt32(Integer)
11:42:02.43 (709100173)|METHOD_EXIT|[167]|01p57000001HcKt|BitConverter.getBytesForUInt32(Integer)
11:42:02.43 (709117474)|METHOD_EXIT|[142]|01p57000001HcL6|NTLMAuth.WriteSecurityBuffer(List<Integer>, List<Integer>, List<Integer>)
11:42:02.43 (709137152)|METHOD_ENTRY|[145]|01p57000001HcKt|BitConverter.getBytesForUInt32(Integer)
11:42:02.43 (709174143)|METHOD_EXIT|[145]|01p57000001HcKt|BitConverter.getBytesForUInt32(Integer)
11:42:02.43 (709331372)|METHOD_ENTRY|[151]|01p57000001HcKt|BitConverter.encodeBase64String(List<Integer>)
11:42:02.43 (712276981)|METHOD_EXIT|[151]|01p57000001HcKt|BitConverter.encodeBase64String(List<Integer>)
11:42:02.43 (712305772)|METHOD_EXIT|[189]|01p57000001HcL6|NTLMAuth.getType3Message(String, String, String)
11:42:02.43 (715326236)|CALLOUT_REQUEST|[190]|System.HttpRequest[Endpoint=https://bc-acc.primagas.es:7047/bc_ad/WS/PSEnergia/Codeunit/PGE_SF, Method=POST]
11:42:03.249 (1249525996)|CALLOUT_RESPONSE|[190]|System.HttpResponse[Status=Internal Server Error, StatusCode=500]
11:42:03.249 (1249634970)|METHOD_EXIT|[148]|01p57000001HcL1|HttpClient.handle401Response(System.HttpResponse, System.HttpRequest, Map<String,String>, Integer)
11:42:03.249 (1249707016)|METHOD_EXIT|[287]|01p57000001HcL1|HttpClient.send(System.HttpRequest, Map<String,String>)
11:42:03.249 (1249883622)|USER_DEBUG|[289]|ERROR|Response**: <s:Envelope xmlns:s="http://schemas.xmlsoap.org/soap/envelope/"><s:Body><s:Fault><faultcode xmlns:a="urn:microsoft-dynamics-schemas/error">a:Microsoft.Dynamics.Nav.Types.NavMetadataNotFoundException</faultcode><faultstring xml:lang="en-US">The metadata object CodeUnit 50052 was not found.</faultstring><detail><string xmlns="http://schemas.microsoft.com/2003/10/Serialization/">The metadata object CodeUnit 50052 was not found.</string></detail></s:Fault></s:Body></s:Envelope>
11:42:03.249 (1249947510)|USER_DEBUG|[290]|ERROR|Response Code**: Internal Server Error
11:42:03.249 (1274996684)|USER_DEBUG|[293]|DEBUG|Header Keys: (null, Server, Connection, Set-Cookie, Content-Length, Date, Content-Type)
11:42:03.249 (1276017200)|USER_DEBUG|[300]|DEBUG|Header Server - valor:Microsoft-HTTPAPI/2.0
11:42:03.249 (1276065237)|USER_DEBUG|[300]|DEBUG|Header Connection - valor:keep-alive
11:42:03.249 (1276116281)|USER_DEBUG|[300]|DEBUG|Header Set-Cookie - valor:ApplicationGatewayAffinity=893d11f559ebc679989f10af750b049e; Path=/;ApplicationGatewayAffinityCORS=893d11f559ebc679989f10af750b049e; Path=/; SameSite=None; Secure
11:42:03.249 (1276149686)|USER_DEBUG|[300]|DEBUG|Header Content-Length - valor:478
11:42:03.249 (1276179407)|USER_DEBUG|[300]|DEBUG|Header Date - valor:Fri, 23 Sep 2022 09:42:03 GMT
11:42:03.249 (1276208512)|USER_DEBUG|[300]|DEBUG|Header Content-Type - valor:text/xml; charset=utf-8
11:42:03.249 (1276743472)|USER_DEBUG|[309]|DEBUG|Header VsDebuggerCausalityData - valor:uIDPo/rQMOZhui5FrxcjWeCgRrgAAAAAcmt6f9FsN0yPjtFRb1XosVWMvmwiqwhJkz7pTrgcEugACQAA
11:42:03.249 (1276795717)|USER_DEBUG|[309]|DEBUG|Header Content-Type - valor:text/xml; charset=utf-8
11:42:03.249 (1276838670)|USER_DEBUG|[309]|DEBUG|Header SOAPAction - valor:"urn:microsoft-dynamics-schemas/codeunit/PGE_SF:Sfdc2Nav_CrearCliente"
11:42:03.249 (1276879842)|USER_DEBUG|[309]|DEBUG|Header Host - valor:bc-acc.primagas.es
11:42:03.249 (1276925330)|USER_DEBUG|[309]|DEBUG|Header Content-Length - valor:1905
11:42:03.249 (1276977085)|USER_DEBUG|[309]|DEBUG|Header Connection - valor:Keep-Alive
11:42:03.249 (1277009454)|METHOD_EXIT|[162]|01p57000001HcLC|NavWSUtil.peticionesWSNavision(String, String, String)
11:42:03.249 (1277050734)|METHOD_ENTRY|[164]|01p57000001HcLU|XmlUtil.parsearRespuestaSincronizarClientes(System.HttpResponse)
11:42:03.249 (1290742423)|USER_DEBUG|[581]|DEBUG|nodoRaiz: Body
11:42:03.249 (1290922832)|USER_DEBUG|[593]|DEBUG|Nodo: Fault
11:42:03.249 (1290997243)|METHOD_ENTRY|[708]|01p57000001HcL3|LogUtil.crearLog(String, String, String, String, Boolean)
11:42:03.249 (1291279546)|METHOD_ENTRY|[37]||System.Test.isRunningTest()
11:42:03.249 (1291313371)|METHOD_EXIT|[37]||System.Test.isRunningTest()
11:42:03.249 (1291341914)|METHOD_EXIT|[708]|01p57000001HcL3|LogUtil.crearLog(String, String, String, String, Boolean)
11:42:03.249 (1291530571)|CONSTRUCTOR_ENTRY|[718]|01p57000001HcLU|<init>()|XmlUtil.RespuestaPeticionSincronizarClientes
11:42:03.249 (1291597708)|CONSTRUCTOR_EXIT|[718]|01p57000001HcLU|<init>()|XmlUtil.RespuestaPeticionSincronizarClientes
11:42:03.249 (1291729002)|METHOD_EXIT|[164]|01p57000001HcLU|XmlUtil.parsearRespuestaSincronizarClientes(System.HttpResponse)
11:42:03.249 (1291901727)|USER_DEBUG|[165]|DEBUG|Campos RespuestaPeticion: RespuestaPeticionSincronizarClientes:[mapaIdsSalesforceIdNavDatosBancarios={}, mapaIdsSalesforceIdsNavisioCuentas={}, mapaIdsSalesforceIdsNavisioDireccionesEntrega={}]
11:42:03.249 (1292132456)|USER_DEBUG|[168]|DEBUG|Se han cargado los datos bancarios de los clientes con Ids: {} Valores: ()
11:42:03.249 (1292303314)|USER_DEBUG|[171]|DEBUG|Se han cargado las direcciones de entrega de los clientes con Ids: {} Valores: ()
11:42:03.249 (1292468668)|USER_DEBUG|[174]|DEBUG|Se han cargado los Ids de Navisio de los clientes con Ids: {} Valores: ()
11:42:03.249 (1292492130)|METHOD_EXIT|[264]|01p57000001HcLC|NavWSUtil.peticionWSSincronizarClientes(SchemaCliente.entitySyncDto)
11:42:03.249 (1292540726)|USER_DEBUG|[326]|DEBUG|## after SincronizarCliente
11:42:03.249 (1292570006)|METHOD_EXIT|[333]|01p57000001HcLI|SyncNav.SincronizarClientes(List<String>, Boolean)
11:42:03.249 (1292596249)|METHOD_ENTRY|[334]|01p57000001HcLI|SyncNav.SincronizarContratos(List<String>)
11:42:03.249 (1292658127)|USER_DEBUG|[342]|DEBUG|## before SincronizarContratos
11:42:03.249 (1320225658)|METHOD_ENTRY|[1]|01p57000001HcKw|ContractUtil.ContractUtil()
11:42:03.249 (1320519342)|METHOD_EXIT|[1]|ContractUtil
11:42:03.249 (1404704369)|USER_DEBUG|[358]|DEBUG|(Contract:{Carburante__c=false, Toma_agua_15_m__c=false, Direccion_de_entrega__c=a003L000003VuPRQA0, RecordTypeId=012D00000003GZhIAM, AccountId=0013L00000KN807QAD, Duraci_n_del_contrato_a_os__c=1, Cod_terminos_pago_servicios__c=200, Cod_dia_de_pago__c=1, Cod_forma_pago_servicios__c=CHEQUE, Cod_terminos_de_pago__c=200, Cod_forma_de_pago__c=PAGARÉ, Reminder_terms_code__c=20, Fecha_prevista_1er_llenado__c=2022-09-30 00:00:00, Fecha_prevista_obra_civil__c=2022-09-09 00:00:00, Capacidad_tanque__c=10, Tipo_de_tanque__c=Aereo, Primaconta__c=false, Telemedida__c=false, Id=8003L0000004ToWQAU, Modalidad_de_instalaci_n__c=Modular, Fraccionar_pago_1er_llenado_en_3__c=false})
11:42:03.249 (1405083643)|USER_DEBUG|[365]|DEBUG|{a003L000003VuPRQA0=8003L0000004ToWQAU}
11:42:03.249 (1414228210)|USER_DEBUG|[367]|DEBUG|(Direcci_n_de_entrega__c:{Id=a003L000003VuPRQA0, Tipo_de_camion__c=MEDIANO})
11:42:03.249 (1414889451)|USER_DEBUG|[379]|DEBUG|{8003L0000004ToWQAU=MEDIANO}
11:42:03.249 (1423068948)|CONSTRUCTOR_ENTRY|[381]|01p57000001JBgc|<init>()|SchemaContrato.entitySyncDto
11:42:03.249 (1423332959)|CONSTRUCTOR_EXIT|[381]|01p57000001JBgc|<init>()|SchemaContrato.entitySyncDto
11:42:03.249 (1423749671)|USER_DEBUG|[391]|DEBUG|{0013L00000KN807QAD=8003L0000004ToWQAU}
11:42:03.249 (1423922233)|USER_DEBUG|[397]|DEBUG|389 {0013L00000KN807QAD=8003L0000004ToWQAU}
11:42:03.249 (1424677243)|CONSTRUCTOR_ENTRY|[408]|01p57000001lFxx|<init>(String)|Util.customException
11:42:03.249 (1424869582)|SYSTEM_METHOD_ENTRY|[EXTERNAL]|Collections.Collections()
11:42:03.249 (1424927870)|ENTERING_MANAGED_PKG|java__util
11:42:03.249 (1424988315)|ENTERING_MANAGED_PKG|java__util
11:42:03.249 (1425016352)|ENTERING_MANAGED_PKG|java__util
11:42:03.249 (1425038180)|ENTERING_MANAGED_PKG|java__util
11:42:03.249 (1425091085)|ENTERING_MANAGED_PKG|java__util
11:42:03.249 (1425112390)|ENTERING_MANAGED_PKG|java__util
11:42:03.249 (1425128562)|ENTERING_MANAGED_PKG|java__util
11:42:03.249 (1425222327)|ENTERING_MANAGED_PKG|java__util
11:42:03.249 (1425240984)|ENTERING_MANAGED_PKG|java__util
11:42:03.249 (1425268699)|SYSTEM_METHOD_EXIT|[EXTERNAL]|Collections
11:42:03.249 (1425285117)|ENTERING_MANAGED_PKG|java__util
11:42:03.249 (1425467473)|CONSTRUCTOR_EXIT|[408]|01p57000001lFxx|<init>(String)|Util.customException
11:42:03.249 (1425555230)|EXCEPTION_THROWN|[408]|Util.customException: El id de Salesforce de la cuenta 0013L00000KN807QAD no existe en el mapa: {}
11:42:03.249 (1425733762)|METHOD_ENTRY|[733]|01p57000001HcL3|LogUtil.crearLog(String, String, String, String, Boolean)
11:42:03.249 (1425999156)|METHOD_ENTRY|[37]||System.Test.isRunningTest()
11:42:03.249 (1426020356)|METHOD_EXIT|[37]||System.Test.isRunningTest()
11:42:03.249 (1426053279)|METHOD_EXIT|[733]|01p57000001HcL3|LogUtil.crearLog(String, String, String, String, Boolean)
11:42:03.249 (1426073216)|METHOD_ENTRY|[734]|01p57000001HcL3|LogUtil.guardarLog()
11:42:03.249 (1426371415)|USER_DEBUG|[76]|DEBUG|Logs de errores a insertar: (Log__c:{Error__c=false, Descripcion__c=SincronizarClientesyContratos. Clientes: (0013L00000KN807QAD) Contratos: (8003L0000004ToWQAU), Metodo__c=SincronizarClientesyContratos, Objeto__c=, RecordTypeId=01257000000kgIqAAI, Enviado_a_Navision__c=false}, Log__c:{Error__c=false, Descripcion__c=Peticion: <?xml version="1.0" encoding="utf-8"?><soap:Envelope xmlns:soap="http://schemas.xmlsoap.org/soap/envelope/" xmlns:xsi="http://www.w3.org/2001/XMLSchema-instance" xmlns:xsd="http://www.w3.org/2001/XMLSchema"><soap:Body><Sfdc2Nav_CrearCliente xmlns="urn:microsoft-dynamics-schemas/codeunit/PGE_SF"><entitySyncDto><etCustomer xmlns="urn:microsoft-dynamics-nav/xmlports/x50050"><CustomerNo/><Name/><Name2/><Name_SF/><Surname_SF>TEST6</Surname_SF><Addres>C/ Cerdigo, nº 64-A CH 18 Urb. El Acantilado</Addres><Addres2/><City>Cantabria</City><PostCode>33456</PostCode><County>Cantabria</County><Country>ES</Country><Phone>659874422</Phone><Mobile/><Fax/><email>monica.barreira@primagas.es</email><VatRegistration>46255997L</VatRegistration><PaymentTerms/><PaymentMethod/><PaymentTermsStdOrd/><PaymentTermsFuelOrd/><PaymentDays/><NoPaymentDays/><Comercial>ngonz</Comercial><eMailInvoice>false</eMailInvoice><IBAN/><SalesForceId>0013L00000KN807QAD</SalesForceId><etAddres><ADCode>01</ADCode><ADAddres>FINCA VILLAGORDO</ADAddres><ADAddres2/><ADCity>HIGUERA DE VARGAS</ADCity><ADCounty>Badajoz</ADCounty><ADPostCode>06132</ADPostCode><ADCountry>ES</ADCountry><Activity1>1200-AGRI</Activity1><Activity2/><FixTemperature/><ADCodePriceDiscount>Z_TRG2_E3</ADCodePriceDiscount><ADSalesForceId>a003L000003VuPRQA0</ADSalesForceId></etAddres><etAddres><ADCode>1</ADCode><ADAddres>CR DEL PONT DE COI,</ADAddres><ADAddres2>PARCELA 96</ADAddres2><ADCity>ALCOVER</ADCity><ADCounty>Tarragona</ADCounty><ADPostCode>43460</ADPostCode><ADCountry>ES</ADCountry><Activity1>1000-DU</Activity1><Activity2/><FixTemperature>0</FixTemperature><ADCodePriceDiscount>HOGAR E</ADCodePriceDiscount><ADSalesForceId>a005700000h2PhBAAU</ADSalesForceId></etAddres></etCustomer></entitySyncDto><entitySyncDto_OUT><etCustomer xmlns="urn:microsoft-dynamics-nav/xmlports/x50050"/></entitySyncDto_OUT></Sfdc2Nav_CrearCliente></soap:Body></soap:Envelope> SoapAction: "urn:microsoft-dynamics-schemas/codeunit/PGE_SF:Sfdc2Nav_CrearCliente", Metodo__c=PeticionNavision, Objeto__c="urn:microsoft-dynamics-schemas/codeunit/PGE_SF:Sfdc2Nav_CrearCliente", RecordTypeId=01257000000kgIqAAI, Enviado_a_Navision__c=false}, Log__c:{Error__c=true, Descripcion__c=No se ha recibido respuesta al sincronizar el cliente, Metodo__c=SincronizarClientes, Objeto__c=Cliente, RecordTypeId=01257000000kgIqAAI, Enviado_a_Navision__c=false}, Log__c:{Error__c=true, Descripcion__c=Error -408 El id de Salesforce de la cuenta 0013L00000KN807QAD no existe en el mapa: {}, Metodo__c=SincronizarContratos, Objeto__c=Contrato, RecordTypeId=01257000000kgIqAAI, Enviado_a_Navision__c=false})
11:42:03.249 (1855466324)|METHOD_EXIT|[734]|01p57000001HcL3|LogUtil.guardarLog()
11:42:03.249 (1855551852)|USER_DEBUG|[736]|DEBUG|## after SincronizarContratos
11:42:03.249 (1855584737)|METHOD_EXIT|[334]|01p57000001HcLI|SyncNav.SincronizarContratos(List<String>)
11:42:03.249 (1855600589)|METHOD_ENTRY|[335]|01p57000001HcL3|LogUtil.guardarLog()
11:42:03.249 (1855693463)|USER_DEBUG|[76]|DEBUG|Logs de errores a insertar: ()
11:42:03.249 (1855813868)|METHOD_EXIT|[335]|01p57000001HcL3|LogUtil.guardarLog()
11:42:03.249 (1855887241)|CODE_UNIT_FINISHED|SyncNav.SincronizarClientesyContratos(List<String>, List<String>)
11:42:03.249 (1855912150)|EXECUTION_FINISHED
