56.0 APEX_CODE,FINE;APEX_PROFILING,NONE;CALLOUT,INFO;DB,NONE;NBA,INFO;SYSTEM,NONE;VALIDATION,NONE;VISUALFORCE,FINE;WAVE,NONE;WORKFLOW,NONE
11:21:23.0 (567173)|USER_INFO|[EXTERNAL]|0052p000008i9TA|n.gonzalez@blackbirdcrew.com.pre|(GMT+02:00) Central European Summer Time (Europe/Paris)|GMT+02:00
11:21:23.305 (305512181)|CODE_UNIT_STARTED|[EXTERNAL]|01q57000000g1Lr|DireccionEnvioTrigger on Direcci_n_de_entrega trigger event BeforeInsert|__sfdc_trigger/DireccionEnvioTrigger
11:21:23.305 (306407647)|USER_DEBUG|[3]|DEBUG|**** DireccionEnvio Trigger ****
11:21:23.305 (307474426)|METHOD_ENTRY|[6]|01p57000001HcLT|TriggerFactory.TriggerFactory()
11:21:23.305 (307506101)|METHOD_EXIT|[6]|TriggerFactory
11:21:23.305 (307544630)|METHOD_ENTRY|[4]|01p57000001HcLT|TriggerFactory.createHandler(Schema.SObjectType)
11:21:23.305 (308473101)|METHOD_ENTRY|[1]|01p57000001lFxx|Util.Util()
11:21:23.305 (309176594)|METHOD_EXIT|[1]|Util
11:21:23.305 (319125542)|METHOD_ENTRY|[27]|01p57000001HcLT|TriggerFactory.getHandler(Configuration_Switch__mdt, String)
11:21:23.305 (320172161)|SYSTEM_METHOD_ENTRY|[1]|Type.Type()
11:21:23.305 (320202748)|SYSTEM_METHOD_EXIT|[1]|Type
11:21:23.305 (320222710)|METHOD_ENTRY|[112]||System.Type.forName(String)
11:21:23.305 (324720163)|METHOD_EXIT|[112]||System.Type.forName(String)
11:21:23.305 (324757453)|METHOD_ENTRY|[119]||System.Type.newInstance()
11:21:23.305 (324878715)|METHOD_ENTRY|[5]|01p57000001HcKz|DireccionEnvioHandler.DireccionEnvioHandler()
11:21:23.305 (324890380)|METHOD_EXIT|[5]|DireccionEnvioHandler
11:21:23.305 (325080650)|METHOD_EXIT|[119]||System.Type.newInstance()
11:21:23.305 (326170342)|METHOD_EXIT|[27]|01p57000001HcLT|TriggerFactory.getHandler(Configuration_Switch__mdt, String)
11:21:23.305 (326217072)|METHOD_ENTRY|[33]|01p57000001HcLT|TriggerFactory.execute(ITrigger)
11:21:23.305 (326594347)|METHOD_ENTRY|[51]|01p57000001HcKz|DireccionEnvioHandler.bulkBefore(List<SObject>, Map<Id,SObject>)
11:21:23.305 (326640836)|METHOD_EXIT|[51]|01p57000001HcKz|DireccionEnvioHandler.bulkBefore(List<SObject>, Map<Id,SObject>)
11:21:23.305 (326685668)|METHOD_ENTRY|[56]|01p57000001HcKz|DireccionEnvioHandler.beforeInsert(List<SObject>)
11:21:23.305 (326706394)|METHOD_EXIT|[56]|01p57000001HcKz|DireccionEnvioHandler.beforeInsert(List<SObject>)
11:21:23.305 (326721735)|METHOD_ENTRY|[92]|01p57000001HcKz|DireccionEnvioHandler.andFinally()
11:21:23.305 (326734313)|METHOD_EXIT|[92]|01p57000001HcKz|DireccionEnvioHandler.andFinally()
11:21:23.305 (326741024)|METHOD_EXIT|[33]|01p57000001HcLT|TriggerFactory.execute(ITrigger)
11:21:23.305 (326748841)|METHOD_EXIT|[4]|01p57000001HcLT|TriggerFactory.createHandler(Schema.SObjectType)
11:21:23.305 (326930511)|CODE_UNIT_FINISHED|DireccionEnvioTrigger on Direcci_n_de_entrega trigger event BeforeInsert|__sfdc_trigger/DireccionEnvioTrigger
11:21:23.350 (350002438)|CODE_UNIT_STARTED|[EXTERNAL]|Validation:Direcci_n_de_entrega:new
11:21:23.350 (350163294)|CODE_UNIT_FINISHED|Validation:Direcci_n_de_entrega:new
11:21:23.649 (649468275)|CODE_UNIT_STARTED|[EXTERNAL]|01q57000000g1Lr|DireccionEnvioTrigger on Direcci_n_de_entrega trigger event AfterInsert|__sfdc_trigger/DireccionEnvioTrigger
11:21:23.649 (649748877)|USER_DEBUG|[3]|DEBUG|**** DireccionEnvio Trigger ****
11:21:23.649 (649826501)|METHOD_ENTRY|[4]|01p57000001HcLT|TriggerFactory.createHandler(Schema.SObjectType)
11:21:23.649 (650540053)|METHOD_ENTRY|[27]|01p57000001HcLT|TriggerFactory.getHandler(Configuration_Switch__mdt, String)
11:21:23.649 (650591637)|METHOD_ENTRY|[112]||System.Type.forName(String)
11:21:23.649 (650772332)|METHOD_EXIT|[112]||System.Type.forName(String)
11:21:23.649 (650788391)|METHOD_ENTRY|[119]||System.Type.newInstance()
11:21:23.649 (650878716)|METHOD_EXIT|[119]||System.Type.newInstance()
11:21:23.649 (650994140)|METHOD_EXIT|[27]|01p57000001HcLT|TriggerFactory.getHandler(Configuration_Switch__mdt, String)
11:21:23.649 (651011277)|METHOD_ENTRY|[33]|01p57000001HcLT|TriggerFactory.execute(ITrigger)
11:21:23.649 (651143020)|METHOD_ENTRY|[72]|01p57000001HcKz|DireccionEnvioHandler.bulkAfter(List<SObject>, Map<Id,SObject>)
11:21:23.649 (656059355)|METHOD_ENTRY|[1]|01p57000001HcL0|DireccionEnvioUtil.DireccionEnvioUtil()
11:21:23.649 (656123106)|METHOD_EXIT|[1]|DireccionEnvioUtil
11:21:23.649 (656186723)|METHOD_ENTRY|[27]|01p57000001HcL0|DireccionEnvioUtil.loadData(List<Direcci_n_de_entrega__c>, Map<String,Account>)
11:21:23.649 (656422353)|USER_DEBUG|[11]|DEBUG|## before loadData mapaCLientes: {}
11:21:23.649 (677016844)|USER_DEBUG|[27]|DEBUG|## after loadData mapaClientes: {0017S000005LRf6QAG=Account:{Id=0017S000005LRf6QAG, Name=Compañía, RecordTypeId=0122p000000t6eFAAQ}}
11:21:23.649 (677067113)|METHOD_EXIT|[27]|01p57000001HcL0|DireccionEnvioUtil.loadData(List<Direcci_n_de_entrega__c>, Map<String,Account>)
11:21:23.649 (677080368)|METHOD_EXIT|[72]|01p57000001HcKz|DireccionEnvioHandler.bulkAfter(List<SObject>, Map<Id,SObject>)
11:21:23.649 (677156647)|METHOD_ENTRY|[77]|01p57000001HcKz|DireccionEnvioHandler.afterInsert(List<SObject>)
11:21:23.649 (677219286)|METHOD_ENTRY|[56]|01p57000001HcL0|DireccionEnvioUtil.SincronizarClientes(List<Direcci_n_de_entrega__c>, Map<String,Account>)
11:21:23.649 (677453457)|USER_DEBUG|[33]|DEBUG|## before SincronizarClientes semaforoUpdate: true
11:21:23.649 (753275040)|SYSTEM_METHOD_ENTRY|[7]|QueryLocatorIterator.QueryLocatorIterator()
11:21:23.649 (753308519)|SYSTEM_METHOD_EXIT|[7]|QueryLocatorIterator
11:21:23.649 (753501867)|METHOD_ENTRY|[112]||Database.QueryLocatorIterator.hasNext()
11:21:23.649 (753652893)|METHOD_EXIT|[112]||Database.QueryLocatorIterator.hasNext()
11:21:23.649 (753670565)|METHOD_ENTRY|[112]||Database.QueryLocatorIterator.next()
11:21:23.649 (753791680)|METHOD_EXIT|[112]||Database.QueryLocatorIterator.next()
11:21:23.649 (754137258)|METHOD_ENTRY|[112]||Database.QueryLocatorIterator.hasNext()
11:21:23.649 (754170620)|METHOD_EXIT|[112]||Database.QueryLocatorIterator.hasNext()
11:21:23.649 (754180387)|METHOD_ENTRY|[112]||Database.QueryLocatorIterator.next()
11:21:23.649 (754246111)|METHOD_EXIT|[112]||Database.QueryLocatorIterator.next()
11:21:23.649 (754340571)|METHOD_ENTRY|[112]||Database.QueryLocatorIterator.hasNext()
11:21:23.649 (754363425)|METHOD_EXIT|[112]||Database.QueryLocatorIterator.hasNext()
11:21:23.649 (754370955)|METHOD_ENTRY|[112]||Database.QueryLocatorIterator.next()
11:21:23.649 (754415450)|METHOD_EXIT|[112]||Database.QueryLocatorIterator.next()
11:21:23.649 (754477452)|METHOD_ENTRY|[112]||Database.QueryLocatorIterator.hasNext()
11:21:23.649 (754496306)|METHOD_EXIT|[112]||Database.QueryLocatorIterator.hasNext()
11:21:23.649 (754503193)|METHOD_ENTRY|[112]||Database.QueryLocatorIterator.next()
11:21:23.649 (754538751)|METHOD_EXIT|[112]||Database.QueryLocatorIterator.next()
11:21:23.649 (754617903)|METHOD_ENTRY|[112]||Database.QueryLocatorIterator.hasNext()
11:21:23.649 (754638204)|METHOD_EXIT|[112]||Database.QueryLocatorIterator.hasNext()
11:21:23.649 (754644754)|METHOD_ENTRY|[112]||Database.QueryLocatorIterator.next()
11:21:23.649 (754684448)|METHOD_EXIT|[112]||Database.QueryLocatorIterator.next()
11:21:23.649 (754743242)|METHOD_ENTRY|[112]||Database.QueryLocatorIterator.hasNext()
11:21:23.649 (754761918)|METHOD_EXIT|[112]||Database.QueryLocatorIterator.hasNext()
11:21:23.649 (754769171)|METHOD_ENTRY|[112]||Database.QueryLocatorIterator.next()
11:21:23.649 (754807952)|METHOD_EXIT|[112]||Database.QueryLocatorIterator.next()
11:21:23.649 (754888763)|METHOD_ENTRY|[112]||Database.QueryLocatorIterator.hasNext()
11:21:23.649 (754908353)|METHOD_EXIT|[112]||Database.QueryLocatorIterator.hasNext()
11:21:23.649 (754915931)|METHOD_ENTRY|[112]||Database.QueryLocatorIterator.next()
11:21:23.649 (754954424)|METHOD_EXIT|[112]||Database.QueryLocatorIterator.next()
11:21:23.649 (755033604)|METHOD_ENTRY|[112]||Database.QueryLocatorIterator.hasNext()
11:21:23.649 (755053670)|METHOD_EXIT|[112]||Database.QueryLocatorIterator.hasNext()
11:21:23.649 (755060535)|METHOD_ENTRY|[112]||Database.QueryLocatorIterator.next()
11:21:23.649 (755100084)|METHOD_EXIT|[112]||Database.QueryLocatorIterator.next()
11:21:23.649 (755158930)|METHOD_ENTRY|[112]||Database.QueryLocatorIterator.hasNext()
11:21:23.649 (755177045)|METHOD_EXIT|[112]||Database.QueryLocatorIterator.hasNext()
11:21:23.649 (755183834)|METHOD_ENTRY|[112]||Database.QueryLocatorIterator.next()
11:21:23.649 (755222723)|METHOD_EXIT|[112]||Database.QueryLocatorIterator.next()
11:21:23.649 (755293196)|METHOD_ENTRY|[112]||Database.QueryLocatorIterator.hasNext()
11:21:23.649 (755312404)|METHOD_EXIT|[112]||Database.QueryLocatorIterator.hasNext()
11:21:23.649 (755319105)|METHOD_ENTRY|[112]||Database.QueryLocatorIterator.next()
11:21:23.649 (755357331)|METHOD_EXIT|[112]||Database.QueryLocatorIterator.next()
11:21:23.649 (755419757)|METHOD_ENTRY|[112]||Database.QueryLocatorIterator.hasNext()
11:21:23.649 (755439560)|METHOD_EXIT|[112]||Database.QueryLocatorIterator.hasNext()
11:21:23.649 (755447078)|METHOD_ENTRY|[112]||Database.QueryLocatorIterator.next()
11:21:23.649 (755485574)|METHOD_EXIT|[112]||Database.QueryLocatorIterator.next()
11:21:23.649 (755544289)|METHOD_ENTRY|[112]||Database.QueryLocatorIterator.hasNext()
11:21:23.649 (755562810)|METHOD_EXIT|[112]||Database.QueryLocatorIterator.hasNext()
11:21:23.649 (755569879)|METHOD_ENTRY|[112]||Database.QueryLocatorIterator.next()
11:21:23.649 (755608386)|METHOD_EXIT|[112]||Database.QueryLocatorIterator.next()
11:21:23.649 (755669701)|METHOD_ENTRY|[112]||Database.QueryLocatorIterator.hasNext()
11:21:23.649 (755688863)|METHOD_EXIT|[112]||Database.QueryLocatorIterator.hasNext()
11:21:23.649 (755696275)|METHOD_ENTRY|[112]||Database.QueryLocatorIterator.next()
11:21:23.649 (755733156)|METHOD_EXIT|[112]||Database.QueryLocatorIterator.next()
11:21:23.649 (755817132)|METHOD_ENTRY|[112]||Database.QueryLocatorIterator.hasNext()
11:21:23.649 (755836579)|METHOD_EXIT|[112]||Database.QueryLocatorIterator.hasNext()
11:21:23.649 (755843676)|METHOD_ENTRY|[112]||Database.QueryLocatorIterator.next()
11:21:23.649 (755882856)|METHOD_EXIT|[112]||Database.QueryLocatorIterator.next()
11:21:23.649 (755943386)|METHOD_ENTRY|[112]||Database.QueryLocatorIterator.hasNext()
11:21:23.649 (755962364)|METHOD_EXIT|[112]||Database.QueryLocatorIterator.hasNext()
11:21:23.649 (755969167)|METHOD_ENTRY|[112]||Database.QueryLocatorIterator.next()
11:21:23.649 (756005920)|METHOD_EXIT|[112]||Database.QueryLocatorIterator.next()
11:21:23.649 (756062806)|METHOD_ENTRY|[112]||Database.QueryLocatorIterator.hasNext()
11:21:23.649 (756081256)|METHOD_EXIT|[112]||Database.QueryLocatorIterator.hasNext()
11:21:23.649 (756088424)|METHOD_ENTRY|[112]||Database.QueryLocatorIterator.next()
11:21:23.649 (756124128)|METHOD_EXIT|[112]||Database.QueryLocatorIterator.next()
11:21:23.649 (756180697)|METHOD_ENTRY|[112]||Database.QueryLocatorIterator.hasNext()
11:21:23.649 (756199131)|METHOD_EXIT|[112]||Database.QueryLocatorIterator.hasNext()
11:21:23.649 (756205276)|METHOD_ENTRY|[112]||Database.QueryLocatorIterator.next()
11:21:23.649 (756248772)|METHOD_EXIT|[112]||Database.QueryLocatorIterator.next()
11:21:23.649 (756329923)|METHOD_ENTRY|[112]||Database.QueryLocatorIterator.hasNext()
11:21:23.649 (756350326)|METHOD_EXIT|[112]||Database.QueryLocatorIterator.hasNext()
11:21:23.649 (756357475)|METHOD_ENTRY|[112]||Database.QueryLocatorIterator.next()
11:21:23.649 (756404948)|METHOD_EXIT|[112]||Database.QueryLocatorIterator.next()
11:21:23.649 (756465804)|METHOD_ENTRY|[112]||Database.QueryLocatorIterator.hasNext()
11:21:23.649 (756484881)|METHOD_EXIT|[112]||Database.QueryLocatorIterator.hasNext()
11:21:23.649 (756492051)|METHOD_ENTRY|[112]||Database.QueryLocatorIterator.next()
11:21:23.649 (756528350)|METHOD_EXIT|[112]||Database.QueryLocatorIterator.next()
11:21:23.649 (756586181)|METHOD_ENTRY|[112]||Database.QueryLocatorIterator.hasNext()
11:21:23.649 (756603595)|METHOD_EXIT|[112]||Database.QueryLocatorIterator.hasNext()
11:21:23.649 (756610291)|METHOD_ENTRY|[112]||Database.QueryLocatorIterator.next()
11:21:23.649 (756644351)|METHOD_EXIT|[112]||Database.QueryLocatorIterator.next()
11:21:23.649 (756701241)|METHOD_ENTRY|[112]||Database.QueryLocatorIterator.hasNext()
11:21:23.649 (756718348)|METHOD_EXIT|[112]||Database.QueryLocatorIterator.hasNext()
11:21:23.649 (756724440)|METHOD_ENTRY|[112]||Database.QueryLocatorIterator.next()
11:21:23.649 (756758389)|METHOD_EXIT|[112]||Database.QueryLocatorIterator.next()
11:21:23.649 (756813943)|METHOD_ENTRY|[112]||Database.QueryLocatorIterator.hasNext()
11:21:23.649 (756831956)|METHOD_EXIT|[112]||Database.QueryLocatorIterator.hasNext()
11:21:23.649 (756838080)|METHOD_ENTRY|[112]||Database.QueryLocatorIterator.next()
11:21:23.649 (756871005)|METHOD_EXIT|[112]||Database.QueryLocatorIterator.next()
11:21:23.649 (756946228)|METHOD_ENTRY|[112]||Database.QueryLocatorIterator.hasNext()
11:21:23.649 (756964804)|METHOD_EXIT|[112]||Database.QueryLocatorIterator.hasNext()
11:21:23.649 (756971356)|METHOD_ENTRY|[112]||Database.QueryLocatorIterator.next()
11:21:23.649 (757008070)|METHOD_EXIT|[112]||Database.QueryLocatorIterator.next()
11:21:23.649 (757066254)|METHOD_ENTRY|[112]||Database.QueryLocatorIterator.hasNext()
11:21:23.649 (757086537)|METHOD_EXIT|[112]||Database.QueryLocatorIterator.hasNext()
11:21:23.649 (757093942)|METHOD_ENTRY|[112]||Database.QueryLocatorIterator.next()
11:21:23.649 (757167272)|METHOD_EXIT|[112]||Database.QueryLocatorIterator.next()
11:21:23.649 (757231013)|METHOD_ENTRY|[112]||Database.QueryLocatorIterator.hasNext()
11:21:23.649 (757262590)|METHOD_EXIT|[112]||Database.QueryLocatorIterator.hasNext()
11:21:23.649 (757269555)|METHOD_ENTRY|[112]||Database.QueryLocatorIterator.next()
11:21:23.649 (757308709)|METHOD_EXIT|[112]||Database.QueryLocatorIterator.next()
11:21:23.649 (757368146)|METHOD_ENTRY|[112]||Database.QueryLocatorIterator.hasNext()
11:21:23.649 (757386718)|METHOD_EXIT|[112]||Database.QueryLocatorIterator.hasNext()
11:21:23.649 (757394077)|METHOD_ENTRY|[112]||Database.QueryLocatorIterator.next()
11:21:23.649 (757432404)|METHOD_EXIT|[112]||Database.QueryLocatorIterator.next()
11:21:23.649 (757491851)|METHOD_ENTRY|[112]||Database.QueryLocatorIterator.hasNext()
11:21:23.649 (757511641)|METHOD_EXIT|[112]||Database.QueryLocatorIterator.hasNext()
11:21:23.649 (757518661)|METHOD_ENTRY|[112]||Database.QueryLocatorIterator.next()
11:21:23.649 (757557106)|METHOD_EXIT|[112]||Database.QueryLocatorIterator.next()
11:21:23.649 (757643738)|METHOD_ENTRY|[112]||Database.QueryLocatorIterator.hasNext()
11:21:23.649 (757664700)|METHOD_EXIT|[112]||Database.QueryLocatorIterator.hasNext()
11:21:23.649 (757671509)|METHOD_ENTRY|[112]||Database.QueryLocatorIterator.next()
11:21:23.649 (757711248)|METHOD_EXIT|[112]||Database.QueryLocatorIterator.next()
11:21:23.649 (757773029)|METHOD_ENTRY|[112]||Database.QueryLocatorIterator.hasNext()
11:21:23.649 (757791940)|METHOD_EXIT|[112]||Database.QueryLocatorIterator.hasNext()
11:21:23.649 (757799365)|METHOD_ENTRY|[112]||Database.QueryLocatorIterator.next()
11:21:23.649 (757838909)|METHOD_EXIT|[112]||Database.QueryLocatorIterator.next()
11:21:23.649 (757903268)|METHOD_ENTRY|[112]||Database.QueryLocatorIterator.hasNext()
11:21:23.649 (757922723)|METHOD_EXIT|[112]||Database.QueryLocatorIterator.hasNext()
11:21:23.649 (757929435)|METHOD_ENTRY|[112]||Database.QueryLocatorIterator.next()
11:21:23.649 (757965411)|METHOD_EXIT|[112]||Database.QueryLocatorIterator.next()
11:21:23.649 (758024940)|METHOD_ENTRY|[112]||Database.QueryLocatorIterator.hasNext()
11:21:23.649 (758044916)|METHOD_EXIT|[112]||Database.QueryLocatorIterator.hasNext()
11:21:23.649 (758052233)|METHOD_ENTRY|[112]||Database.QueryLocatorIterator.next()
11:21:23.649 (758116221)|METHOD_EXIT|[112]||Database.QueryLocatorIterator.next()
11:21:23.649 (758186169)|METHOD_ENTRY|[112]||Database.QueryLocatorIterator.hasNext()
11:21:23.649 (758206727)|METHOD_EXIT|[112]||Database.QueryLocatorIterator.hasNext()
11:21:23.649 (758213773)|METHOD_ENTRY|[112]||Database.QueryLocatorIterator.next()
11:21:23.649 (758266664)|METHOD_EXIT|[112]||Database.QueryLocatorIterator.next()
11:21:23.649 (758336809)|METHOD_ENTRY|[112]||Database.QueryLocatorIterator.hasNext()
11:21:23.649 (758357161)|METHOD_EXIT|[112]||Database.QueryLocatorIterator.hasNext()
11:21:23.649 (758364927)|METHOD_ENTRY|[112]||Database.QueryLocatorIterator.next()
11:21:23.649 (758402291)|METHOD_EXIT|[112]||Database.QueryLocatorIterator.next()
11:21:23.649 (758465116)|METHOD_ENTRY|[112]||Database.QueryLocatorIterator.hasNext()
11:21:23.649 (758483616)|METHOD_EXIT|[112]||Database.QueryLocatorIterator.hasNext()
11:21:23.649 (758490021)|METHOD_ENTRY|[112]||Database.QueryLocatorIterator.next()
11:21:23.649 (758535551)|METHOD_EXIT|[112]||Database.QueryLocatorIterator.next()
11:21:23.649 (758594250)|METHOD_ENTRY|[112]||Database.QueryLocatorIterator.hasNext()
11:21:23.649 (758613518)|METHOD_EXIT|[112]||Database.QueryLocatorIterator.hasNext()
11:21:23.649 (758620612)|METHOD_ENTRY|[112]||Database.QueryLocatorIterator.next()
11:21:23.649 (758657781)|METHOD_EXIT|[112]||Database.QueryLocatorIterator.next()
11:21:23.649 (758718853)|METHOD_ENTRY|[112]||Database.QueryLocatorIterator.hasNext()
11:21:23.649 (758764395)|METHOD_EXIT|[112]||Database.QueryLocatorIterator.hasNext()
11:21:23.649 (758771633)|METHOD_ENTRY|[112]||Database.QueryLocatorIterator.next()
11:21:23.649 (758810434)|METHOD_EXIT|[112]||Database.QueryLocatorIterator.next()
11:21:23.649 (758873344)|METHOD_ENTRY|[112]||Database.QueryLocatorIterator.hasNext()
11:21:23.649 (758885748)|METHOD_EXIT|[112]||Database.QueryLocatorIterator.hasNext()
11:21:23.649 (759445199)|USER_DEBUG|[59]|DEBUG|Clientes a sincronizar -> ()
11:21:23.649 (759540131)|USER_DEBUG|[66]|DEBUG|## after SincronizarClientes semaforoUpdate: true
11:21:23.649 (759573615)|METHOD_EXIT|[56]|01p57000001HcL0|DireccionEnvioUtil.SincronizarClientes(List<Direcci_n_de_entrega__c>, Map<String,Account>)
11:21:23.649 (759598662)|METHOD_ENTRY|[57]|01p57000001HcL0|DireccionEnvioUtil.ComprobarContratos(List<Direcci_n_de_entrega__c>)
11:21:23.649 (833254984)|METHOD_ENTRY|[1]|01p57000001HcKw|ContractUtil.ContractUtil()
11:21:23.649 (833463677)|METHOD_EXIT|[1]|ContractUtil
11:21:23.649 (833513040)|METHOD_ENTRY|[71]|01p57000001HcKw|ContractUtil.populateContractEndDate(List<Contract>)
11:21:23.649 (834031287)|METHOD_EXIT|[71]|01p57000001HcKw|ContractUtil.populateContractEndDate(List<Contract>)
11:21:23.649 (834088417)|METHOD_EXIT|[57]|01p57000001HcL0|DireccionEnvioUtil.ComprobarContratos(List<Direcci_n_de_entrega__c>)
11:21:23.649 (834103333)|METHOD_EXIT|[77]|01p57000001HcKz|DireccionEnvioHandler.afterInsert(List<SObject>)
11:21:23.649 (834119963)|METHOD_ENTRY|[92]|01p57000001HcKz|DireccionEnvioHandler.andFinally()
11:21:23.649 (834168494)|METHOD_EXIT|[92]|01p57000001HcKz|DireccionEnvioHandler.andFinally()
11:21:23.649 (834179923)|METHOD_EXIT|[33]|01p57000001HcLT|TriggerFactory.execute(ITrigger)
11:21:23.649 (834191130)|METHOD_EXIT|[4]|01p57000001HcLT|TriggerFactory.createHandler(Schema.SObjectType)
11:21:23.649 (834395756)|CODE_UNIT_FINISHED|DireccionEnvioTrigger on Direcci_n_de_entrega trigger event AfterInsert|__sfdc_trigger/DireccionEnvioTrigger
11:21:23.837 (837587305)|CODE_UNIT_STARTED|[EXTERNAL]|Workflow:01ID0000000mORr
11:21:23.837 (874521880)|CODE_UNIT_FINISHED|Workflow:01ID0000000mORr
11:21:24.185 (1185279484)|CODE_UNIT_STARTED|[EXTERNAL]|01q57000000g1Lp|AccountTrigger on Account trigger event BeforeUpdate|__sfdc_trigger/AccountTrigger
11:21:24.185 (1186748808)|USER_DEBUG|[3]|DEBUG|**** Account Trigger ****
11:21:24.185 (1186871961)|METHOD_ENTRY|[4]|01p57000001HcLT|TriggerFactory.createHandler(Schema.SObjectType)
11:21:24.185 (1187666522)|METHOD_ENTRY|[27]|01p57000001HcLT|TriggerFactory.getHandler(Configuration_Switch__mdt, String)
11:21:24.185 (1187720909)|METHOD_ENTRY|[112]||System.Type.forName(String)
11:21:24.185 (1189552640)|METHOD_EXIT|[112]||System.Type.forName(String)
11:21:24.185 (1189586938)|METHOD_ENTRY|[119]||System.Type.newInstance()
11:21:24.185 (1189708864)|METHOD_ENTRY|[5]|01p57000001HcKr|AccountHandler.AccountHandler()
11:21:24.185 (1189729110)|METHOD_EXIT|[5]|AccountHandler
11:21:24.185 (1189783740)|METHOD_EXIT|[119]||System.Type.newInstance()
11:21:24.185 (1190520541)|METHOD_EXIT|[27]|01p57000001HcLT|TriggerFactory.getHandler(Configuration_Switch__mdt, String)
11:21:24.185 (1190552196)|METHOD_ENTRY|[33]|01p57000001HcLT|TriggerFactory.execute(ITrigger)
11:21:24.185 (1190731769)|METHOD_ENTRY|[51]|01p57000001HcKr|AccountHandler.bulkBefore(List<SObject>, Map<Id,SObject>)
11:21:24.185 (1190750657)|METHOD_EXIT|[51]|01p57000001HcKr|AccountHandler.bulkBefore(List<SObject>, Map<Id,SObject>)
11:21:24.185 (1190813320)|METHOD_ENTRY|[61]|01p57000001HcKr|AccountHandler.beforeUpdate(List<SObject>, Map<Id,SObject>)
11:21:24.185 (1197280408)|METHOD_ENTRY|[1]|01p57000001HcKs|AccountUtil.AccountUtil()
11:21:24.185 (1197340984)|METHOD_EXIT|[1]|AccountUtil
11:21:24.185 (1197379272)|METHOD_ENTRY|[37]|01p57000001HcKs|AccountUtil.actualizarUsuarioWebClientes(List<Account>)
11:21:24.185 (1197746867)|METHOD_EXIT|[37]|01p57000001HcKs|AccountUtil.actualizarUsuarioWebClientes(List<Account>)
11:21:24.185 (1197798644)|METHOD_ENTRY|[38]|01p57000001HcKs|AccountUtil.procesarCuentasTriggerParaValidarIBAN(List<Account>, Map<Id,Account>)
11:21:24.185 (1198099189)|USER_DEBUG|[475]|DEBUG|$$ - procesarCuentavalidarIBAN : ES2721001839110200036256
11:21:24.185 (1198123922)|USER_DEBUG|[476]|DEBUG|$$ - procesarCuentavalidarIBAN from oldMap : 
11:21:24.185 (1198145264)|METHOD_ENTRY|[478]|01p57000001HcKs|AccountUtil.validarIBAN(Account, String)
11:21:24.185 (1198182142)|USER_DEBUG|[307]|DEBUG|$$ - validarIBAN accountIBAN : ES2721001839110200036256
11:21:24.185 (1198700627)|SYSTEM_METHOD_ENTRY|[1]|Math.Math()
11:21:24.185 (1198759252)|SYSTEM_METHOD_EXIT|[1]|Math
11:21:24.185 (1198777559)|METHOD_ENTRY|[351]||System.Math.mod(Integer, Integer)
11:21:24.185 (1198835706)|METHOD_EXIT|[351]||System.Math.mod(Integer, Integer)
11:21:24.185 (1199147994)|METHOD_ENTRY|[372]||System.Math.mod(Integer, Integer)
11:21:24.185 (1199184926)|METHOD_EXIT|[372]||System.Math.mod(Integer, Integer)
11:21:24.185 (1199280652)|METHOD_EXIT|[478]|01p57000001HcKs|AccountUtil.validarIBAN(Account, String)
11:21:24.185 (1199329449)|METHOD_EXIT|[38]|01p57000001HcKs|AccountUtil.procesarCuentasTriggerParaValidarIBAN(List<Account>, Map<Id,Account>)
11:21:24.185 (1199358343)|METHOD_ENTRY|[40]|01p57000001HcKs|AccountUtil.definirOrigenDeModificacion(List<Account>, Map<Id,Account>)
11:21:24.185 (1199551747)|USER_DEBUG|[514]|DEBUG|en el trigger de definir false
11:21:24.185 (1199684045)|USER_DEBUG|[538]|DEBUG|false
11:21:24.185 (1199948951)|METHOD_EXIT|[40]|01p57000001HcKs|AccountUtil.definirOrigenDeModificacion(List<Account>, Map<Id,Account>)
11:21:24.185 (1199967937)|METHOD_EXIT|[61]|01p57000001HcKr|AccountHandler.beforeUpdate(List<SObject>, Map<Id,SObject>)
11:21:24.185 (1199993374)|METHOD_ENTRY|[92]|01p57000001HcKr|AccountHandler.andFinally()
11:21:24.185 (1200013814)|METHOD_ENTRY|[66]|01p57000001HcKs|AccountUtil.insertUpdateDeleteRecords()
11:21:24.185 (1200227351)|METHOD_EXIT|[66]|01p57000001HcKs|AccountUtil.insertUpdateDeleteRecords()
11:21:24.185 (1200249403)|METHOD_EXIT|[92]|01p57000001HcKr|AccountHandler.andFinally()
11:21:24.185 (1200260225)|METHOD_EXIT|[33]|01p57000001HcLT|TriggerFactory.execute(ITrigger)
11:21:24.185 (1200272597)|METHOD_EXIT|[4]|01p57000001HcLT|TriggerFactory.createHandler(Schema.SObjectType)
11:21:24.185 (1200838426)|CODE_UNIT_FINISHED|AccountTrigger on Account trigger event BeforeUpdate|__sfdc_trigger/AccountTrigger
11:21:24.206 (1206858814)|CODE_UNIT_STARTED|[EXTERNAL]|Validation:Account:0012p000031dVpn
11:21:24.206 (1207440754)|CODE_UNIT_FINISHED|Validation:Account:0012p000031dVpn
11:21:24.208 (1208359713)|CODE_UNIT_STARTED|[EXTERNAL]|DuplicateDetector
11:21:24.208 (1228937813)|CODE_UNIT_FINISHED|DuplicateDetector
11:21:24.413 (1413961964)|CODE_UNIT_STARTED|[EXTERNAL]|01q57000000g1Lp|AccountTrigger on Account trigger event AfterUpdate|__sfdc_trigger/AccountTrigger
11:21:24.413 (1414294157)|USER_DEBUG|[3]|DEBUG|**** Account Trigger ****
11:21:24.413 (1414380315)|METHOD_ENTRY|[4]|01p57000001HcLT|TriggerFactory.createHandler(Schema.SObjectType)
11:21:24.413 (1415193472)|METHOD_ENTRY|[27]|01p57000001HcLT|TriggerFactory.getHandler(Configuration_Switch__mdt, String)
11:21:24.413 (1415265887)|METHOD_ENTRY|[112]||System.Type.forName(String)
11:21:24.413 (1415422170)|METHOD_EXIT|[112]||System.Type.forName(String)
11:21:24.413 (1415435143)|METHOD_ENTRY|[119]||System.Type.newInstance()
11:21:24.413 (1415502351)|METHOD_EXIT|[119]||System.Type.newInstance()
11:21:24.413 (1415583469)|METHOD_EXIT|[27]|01p57000001HcLT|TriggerFactory.getHandler(Configuration_Switch__mdt, String)
11:21:24.413 (1415594211)|METHOD_ENTRY|[33]|01p57000001HcLT|TriggerFactory.execute(ITrigger)
11:21:24.413 (1415674266)|METHOD_ENTRY|[72]|01p57000001HcKr|AccountHandler.bulkAfter(List<SObject>, Map<Id,SObject>)
11:21:24.413 (1415723427)|METHOD_ENTRY|[18]|01p57000001HcKs|AccountUtil.recuperarContactos(List<Account>, Map<Id,Account>)
11:21:24.413 (1422692643)|METHOD_ENTRY|[177]||Database.QueryLocatorIterator.hasNext()
11:21:24.413 (1422730893)|METHOD_EXIT|[177]||Database.QueryLocatorIterator.hasNext()
11:21:24.413 (1422804008)|METHOD_EXIT|[18]|01p57000001HcKs|AccountUtil.recuperarContactos(List<Account>, Map<Id,Account>)
11:21:24.413 (1422885218)|METHOD_ENTRY|[19]|01p57000001HcKs|AccountUtil.recuperarPersonasDeContactos(List<Account>, Map<Id,Account>)
11:21:24.413 (1423142795)|METHOD_EXIT|[19]|01p57000001HcKs|AccountUtil.recuperarPersonasDeContactos(List<Account>, Map<Id,Account>)
11:21:24.413 (1423199007)|METHOD_EXIT|[72]|01p57000001HcKr|AccountHandler.bulkAfter(List<SObject>, Map<Id,SObject>)
11:21:24.413 (1423300059)|METHOD_ENTRY|[82]|01p57000001HcKr|AccountHandler.afterUpdate(List<SObject>, Map<Id,SObject>)
11:21:24.413 (1423342064)|METHOD_ENTRY|[53]|01p57000001HcKs|AccountUtil.SincronizarCliente(List<Account>, Map<Id,Account>)
11:21:24.413 (1425817955)|METHOD_EXIT|[53]|01p57000001HcKs|AccountUtil.SincronizarCliente(List<Account>, Map<Id,Account>)
11:21:24.413 (1425865407)|METHOD_ENTRY|[55]|01p57000001HcKs|AccountUtil.aceptarPreferenciasPorClienteExistente(List<Account>, Map<Id,Account>)
11:21:24.413 (1426210212)|METHOD_EXIT|[55]|01p57000001HcKs|AccountUtil.aceptarPreferenciasPorClienteExistente(List<Account>, Map<Id,Account>)
11:21:24.413 (1426227934)|METHOD_EXIT|[82]|01p57000001HcKr|AccountHandler.afterUpdate(List<SObject>, Map<Id,SObject>)
11:21:24.413 (1426253981)|METHOD_ENTRY|[92]|01p57000001HcKr|AccountHandler.andFinally()
11:21:24.413 (1426266867)|METHOD_ENTRY|[66]|01p57000001HcKs|AccountUtil.insertUpdateDeleteRecords()
11:21:24.413 (1426329815)|METHOD_EXIT|[66]|01p57000001HcKs|AccountUtil.insertUpdateDeleteRecords()
11:21:24.413 (1426338127)|METHOD_EXIT|[92]|01p57000001HcKr|AccountHandler.andFinally()
11:21:24.413 (1426348071)|METHOD_EXIT|[33]|01p57000001HcLT|TriggerFactory.execute(ITrigger)
11:21:24.413 (1426359471)|METHOD_EXIT|[4]|01p57000001HcLT|TriggerFactory.createHandler(Schema.SObjectType)
11:21:24.413 (1426621039)|CODE_UNIT_FINISHED|AccountTrigger on Account trigger event AfterUpdate|__sfdc_trigger/AccountTrigger
11:21:24.434 (1434269873)|CODE_UNIT_STARTED|[EXTERNAL]|Workflow:Account
11:21:24.434 (1486213280)|CODE_UNIT_FINISHED|Workflow:Account
