39.0 APEX_CODE,FINER;APEX_PROFILING,INFO;CALLOUT,INFO;DB,FINEST;NBA,INFO;SYSTEM,DEBUG;VALIDATION,INFO;VISUALFORCE,INFO;WAVE,INFO;WORKFLOW,INFO
15:03:04.6 (6391664)|USER_INFO|[EXTERNAL]|0052p000008i9TA|n.gonzalez@blackbirdcrew.com.pre|hora estándar de Europa central|GMT+02:00
15:03:04.6 (6471677)|EXECUTION_STARTED
15:03:04.6 (6480536)|CODE_UNIT_STARTED|[EXTERNAL]|06657000000kzPX|VF: /apex/NuevoContrato
15:03:04.6 (31195913)|SYSTEM_MODE_ENTER|true
15:03:04.6 (31833306)|HEAP_ALLOCATE|[79]|Bytes:3
15:03:04.6 (31889868)|HEAP_ALLOCATE|[84]|Bytes:152
15:03:04.6 (31911024)|HEAP_ALLOCATE|[399]|Bytes:408
15:03:04.6 (31934444)|HEAP_ALLOCATE|[412]|Bytes:408
15:03:04.6 (31956018)|HEAP_ALLOCATE|[520]|Bytes:48
15:03:04.6 (31992161)|HEAP_ALLOCATE|[139]|Bytes:6
15:03:04.6 (32013104)|HEAP_ALLOCATE|[EXTERNAL]|Bytes:16
15:03:04.6 (32023208)|HEAP_ALLOCATE|[EXTERNAL]|Bytes:560
15:03:04.6 (32029271)|HEAP_ALLOCATE|[EXTERNAL]|Bytes:91
15:03:04.6 (32035354)|HEAP_ALLOCATE|[EXTERNAL]|Bytes:43
15:03:04.6 (32092784)|METHOD_ENTRY|[1]|01p57000001HcLD|NuevoContratoController.NuevoContratoController()
15:03:04.6 (32103524)|STATEMENT_EXECUTE|[1]
15:03:04.6 (32112046)|STATEMENT_EXECUTE|[1]
15:03:04.6 (32148873)|HEAP_ALLOCATE|[52]|Bytes:5
15:03:04.6 (32175164)|HEAP_ALLOCATE|[58]|Bytes:5
15:03:04.6 (32186469)|HEAP_ALLOCATE|[66]|Bytes:7
15:03:04.6 (32213707)|SYSTEM_MODE_ENTER|false
15:03:04.6 (32227016)|HEAP_ALLOCATE|[138]|Bytes:5
15:03:04.6 (32233997)|STATEMENT_EXECUTE|[5]
15:03:04.6 (32236916)|STATEMENT_EXECUTE|[138]
15:03:04.6 (32251202)|HEAP_ALLOCATE|[138]|Bytes:4
15:03:04.6 (32333353)|HEAP_ALLOCATE|[140]|Bytes:8
15:03:04.6 (32361522)|HEAP_ALLOCATE|[141]|Bytes:7
15:03:04.6 (32382910)|SYSTEM_MODE_EXIT|false
15:03:04.6 (32396713)|METHOD_EXIT|[1]|NuevoContratoController
15:03:04.6 (33527284)|HEAP_ALLOCATE|[EXTERNAL]|Bytes:108
15:03:04.6 (33569164)|SYSTEM_MODE_ENTER|false
15:03:04.6 (33578736)|HEAP_ALLOCATE|[134]|Bytes:5
15:03:04.6 (33587791)|STATEMENT_EXECUTE|[1]
15:03:04.6 (33593263)|HEAP_ALLOCATE|[134]|Bytes:5
15:03:04.6 (33598272)|STATEMENT_EXECUTE|[42]
15:03:04.6 (33601622)|STATEMENT_EXECUTE|[43]
15:03:04.6 (33604176)|STATEMENT_EXECUTE|[46]
15:03:04.6 (33606860)|STATEMENT_EXECUTE|[47]
15:03:04.6 (33609423)|STATEMENT_EXECUTE|[48]
15:03:04.6 (33611721)|STATEMENT_EXECUTE|[51]
15:03:04.6 (33614078)|STATEMENT_EXECUTE|[52]
15:03:04.6 (33616581)|STATEMENT_EXECUTE|[55]
15:03:04.6 (33618730)|STATEMENT_EXECUTE|[56]
15:03:04.6 (33621154)|STATEMENT_EXECUTE|[57]
15:03:04.6 (33623551)|STATEMENT_EXECUTE|[60]
15:03:04.6 (33626022)|STATEMENT_EXECUTE|[61]
15:03:04.6 (33628353)|STATEMENT_EXECUTE|[62]
15:03:04.6 (33630568)|STATEMENT_EXECUTE|[63]
15:03:04.6 (33633552)|STATEMENT_EXECUTE|[64]
15:03:04.6 (33636107)|STATEMENT_EXECUTE|[65]
15:03:04.6 (33638520)|STATEMENT_EXECUTE|[67]
15:03:04.6 (33640652)|STATEMENT_EXECUTE|[68]
15:03:04.6 (33643026)|STATEMENT_EXECUTE|[69]
15:03:04.6 (33645363)|STATEMENT_EXECUTE|[70]
15:03:04.6 (33647992)|STATEMENT_EXECUTE|[72]
15:03:04.6 (33650570)|STATEMENT_EXECUTE|[91]
15:03:04.6 (33655178)|STATEMENT_EXECUTE|[112]
15:03:04.6 (33657622)|STATEMENT_EXECUTE|[133]
15:03:04.6 (33660223)|STATEMENT_EXECUTE|[134]
15:03:04.6 (33667308)|STATEMENT_EXECUTE|[135]
15:03:04.6 (33682788)|HEAP_ALLOCATE|[135]|Bytes:6
15:03:04.6 (33714949)|STATEMENT_EXECUTE|[146]
15:03:04.6 (33717905)|STATEMENT_EXECUTE|[148]
15:03:04.6 (33847129)|HEAP_ALLOCATE|[148]|Bytes:293
15:03:04.6 (33927192)|HEAP_ALLOCATE|[148]|Bytes:270
15:03:04.6 (33956216)|HEAP_ALLOCATE|[148]|Bytes:14
15:03:04.6 (33992642)|STATEMENT_EXECUTE|[149]
15:03:04.6 (34026016)|HEAP_ALLOCATE|[149]|Bytes:293
15:03:04.6 (34060694)|HEAP_ALLOCATE|[149]|Bytes:270
15:03:04.6 (34080057)|HEAP_ALLOCATE|[149]|Bytes:15
15:03:04.6 (34102001)|STATEMENT_EXECUTE|[153]
15:03:04.6 (34344545)|HEAP_ALLOCATE|[153]|Bytes:4
15:03:04.6 (34394081)|STATEMENT_EXECUTE|[155]
15:03:04.6 (34447077)|HEAP_ALLOCATE|[69]|Bytes:5
15:03:04.6 (34462355)|STATEMENT_EXECUTE|[156]
15:03:04.6 (34490203)|HEAP_ALLOCATE|[70]|Bytes:5
15:03:04.6 (34502876)|STATEMENT_EXECUTE|[159]
15:03:04.6 (40331080)|HEAP_ALLOCATE|[159]|Bytes:15
15:03:04.6 (40363201)|HEAP_ALLOCATE|[159]|Bytes:436
15:03:04.6 (40371702)|HEAP_ALLOCATE|[159]|Bytes:93
15:03:04.6 (40378084)|HEAP_ALLOCATE|[159]|Bytes:7
15:03:04.6 (40749676)|METHOD_ENTRY|[1]|01p57000001lFxx|Util.Util()
15:03:04.6 (40769343)|STATEMENT_EXECUTE|[1]
15:03:04.6 (40780948)|STATEMENT_EXECUTE|[1]
15:03:04.6 (40793994)|HEAP_ALLOCATE|[159]|Bytes:5
15:03:04.6 (40802576)|STATEMENT_EXECUTE|[3]
15:03:04.6 (40815383)|METHOD_EXIT|[1]|Util
15:03:04.6 (40899414)|HEAP_ALLOCATE|[109]|Bytes:5
15:03:04.6 (40909183)|STATEMENT_EXECUTE|[108]
15:03:04.6 (40915159)|STATEMENT_EXECUTE|[110]
15:03:04.6 (40917478)|STATEMENT_EXECUTE|[111]
15:03:04.6 (40935362)|HEAP_ALLOCATE|[111]|Bytes:4
15:03:04.6 (40996649)|HEAP_ALLOCATE|[112]|Bytes:90
15:03:04.6 (41013574)|HEAP_ALLOCATE|[112]|Bytes:4
15:03:04.6 (41550600)|SOQL_EXECUTE_BEGIN|[112]|Aggregations:0|SELECT Id, DeveloperName, SObjectType FROM RecordType ORDER BY CreatedDate ASC NULLS FIRST
15:03:04.6 (94946887)|SOQL_EXECUTE_EXPLAIN|[112]|TableScan on RecordType : [], cardinality: 10, sobjectCardinality: 10, relativeCost 2.833
15:03:04.6 (94972539)|SOQL_EXECUTE_END|[112]|Rows:36
15:03:04.6 (95015139)|HEAP_ALLOCATE|[EXTERNAL]|Bytes:148
15:03:04.6 (95361223)|HEAP_ALLOCATE|[112]|Bytes:54
15:03:04.6 (95377710)|HEAP_ALLOCATE|[112]|Bytes:8
15:03:04.6 (95402433)|SYSTEM_METHOD_ENTRY|[7]|QueryLocatorIterator.QueryLocatorIterator()
15:03:04.6 (95410187)|STATEMENT_EXECUTE|[7]
15:03:04.6 (95428123)|SYSTEM_METHOD_EXIT|[7]|QueryLocatorIterator
15:03:04.6 (95441965)|HEAP_ALLOCATE|[112]|Bytes:28
15:03:04.6 (95513305)|HEAP_ALLOCATE|[112]|Bytes:148
15:03:04.6 (95535719)|HEAP_ALLOCATE|[112]|Bytes:8
15:03:04.6 (95541332)|HEAP_ALLOCATE|[112]|Bytes:8
15:03:04.6 (97618784)|HEAP_ALLOCATE|[112]|Bytes:28
15:03:04.6 (97676609)|METHOD_ENTRY|[112]||Database.QueryLocatorIterator.hasNext()
15:03:04.6 (97857619)|METHOD_EXIT|[112]||Database.QueryLocatorIterator.hasNext()
15:03:04.6 (97872767)|METHOD_ENTRY|[112]||Database.QueryLocatorIterator.next()
15:03:04.6 (97982427)|METHOD_EXIT|[112]||Database.QueryLocatorIterator.next()
15:03:04.6 (97996170)|STATEMENT_EXECUTE|[113]
15:03:04.6 (98111186)|STATEMENT_EXECUTE|[115]
15:03:04.6 (98115282)|STATEMENT_EXECUTE|[116]
15:03:04.6 (98144034)|HEAP_ALLOCATE|[116]|Bytes:4
15:03:04.6 (98307179)|STATEMENT_EXECUTE|[120]
15:03:04.6 (98310955)|STATEMENT_EXECUTE|[121]
15:03:04.6 (98361070)|METHOD_ENTRY|[112]||Database.QueryLocatorIterator.hasNext()
15:03:04.6 (98395570)|METHOD_EXIT|[112]||Database.QueryLocatorIterator.hasNext()
15:03:04.6 (98404258)|METHOD_ENTRY|[112]||Database.QueryLocatorIterator.next()
15:03:04.6 (98463857)|METHOD_EXIT|[112]||Database.QueryLocatorIterator.next()
15:03:04.6 (98472363)|STATEMENT_EXECUTE|[113]
15:03:04.6 (98491185)|STATEMENT_EXECUTE|[115]
15:03:04.6 (98494656)|STATEMENT_EXECUTE|[116]
15:03:04.6 (98509742)|HEAP_ALLOCATE|[116]|Bytes:4
15:03:04.6 (98548429)|STATEMENT_EXECUTE|[120]
15:03:04.6 (98551254)|STATEMENT_EXECUTE|[121]
15:03:04.6 (98575761)|METHOD_ENTRY|[112]||Database.QueryLocatorIterator.hasNext()
15:03:04.6 (98596367)|METHOD_EXIT|[112]||Database.QueryLocatorIterator.hasNext()
15:03:04.6 (98603509)|METHOD_ENTRY|[112]||Database.QueryLocatorIterator.next()
15:03:04.6 (98650938)|METHOD_EXIT|[112]||Database.QueryLocatorIterator.next()
15:03:04.6 (98658720)|STATEMENT_EXECUTE|[113]
15:03:04.6 (98674461)|STATEMENT_EXECUTE|[114]
15:03:04.6 (98695998)|STATEMENT_EXECUTE|[120]
15:03:04.6 (98698364)|STATEMENT_EXECUTE|[121]
15:03:04.6 (98723226)|METHOD_ENTRY|[112]||Database.QueryLocatorIterator.hasNext()
15:03:04.6 (98742526)|METHOD_EXIT|[112]||Database.QueryLocatorIterator.hasNext()
15:03:04.6 (98749788)|METHOD_ENTRY|[112]||Database.QueryLocatorIterator.next()
15:03:04.6 (98794212)|METHOD_EXIT|[112]||Database.QueryLocatorIterator.next()
15:03:04.6 (98800989)|STATEMENT_EXECUTE|[113]
15:03:04.6 (98816131)|STATEMENT_EXECUTE|[115]
15:03:04.6 (98818491)|STATEMENT_EXECUTE|[116]
15:03:04.6 (98831380)|HEAP_ALLOCATE|[116]|Bytes:4
15:03:04.6 (98866426)|STATEMENT_EXECUTE|[120]
15:03:04.6 (98868995)|STATEMENT_EXECUTE|[121]
15:03:04.6 (98893146)|METHOD_ENTRY|[112]||Database.QueryLocatorIterator.hasNext()
15:03:04.6 (98912144)|METHOD_EXIT|[112]||Database.QueryLocatorIterator.hasNext()
15:03:04.6 (98919589)|METHOD_ENTRY|[112]||Database.QueryLocatorIterator.next()
15:03:04.6 (98962010)|METHOD_EXIT|[112]||Database.QueryLocatorIterator.next()
15:03:04.6 (98969450)|STATEMENT_EXECUTE|[113]
15:03:04.6 (98984402)|STATEMENT_EXECUTE|[114]
15:03:04.6 (99006679)|STATEMENT_EXECUTE|[120]
15:03:04.6 (99010385)|STATEMENT_EXECUTE|[121]
15:03:04.6 (99034143)|METHOD_ENTRY|[112]||Database.QueryLocatorIterator.hasNext()
15:03:04.6 (99054203)|METHOD_EXIT|[112]||Database.QueryLocatorIterator.hasNext()
15:03:04.6 (99066254)|METHOD_ENTRY|[112]||Database.QueryLocatorIterator.next()
15:03:04.6 (99111089)|METHOD_EXIT|[112]||Database.QueryLocatorIterator.next()
15:03:04.6 (99117677)|STATEMENT_EXECUTE|[113]
15:03:04.6 (99134215)|STATEMENT_EXECUTE|[115]
15:03:04.6 (99136884)|STATEMENT_EXECUTE|[116]
15:03:04.6 (99149168)|HEAP_ALLOCATE|[116]|Bytes:4
15:03:04.6 (99185287)|STATEMENT_EXECUTE|[120]
15:03:04.6 (99187830)|STATEMENT_EXECUTE|[121]
15:03:04.6 (99211342)|METHOD_ENTRY|[112]||Database.QueryLocatorIterator.hasNext()
15:03:04.6 (99231035)|METHOD_EXIT|[112]||Database.QueryLocatorIterator.hasNext()
15:03:04.6 (99238555)|METHOD_ENTRY|[112]||Database.QueryLocatorIterator.next()
15:03:04.6 (99282905)|METHOD_EXIT|[112]||Database.QueryLocatorIterator.next()
15:03:04.6 (99289934)|STATEMENT_EXECUTE|[113]
15:03:04.6 (99312829)|STATEMENT_EXECUTE|[115]
15:03:04.6 (99315368)|STATEMENT_EXECUTE|[116]
15:03:04.6 (99326708)|HEAP_ALLOCATE|[116]|Bytes:4
15:03:04.6 (99361259)|STATEMENT_EXECUTE|[120]
15:03:04.6 (99363739)|STATEMENT_EXECUTE|[121]
15:03:04.6 (99388281)|METHOD_ENTRY|[112]||Database.QueryLocatorIterator.hasNext()
15:03:04.6 (99407562)|METHOD_EXIT|[112]||Database.QueryLocatorIterator.hasNext()
15:03:04.6 (99414797)|METHOD_ENTRY|[112]||Database.QueryLocatorIterator.next()
15:03:04.6 (99457699)|METHOD_EXIT|[112]||Database.QueryLocatorIterator.next()
15:03:04.6 (99464645)|STATEMENT_EXECUTE|[113]
15:03:04.6 (99479791)|STATEMENT_EXECUTE|[114]
15:03:04.6 (99504433)|STATEMENT_EXECUTE|[120]
15:03:04.6 (99506965)|STATEMENT_EXECUTE|[121]
15:03:04.6 (99531228)|METHOD_ENTRY|[112]||Database.QueryLocatorIterator.hasNext()
15:03:04.6 (99550075)|METHOD_EXIT|[112]||Database.QueryLocatorIterator.hasNext()
15:03:04.6 (99557707)|METHOD_ENTRY|[112]||Database.QueryLocatorIterator.next()
15:03:04.6 (99600806)|METHOD_EXIT|[112]||Database.QueryLocatorIterator.next()
15:03:04.6 (99606967)|STATEMENT_EXECUTE|[113]
15:03:04.6 (99621911)|STATEMENT_EXECUTE|[114]
15:03:04.6 (99642850)|STATEMENT_EXECUTE|[120]
15:03:04.6 (99645427)|STATEMENT_EXECUTE|[121]
15:03:04.6 (99669965)|METHOD_ENTRY|[112]||Database.QueryLocatorIterator.hasNext()
15:03:04.6 (99689254)|METHOD_EXIT|[112]||Database.QueryLocatorIterator.hasNext()
15:03:04.6 (99696010)|METHOD_ENTRY|[112]||Database.QueryLocatorIterator.next()
15:03:04.6 (99737511)|METHOD_EXIT|[112]||Database.QueryLocatorIterator.next()
15:03:04.6 (99744095)|STATEMENT_EXECUTE|[113]
15:03:04.6 (99758550)|STATEMENT_EXECUTE|[114]
15:03:04.6 (99780899)|STATEMENT_EXECUTE|[120]
15:03:04.6 (99783428)|STATEMENT_EXECUTE|[121]
15:03:04.6 (99806726)|METHOD_ENTRY|[112]||Database.QueryLocatorIterator.hasNext()
15:03:04.6 (99825963)|METHOD_EXIT|[112]||Database.QueryLocatorIterator.hasNext()
15:03:04.6 (99832197)|METHOD_ENTRY|[112]||Database.QueryLocatorIterator.next()
15:03:04.6 (99877972)|METHOD_EXIT|[112]||Database.QueryLocatorIterator.next()
15:03:04.6 (99885157)|STATEMENT_EXECUTE|[113]
15:03:04.6 (99900837)|STATEMENT_EXECUTE|[114]
15:03:04.6 (99923425)|STATEMENT_EXECUTE|[120]
15:03:04.6 (99926047)|STATEMENT_EXECUTE|[121]
15:03:04.6 (99950072)|METHOD_ENTRY|[112]||Database.QueryLocatorIterator.hasNext()
15:03:04.6 (99969235)|METHOD_EXIT|[112]||Database.QueryLocatorIterator.hasNext()
15:03:04.6 (99976446)|METHOD_ENTRY|[112]||Database.QueryLocatorIterator.next()
15:03:04.6 (100018026)|METHOD_EXIT|[112]||Database.QueryLocatorIterator.next()
15:03:04.6 (100025229)|STATEMENT_EXECUTE|[113]
15:03:04.6 (100039843)|STATEMENT_EXECUTE|[114]
15:03:04.6 (100062107)|STATEMENT_EXECUTE|[120]
15:03:04.6 (100064765)|STATEMENT_EXECUTE|[121]
15:03:04.6 (100088861)|METHOD_ENTRY|[112]||Database.QueryLocatorIterator.hasNext()
15:03:04.6 (100108587)|METHOD_EXIT|[112]||Database.QueryLocatorIterator.hasNext()
15:03:04.6 (100115858)|METHOD_ENTRY|[112]||Database.QueryLocatorIterator.next()
15:03:04.6 (100163712)|METHOD_EXIT|[112]||Database.QueryLocatorIterator.next()
15:03:04.6 (100171435)|STATEMENT_EXECUTE|[113]
15:03:04.6 (100186831)|STATEMENT_EXECUTE|[115]
15:03:04.6 (100189302)|STATEMENT_EXECUTE|[116]
15:03:04.6 (100202999)|HEAP_ALLOCATE|[116]|Bytes:4
15:03:04.6 (100240833)|STATEMENT_EXECUTE|[120]
15:03:04.6 (100243802)|STATEMENT_EXECUTE|[121]
15:03:04.6 (100267772)|METHOD_ENTRY|[112]||Database.QueryLocatorIterator.hasNext()
15:03:04.6 (100286710)|METHOD_EXIT|[112]||Database.QueryLocatorIterator.hasNext()
15:03:04.6 (100293949)|METHOD_ENTRY|[112]||Database.QueryLocatorIterator.next()
15:03:04.6 (100351624)|METHOD_EXIT|[112]||Database.QueryLocatorIterator.next()
15:03:04.6 (100359033)|STATEMENT_EXECUTE|[113]
15:03:04.6 (100374734)|STATEMENT_EXECUTE|[114]
15:03:04.6 (100397438)|STATEMENT_EXECUTE|[120]
15:03:04.6 (100400027)|STATEMENT_EXECUTE|[121]
15:03:04.6 (100423892)|METHOD_ENTRY|[112]||Database.QueryLocatorIterator.hasNext()
15:03:04.6 (100441911)|METHOD_EXIT|[112]||Database.QueryLocatorIterator.hasNext()
15:03:04.6 (100448874)|METHOD_ENTRY|[112]||Database.QueryLocatorIterator.next()
15:03:04.6 (100492227)|METHOD_EXIT|[112]||Database.QueryLocatorIterator.next()
15:03:04.6 (100498803)|STATEMENT_EXECUTE|[113]
15:03:04.6 (100515264)|STATEMENT_EXECUTE|[114]
15:03:04.6 (100538819)|STATEMENT_EXECUTE|[120]
15:03:04.6 (100541308)|STATEMENT_EXECUTE|[121]
15:03:04.6 (100566126)|METHOD_ENTRY|[112]||Database.QueryLocatorIterator.hasNext()
15:03:04.6 (100586572)|METHOD_EXIT|[112]||Database.QueryLocatorIterator.hasNext()
15:03:04.6 (100593830)|METHOD_ENTRY|[112]||Database.QueryLocatorIterator.next()
15:03:04.6 (100637469)|METHOD_EXIT|[112]||Database.QueryLocatorIterator.next()
15:03:04.6 (100645216)|STATEMENT_EXECUTE|[113]
15:03:04.6 (100660111)|STATEMENT_EXECUTE|[114]
15:03:04.6 (100682621)|STATEMENT_EXECUTE|[120]
15:03:04.6 (100685048)|STATEMENT_EXECUTE|[121]
15:03:04.6 (100709124)|METHOD_ENTRY|[112]||Database.QueryLocatorIterator.hasNext()
15:03:04.6 (100729194)|METHOD_EXIT|[112]||Database.QueryLocatorIterator.hasNext()
15:03:04.6 (100736664)|METHOD_ENTRY|[112]||Database.QueryLocatorIterator.next()
15:03:04.6 (100781494)|METHOD_EXIT|[112]||Database.QueryLocatorIterator.next()
15:03:04.6 (100788011)|STATEMENT_EXECUTE|[113]
15:03:04.6 (100803731)|STATEMENT_EXECUTE|[115]
15:03:04.6 (100806821)|STATEMENT_EXECUTE|[116]
15:03:04.6 (100820641)|HEAP_ALLOCATE|[116]|Bytes:4
15:03:04.6 (100857202)|STATEMENT_EXECUTE|[120]
15:03:04.6 (100859867)|STATEMENT_EXECUTE|[121]
15:03:04.6 (100885412)|METHOD_ENTRY|[112]||Database.QueryLocatorIterator.hasNext()
15:03:04.6 (100907162)|METHOD_EXIT|[112]||Database.QueryLocatorIterator.hasNext()
15:03:04.6 (100915254)|METHOD_ENTRY|[112]||Database.QueryLocatorIterator.next()
15:03:04.6 (100961119)|METHOD_EXIT|[112]||Database.QueryLocatorIterator.next()
15:03:04.6 (100968273)|STATEMENT_EXECUTE|[113]
15:03:04.6 (100983211)|STATEMENT_EXECUTE|[114]
15:03:04.6 (101005865)|STATEMENT_EXECUTE|[120]
15:03:04.6 (101009012)|STATEMENT_EXECUTE|[121]
15:03:04.6 (101033411)|METHOD_ENTRY|[112]||Database.QueryLocatorIterator.hasNext()
15:03:04.6 (101052565)|METHOD_EXIT|[112]||Database.QueryLocatorIterator.hasNext()
15:03:04.6 (101059782)|METHOD_ENTRY|[112]||Database.QueryLocatorIterator.next()
15:03:04.6 (101102528)|METHOD_EXIT|[112]||Database.QueryLocatorIterator.next()
15:03:04.6 (101109391)|STATEMENT_EXECUTE|[113]
15:03:04.6 (101124740)|STATEMENT_EXECUTE|[114]
15:03:04.6 (101147982)|STATEMENT_EXECUTE|[120]
15:03:04.6 (101150453)|STATEMENT_EXECUTE|[121]
15:03:04.6 (101175309)|METHOD_ENTRY|[112]||Database.QueryLocatorIterator.hasNext()
15:03:04.6 (101193986)|METHOD_EXIT|[112]||Database.QueryLocatorIterator.hasNext()
15:03:04.6 (101200722)|METHOD_ENTRY|[112]||Database.QueryLocatorIterator.next()
15:03:04.6 (101243332)|METHOD_EXIT|[112]||Database.QueryLocatorIterator.next()
15:03:04.6 (101250339)|STATEMENT_EXECUTE|[113]
15:03:04.6 (101264837)|STATEMENT_EXECUTE|[114]
15:03:04.6 (101286175)|STATEMENT_EXECUTE|[120]
15:03:04.6 (101288565)|STATEMENT_EXECUTE|[121]
15:03:04.6 (101320878)|METHOD_ENTRY|[112]||Database.QueryLocatorIterator.hasNext()
15:03:04.6 (101339986)|METHOD_EXIT|[112]||Database.QueryLocatorIterator.hasNext()
15:03:04.6 (101347280)|METHOD_ENTRY|[112]||Database.QueryLocatorIterator.next()
15:03:04.6 (101392227)|METHOD_EXIT|[112]||Database.QueryLocatorIterator.next()
15:03:04.6 (101398910)|STATEMENT_EXECUTE|[113]
15:03:04.6 (101412953)|STATEMENT_EXECUTE|[114]
15:03:04.6 (101435059)|STATEMENT_EXECUTE|[120]
15:03:04.6 (101440050)|STATEMENT_EXECUTE|[121]
15:03:04.6 (101464530)|METHOD_ENTRY|[112]||Database.QueryLocatorIterator.hasNext()
15:03:04.6 (101482699)|METHOD_EXIT|[112]||Database.QueryLocatorIterator.hasNext()
15:03:04.6 (101489775)|METHOD_ENTRY|[112]||Database.QueryLocatorIterator.next()
15:03:04.6 (101530271)|METHOD_EXIT|[112]||Database.QueryLocatorIterator.next()
15:03:04.6 (101536016)|STATEMENT_EXECUTE|[113]
15:03:04.6 (101550159)|STATEMENT_EXECUTE|[115]
15:03:04.6 (101552635)|STATEMENT_EXECUTE|[116]
15:03:04.6 (101565096)|HEAP_ALLOCATE|[116]|Bytes:4
15:03:04.6 (101602400)|STATEMENT_EXECUTE|[120]
15:03:04.6 (101605102)|STATEMENT_EXECUTE|[121]
15:03:04.6 (101629279)|METHOD_ENTRY|[112]||Database.QueryLocatorIterator.hasNext()
15:03:04.6 (101648689)|METHOD_EXIT|[112]||Database.QueryLocatorIterator.hasNext()
15:03:04.6 (101655942)|METHOD_ENTRY|[112]||Database.QueryLocatorIterator.next()
15:03:04.6 (101700133)|METHOD_EXIT|[112]||Database.QueryLocatorIterator.next()
15:03:04.6 (101706867)|STATEMENT_EXECUTE|[113]
15:03:04.6 (101722367)|STATEMENT_EXECUTE|[114]
15:03:04.6 (101744780)|STATEMENT_EXECUTE|[120]
15:03:04.6 (101747158)|STATEMENT_EXECUTE|[121]
15:03:04.6 (101772947)|METHOD_ENTRY|[112]||Database.QueryLocatorIterator.hasNext()
15:03:04.6 (101792611)|METHOD_EXIT|[112]||Database.QueryLocatorIterator.hasNext()
15:03:04.6 (101799638)|METHOD_ENTRY|[112]||Database.QueryLocatorIterator.next()
15:03:04.6 (101842649)|METHOD_EXIT|[112]||Database.QueryLocatorIterator.next()
15:03:04.6 (101849078)|STATEMENT_EXECUTE|[113]
15:03:04.6 (101863776)|STATEMENT_EXECUTE|[114]
15:03:04.6 (101886902)|STATEMENT_EXECUTE|[120]
15:03:04.6 (101889492)|STATEMENT_EXECUTE|[121]
15:03:04.6 (101913503)|METHOD_ENTRY|[112]||Database.QueryLocatorIterator.hasNext()
15:03:04.6 (101931895)|METHOD_EXIT|[112]||Database.QueryLocatorIterator.hasNext()
15:03:04.6 (101938791)|METHOD_ENTRY|[112]||Database.QueryLocatorIterator.next()
15:03:04.6 (101982971)|METHOD_EXIT|[112]||Database.QueryLocatorIterator.next()
15:03:04.6 (101989526)|STATEMENT_EXECUTE|[113]
15:03:04.6 (102004819)|STATEMENT_EXECUTE|[114]
15:03:04.6 (102027315)|STATEMENT_EXECUTE|[120]
15:03:04.6 (102029869)|STATEMENT_EXECUTE|[121]
15:03:04.6 (102054309)|METHOD_ENTRY|[112]||Database.QueryLocatorIterator.hasNext()
15:03:04.6 (102073146)|METHOD_EXIT|[112]||Database.QueryLocatorIterator.hasNext()
15:03:04.6 (102080739)|METHOD_ENTRY|[112]||Database.QueryLocatorIterator.next()
15:03:04.6 (102123487)|METHOD_EXIT|[112]||Database.QueryLocatorIterator.next()
15:03:04.6 (102129877)|STATEMENT_EXECUTE|[113]
15:03:04.6 (102144693)|STATEMENT_EXECUTE|[114]
15:03:04.6 (102167275)|STATEMENT_EXECUTE|[120]
15:03:04.6 (102169629)|STATEMENT_EXECUTE|[121]
15:03:04.6 (102195419)|METHOD_ENTRY|[112]||Database.QueryLocatorIterator.hasNext()
15:03:04.6 (102216547)|METHOD_EXIT|[112]||Database.QueryLocatorIterator.hasNext()
15:03:04.6 (102223771)|METHOD_ENTRY|[112]||Database.QueryLocatorIterator.next()
15:03:04.6 (102268139)|METHOD_EXIT|[112]||Database.QueryLocatorIterator.next()
15:03:04.6 (102275555)|STATEMENT_EXECUTE|[113]
15:03:04.6 (102291184)|STATEMENT_EXECUTE|[115]
15:03:04.6 (102293887)|STATEMENT_EXECUTE|[116]
15:03:04.6 (102319180)|HEAP_ALLOCATE|[116]|Bytes:4
15:03:04.6 (102355440)|STATEMENT_EXECUTE|[120]
15:03:04.6 (102357991)|STATEMENT_EXECUTE|[121]
15:03:04.6 (102383396)|METHOD_ENTRY|[112]||Database.QueryLocatorIterator.hasNext()
15:03:04.6 (102403645)|METHOD_EXIT|[112]||Database.QueryLocatorIterator.hasNext()
15:03:04.6 (102410424)|METHOD_ENTRY|[112]||Database.QueryLocatorIterator.next()
15:03:04.6 (102455653)|METHOD_EXIT|[112]||Database.QueryLocatorIterator.next()
15:03:04.6 (102462142)|STATEMENT_EXECUTE|[113]
15:03:04.6 (102476846)|STATEMENT_EXECUTE|[114]
15:03:04.6 (102525756)|STATEMENT_EXECUTE|[120]
15:03:04.6 (102528176)|STATEMENT_EXECUTE|[121]
15:03:04.6 (102554241)|METHOD_ENTRY|[112]||Database.QueryLocatorIterator.hasNext()
15:03:04.6 (102575854)|METHOD_EXIT|[112]||Database.QueryLocatorIterator.hasNext()
15:03:04.6 (102583573)|METHOD_ENTRY|[112]||Database.QueryLocatorIterator.next()
15:03:04.6 (102629262)|METHOD_EXIT|[112]||Database.QueryLocatorIterator.next()
15:03:04.6 (102635871)|STATEMENT_EXECUTE|[113]
15:03:04.6 (102650504)|STATEMENT_EXECUTE|[114]
15:03:04.6 (102672212)|STATEMENT_EXECUTE|[120]
15:03:04.6 (102674673)|STATEMENT_EXECUTE|[121]
15:03:04.6 (102698218)|METHOD_ENTRY|[112]||Database.QueryLocatorIterator.hasNext()
15:03:04.6 (102717046)|METHOD_EXIT|[112]||Database.QueryLocatorIterator.hasNext()
15:03:04.6 (102723882)|METHOD_ENTRY|[112]||Database.QueryLocatorIterator.next()
15:03:04.6 (102766625)|METHOD_EXIT|[112]||Database.QueryLocatorIterator.next()
15:03:04.6 (102773477)|STATEMENT_EXECUTE|[113]
15:03:04.6 (102788516)|STATEMENT_EXECUTE|[114]
15:03:04.6 (102810187)|STATEMENT_EXECUTE|[120]
15:03:04.6 (102812951)|STATEMENT_EXECUTE|[121]
15:03:04.6 (102836768)|METHOD_ENTRY|[112]||Database.QueryLocatorIterator.hasNext()
15:03:04.6 (102857254)|METHOD_EXIT|[112]||Database.QueryLocatorIterator.hasNext()
15:03:04.6 (102864574)|METHOD_ENTRY|[112]||Database.QueryLocatorIterator.next()
15:03:04.6 (102907102)|METHOD_EXIT|[112]||Database.QueryLocatorIterator.next()
15:03:04.6 (102913593)|STATEMENT_EXECUTE|[113]
15:03:04.6 (102928780)|STATEMENT_EXECUTE|[114]
15:03:04.6 (102951174)|STATEMENT_EXECUTE|[120]
15:03:04.6 (102953926)|STATEMENT_EXECUTE|[121]
15:03:04.6 (102978878)|METHOD_ENTRY|[112]||Database.QueryLocatorIterator.hasNext()
15:03:04.6 (102999119)|METHOD_EXIT|[112]||Database.QueryLocatorIterator.hasNext()
15:03:04.6 (103005785)|METHOD_ENTRY|[112]||Database.QueryLocatorIterator.next()
15:03:04.6 (103050814)|METHOD_EXIT|[112]||Database.QueryLocatorIterator.next()
15:03:04.6 (103057038)|STATEMENT_EXECUTE|[113]
15:03:04.6 (103072773)|STATEMENT_EXECUTE|[114]
15:03:04.6 (103095982)|STATEMENT_EXECUTE|[120]
15:03:04.6 (103098467)|STATEMENT_EXECUTE|[121]
15:03:04.6 (103123455)|METHOD_ENTRY|[112]||Database.QueryLocatorIterator.hasNext()
15:03:04.6 (103142254)|METHOD_EXIT|[112]||Database.QueryLocatorIterator.hasNext()
15:03:04.6 (103149687)|METHOD_ENTRY|[112]||Database.QueryLocatorIterator.next()
15:03:04.6 (103192111)|METHOD_EXIT|[112]||Database.QueryLocatorIterator.next()
15:03:04.6 (103199039)|STATEMENT_EXECUTE|[113]
15:03:04.6 (103213824)|STATEMENT_EXECUTE|[114]
15:03:04.6 (103235652)|STATEMENT_EXECUTE|[120]
15:03:04.6 (103238074)|STATEMENT_EXECUTE|[121]
15:03:04.6 (103263338)|METHOD_ENTRY|[112]||Database.QueryLocatorIterator.hasNext()
15:03:04.6 (103282624)|METHOD_EXIT|[112]||Database.QueryLocatorIterator.hasNext()
15:03:04.6 (103289934)|METHOD_ENTRY|[112]||Database.QueryLocatorIterator.next()
15:03:04.6 (103344515)|METHOD_EXIT|[112]||Database.QueryLocatorIterator.next()
15:03:04.6 (103352040)|STATEMENT_EXECUTE|[113]
15:03:04.6 (103368151)|STATEMENT_EXECUTE|[114]
15:03:04.6 (103390377)|STATEMENT_EXECUTE|[120]
15:03:04.6 (103392723)|STATEMENT_EXECUTE|[121]
15:03:04.6 (103416887)|METHOD_ENTRY|[112]||Database.QueryLocatorIterator.hasNext()
15:03:04.6 (103435976)|METHOD_EXIT|[112]||Database.QueryLocatorIterator.hasNext()
15:03:04.6 (103443088)|METHOD_ENTRY|[112]||Database.QueryLocatorIterator.next()
15:03:04.6 (103485382)|METHOD_EXIT|[112]||Database.QueryLocatorIterator.next()
15:03:04.6 (103491856)|STATEMENT_EXECUTE|[113]
15:03:04.6 (103506415)|STATEMENT_EXECUTE|[114]
15:03:04.6 (103529000)|STATEMENT_EXECUTE|[120]
15:03:04.6 (103531451)|STATEMENT_EXECUTE|[121]
15:03:04.6 (103554632)|METHOD_ENTRY|[112]||Database.QueryLocatorIterator.hasNext()
15:03:04.6 (103573957)|METHOD_EXIT|[112]||Database.QueryLocatorIterator.hasNext()
15:03:04.6 (103581037)|METHOD_ENTRY|[112]||Database.QueryLocatorIterator.next()
15:03:04.6 (103622995)|METHOD_EXIT|[112]||Database.QueryLocatorIterator.next()
15:03:04.6 (103630475)|STATEMENT_EXECUTE|[113]
15:03:04.6 (103644079)|STATEMENT_EXECUTE|[114]
15:03:04.6 (103667771)|STATEMENT_EXECUTE|[120]
15:03:04.6 (103670629)|STATEMENT_EXECUTE|[121]
15:03:04.6 (103694010)|METHOD_ENTRY|[112]||Database.QueryLocatorIterator.hasNext()
15:03:04.6 (103706203)|METHOD_EXIT|[112]||Database.QueryLocatorIterator.hasNext()
15:03:04.6 (103741082)|STATEMENT_EXECUTE|[126]
15:03:04.6 (103761861)|HEAP_ALLOCATE|[159]|Bytes:8
15:03:04.6 (103785821)|STATEMENT_EXECUTE|[160]
15:03:04.6 (103799806)|HEAP_ALLOCATE|[160]|Bytes:4
15:03:04.6 (103914787)|STATEMENT_EXECUTE|[161]
15:03:04.6 (103924534)|HEAP_ALLOCATE|[161]|Bytes:4
15:03:04.6 (103964580)|STATEMENT_EXECUTE|[162]
15:03:04.6 (103982267)|HEAP_ALLOCATE|[164]|Bytes:4
15:03:04.6 (104075389)|HEAP_ALLOCATE|[164]|Bytes:88
15:03:04.6 (104101306)|HEAP_ALLOCATE|[164]|Bytes:24
15:03:04.6 (104144417)|HEAP_ALLOCATE|[164]|Bytes:5
15:03:04.6 (104167574)|STATEMENT_EXECUTE|[165]
15:03:04.6 (104170497)|STATEMENT_EXECUTE|[166]
15:03:04.6 (104313587)|HEAP_ALLOCATE|[166]|Bytes:18
15:03:04.6 (104325332)|STATEMENT_EXECUTE|[167]
15:03:04.6 (104400728)|HEAP_ALLOCATE|[167]|Bytes:15
15:03:04.6 (104430042)|STATEMENT_EXECUTE|[168]
15:03:04.6 (104467857)|HEAP_ALLOCATE|[168]|Bytes:15
15:03:04.6 (104502939)|HEAP_ALLOCATE|[164]|Bytes:5
15:03:04.6 (104519476)|STATEMENT_EXECUTE|[165]
15:03:04.6 (104522197)|STATEMENT_EXECUTE|[166]
15:03:04.6 (104542756)|HEAP_ALLOCATE|[166]|Bytes:18
15:03:04.6 (104549747)|STATEMENT_EXECUTE|[167]
15:03:04.6 (104571120)|HEAP_ALLOCATE|[167]|Bytes:15
15:03:04.6 (104591128)|STATEMENT_EXECUTE|[168]
15:03:04.6 (104609711)|HEAP_ALLOCATE|[168]|Bytes:15
15:03:04.6 (104636101)|HEAP_ALLOCATE|[164]|Bytes:5
15:03:04.6 (104671258)|STATEMENT_EXECUTE|[165]
15:03:04.6 (104673872)|STATEMENT_EXECUTE|[166]
15:03:04.6 (104690452)|HEAP_ALLOCATE|[166]|Bytes:18
15:03:04.6 (104697018)|STATEMENT_EXECUTE|[167]
15:03:04.6 (104716551)|HEAP_ALLOCATE|[167]|Bytes:15
15:03:04.6 (104735970)|STATEMENT_EXECUTE|[168]
15:03:04.6 (104754045)|HEAP_ALLOCATE|[168]|Bytes:15
15:03:04.6 (104780401)|HEAP_ALLOCATE|[164]|Bytes:5
15:03:04.6 (104793762)|STATEMENT_EXECUTE|[165]
15:03:04.6 (104796127)|STATEMENT_EXECUTE|[166]
15:03:04.6 (104812267)|HEAP_ALLOCATE|[166]|Bytes:18
15:03:04.6 (104817933)|STATEMENT_EXECUTE|[167]
15:03:04.6 (104836740)|HEAP_ALLOCATE|[167]|Bytes:15
15:03:04.6 (104856715)|STATEMENT_EXECUTE|[168]
15:03:04.6 (104875150)|HEAP_ALLOCATE|[168]|Bytes:15
15:03:04.6 (104900283)|HEAP_ALLOCATE|[164]|Bytes:5
15:03:04.6 (104911654)|STATEMENT_EXECUTE|[165]
15:03:04.6 (104914016)|STATEMENT_EXECUTE|[166]
15:03:04.6 (104929431)|HEAP_ALLOCATE|[166]|Bytes:18
15:03:04.6 (104935309)|STATEMENT_EXECUTE|[167]
15:03:04.6 (104953600)|HEAP_ALLOCATE|[167]|Bytes:15
15:03:04.6 (104973695)|STATEMENT_EXECUTE|[168]
15:03:04.6 (104991540)|HEAP_ALLOCATE|[168]|Bytes:15
15:03:04.6 (105016831)|HEAP_ALLOCATE|[164]|Bytes:5
15:03:04.6 (105029658)|STATEMENT_EXECUTE|[165]
15:03:04.6 (105032235)|STATEMENT_EXECUTE|[166]
15:03:04.6 (105070700)|HEAP_ALLOCATE|[166]|Bytes:18
15:03:04.6 (105077667)|STATEMENT_EXECUTE|[167]
15:03:04.6 (105097471)|HEAP_ALLOCATE|[167]|Bytes:15
15:03:04.6 (105117411)|STATEMENT_EXECUTE|[168]
15:03:04.6 (105135180)|HEAP_ALLOCATE|[168]|Bytes:15
15:03:04.6 (105161090)|HEAP_ALLOCATE|[164]|Bytes:5
15:03:04.6 (105173291)|STATEMENT_EXECUTE|[172]
15:03:04.6 (105232378)|STATEMENT_EXECUTE|[173]
15:03:04.6 (105308795)|METHOD_ENTRY|[173]|01p57000001HcLD|NuevoContratoController.recalcularDirecciones()
15:03:04.6 (105344730)|HEAP_ALLOCATE|[912]|Bytes:5
15:03:04.6 (105351522)|STATEMENT_EXECUTE|[911]
15:03:04.6 (105358952)|STATEMENT_EXECUTE|[917]
15:03:04.6 (105412661)|STATEMENT_EXECUTE|[918]
15:03:04.6 (105421958)|METHOD_EXIT|[173]|01p57000001HcLD|NuevoContratoController.recalcularDirecciones()
15:03:04.6 (105460961)|STATEMENT_EXECUTE|[330]
15:03:04.6 (105463649)|STATEMENT_EXECUTE|[331]
15:03:04.6 (105467774)|HEAP_ALLOCATE|[331]|Bytes:15
15:03:04.6 (105503955)|USER_DEBUG|[331]|DEBUG|DUPLICAR TARIFA
15:03:04.6 (105516921)|STATEMENT_EXECUTE|[332]
15:03:04.6 (105521499)|STATEMENT_EXECUTE|[333]
15:03:04.6 (105563945)|HEAP_ALLOCATE|[333]|Bytes:4
15:03:04.6 (105745074)|STATEMENT_EXECUTE|[334]
15:03:04.6 (105787607)|HEAP_ALLOCATE|[334]|Bytes:4
15:03:04.6 (105889512)|HEAP_ALLOCATE|[335]|Bytes:2316
15:03:04.6 (105906226)|HEAP_ALLOCATE|[335]|Bytes:4
15:03:04.6 (105915785)|HEAP_ALLOCATE|[335]|Bytes:7
15:03:04.6 (117029375)|SOQL_EXECUTE_BEGIN|[335]|Aggregations:0|SELECT Id, OwnerExpirationNotice, SpecialTerms, Description, ShippingAddress, BillingAddress, ContractTerm, Status, ActivatedDate, CompanySignedDate, CustomerSignedDate, StartDate, EndDate, AccountId, Name, ContractNumber, OwnerId, RecordTypeId, CustomerSignedTitle, Altitud__c, Aportaci_n_al_cliente__c, Aportacion_maxima_interior__c, Caldera__c, Capacidad_tanque__c, CIF__c, Cod_forma_de_pago__c, Cod_forma_pago_servicios__c, Cod_tarifa__c, Cod_terminos_de_pago__c, Cod_terminos_pago_servicios__c, Cod_dia_de_pago__c, Consumo_previsto_GWh__c, Consumo_previsto_tons__c, Contrato_anterior__c, Coste_resolucion_anticipada__c, dcm_propano1__c, dcm_propano2__c, dcm_propano3__c, dcm_propano4__c, Direccion_de_entrega__c, dp_cad_min1__c, dp_cad_min2__c, dp_cad_min3__c, dp_cad_min4__c, dp_cad_min5__c, dp_cad_min6__c, dto_Kg_1__c, dto_Kg_2__c, dto_Kg_3__c, dto_Kg_4__c, dto_Kg_5__c, dto_Kg_6__c, dto_a_o_1__c, dto_a_o_2__c, dto_a_o_3__c, dto_a_o_4__c, Duracion_contrato_en_toneladas__c, Duraci_n_contrato_GWh__c, e_mail__c, Entrega_de_producto__c, Error_Sync__c, Fecha_prevista_1er_llenado__c, Fecha_prevista_obra_civil__c, Fecha_ltima_Sync__c, IBAN__c, Id_Navision__c, Importe_alquiler_contador__c, Importe_contador_nuevo__c, Importe_derechos_acometida__c, Importe_inspecci_n_quinquenal__c, Importe_modalidad_instalacion__c, Importe_prima__c, Importe_prima_por_tonelada__c, Importe_reenganche__c, Importe_SAU__c, Importe_t_rmino_fijo__c, Inertizado_Dep_Cliente__c, Inversion_no_recuperable__c, Inversion_recuperable__c, Modalidad_de_instalaci_n__c, Motivo_de_renovacion__c, Nombre_cliente__c, N_mero_de_vaporizadores__c, N_fax__c, N_telefono__c, N_telefono_movil__c, Oportunidad__c, Origen__c, Origen_tipo_de_cliente__c, Perfil_base__c, Perfil_de_consumo__c, Prescriptor__c, Prescriptor_no_en_BD__c, Producto_contratado__c, Rentabilidad_prevista__c, Segmento_1__c, Segmento_2__c, Servicios__c, Estado_2__c, Subcontratista__C, SWI__c, Tipo_camion__c, Tipo_de_tanque__c, TP_tipo_instalacion__c, Uso__c, Vaporizaci_n_Nm3h__c, Tarifa__c, BillingStreet, BillingCity, BillingState, BillingCountry, BillingPostalCode, OldCustomerNavCode__c, OldShiptoCode__c, Ultima_lectura_de_contador__c, Direccion_de_entrega__r.Id_Navision__c, Account.Id_Navision__c, Account.Segmento1__c, Tanque_propio__c FROM Contract WHERE Id = :tmpVar1
15:03:04.6 (162760961)|SOQL_EXECUTE_EXPLAIN|[335]|No explain plan is available
15:03:04.6 (162783041)|SOQL_EXECUTE_END|[335]|Rows:1
15:03:04.6 (162849156)|HEAP_ALLOCATE|[335]|Bytes:8
15:03:04.6 (162938451)|HEAP_ALLOCATE|[335]|Bytes:1866
15:03:04.6 (163022895)|HEAP_ALLOCATE|[335]|Bytes:8
15:03:04.6 (163074322)|HEAP_ALLOCATE|[334]|Bytes:200
15:03:04.6 (163082127)|HEAP_ALLOCATE|[334]|Bytes:200
15:03:04.6 (163087745)|HEAP_ALLOCATE|[334]|Bytes:4
15:03:04.6 (163159453)|STATEMENT_EXECUTE|[355]
15:03:04.6 (163163867)|STATEMENT_EXECUTE|[356]
15:03:04.6 (163254604)|STATEMENT_EXECUTE|[359]
15:03:04.6 (163365509)|STATEMENT_EXECUTE|[363]
15:03:04.6 (163368626)|STATEMENT_EXECUTE|[364]
15:03:04.6 (163414013)|HEAP_ALLOCATE|[364]|Bytes:4
15:03:04.6 (163523434)|HEAP_ALLOCATE|[365]|Bytes:145
15:03:04.6 (163543519)|HEAP_ALLOCATE|[365]|Bytes:4
15:03:04.6 (164036314)|SOQL_EXECUTE_BEGIN|[365]|Aggregations:0|SELECT Id, Status_baja__c, Motivo_baja__c, Estado_baja__c, Detalles_baja__c, Fecha_baja__c, Fecha_cierre_baja__c FROM Account WHERE Id = :tmpVar1
15:03:04.6 (169082861)|SOQL_EXECUTE_EXPLAIN|[365]|Index on Account : [Id], cardinality: 1, sobjectCardinality: 39674, relativeCost 0
15:03:04.6 (169101425)|SOQL_EXECUTE_END|[365]|Rows:1
15:03:04.6 (169137596)|HEAP_ALLOCATE|[365]|Bytes:8
15:03:04.6 (169177555)|HEAP_ALLOCATE|[365]|Bytes:63
15:03:04.6 (169239733)|HEAP_ALLOCATE|[365]|Bytes:8
15:03:04.6 (169316578)|HEAP_ALLOCATE|[364]|Bytes:12
15:03:04.6 (169324917)|HEAP_ALLOCATE|[364]|Bytes:12
15:03:04.6 (169332099)|HEAP_ALLOCATE|[364]|Bytes:4
15:03:04.6 (169413385)|STATEMENT_EXECUTE|[370]
15:03:04.6 (169417511)|STATEMENT_EXECUTE|[371]
15:03:04.6 (169560416)|HEAP_ALLOCATE|[93]|Bytes:5
15:03:04.6 (169570630)|STATEMENT_EXECUTE|[92]
15:03:04.6 (169578286)|STATEMENT_EXECUTE|[94]
15:03:04.6 (169581333)|STATEMENT_EXECUTE|[95]
15:03:04.6 (169633976)|HEAP_ALLOCATE|[95]|Bytes:293
15:03:04.6 (169699529)|HEAP_ALLOCATE|[95]|Bytes:270
15:03:04.6 (169806927)|STATEMENT_EXECUTE|[102]
15:03:04.6 (169810596)|STATEMENT_EXECUTE|[103]
15:03:04.6 (169883352)|HEAP_ALLOCATE|[103]|Bytes:5
15:03:04.6 (169896254)|STATEMENT_EXECUTE|[106]
15:03:04.6 (169918986)|STATEMENT_EXECUTE|[376]
15:03:04.6 (169922072)|STATEMENT_EXECUTE|[377]
15:03:04.6 (170537257)|HEAP_ALLOCATE|[377]|Bytes:1815
15:03:04.6 (170555588)|HEAP_ALLOCATE|[377]|Bytes:192
15:03:04.6 (170623400)|STATEMENT_EXECUTE|[380]
15:03:04.6 (170878819)|HEAP_ALLOCATE|[380]|Bytes:-4
15:03:04.6 (170891661)|STATEMENT_EXECUTE|[381]
15:03:04.6 (170988354)|STATEMENT_EXECUTE|[382]
15:03:04.6 (171098243)|STATEMENT_EXECUTE|[385]
15:03:04.6 (171145596)|HEAP_ALLOCATE|[385]|Bytes:18
15:03:04.6 (171158721)|STATEMENT_EXECUTE|[386]
15:03:04.6 (171286383)|STATEMENT_EXECUTE|[389]
15:03:04.6 (171289490)|STATEMENT_EXECUTE|[390]
15:03:04.6 (171336550)|HEAP_ALLOCATE|[390]|Bytes:15
15:03:04.6 (171376389)|STATEMENT_EXECUTE|[394]
15:03:04.6 (171440946)|HEAP_ALLOCATE|[109]|Bytes:5
15:03:04.6 (171449215)|STATEMENT_EXECUTE|[108]
15:03:04.6 (171454830)|STATEMENT_EXECUTE|[109]
15:03:04.6 (171457400)|STATEMENT_EXECUTE|[126]
15:03:04.6 (171487770)|HEAP_ALLOCATE|[397]|Bytes:13
15:03:04.6 (171563476)|STATEMENT_EXECUTE|[397]
15:03:04.6 (171566422)|STATEMENT_EXECUTE|[419]
15:03:04.6 (171592374)|HEAP_ALLOCATE|[419]|Bytes:18
15:03:04.6 (171624144)|STATEMENT_EXECUTE|[420]
15:03:04.6 (171740865)|STATEMENT_EXECUTE|[423]
15:03:04.6 (171747215)|HEAP_ALLOCATE|[423]|Bytes:8
15:03:04.6 (171839973)|STATEMENT_EXECUTE|[424]
15:03:04.6 (171896158)|STATEMENT_EXECUTE|[425]
15:03:04.6 (171933365)|STATEMENT_EXECUTE|[426]
15:03:04.6 (171938900)|HEAP_ALLOCATE|[426]|Bytes:13
15:03:04.6 (172008561)|HEAP_ALLOCATE|[426]|Bytes:-4
15:03:04.6 (172017573)|STATEMENT_EXECUTE|[427]
15:03:04.6 (172101712)|STATEMENT_EXECUTE|[430]
15:03:04.6 (172137065)|HEAP_ALLOCATE|[430]|Bytes:4
15:03:04.6 (172379974)|STATEMENT_EXECUTE|[431]
15:03:04.6 (172403993)|HEAP_ALLOCATE|[431]|Bytes:4
15:03:04.6 (172597177)|STATEMENT_EXECUTE|[434]
15:03:04.6 (172601134)|STATEMENT_EXECUTE|[435]
15:03:04.6 (172615187)|HEAP_ALLOCATE|[435]|Bytes:4
15:03:04.6 (172670035)|HEAP_ALLOCATE|[436]|Bytes:191
15:03:04.6 (172691897)|HEAP_ALLOCATE|[436]|Bytes:4
15:03:04.6 (173617008)|SOQL_EXECUTE_BEGIN|[436]|Aggregations:0|SELECT Id, Name, cuenta__r.Name, Pais__c, Provincia__c, Codigo_Postal__c, Tipo_de_camion__c, Direccion__c, Direccion_2__c, Poblacion__c FROM Direcci_n_de_entrega__c WHERE cuenta__c = :tmpVar1
15:03:04.6 (193671418)|SOQL_EXECUTE_EXPLAIN|[436]|No explain plan is available
15:03:04.6 (193695302)|SOQL_EXECUTE_END|[436]|Rows:1
15:03:04.6 (193746096)|HEAP_ALLOCATE|[436]|Bytes:8
15:03:04.6 (193828555)|HEAP_ALLOCATE|[436]|Bytes:350
15:03:04.6 (193895473)|HEAP_ALLOCATE|[436]|Bytes:8
15:03:04.6 (193960308)|HEAP_ALLOCATE|[435]|Bytes:44
15:03:04.6 (193968359)|HEAP_ALLOCATE|[435]|Bytes:44
15:03:04.6 (193975188)|HEAP_ALLOCATE|[435]|Bytes:4
15:03:04.6 (194044200)|STATEMENT_EXECUTE|[440]
15:03:04.6 (194065971)|HEAP_ALLOCATE|[440]|Bytes:4
15:03:04.6 (194415530)|HEAP_ALLOCATE|[442]|Bytes:5
15:03:04.6 (194458021)|STATEMENT_EXECUTE|[443]
15:03:04.6 (194461426)|STATEMENT_EXECUTE|[444]
15:03:04.6 (194515607)|HEAP_ALLOCATE|[444]|Bytes:288
15:03:04.6 (194524496)|HEAP_ALLOCATE|[444]|Bytes:35
15:03:04.6 (194545033)|HEAP_ALLOCATE|[444]|Bytes:48
15:03:04.6 (194697622)|CONSTRUCTOR_ENTRY|[444]|01p57000001HcLD|<init>(Direcci_n_de_entrega__c)|NuevoContratoController.DireccionEntrega
15:03:04.6 (194708787)|STATEMENT_EXECUTE|[5]
15:03:04.6 (194711004)|STATEMENT_EXECUTE|[7]
15:03:04.6 (194713126)|STATEMENT_EXECUTE|[8]
15:03:04.6 (194714874)|STATEMENT_EXECUTE|[9]
15:03:04.6 (194716751)|STATEMENT_EXECUTE|[10]
15:03:04.6 (194718833)|STATEMENT_EXECUTE|[11]
15:03:04.6 (194720686)|STATEMENT_EXECUTE|[12]
15:03:04.6 (194722667)|STATEMENT_EXECUTE|[13]
15:03:04.6 (194724414)|STATEMENT_EXECUTE|[14]
15:03:04.6 (194726153)|STATEMENT_EXECUTE|[15]
15:03:04.6 (194728031)|STATEMENT_EXECUTE|[16]
15:03:04.6 (194730114)|STATEMENT_EXECUTE|[17]
15:03:04.6 (194746321)|STATEMENT_EXECUTE|[26]
15:03:04.6 (194748272)|STATEMENT_EXECUTE|[27]
15:03:04.6 (194816609)|HEAP_ALLOCATE|[7]|Bytes:5
15:03:04.6 (194826576)|STATEMENT_EXECUTE|[28]
15:03:04.6 (194846327)|HEAP_ALLOCATE|[8]|Bytes:5
15:03:04.6 (194880213)|STATEMENT_EXECUTE|[29]
15:03:04.6 (194912613)|STATEMENT_EXECUTE|[30]
15:03:04.6 (194979967)|HEAP_ALLOCATE|[30]|Bytes:18
15:03:04.6 (195019373)|STATEMENT_EXECUTE|[31]
15:03:04.6 (195071351)|STATEMENT_EXECUTE|[32]
15:03:04.6 (195105656)|STATEMENT_EXECUTE|[33]
15:03:04.6 (195161984)|STATEMENT_EXECUTE|[34]
15:03:04.6 (195237861)|STATEMENT_EXECUTE|[35]
15:03:04.6 (195279522)|STATEMENT_EXECUTE|[36]
15:03:04.6 (195896924)|STATEMENT_EXECUTE|[37]
15:03:04.6 (196272249)|CONSTRUCTOR_EXIT|[444]|01p57000001HcLD|<init>(Direcci_n_de_entrega__c)|NuevoContratoController.DireccionEntrega
15:03:04.6 (196324466)|STATEMENT_EXECUTE|[445]
15:03:04.6 (196447830)|HEAP_ALLOCATE|[442]|Bytes:5
15:03:04.6 (196470757)|STATEMENT_EXECUTE|[448]
15:03:04.6 (196481046)|HEAP_ALLOCATE|[448]|Bytes:48
15:03:04.6 (196496971)|CONSTRUCTOR_ENTRY|[448]|01p57000001HcLD|<init>()|NuevoContratoController.DireccionEntrega
15:03:04.6 (196526530)|STATEMENT_EXECUTE|[5]
15:03:04.6 (196551780)|STATEMENT_EXECUTE|[7]
15:03:04.6 (196554853)|STATEMENT_EXECUTE|[8]
15:03:04.6 (196557113)|STATEMENT_EXECUTE|[9]
15:03:04.6 (196559709)|STATEMENT_EXECUTE|[10]
15:03:04.6 (196562245)|STATEMENT_EXECUTE|[11]
15:03:04.6 (196564667)|STATEMENT_EXECUTE|[12]
15:03:04.6 (196567361)|STATEMENT_EXECUTE|[13]
15:03:04.6 (196569927)|STATEMENT_EXECUTE|[14]
15:03:04.6 (196572269)|STATEMENT_EXECUTE|[15]
15:03:04.6 (196574881)|STATEMENT_EXECUTE|[16]
15:03:04.6 (196577480)|STATEMENT_EXECUTE|[17]
15:03:04.6 (196597771)|STATEMENT_EXECUTE|[20]
15:03:04.6 (196601261)|STATEMENT_EXECUTE|[21]
15:03:04.6 (196629240)|HEAP_ALLOCATE|[7]|Bytes:5
15:03:04.6 (196641466)|STATEMENT_EXECUTE|[22]
15:03:04.6 (196658822)|HEAP_ALLOCATE|[8]|Bytes:5
15:03:04.6 (196764081)|CONSTRUCTOR_EXIT|[448]|01p57000001HcLD|<init>()|NuevoContratoController.DireccionEntrega
15:03:04.6 (196850165)|STATEMENT_EXECUTE|[452]
15:03:04.6 (196853622)|STATEMENT_EXECUTE|[453]
15:03:04.6 (196895069)|STATEMENT_EXECUTE|[455]
15:03:04.6 (196928137)|HEAP_ALLOCATE|[7]|Bytes:5
15:03:04.6 (196939637)|STATEMENT_EXECUTE|[456]
15:03:04.6 (196997078)|SYSTEM_MODE_EXIT|false
15:03:04.202 (202986385)|SYSTEM_MODE_ENTER|true
15:03:04.202 (203056678)|HEAP_ALLOCATE|[EXTERNAL]|Bytes:38
15:03:04.202 (203066392)|HEAP_ALLOCATE|[EXTERNAL]|Bytes:7
15:03:04.203 (203269253)|SYSTEM_MODE_ENTER|true
15:03:04.203 (203352152)|HEAP_ALLOCATE|[EXTERNAL]|Bytes:8
15:03:04.203 (203571140)|SYSTEM_MODE_ENTER|true
15:03:04.203 (203614852)|HEAP_ALLOCATE|[EXTERNAL]|Bytes:8
15:03:04.6 (204846230)|SYSTEM_MODE_ENTER|true
15:03:04.6 (204893017)|HEAP_ALLOCATE|[EXTERNAL]|Bytes:108
15:03:04.6 (204910128)|SYSTEM_MODE_ENTER|false
15:03:04.6 (204918322)|HEAP_ALLOCATE|[93]|Bytes:5
15:03:04.6 (204924795)|STATEMENT_EXECUTE|[92]
15:03:04.6 (204928809)|STATEMENT_EXECUTE|[93]
15:03:04.6 (204931377)|STATEMENT_EXECUTE|[106]
15:03:04.6 (204935293)|SYSTEM_MODE_EXIT|false
15:03:04.6 (205078494)|SYSTEM_MODE_ENTER|true
15:03:04.6 (205109541)|HEAP_ALLOCATE|[EXTERNAL]|Bytes:108
15:03:04.6 (205121261)|SYSTEM_MODE_ENTER|false
15:03:04.6 (205151588)|HEAP_ALLOCATE|[114]|Bytes:5
15:03:04.6 (205157795)|STATEMENT_EXECUTE|[113]
15:03:04.6 (205165972)|STATEMENT_EXECUTE|[115]
15:03:04.6 (205168466)|STATEMENT_EXECUTE|[116]
15:03:04.6 (205225500)|HEAP_ALLOCATE|[116]|Bytes:293
15:03:04.6 (205288287)|HEAP_ALLOCATE|[116]|Bytes:270
15:03:04.6 (205343764)|STATEMENT_EXECUTE|[117]
15:03:04.6 (205372156)|HEAP_ALLOCATE|[117]|Bytes:293
15:03:04.6 (205403089)|HEAP_ALLOCATE|[117]|Bytes:270
15:03:04.6 (205438194)|STATEMENT_EXECUTE|[120]
15:03:04.6 (205440877)|STATEMENT_EXECUTE|[121]
15:03:04.6 (205448079)|HEAP_ALLOCATE|[121]|Bytes:5
15:03:04.6 (205457792)|STATEMENT_EXECUTE|[128]
15:03:04.6 (205465055)|SYSTEM_MODE_EXIT|false
15:03:04.6 (205616920)|SYSTEM_MODE_ENTER|true
15:03:04.6 (205654432)|HEAP_ALLOCATE|[EXTERNAL]|Bytes:108
15:03:04.6 (205669056)|SYSTEM_MODE_ENTER|false
15:03:04.6 (205676092)|HEAP_ALLOCATE|[74]|Bytes:5
15:03:04.6 (205680414)|STATEMENT_EXECUTE|[73]
15:03:04.6 (205686124)|STATEMENT_EXECUTE|[75]
15:03:04.6 (205688518)|STATEMENT_EXECUTE|[76]
15:03:04.6 (205716807)|HEAP_ALLOCATE|[76]|Bytes:293
15:03:04.6 (205749644)|HEAP_ALLOCATE|[76]|Bytes:270
15:03:04.6 (205815244)|STATEMENT_EXECUTE|[79]
15:03:04.6 (205817482)|STATEMENT_EXECUTE|[80]
15:03:04.6 (205822675)|HEAP_ALLOCATE|[80]|Bytes:5
15:03:04.6 (205829330)|STATEMENT_EXECUTE|[87]
15:03:04.6 (205834396)|SYSTEM_MODE_EXIT|false
15:03:04.6 (207917902)|SYSTEM_MODE_ENTER|true
15:03:04.6 (225431544)|SYSTEM_MODE_ENTER|true
15:03:04.6 (225578149)|SYSTEM_MODE_ENTER|true
15:03:04.6 (225619706)|HEAP_ALLOCATE|[EXTERNAL]|Bytes:12
15:03:04.6 (226432994)|SYSTEM_MODE_ENTER|true
15:03:04.397 (397870625)|SYSTEM_MODE_ENTER|true
15:03:04.397 (397988283)|HEAP_ALLOCATE|[EXTERNAL]|Bytes:8
15:03:04.398 (398178767)|SYSTEM_MODE_ENTER|true
15:03:04.398 (398232779)|HEAP_ALLOCATE|[EXTERNAL]|Bytes:8
15:03:04.6 (712908970)|SYSTEM_MODE_ENTER|true
15:03:04.6 (719156342)|VF_SERIALIZE_VIEWSTATE_BEGIN|06657000000kzPX
15:03:04.6 (728674003)|VF_SERIALIZE_VIEWSTATE_END
15:03:04.921 (921623302)|CUMULATIVE_LIMIT_USAGE
15:03:04.921 (921623302)|LIMIT_USAGE_FOR_NS|(default)|
  Number of SOQL queries: 4 out of 100
  Number of query rows: 39 out of 50000
  Number of SOSL queries: 0 out of 20
  Number of DML statements: 0 out of 150
  Number of Publish Immediate DML: 0 out of 150
  Number of DML rows: 0 out of 10000
  Maximum CPU time: 0 out of 10000
  Maximum heap size: 0 out of 6000000
  Number of callouts: 0 out of 100
  Number of Email Invocations: 0 out of 10
  Number of future calls: 0 out of 50
  Number of queueable jobs added to the queue: 0 out of 50
  Number of Mobile Apex push calls: 0 out of 10

15:03:04.921 (921623302)|CUMULATIVE_LIMIT_USAGE_END

15:03:04.6 (921982734)|CODE_UNIT_FINISHED|VF: /apex/NuevoContrato
15:03:04.6 (922003025)|EXECUTION_FINISHED
