31.0 APEX_CODE,FINE;APEX_PROFILING,NONE;CALLOUT,INFO;DB,NONE;NBA,INFO;SYSTEM,NONE;VALIDATION,NONE;VISUALFORCE,FINE;WAVE,NONE;WORKFLOW,NONE
11:51:47.0 (125166)|USER_INFO|[EXTERNAL]|0052p000008i9TA|n.gonzalez@blackbirdcrew.com.pre|hora estándar de Europa central|GMT+02:00
11:51:47.0 (205153)|EXECUTION_STARTED
11:51:47.0 (213212)|CODE_UNIT_STARTED|[EXTERNAL]|TRIGGERS
11:51:47.0 (254220)|CODE_UNIT_STARTED|[EXTERNAL]|01q57000000g1Lq|ContractTrigger on Contract trigger event BeforeUpdate|__sfdc_trigger/ContractTrigger
11:51:47.0 (1943654)|USER_DEBUG|[3]|DEBUG|**** Contract Trigger ****
11:51:47.0 (4305655)|METHOD_ENTRY|[6]|01p57000001HcLT|TriggerFactory.TriggerFactory()
11:51:47.0 (4352045)|METHOD_EXIT|[6]|TriggerFactory
11:51:47.0 (4427471)|METHOD_ENTRY|[4]|01p57000001HcLT|TriggerFactory.createHandler(Schema.SObjectType)
11:51:47.0 (14539572)|METHOD_ENTRY|[1]|01p57000001lFxx|Util.Util()
11:51:47.0 (15355167)|METHOD_EXIT|[1]|Util
11:51:47.0 (26332019)|METHOD_ENTRY|[27]|01p57000001HcLT|TriggerFactory.getHandler(Configuration_Switch__mdt, String)
11:51:47.0 (28068943)|SYSTEM_METHOD_ENTRY|[1]|Type.Type()
11:51:47.0 (28101366)|SYSTEM_METHOD_EXIT|[1]|Type
11:51:47.0 (28122869)|METHOD_ENTRY|[112]||System.Type.forName(String)
11:51:47.0 (32435708)|METHOD_EXIT|[112]||System.Type.forName(String)
11:51:47.0 (32481417)|METHOD_ENTRY|[119]||System.Type.newInstance()
11:51:47.0 (32617379)|METHOD_ENTRY|[5]|01p57000001HcKv|ContractHandler.ContractHandler()
11:51:47.0 (32631394)|METHOD_EXIT|[5]|ContractHandler
11:51:47.0 (32913068)|METHOD_EXIT|[119]||System.Type.newInstance()
11:51:47.0 (34318808)|METHOD_EXIT|[27]|01p57000001HcLT|TriggerFactory.getHandler(Configuration_Switch__mdt, String)
11:51:47.0 (34372953)|METHOD_ENTRY|[33]|01p57000001HcLT|TriggerFactory.execute(ITrigger)
11:51:47.0 (34624345)|METHOD_ENTRY|[51]|01p57000001HcKv|ContractHandler.bulkBefore(List<SObject>, Map<Id,SObject>)
11:51:47.0 (41485959)|METHOD_ENTRY|[1]|01p57000001HcKw|ContractUtil.ContractUtil()
11:51:47.0 (42528486)|METHOD_EXIT|[1]|ContractUtil
11:51:47.0 (42656171)|METHOD_ENTRY|[23]|01p57000001HcKw|ContractUtil.loadData(List<Contract>, Map<String,Contract>)
11:51:47.0 (106622812)|USER_DEBUG|[51]|DEBUG|## before loadData BEFORE newList: (Contract:{Id=8003L0000004ToWQAU, AccountId=0013L00000KN807QAD, OwnerExpirationNotice=null, StartDate=2022-09-27 00:00:00, EndDate=null, BillingStreet=null, BillingCity=null, BillingState=null, BillingPostalCode=null, BillingCountry=null, BillingLatitude=null, BillingLongitude=null, BillingGeocodeAccuracy=null, ShippingStreet=null, ShippingCity=null, ShippingState=null, ShippingPostalCode=null, ShippingCountry=null, ShippingLatitude=null, ShippingLongitude=null, ShippingGeocodeAccuracy=null, ContractTerm=null, OwnerId=0052p000008i9TAAAY, Status=Activado, CompanySignedId=0052p000008i9TAAAY, CompanySignedDate=null, CustomerSignedId=0032p00002iq6imAAA, CustomerSignedTitle=null, CustomerSignedDate=2022-09-30 00:00:00, SpecialTerms=null, ActivatedById=0052p000008i9TAAAY, ActivatedDate=2022-09-23 09:41:57, StatusCode=Activated, Description=null, RecordTypeId=012D00000003GZhIAM, Name=null, IsDeleted=false, ContractNumber=00046302, LastApprovedDate=null, CreatedDate=2022-09-23 09:36:10, CreatedById=0052p000008i9TAAAY, LastModifiedDate=2022-09-23 09:41:57, LastModifiedById=0052p000008i9TAAAY, SystemModstamp=2022-09-23 09:41:57, LastActivityDate=null, LastViewedDate=null, LastReferencedDate=null, Comarca__c=null, Territorio__c=null, N_cliente_existente__c=null, N_telefono__c=null, N_telefono_movil__c=922222222, N_fax__c=null, Cod_tarifa__c=null, Cod_forma_de_pago__c=PAGARÉ, Cod_terminos_de_pago__c=200, Cod_dia_de_pago__c=1, Duracion_contrato_en_toneladas__c=null, Consumo_previsto_Kgs__c=null, Coste_resolucion_anticipada__c=null, Producto_contratado__c=null, Prescriptor__c=null, Segmento__c=1200-AGRI, Importe_prima__c=null, Importe_prima_por_tonelada__c=null, Numero_de_contrato_app__c=null, Rentabilidad_prevista__c=null, dp_cad_min1__c=null, dp_cad_min2__c=null, dp_cad_min3__c=null, SWI__c=null, IBAN__c=null, CIF__c=35681619V, Nombre_cliente__c=null, e_mail__c=null, Cod_CNAE__c=null, Entrega_de_producto__c=null, Origen__c=Instalador, Origen_tipo_de_cliente__c=Nueva Creación, Perfil_de_consumo__c=null, Cod_forma_pago_servicios__c=CHEQUE, Cod_terminos_pago_servicios__c=200, dp_cad_min4__c=null, dp_cad_min5__c=null, dp_cad_min6__c=null, dto_Kg_1__c=null, dto_Kg_2__c=null, dto_Kg_3__c=null, dto_Kg_4__c=null, dto_Kg_5__c=null, dto_Kg_6__c=null, dcm_propano1__c=null, dcm_propano2__c=null, dcm_propano3__c=null, dcm_propano4__c=null, dto_a_o_1__c=null, dto_a_o_2__c=null, dto_a_o_3__c=null, dto_a_o_4__c=null, Cobertura_movil__c=false, Tipo_de_tanque__c=Aereo, Capacidad_tanque__c=10, Tipo__c=null, Tipo_camion__c=null, Perfil_base__c=null, Fecha_prevista_1er_llenado__c=2022-09-30 00:00:00, Fecha_prevista_obra_civil__c=2022-09-09 00:00:00, TP_tipo_instalacion__c=null, Importe_modalidad_instalacion__c=null, Altitud__c=null, Proyecto_exterior_importe__c=null, Aportaci_n_al_cliente__c=null, Obra_civil_deposito_importe__c=null, Canalizado_promotor__c=null, Obra_civil_zanjas_importe__c=null, Carburante__c=false, Obra_civil_vallado_importe__c=null, Consumo_previsto_GWh__c=10.0, ECD_grua_importe__c=null, Consumo_previsto_tons__c=null, Gestion_instalacion_importe__c=null, Contrato_anterior__c=null, Conexion_gas_red_ext_importe__c=null, Coste_resolucion_anticipada_MWh__c=null, Prueba_instalacion_importe__c=null, Coste_resolucion_anticipada_toneladas__c=null, LI_legaliz_inst_ext_importe__c=null, LI_extintores_importe__c=null, Direccion_de_entrega__c=a003L000003VuPRQA0, Duraci_n_contrato_GWh__c=null, Proyecto_interior_importe__c=null, Duraci_n_del_contrato_a_os__c=1, Conexion_certificado_interior_importe__c=null, Error_Sync__c=false, Contadores_importe__c=null, Estado_2__c=Cambio titular, Otros_exterior__c=null, Aportacion_maxima_interior__c=null, Caldera__c=null, Inertizado_Dep_Cliente__c=null, Inversion_recuperable__c=null, Inversion_no_recuperable__c=null, Oportunidad__c=null, Modalidad_de_instalaci_n__c=Modular, Otros_interior_importe__c=null, Compraventa_minima_en_kg__c=null, Fecha_ltima_Sync__c=null, Id_Navision__c=null, Importe_SAU__c=null, Importe_alquiler_contador__c=null, Importe_contador_nuevo__c=null, Importe_dep_sito__c=null, Importe_derechos_acometida__c=null, Importe_derechos_de_alta__c=null, Importe_equipos__c=null, Importe_forfait__c=null, Importe_gesti_n_contrato__c=null, Importe_inspecci_n_quinquenal__c=null, Importe_instalaci_n_exterior__c=null, Importe_instalaci_n_interior__c=null, Importe_obra_Civil__c=null, Importe_proyectos__c=null, Importe_reenganche__c=null, Importe_servicios__c=null, Importe_t_rmino_fijo__c=null, Motivo_de_renovacion__c=null, N_Cliente_anterior__c=null, N_mero_de_vaporizadores__c=null, Prescriptor_no_en_BD__c=null, Primaconta__c=false, Primaservicios_gratuitos__c=true, Promotor__c=null, Reminder_terms_code__c=20, Responsabilidad_Primagas__c=null, Responsabilidad_cliente__c=null, Segmento_1__c=null, Segmento_2__c=null, Servicios__c=null, Subcontratista__c=null, Subcontratista_no_BD__c=null, Tarifa__c=null, Tipo_GNL__c=SPOT, Tipo_de_descuento__c=null, Toma_agua_15_m__c=false, Uso__c=null, Vaporizaci_n_Nm3h__c=null, dcm_propano5__c=null, dcm_propano6__c=null, dto_1__c=null, dto_2__c=null, dto_3__c=null, dto_4__c=null, dto_5__c=null, dto_6__c=null, dto_a_o_5__c=null, dto_a_o_6__c=null, Fecha_fin_contrato__c=2028-09-23 00:00:00, Campa_a_relacionada__c=70157000001bVxEAAU, Coordenadas_GPS__Latitude__s=null, Coordenadas_GPS__Longitude__s=null, Derechos_de_titular__c=null, Directorio_pdf__c=null, Entrega_y_colocacion_deposito__c=null, Equipos_instalacion__c=null, Instalacion_exterior__c=null, Instalacion_y_certificado_interior__c=null, Instalador__c=null, Obra_civil_deposito__c=null, Obra_civil_tuberia__c=null, Observaciones_equipos__c=null, Otros_Primagas__c=null, Otros_cliente__c=null, Pago_fraccionado__c=false, Plazo_de_pagos__c=null, Presentacion_en_ayuntamiento__c=null, Proyectista__c=null, Proyecto_exterior_memoria__c=null, Proyecto_interior__c=null, Tramo_con_descuento__c=null, Ubicacion_deposito__c=null, Vallado__c=null, Telemedida__c=false, Forma_de_pago_forfait__c=null, Observaciones_generales__c=null, emailDestinatarioBorrador__c=null, Contrato_original_recibido__c=false, N_Cliente_Navision__c=0, Pago_prima__c=false, Factura_n__c=null, Fraccionar_pago_1er_llenado_en_3__c=false, Tanque_propio__c=false, OldCustomerNavCode__c=null, OldShiptoCode__c=null, Ultima_lectura_de_contador__c=null, N_Pedido_creado__c=null, N_Prescriptor__c=R, Campa_a_aplicada__c=false, DNI__c=null, Pedido_Instalaci_n_creado__c=false, Primaservicios_mes1__c=0.00, Primaservicios_mes2__c=0.00, Primaservicios_mes3__c=0.00, Primaservicios_mes4__c=0.00, Primaservicios_mes5__c=0.00, Tipo_residencia__c=null, Financiacion_externa__c=false, IsTitularChange__c=false, Tramo__c=1, uso_en_contrato__c=null, DateFirstFilled__c=2020-11-24 00:00:00, conv_importe_term_fijo__c=null, conv_importe_SAU__c=00, conv_total2_ds__c=null, conv_fecha_firma_cliente__c=30/9/2022, ExternalId__c=null, IntegrationErrorStatus__c=null, IntegrationErrorMessage__c=null})
11:51:47.0 (107480125)|USER_DEBUG|[73]|DEBUG|## loadData BEFORE contratosAnteriores: ()
11:51:47.0 (107519866)|USER_DEBUG|[74]|DEBUG|## after loadData BEFORE
11:51:47.0 (107545038)|METHOD_EXIT|[23]|01p57000001HcKw|ContractUtil.loadData(List<Contract>, Map<String,Contract>)
11:51:47.0 (107566816)|METHOD_EXIT|[51]|01p57000001HcKv|ContractHandler.bulkBefore(List<SObject>, Map<Id,SObject>)
11:51:47.0 (107650586)|METHOD_ENTRY|[61]|01p57000001HcKv|ContractHandler.beforeUpdate(List<SObject>, Map<Id,SObject>)
11:51:47.0 (107717949)|METHOD_ENTRY|[48]|01p57000001HcKw|ContractUtil.populateContractEndDateUpdate(List<Contract>, Map<Id,Contract>)
11:51:47.0 (108905318)|METHOD_EXIT|[48]|01p57000001HcKw|ContractUtil.populateContractEndDateUpdate(List<Contract>, Map<Id,Contract>)
11:51:47.0 (108935486)|METHOD_EXIT|[61]|01p57000001HcKv|ContractHandler.beforeUpdate(List<SObject>, Map<Id,SObject>)
11:51:47.0 (108964146)|METHOD_ENTRY|[92]|01p57000001HcKv|ContractHandler.andFinally()
11:51:47.0 (109026707)|METHOD_ENTRY|[92]|01p57000001HcKw|ContractUtil.insertUpdateDeleteRecords()
11:51:47.0 (109302709)|METHOD_EXIT|[92]|01p57000001HcKw|ContractUtil.insertUpdateDeleteRecords()
11:51:47.0 (109326464)|METHOD_EXIT|[92]|01p57000001HcKv|ContractHandler.andFinally()
11:51:47.0 (109340288)|METHOD_EXIT|[33]|01p57000001HcLT|TriggerFactory.execute(ITrigger)
11:51:47.0 (109352767)|METHOD_EXIT|[4]|01p57000001HcLT|TriggerFactory.createHandler(Schema.SObjectType)
11:51:47.0 (109581546)|CODE_UNIT_FINISHED|ContractTrigger on Contract trigger event BeforeUpdate|__sfdc_trigger/ContractTrigger
11:51:47.0 (156308455)|CODE_UNIT_STARTED|[EXTERNAL]|01q57000000g1Lq|ContractTrigger on Contract trigger event AfterUpdate|__sfdc_trigger/ContractTrigger
11:51:47.0 (156704459)|USER_DEBUG|[3]|DEBUG|**** Contract Trigger ****
11:51:47.0 (156799084)|METHOD_ENTRY|[4]|01p57000001HcLT|TriggerFactory.createHandler(Schema.SObjectType)
11:51:47.0 (157523458)|METHOD_ENTRY|[27]|01p57000001HcLT|TriggerFactory.getHandler(Configuration_Switch__mdt, String)
11:51:47.0 (157582311)|METHOD_ENTRY|[112]||System.Type.forName(String)
11:51:47.0 (157784666)|METHOD_EXIT|[112]||System.Type.forName(String)
11:51:47.0 (157801585)|METHOD_ENTRY|[119]||System.Type.newInstance()
11:51:47.0 (157931493)|METHOD_EXIT|[119]||System.Type.newInstance()
11:51:47.0 (158055133)|METHOD_EXIT|[27]|01p57000001HcLT|TriggerFactory.getHandler(Configuration_Switch__mdt, String)
11:51:47.0 (158071556)|METHOD_ENTRY|[33]|01p57000001HcLT|TriggerFactory.execute(ITrigger)
11:51:47.0 (158167692)|METHOD_ENTRY|[72]|01p57000001HcKv|ContractHandler.bulkAfter(List<SObject>, Map<Id,SObject>)
11:51:47.0 (158254751)|METHOD_ENTRY|[28]|01p57000001HcKw|ContractUtil.loadData(List<SObject>, Map<String,Account>)
11:51:47.0 (158349037)|USER_DEBUG|[25]|DEBUG|## before loadData AFTER
11:51:47.0 (173139324)|USER_DEBUG|[46]|DEBUG|## after loadData AFTER
11:51:47.0 (173186124)|METHOD_EXIT|[28]|01p57000001HcKw|ContractUtil.loadData(List<SObject>, Map<String,Account>)
11:51:47.0 (173205689)|METHOD_EXIT|[72]|01p57000001HcKv|ContractHandler.bulkAfter(List<SObject>, Map<Id,SObject>)
11:51:47.0 (173304624)|METHOD_ENTRY|[82]|01p57000001HcKv|ContractHandler.afterUpdate(List<SObject>, Map<Id,SObject>)
11:51:47.0 (173386317)|METHOD_ENTRY|[72]|01p57000001HcKw|ContractUtil.actualizarDatosClienteYDireccionEntrega(List<Contract>, Map<Id,Contract>, Map<String,Account>)
11:51:47.0 (174157696)|USER_DEBUG|[354]|DEBUG|##cuentasUpdate: ()
11:51:47.0 (174258515)|USER_DEBUG|[372]|DEBUG|##direccionesUpdate: ()
11:51:47.0 (174321036)|METHOD_EXIT|[72]|01p57000001HcKw|ContractUtil.actualizarDatosClienteYDireccionEntrega(List<Contract>, Map<Id,Contract>, Map<String,Account>)
11:51:47.0 (174357972)|METHOD_ENTRY|[73]|01p57000001HcKw|ContractUtil.RegistrarContrato(List<Contract>, Map<Id,Contract>, Map<String,Account>)
11:51:47.0 (180763956)|USER_DEBUG|[142]|DEBUG|## before RegistrarContrato newList: (Contract:{Id=8003L0000004ToWQAU, AccountId=0013L00000KN807QAD, OwnerExpirationNotice=null, StartDate=2022-09-27 00:00:00, EndDate=null, BillingStreet=null, BillingCity=null, BillingState=null, BillingPostalCode=null, BillingCountry=null, BillingLatitude=null, BillingLongitude=null, BillingGeocodeAccuracy=null, ShippingStreet=null, ShippingCity=null, ShippingState=null, ShippingPostalCode=null, ShippingCountry=null, ShippingLatitude=null, ShippingLongitude=null, ShippingGeocodeAccuracy=null, ContractTerm=null, OwnerId=0052p000008i9TAAAY, Status=Activado, CompanySignedId=0052p000008i9TAAAY, CompanySignedDate=null, CustomerSignedId=0032p00002iq6imAAA, CustomerSignedTitle=null, CustomerSignedDate=2022-09-30 00:00:00, SpecialTerms=null, ActivatedById=0052p000008i9TAAAY, ActivatedDate=2022-09-23 09:41:57, StatusCode=Activated, Description=null, RecordTypeId=012D00000003GZhIAM, Name=null, IsDeleted=false, ContractNumber=00046302, LastApprovedDate=null, CreatedDate=2022-09-23 09:36:10, CreatedById=0052p000008i9TAAAY, LastModifiedDate=2022-09-23 09:51:47, LastModifiedById=0052p000008i9TAAAY, SystemModstamp=2022-09-23 09:51:47, LastActivityDate=null, LastViewedDate=null, LastReferencedDate=null, Comarca__c=null, Territorio__c=null, N_cliente_existente__c=null, N_telefono__c=null, N_telefono_movil__c=922222222, N_fax__c=null, Cod_tarifa__c=null, Cod_forma_de_pago__c=PAGARÉ, Cod_terminos_de_pago__c=200, Cod_dia_de_pago__c=1, Duracion_contrato_en_toneladas__c=null, Consumo_previsto_Kgs__c=null, Coste_resolucion_anticipada__c=null, Producto_contratado__c=null, Prescriptor__c=null, Segmento__c=1200-AGRI, Importe_prima__c=null, Importe_prima_por_tonelada__c=null, Numero_de_contrato_app__c=null, Rentabilidad_prevista__c=null, dp_cad_min1__c=null, dp_cad_min2__c=null, dp_cad_min3__c=null, SWI__c=null, IBAN__c=null, CIF__c=35681619V, Nombre_cliente__c=null, e_mail__c=null, Cod_CNAE__c=null, Entrega_de_producto__c=null, Origen__c=Instalador, Origen_tipo_de_cliente__c=Nueva Creación, Perfil_de_consumo__c=null, Cod_forma_pago_servicios__c=CHEQUE, Cod_terminos_pago_servicios__c=200, dp_cad_min4__c=null, dp_cad_min5__c=null, dp_cad_min6__c=null, dto_Kg_1__c=null, dto_Kg_2__c=null, dto_Kg_3__c=null, dto_Kg_4__c=null, dto_Kg_5__c=null, dto_Kg_6__c=null, dcm_propano1__c=null, dcm_propano2__c=null, dcm_propano3__c=null, dcm_propano4__c=null, dto_a_o_1__c=null, dto_a_o_2__c=null, dto_a_o_3__c=null, dto_a_o_4__c=null, Cobertura_movil__c=false, Tipo_de_tanque__c=Aereo, Capacidad_tanque__c=10, Tipo__c=null, Tipo_camion__c=null, Perfil_base__c=null, Fecha_prevista_1er_llenado__c=2022-09-30 00:00:00, Fecha_prevista_obra_civil__c=2022-09-09 00:00:00, TP_tipo_instalacion__c=null, Importe_modalidad_instalacion__c=null, Altitud__c=null, Proyecto_exterior_importe__c=null, Aportaci_n_al_cliente__c=null, Obra_civil_deposito_importe__c=null, Canalizado_promotor__c=null, Obra_civil_zanjas_importe__c=null, Carburante__c=false, Obra_civil_vallado_importe__c=null, Consumo_previsto_GWh__c=10.0, ECD_grua_importe__c=null, Consumo_previsto_tons__c=null, Gestion_instalacion_importe__c=null, Contrato_anterior__c=null, Conexion_gas_red_ext_importe__c=null, Coste_resolucion_anticipada_MWh__c=null, Prueba_instalacion_importe__c=null, Coste_resolucion_anticipada_toneladas__c=null, LI_legaliz_inst_ext_importe__c=null, LI_extintores_importe__c=null, Direccion_de_entrega__c=a003L000003VuPRQA0, Duraci_n_contrato_GWh__c=null, Proyecto_interior_importe__c=null, Duraci_n_del_contrato_a_os__c=1, Conexion_certificado_interior_importe__c=null, Error_Sync__c=false, Contadores_importe__c=null, Estado_2__c=Cambio titular, Otros_exterior__c=null, Aportacion_maxima_interior__c=null, Caldera__c=null, Inertizado_Dep_Cliente__c=null, Inversion_recuperable__c=null, Inversion_no_recuperable__c=null, Oportunidad__c=null, Modalidad_de_instalaci_n__c=Modular, Otros_interior_importe__c=null, Compraventa_minima_en_kg__c=null, Fecha_ltima_Sync__c=null, Id_Navision__c=null, Importe_SAU__c=null, Importe_alquiler_contador__c=null, Importe_contador_nuevo__c=null, Importe_dep_sito__c=null, Importe_derechos_acometida__c=null, Importe_derechos_de_alta__c=null, Importe_equipos__c=null, Importe_forfait__c=null, Importe_gesti_n_contrato__c=null, Importe_inspecci_n_quinquenal__c=null, Importe_instalaci_n_exterior__c=null, Importe_instalaci_n_interior__c=null, Importe_obra_Civil__c=null, Importe_proyectos__c=null, Importe_reenganche__c=null, Importe_servicios__c=null, Importe_t_rmino_fijo__c=null, Motivo_de_renovacion__c=null, N_Cliente_anterior__c=null, N_mero_de_vaporizadores__c=null, Prescriptor_no_en_BD__c=null, Primaconta__c=false, Primaservicios_gratuitos__c=true, Promotor__c=null, Reminder_terms_code__c=20, Responsabilidad_Primagas__c=null, Responsabilidad_cliente__c=null, Segmento_1__c=null, Segmento_2__c=null, Servicios__c=null, Subcontratista__c=null, Subcontratista_no_BD__c=null, Tarifa__c=null, Tipo_GNL__c=SPOT, Tipo_de_descuento__c=null, Toma_agua_15_m__c=false, Uso__c=null, Vaporizaci_n_Nm3h__c=null, dcm_propano5__c=null, dcm_propano6__c=null, dto_1__c=null, dto_2__c=null, dto_3__c=null, dto_4__c=null, dto_5__c=null, dto_6__c=null, dto_a_o_5__c=null, dto_a_o_6__c=null, Fecha_fin_contrato__c=2028-09-23 00:00:00, Campa_a_relacionada__c=70157000001bVxEAAU, Coordenadas_GPS__Latitude__s=null, Coordenadas_GPS__Longitude__s=null, Derechos_de_titular__c=null, Directorio_pdf__c=null, Entrega_y_colocacion_deposito__c=null, Equipos_instalacion__c=null, Instalacion_exterior__c=null, Instalacion_y_certificado_interior__c=null, Instalador__c=null, Obra_civil_deposito__c=null, Obra_civil_tuberia__c=null, Observaciones_equipos__c=null, Otros_Primagas__c=null, Otros_cliente__c=null, Pago_fraccionado__c=false, Plazo_de_pagos__c=null, Presentacion_en_ayuntamiento__c=null, Proyectista__c=null, Proyecto_exterior_memoria__c=null, Proyecto_interior__c=null, Tramo_con_descuento__c=null, Ubicacion_deposito__c=null, Vallado__c=null, Telemedida__c=false, Forma_de_pago_forfait__c=null, Observaciones_generales__c=null, emailDestinatarioBorrador__c=null, Contrato_original_recibido__c=false, N_Cliente_Navision__c=0, Pago_prima__c=false, Factura_n__c=null, Fraccionar_pago_1er_llenado_en_3__c=false, Tanque_propio__c=false, OldCustomerNavCode__c=null, OldShiptoCode__c=null, Ultima_lectura_de_contador__c=null, N_Pedido_creado__c=null, N_Prescriptor__c=R, Campa_a_aplicada__c=false, DNI__c=null, Pedido_Instalaci_n_creado__c=false, Primaservicios_mes1__c=0.00, Primaservicios_mes2__c=0.00, Primaservicios_mes3__c=0.00, Primaservicios_mes4__c=0.00, Primaservicios_mes5__c=0.00, Tipo_residencia__c=null, Financiacion_externa__c=false, IsTitularChange__c=false, Tramo__c=1, uso_en_contrato__c=null, DateFirstFilled__c=2020-11-24 00:00:00, conv_importe_term_fijo__c=null, conv_importe_SAU__c=00, conv_total2_ds__c=null, conv_fecha_firma_cliente__c=30/9/2022, ExternalId__c=null, IntegrationErrorStatus__c=null, IntegrationErrorMessage__c=null})
11:51:47.0 (181053972)|USER_DEBUG|[145]|DEBUG|mapaClientes: {0013L00000KN807QAD}
11:51:47.0 (223673612)|SYSTEM_METHOD_ENTRY|[7]|QueryLocatorIterator.QueryLocatorIterator()
11:51:47.0 (223703593)|SYSTEM_METHOD_EXIT|[7]|QueryLocatorIterator
11:51:47.0 (223891766)|METHOD_ENTRY|[112]||Database.QueryLocatorIterator.hasNext()
11:51:47.0 (224020026)|METHOD_EXIT|[112]||Database.QueryLocatorIterator.hasNext()
11:51:47.0 (224031038)|METHOD_ENTRY|[112]||Database.QueryLocatorIterator.next()
11:51:47.0 (224135739)|METHOD_EXIT|[112]||Database.QueryLocatorIterator.next()
11:51:47.0 (224419344)|METHOD_ENTRY|[112]||Database.QueryLocatorIterator.hasNext()
11:51:47.0 (224443551)|METHOD_EXIT|[112]||Database.QueryLocatorIterator.hasNext()
11:51:47.0 (224449475)|METHOD_ENTRY|[112]||Database.QueryLocatorIterator.next()
11:51:47.0 (224496536)|METHOD_EXIT|[112]||Database.QueryLocatorIterator.next()
11:51:47.0 (224559847)|METHOD_ENTRY|[112]||Database.QueryLocatorIterator.hasNext()
11:51:47.0 (224574416)|METHOD_EXIT|[112]||Database.QueryLocatorIterator.hasNext()
11:51:47.0 (224579672)|METHOD_ENTRY|[112]||Database.QueryLocatorIterator.next()
11:51:47.0 (224612750)|METHOD_EXIT|[112]||Database.QueryLocatorIterator.next()
11:51:47.0 (224655110)|METHOD_ENTRY|[112]||Database.QueryLocatorIterator.hasNext()
11:51:47.0 (224668041)|METHOD_EXIT|[112]||Database.QueryLocatorIterator.hasNext()
11:51:47.0 (224672943)|METHOD_ENTRY|[112]||Database.QueryLocatorIterator.next()
11:51:47.0 (224697838)|METHOD_EXIT|[112]||Database.QueryLocatorIterator.next()
11:51:47.0 (224755684)|METHOD_ENTRY|[112]||Database.QueryLocatorIterator.hasNext()
11:51:47.0 (224768577)|METHOD_EXIT|[112]||Database.QueryLocatorIterator.hasNext()
11:51:47.0 (224773283)|METHOD_ENTRY|[112]||Database.QueryLocatorIterator.next()
11:51:47.0 (224797198)|METHOD_EXIT|[112]||Database.QueryLocatorIterator.next()
11:51:47.0 (224841030)|METHOD_ENTRY|[112]||Database.QueryLocatorIterator.hasNext()
11:51:47.0 (224853604)|METHOD_EXIT|[112]||Database.QueryLocatorIterator.hasNext()
11:51:47.0 (224858385)|METHOD_ENTRY|[112]||Database.QueryLocatorIterator.next()
11:51:47.0 (224882599)|METHOD_EXIT|[112]||Database.QueryLocatorIterator.next()
11:51:47.0 (224938918)|METHOD_ENTRY|[112]||Database.QueryLocatorIterator.hasNext()
11:51:47.0 (224951757)|METHOD_EXIT|[112]||Database.QueryLocatorIterator.hasNext()
11:51:47.0 (224956623)|METHOD_ENTRY|[112]||Database.QueryLocatorIterator.next()
11:51:47.0 (224980434)|METHOD_EXIT|[112]||Database.QueryLocatorIterator.next()
11:51:47.0 (225031958)|METHOD_ENTRY|[112]||Database.QueryLocatorIterator.hasNext()
11:51:47.0 (225050034)|METHOD_EXIT|[112]||Database.QueryLocatorIterator.hasNext()
11:51:47.0 (225054685)|METHOD_ENTRY|[112]||Database.QueryLocatorIterator.next()
11:51:47.0 (225078154)|METHOD_EXIT|[112]||Database.QueryLocatorIterator.next()
11:51:47.0 (225117879)|METHOD_ENTRY|[112]||Database.QueryLocatorIterator.hasNext()
11:51:47.0 (225129644)|METHOD_EXIT|[112]||Database.QueryLocatorIterator.hasNext()
11:51:47.0 (225134389)|METHOD_ENTRY|[112]||Database.QueryLocatorIterator.next()
11:51:47.0 (225161199)|METHOD_EXIT|[112]||Database.QueryLocatorIterator.next()
11:51:47.0 (225199918)|METHOD_ENTRY|[112]||Database.QueryLocatorIterator.hasNext()
11:51:47.0 (225211401)|METHOD_EXIT|[112]||Database.QueryLocatorIterator.hasNext()
11:51:47.0 (225215930)|METHOD_ENTRY|[112]||Database.QueryLocatorIterator.next()
11:51:47.0 (225242073)|METHOD_EXIT|[112]||Database.QueryLocatorIterator.next()
11:51:47.0 (225288449)|METHOD_ENTRY|[112]||Database.QueryLocatorIterator.hasNext()
11:51:47.0 (225300505)|METHOD_EXIT|[112]||Database.QueryLocatorIterator.hasNext()
11:51:47.0 (225304927)|METHOD_ENTRY|[112]||Database.QueryLocatorIterator.next()
11:51:47.0 (225327820)|METHOD_EXIT|[112]||Database.QueryLocatorIterator.next()
11:51:47.0 (225370615)|METHOD_ENTRY|[112]||Database.QueryLocatorIterator.hasNext()
11:51:47.0 (225382537)|METHOD_EXIT|[112]||Database.QueryLocatorIterator.hasNext()
11:51:47.0 (225387021)|METHOD_ENTRY|[112]||Database.QueryLocatorIterator.next()
11:51:47.0 (225409820)|METHOD_EXIT|[112]||Database.QueryLocatorIterator.next()
11:51:47.0 (225454555)|METHOD_ENTRY|[112]||Database.QueryLocatorIterator.hasNext()
11:51:47.0 (225466463)|METHOD_EXIT|[112]||Database.QueryLocatorIterator.hasNext()
11:51:47.0 (225471068)|METHOD_ENTRY|[112]||Database.QueryLocatorIterator.next()
11:51:47.0 (225493795)|METHOD_EXIT|[112]||Database.QueryLocatorIterator.next()
11:51:47.0 (225542784)|METHOD_ENTRY|[112]||Database.QueryLocatorIterator.hasNext()
11:51:47.0 (225559316)|METHOD_EXIT|[112]||Database.QueryLocatorIterator.hasNext()
11:51:47.0 (225564131)|METHOD_ENTRY|[112]||Database.QueryLocatorIterator.next()
11:51:47.0 (225586848)|METHOD_EXIT|[112]||Database.QueryLocatorIterator.next()
11:51:47.0 (225625596)|METHOD_ENTRY|[112]||Database.QueryLocatorIterator.hasNext()
11:51:47.0 (225637015)|METHOD_EXIT|[112]||Database.QueryLocatorIterator.hasNext()
11:51:47.0 (225641450)|METHOD_ENTRY|[112]||Database.QueryLocatorIterator.next()
11:51:47.0 (225668185)|METHOD_EXIT|[112]||Database.QueryLocatorIterator.next()
11:51:47.0 (225706765)|METHOD_ENTRY|[112]||Database.QueryLocatorIterator.hasNext()
11:51:47.0 (225718765)|METHOD_EXIT|[112]||Database.QueryLocatorIterator.hasNext()
11:51:47.0 (225723179)|METHOD_ENTRY|[112]||Database.QueryLocatorIterator.next()
11:51:47.0 (225755699)|METHOD_EXIT|[112]||Database.QueryLocatorIterator.next()
11:51:47.0 (225796210)|METHOD_ENTRY|[112]||Database.QueryLocatorIterator.hasNext()
11:51:47.0 (225808260)|METHOD_EXIT|[112]||Database.QueryLocatorIterator.hasNext()
11:51:47.0 (225812918)|METHOD_ENTRY|[112]||Database.QueryLocatorIterator.next()
11:51:47.0 (225835716)|METHOD_EXIT|[112]||Database.QueryLocatorIterator.next()
11:51:47.0 (225889441)|METHOD_ENTRY|[112]||Database.QueryLocatorIterator.hasNext()
11:51:47.0 (225901782)|METHOD_EXIT|[112]||Database.QueryLocatorIterator.hasNext()
11:51:47.0 (225906313)|METHOD_ENTRY|[112]||Database.QueryLocatorIterator.next()
11:51:47.0 (225929532)|METHOD_EXIT|[112]||Database.QueryLocatorIterator.next()
11:51:47.0 (225972644)|METHOD_ENTRY|[112]||Database.QueryLocatorIterator.hasNext()
11:51:47.0 (225984286)|METHOD_EXIT|[112]||Database.QueryLocatorIterator.hasNext()
11:51:47.0 (225988875)|METHOD_ENTRY|[112]||Database.QueryLocatorIterator.next()
11:51:47.0 (226011382)|METHOD_EXIT|[112]||Database.QueryLocatorIterator.next()
11:51:47.0 (226050159)|METHOD_ENTRY|[112]||Database.QueryLocatorIterator.hasNext()
11:51:47.0 (226066301)|METHOD_EXIT|[112]||Database.QueryLocatorIterator.hasNext()
11:51:47.0 (226071091)|METHOD_ENTRY|[112]||Database.QueryLocatorIterator.next()
11:51:47.0 (226095431)|METHOD_EXIT|[112]||Database.QueryLocatorIterator.next()
11:51:47.0 (226133188)|METHOD_ENTRY|[112]||Database.QueryLocatorIterator.hasNext()
11:51:47.0 (226145236)|METHOD_EXIT|[112]||Database.QueryLocatorIterator.hasNext()
11:51:47.0 (226149797)|METHOD_ENTRY|[112]||Database.QueryLocatorIterator.next()
11:51:47.0 (226176724)|METHOD_EXIT|[112]||Database.QueryLocatorIterator.next()
11:51:47.0 (226215584)|METHOD_ENTRY|[112]||Database.QueryLocatorIterator.hasNext()
11:51:47.0 (226227800)|METHOD_EXIT|[112]||Database.QueryLocatorIterator.hasNext()
11:51:47.0 (226232372)|METHOD_ENTRY|[112]||Database.QueryLocatorIterator.next()
11:51:47.0 (226259105)|METHOD_EXIT|[112]||Database.QueryLocatorIterator.next()
11:51:47.0 (226320814)|METHOD_ENTRY|[112]||Database.QueryLocatorIterator.hasNext()
11:51:47.0 (226333937)|METHOD_EXIT|[112]||Database.QueryLocatorIterator.hasNext()
11:51:47.0 (226338807)|METHOD_ENTRY|[112]||Database.QueryLocatorIterator.next()
11:51:47.0 (226362245)|METHOD_EXIT|[112]||Database.QueryLocatorIterator.next()
11:51:47.0 (226405726)|METHOD_ENTRY|[112]||Database.QueryLocatorIterator.hasNext()
11:51:47.0 (226417805)|METHOD_EXIT|[112]||Database.QueryLocatorIterator.hasNext()
11:51:47.0 (226422384)|METHOD_ENTRY|[112]||Database.QueryLocatorIterator.next()
11:51:47.0 (226447003)|METHOD_EXIT|[112]||Database.QueryLocatorIterator.next()
11:51:47.0 (226498532)|METHOD_ENTRY|[112]||Database.QueryLocatorIterator.hasNext()
11:51:47.0 (226511524)|METHOD_EXIT|[112]||Database.QueryLocatorIterator.hasNext()
11:51:47.0 (226516248)|METHOD_ENTRY|[112]||Database.QueryLocatorIterator.next()
11:51:47.0 (226541242)|METHOD_EXIT|[112]||Database.QueryLocatorIterator.next()
11:51:47.0 (226579598)|METHOD_ENTRY|[112]||Database.QueryLocatorIterator.hasNext()
11:51:47.0 (226595661)|METHOD_EXIT|[112]||Database.QueryLocatorIterator.hasNext()
11:51:47.0 (226600470)|METHOD_ENTRY|[112]||Database.QueryLocatorIterator.next()
11:51:47.0 (226624006)|METHOD_EXIT|[112]||Database.QueryLocatorIterator.next()
11:51:47.0 (226663328)|METHOD_ENTRY|[112]||Database.QueryLocatorIterator.hasNext()
11:51:47.0 (226675622)|METHOD_EXIT|[112]||Database.QueryLocatorIterator.hasNext()
11:51:47.0 (226680081)|METHOD_ENTRY|[112]||Database.QueryLocatorIterator.next()
11:51:47.0 (226707082)|METHOD_EXIT|[112]||Database.QueryLocatorIterator.next()
11:51:47.0 (226759947)|METHOD_ENTRY|[112]||Database.QueryLocatorIterator.hasNext()
11:51:47.0 (226772662)|METHOD_EXIT|[112]||Database.QueryLocatorIterator.hasNext()
11:51:47.0 (226777597)|METHOD_ENTRY|[112]||Database.QueryLocatorIterator.next()
11:51:47.0 (226806136)|METHOD_EXIT|[112]||Database.QueryLocatorIterator.next()
11:51:47.0 (226845595)|METHOD_ENTRY|[112]||Database.QueryLocatorIterator.hasNext()
11:51:47.0 (226857856)|METHOD_EXIT|[112]||Database.QueryLocatorIterator.hasNext()
11:51:47.0 (226862344)|METHOD_ENTRY|[112]||Database.QueryLocatorIterator.next()
11:51:47.0 (226888313)|METHOD_EXIT|[112]||Database.QueryLocatorIterator.next()
11:51:47.0 (226931529)|METHOD_ENTRY|[112]||Database.QueryLocatorIterator.hasNext()
11:51:47.0 (226943652)|METHOD_EXIT|[112]||Database.QueryLocatorIterator.hasNext()
11:51:47.0 (226948194)|METHOD_ENTRY|[112]||Database.QueryLocatorIterator.next()
11:51:47.0 (226971209)|METHOD_EXIT|[112]||Database.QueryLocatorIterator.next()
11:51:47.0 (227016201)|METHOD_ENTRY|[112]||Database.QueryLocatorIterator.hasNext()
11:51:47.0 (227028909)|METHOD_EXIT|[112]||Database.QueryLocatorIterator.hasNext()
11:51:47.0 (227033606)|METHOD_ENTRY|[112]||Database.QueryLocatorIterator.next()
11:51:47.0 (227056345)|METHOD_EXIT|[112]||Database.QueryLocatorIterator.next()
11:51:47.0 (227095796)|METHOD_ENTRY|[112]||Database.QueryLocatorIterator.hasNext()
11:51:47.0 (227112311)|METHOD_EXIT|[112]||Database.QueryLocatorIterator.hasNext()
11:51:47.0 (227116977)|METHOD_ENTRY|[112]||Database.QueryLocatorIterator.next()
11:51:47.0 (227140051)|METHOD_EXIT|[112]||Database.QueryLocatorIterator.next()
11:51:47.0 (227178719)|METHOD_ENTRY|[112]||Database.QueryLocatorIterator.hasNext()
11:51:47.0 (227192018)|METHOD_EXIT|[112]||Database.QueryLocatorIterator.hasNext()
11:51:47.0 (227196565)|METHOD_ENTRY|[112]||Database.QueryLocatorIterator.next()
11:51:47.0 (227223900)|METHOD_EXIT|[112]||Database.QueryLocatorIterator.next()
11:51:47.0 (227262544)|METHOD_ENTRY|[112]||Database.QueryLocatorIterator.hasNext()
11:51:47.0 (227282158)|METHOD_EXIT|[112]||Database.QueryLocatorIterator.hasNext()
11:51:47.0 (227286785)|METHOD_ENTRY|[112]||Database.QueryLocatorIterator.next()
11:51:47.0 (227315722)|METHOD_EXIT|[112]||Database.QueryLocatorIterator.next()
11:51:47.0 (227355009)|METHOD_ENTRY|[112]||Database.QueryLocatorIterator.hasNext()
11:51:47.0 (227367086)|METHOD_EXIT|[112]||Database.QueryLocatorIterator.hasNext()
11:51:47.0 (227371462)|METHOD_ENTRY|[112]||Database.QueryLocatorIterator.next()
11:51:47.0 (227393917)|METHOD_EXIT|[112]||Database.QueryLocatorIterator.next()
11:51:47.0 (227436946)|METHOD_ENTRY|[112]||Database.QueryLocatorIterator.hasNext()
11:51:47.0 (227449274)|METHOD_EXIT|[112]||Database.QueryLocatorIterator.hasNext()
11:51:47.0 (227453839)|METHOD_ENTRY|[112]||Database.QueryLocatorIterator.next()
11:51:47.0 (227476975)|METHOD_EXIT|[112]||Database.QueryLocatorIterator.next()
11:51:47.0 (227519157)|METHOD_ENTRY|[112]||Database.QueryLocatorIterator.hasNext()
11:51:47.0 (227527168)|METHOD_EXIT|[112]||Database.QueryLocatorIterator.hasNext()
11:51:47.0 (227751963)|USER_DEBUG|[159]|DEBUG|contratoAnterior.Status - contrato --> Activado - Activado
11:51:47.0 (227939002)|USER_DEBUG|[207]|DEBUG|## after RegistrarContrato
11:51:47.0 (227965397)|METHOD_EXIT|[73]|01p57000001HcKw|ContractUtil.RegistrarContrato(List<Contract>, Map<Id,Contract>, Map<String,Account>)
11:51:47.0 (227991905)|METHOD_ENTRY|[74]|01p57000001HcKw|ContractUtil.cambiarEstadoOportunidadCerradaGanada(List<Contract>)
11:51:47.0 (228283639)|USER_DEBUG|[266]|DEBUG|Contratos firmados: (8003L0000004ToWQAU)
11:51:47.0 (236252611)|USER_DEBUG|[278]|DEBUG|Oportunidades a pasar al estado "Cerrada ganada": ()
11:51:47.0 (236376519)|METHOD_EXIT|[74]|01p57000001HcKw|ContractUtil.cambiarEstadoOportunidadCerradaGanada(List<Contract>)
11:51:47.0 (236424311)|METHOD_ENTRY|[75]|01p57000001HcKw|ContractUtil.activarDireccionEntrega(List<Contract>, Map<Id,Contract>)
11:51:47.0 (236942886)|METHOD_EXIT|[75]|01p57000001HcKw|ContractUtil.activarDireccionEntrega(List<Contract>, Map<Id,Contract>)
11:51:47.0 (236967393)|METHOD_EXIT|[82]|01p57000001HcKv|ContractHandler.afterUpdate(List<SObject>, Map<Id,SObject>)
11:51:47.0 (236986564)|METHOD_ENTRY|[92]|01p57000001HcKv|ContractHandler.andFinally()
11:51:47.0 (237003237)|METHOD_ENTRY|[92]|01p57000001HcKw|ContractUtil.insertUpdateDeleteRecords()
11:51:47.0 (237122352)|METHOD_EXIT|[92]|01p57000001HcKw|ContractUtil.insertUpdateDeleteRecords()
11:51:47.0 (237147748)|METHOD_EXIT|[92]|01p57000001HcKv|ContractHandler.andFinally()
11:51:47.0 (237158905)|METHOD_EXIT|[33]|01p57000001HcLT|TriggerFactory.execute(ITrigger)
11:51:47.0 (237170961)|METHOD_EXIT|[4]|01p57000001HcLT|TriggerFactory.createHandler(Schema.SObjectType)
11:51:47.0 (237368101)|CODE_UNIT_FINISHED|ContractTrigger on Contract trigger event AfterUpdate|__sfdc_trigger/ContractTrigger
11:51:47.0 (240738182)|CODE_UNIT_STARTED|[EXTERNAL]|Workflow:Contract
11:51:47.0 (494950313)|CODE_UNIT_FINISHED|Workflow:Contract
11:51:47.0 (495793300)|CODE_UNIT_STARTED|[EXTERNAL]|Flow:Contract
11:51:47.0 (496044365)|CODE_UNIT_FINISHED|Flow:Contract
11:51:47.0 (496157263)|CODE_UNIT_STARTED|[EXTERNAL]|Flow:Contract
11:51:47.0 (496176164)|CODE_UNIT_FINISHED|Flow:Contract
11:51:47.0 (767431947)|CODE_UNIT_FINISHED|TRIGGERS
11:51:47.0 (767460554)|EXECUTION_FINISHED
