31.0 APEX_CODE,FINE;APEX_PROFILING,NONE;CALLOUT,INFO;DB,NONE;NBA,INFO;SYSTEM,NONE;VALIDATION,NONE;VISUALFORCE,FINE;WAVE,NONE;WORKFLOW,NONE
11:48:29.0 (516836)|USER_INFO|[EXTERNAL]|0052p000008i9TA|n.gonzalez@blackbirdcrew.com.pre|hora estándar de Europa central|GMT+01:00
11:48:29.0 (610918)|EXECUTION_STARTED
11:48:29.0 (621847)|CODE_UNIT_STARTED|[EXTERNAL]|FutureHandler - state load
11:48:29.0 (2095872)|CODE_UNIT_FINISHED|FutureHandler - state load
11:48:29.0 (2117279)|EXECUTION_FINISHED
11:48:29.21 (21567445)|USER_INFO|[EXTERNAL]|0052p000008i9TA|n.gonzalez@blackbirdcrew.com.pre|hora estándar de Europa central|GMT+01:00
11:48:29.21 (21605218)|EXECUTION_STARTED
11:48:29.21 (21616994)|CODE_UNIT_STARTED|[EXTERNAL]|01p57000001HcLI|SyncNav.SincronizarClientesFuture(List<String>)
11:48:29.21 (25660238)|METHOD_ENTRY|[8]|01p57000001HcLI|SyncNav.SyncNav()
11:48:29.21 (26893291)|METHOD_EXIT|[8]|SyncNav
11:48:29.21 (30206213)|METHOD_ENTRY|[10]|01p57000001HcL3|LogUtil.LogUtil()
11:48:29.21 (30242003)|METHOD_EXIT|[10]|LogUtil
11:48:29.21 (30298039)|METHOD_ENTRY|[83]|01p57000001HcL3|LogUtil.crearLog(String, String, String, String, Boolean)
11:48:29.21 (76763051)|SYSTEM_METHOD_ENTRY|[1]|Test.Test()
11:48:29.21 (76841612)|SYSTEM_METHOD_EXIT|[1]|Test
11:48:29.21 (76869819)|METHOD_ENTRY|[37]||System.Test.isRunningTest()
11:48:29.21 (76932711)|METHOD_EXIT|[37]||System.Test.isRunningTest()
11:48:29.21 (77000707)|METHOD_EXIT|[83]|01p57000001HcL3|LogUtil.crearLog(String, String, String, String, Boolean)
11:48:29.21 (77032500)|METHOD_ENTRY|[84]|01p57000001HcLI|SyncNav.SincronizarClientes(List<String>, Boolean)
11:48:29.21 (77138615)|USER_DEBUG|[92]|DEBUG|## before SincronizarCliente
11:48:29.21 (77204171)|USER_DEBUG|[93]|DEBUG|clientesSyncIDs: (0015700002GKycaAAD)
11:48:29.21 (83514671)|METHOD_ENTRY|[1]|01p57000001HcKs|AccountUtil.AccountUtil()
11:48:29.21 (83577011)|METHOD_EXIT|[1]|AccountUtil
11:48:29.21 (84136367)|METHOD_ENTRY|[1]|01p57000001HcL0|DireccionEnvioUtil.DireccionEnvioUtil()
11:48:29.21 (84169254)|METHOD_EXIT|[1]|DireccionEnvioUtil
11:48:29.21 (135894742)|SYSTEM_METHOD_ENTRY|[7]|QueryLocatorIterator.QueryLocatorIterator()
11:48:29.21 (135922353)|SYSTEM_METHOD_EXIT|[7]|QueryLocatorIterator
11:48:29.21 (136164380)|METHOD_ENTRY|[122]||Database.QueryLocatorIterator.hasNext()
11:48:29.21 (137885946)|METHOD_EXIT|[122]||Database.QueryLocatorIterator.hasNext()
11:48:29.21 (137911795)|METHOD_ENTRY|[122]||Database.QueryLocatorIterator.next()
11:48:29.21 (138013990)|METHOD_EXIT|[122]||Database.QueryLocatorIterator.next()
11:48:29.21 (138154164)|METHOD_ENTRY|[122]||Database.QueryLocatorIterator.hasNext()
11:48:29.21 (138174563)|METHOD_EXIT|[122]||Database.QueryLocatorIterator.hasNext()
11:48:29.21 (139228612)|CONSTRUCTOR_ENTRY|[132]|01p57000001JBgb|<init>()|SchemaCliente.entitySyncDto
11:48:29.21 (139421268)|CONSTRUCTOR_EXIT|[132]|01p57000001JBgb|<init>()|SchemaCliente.entitySyncDto
11:48:29.21 (140096777)|CONSTRUCTOR_ENTRY|[153]|01p57000001JBgb|<init>()|SchemaCliente.etAddres
11:48:29.21 (140720377)|CONSTRUCTOR_EXIT|[153]|01p57000001JBgb|<init>()|SchemaCliente.etAddres
11:48:29.21 (141713675)|USER_DEBUG|[183]|DEBUG|Cliente SF a pasar a Cliente Nav: Account:{Recibir_factura_por_mail__c=false, OwnerId=005D0000002ENXyIAO, Email2__c=joan.company@gmail.com, E_mail__c=joan.company@gmail.com, Id_Fiscal__c=38148367S, Provincia__c=Barcelona, Pais__c=ES, Cod_forma_pago__c=RECIBO, Cod_terminos_pago__c=200, Calle_Facturacion__c=C/Del Pi, parc. 847, Poblacion_Facturacion__c=Sant Genis De Palafolls, Codigo_Postal__c=08389, Phone=618097866, Id_Navision__c=94017922, Id=0015700002GKycaAAD, Name=COMPANY FERRER Joan, CreatedById=005D0000002ENXyIAO, IBAN__c=ES9101288700170101641973}
11:48:29.21 (141775574)|CONSTRUCTOR_ENTRY|[184]|01p57000001JBgb|<init>()|SchemaCliente.etCustomer
11:48:29.21 (142540186)|CONSTRUCTOR_EXIT|[184]|01p57000001JBgb|<init>()|SchemaCliente.etCustomer
11:48:29.21 (146719755)|METHOD_ENTRY|[1]|01p57000001HcLC|NavWSUtil.NavWSUtil()
11:48:29.21 (151217418)|METHOD_EXIT|[1]|NavWSUtil
11:48:29.21 (151288802)|METHOD_ENTRY|[264]|01p57000001HcLC|NavWSUtil.peticionWSSincronizarClientes(SchemaCliente.entitySyncDto)
11:48:29.21 (165705196)|METHOD_ENTRY|[8]|01p57000001HcLU|XmlUtil.XmlUtil()
11:48:29.21 (165762123)|METHOD_EXIT|[8]|XmlUtil
11:48:29.21 (165802464)|METHOD_ENTRY|[162]|01p57000001HcLU|XmlUtil.generarXmlSincronizarClientes(SchemaCliente.entitySyncDto)
11:48:29.21 (173115874)|USER_DEBUG|[1401]|DEBUG|Body: <?xml version="1.0" encoding="utf-8"?><soap:Envelope xmlns:soap="http://schemas.xmlsoap.org/soap/envelope/" xmlns:xsi="http://www.w3.org/2001/XMLSchema-instance" xmlns:xsd="http://www.w3.org/2001/XMLSchema"><soap:Body><Sfdc2Nav_CrearCliente xmlns="urn:microsoft-dynamics-schemas/codeunit/PGE_SF"><entitySyncDto><etCustomer xmlns="urn:microsoft-dynamics-nav/xmlports/x50050"><CustomerNo>94017922</CustomerNo><Name/><Name2/><Name_SF/><Surname_SF>COMPANY FERRER Joan</Surname_SF><Addres>C/Del Pi, parc. 847</Addres><Addres2/><City>Sant Genis De Palafolls</City><PostCode>08389</PostCode><County>Barcelona</County><Country>ES</Country><Phone>618097866</Phone><Mobile/><Fax/><email>joan.company@gmail.com;joan.company@gmail.com</email><VatRegistration>38148367S</VatRegistration><PaymentTerms/><PaymentMethod/><PaymentTermsStdOrd/><PaymentTermsFuelOrd/><PaymentDays/><NoPaymentDays/><Comercial>MAC</Comercial><eMailInvoice>false</eMailInvoice><IBAN>ES9101288700170101641973</IBAN><SalesForceId>0015700002GKycaAAD</SalesForceId><etAddres><ADCode>01</ADCode><ADAddres>C/Del Pi, parc. 847</ADAddres><ADAddres2/><ADCity>Sant Genis de Palafolls</ADCity><ADCounty>Barcelona</ADCounty><ADPostCode>08389</ADPostCode><ADCountry>ES</ADCountry><Activity1>1000-DU</Activity1><Activity2/><FixTemperature>0</FixTemperature><ADCodePriceDiscount>PIPMED K</ADCodePriceDiscount><ADSalesForceId>a005700000s7iWyAAI</ADSalesForceId></etAddres></etCustomer></entitySyncDto><entitySyncDto_OUT><etCustomer xmlns="urn:microsoft-dynamics-nav/xmlports/x50050"/></entitySyncDto_OUT></Sfdc2Nav_CrearCliente></soap:Body></soap:Envelope>
11:48:29.21 (173166099)|METHOD_EXIT|[162]|01p57000001HcLU|XmlUtil.generarXmlSincronizarClientes(SchemaCliente.entitySyncDto)
11:48:29.21 (179419060)|METHOD_ENTRY|[1]|01p57000001lFxx|Util.Util()
11:48:29.21 (179499213)|METHOD_EXIT|[1]|Util
11:48:29.21 (208280815)|METHOD_ENTRY|[163]|01p57000001HcLC|NavWSUtil.peticionesWSNavision(String, String, String)
11:48:29.21 (208659866)|USER_DEBUG|[272]|DEBUG|***Utiliza BC/Navision Autenticación
11:48:29.21 (212931395)|METHOD_ENTRY|[7]|01p57000001HcL1|HttpClient.HttpClient()
11:48:29.21 (212979118)|METHOD_EXIT|[7]|HttpClient
11:48:29.21 (213233641)|CONSTRUCTOR_ENTRY|[287]|01p57000001HcL1|<init>(String,String,Boolean)|HttpClient
11:48:29.21 (213302218)|METHOD_ENTRY|[59]|01p57000001HcL1|HttpClient.setUser(String)
11:48:29.21 (213351863)|METHOD_EXIT|[59]|01p57000001HcL1|HttpClient.setUser(String)
11:48:29.21 (213363995)|METHOD_ENTRY|[60]|01p57000001HcL1|HttpClient.setPassword(String)
11:48:29.21 (213380107)|METHOD_EXIT|[60]|01p57000001HcL1|HttpClient.setPassword(String)
11:48:29.21 (213391660)|METHOD_ENTRY|[61]|01p57000001HcL1|HttpClient.setIsPreAuthenticate(Boolean)
11:48:29.21 (213406628)|METHOD_EXIT|[61]|01p57000001HcL1|HttpClient.setIsPreAuthenticate(Boolean)
11:48:29.21 (214185706)|METHOD_ENTRY|[11]|01p57000001HcL6|NTLMAuth.NTLMAuth()
11:48:29.21 (214217326)|METHOD_EXIT|[11]|NTLMAuth
11:48:29.21 (214243697)|CONSTRUCTOR_ENTRY|[63]|01p57000001HcL6|<init>()|NTLMAuth
11:48:29.21 (214307219)|CONSTRUCTOR_EXIT|[63]|01p57000001HcL6|<init>()|NTLMAuth
11:48:29.21 (214328479)|CONSTRUCTOR_EXIT|[287]|01p57000001HcL1|<init>(String,String,Boolean)|HttpClient
11:48:29.21 (214362181)|METHOD_ENTRY|[288]|01p57000001HcL1|HttpClient.send(System.HttpRequest, Map<String,String>)
11:48:29.21 (214393554)|METHOD_ENTRY|[134]|01p57000001HcL1|HttpClient.Clone(System.HttpRequest, Map<String,String>)
11:48:29.21 (215017593)|METHOD_EXIT|[134]|01p57000001HcL1|HttpClient.Clone(System.HttpRequest, Map<String,String>)
11:48:29.21 (215034196)|METHOD_ENTRY|[136]|01p57000001HcL1|HttpClient.getIsPreAuthenticate()
11:48:29.21 (215049455)|METHOD_EXIT|[136]|01p57000001HcL1|HttpClient.getIsPreAuthenticate()
11:48:29.21 (215066555)|METHOD_ENTRY|[137]|01p57000001HcL6|NTLMAuth.getType1Message()
11:48:29.21 (215919931)|METHOD_ENTRY|[12]|01p57000001HcKt|BitConverter.BitConverter()
11:48:29.21 (217540435)|METHOD_EXIT|[12]|BitConverter
11:48:29.21 (217569220)|METHOD_ENTRY|[33]|01p57000001HcKt|BitConverter.getBytesForUInt32(Integer)
11:48:29.21 (217703775)|METHOD_EXIT|[33]|01p57000001HcKt|BitConverter.getBytesForUInt32(Integer)
11:48:29.21 (217747532)|METHOD_ENTRY|[34]|01p57000001HcL6|NTLMAuth.WriteSecurityBuffer(List<Integer>, List<Integer>, List<Integer>)
11:48:29.21 (217782694)|METHOD_ENTRY|[165]|01p57000001HcKt|BitConverter.getBytesForUInt16(Integer)
11:48:29.21 (217825245)|METHOD_EXIT|[165]|01p57000001HcKt|BitConverter.getBytesForUInt16(Integer)
11:48:29.21 (217868879)|METHOD_ENTRY|[166]|01p57000001HcKt|BitConverter.getBytesForUInt16(Integer)
11:48:29.21 (217895202)|METHOD_EXIT|[166]|01p57000001HcKt|BitConverter.getBytesForUInt16(Integer)
11:48:29.21 (217911680)|METHOD_ENTRY|[167]|01p57000001HcKt|BitConverter.getBytesForUInt32(Integer)
11:48:29.21 (217941322)|METHOD_EXIT|[167]|01p57000001HcKt|BitConverter.getBytesForUInt32(Integer)
11:48:29.21 (217958255)|METHOD_EXIT|[34]|01p57000001HcL6|NTLMAuth.WriteSecurityBuffer(List<Integer>, List<Integer>, List<Integer>)
11:48:29.21 (217969812)|METHOD_ENTRY|[35]|01p57000001HcL6|NTLMAuth.WriteSecurityBuffer(List<Integer>, List<Integer>, List<Integer>)
11:48:29.21 (217983826)|METHOD_ENTRY|[165]|01p57000001HcKt|BitConverter.getBytesForUInt16(Integer)
11:48:29.21 (218004414)|METHOD_EXIT|[165]|01p57000001HcKt|BitConverter.getBytesForUInt16(Integer)
11:48:29.21 (218018230)|METHOD_ENTRY|[166]|01p57000001HcKt|BitConverter.getBytesForUInt16(Integer)
11:48:29.21 (218047786)|METHOD_EXIT|[166]|01p57000001HcKt|BitConverter.getBytesForUInt16(Integer)
11:48:29.21 (218071903)|METHOD_ENTRY|[167]|01p57000001HcKt|BitConverter.getBytesForUInt32(Integer)
11:48:29.21 (218105623)|METHOD_EXIT|[167]|01p57000001HcKt|BitConverter.getBytesForUInt32(Integer)
11:48:29.21 (218124233)|METHOD_EXIT|[35]|01p57000001HcL6|NTLMAuth.WriteSecurityBuffer(List<Integer>, List<Integer>, List<Integer>)
11:48:29.21 (218144229)|METHOD_ENTRY|[37]|01p57000001HcKt|BitConverter.encodeBase64String(List<Integer>)
11:48:29.21 (218837379)|METHOD_EXIT|[37]|01p57000001HcKt|BitConverter.encodeBase64String(List<Integer>)
11:48:29.21 (218856079)|METHOD_EXIT|[137]|01p57000001HcL6|NTLMAuth.getType1Message()
11:48:29.21 (219133357)|CALLOUT_REQUEST|[142]|System.HttpRequest[Endpoint=https://bc-acc.primagas.es:7047/BC_AD/WS/PSEnergia/Codeunit/WS_App, Method=POST]
11:48:29.21 (297402489)|CALLOUT_RESPONSE|[142]|System.HttpResponse[Status=Unauthorized, StatusCode=401]
11:48:29.21 (297574841)|METHOD_ENTRY|[148]|01p57000001HcL1|HttpClient.handle401Response(System.HttpResponse, System.HttpRequest, Map<String,String>, Integer)
11:48:29.21 (297625604)|METHOD_ENTRY|[184]|01p57000001HcL1|HttpClient.ParseHttpNtlmHeader(System.HttpResponse)
11:48:29.21 (297845204)|METHOD_EXIT|[184]|01p57000001HcL1|HttpClient.ParseHttpNtlmHeader(System.HttpResponse)
11:48:29.21 (297947212)|METHOD_ENTRY|[188]|01p57000001HcL1|HttpClient.Clone(System.HttpRequest, Map<String,String>)
11:48:29.21 (298447590)|METHOD_EXIT|[188]|01p57000001HcL1|HttpClient.Clone(System.HttpRequest, Map<String,String>)
11:48:29.21 (298479571)|METHOD_ENTRY|[189]|01p57000001HcL1|HttpClient.getUser()
11:48:29.21 (298513409)|METHOD_EXIT|[189]|01p57000001HcL1|HttpClient.getUser()
11:48:29.21 (298526084)|METHOD_ENTRY|[189]|01p57000001HcL1|HttpClient.getPassword()
11:48:29.21 (298541961)|METHOD_EXIT|[189]|01p57000001HcL1|HttpClient.getPassword()
11:48:29.21 (298558669)|METHOD_ENTRY|[189]|01p57000001HcL6|NTLMAuth.getType3Message(String, String, String)
11:48:29.21 (298708051)|METHOD_ENTRY|[59]|01p57000001HcKt|BitConverter.decodeBase64String(String)
11:48:29.21 (298752763)|USER_DEBUG|[75]|DEBUG|hello
11:48:29.21 (298846506)|SYSTEM_METHOD_ENTRY|[1]|Math.Math()
11:48:29.21 (298914587)|SYSTEM_METHOD_EXIT|[1]|Math
11:48:29.21 (298930712)|METHOD_ENTRY|[78]||System.Math.mod(Integer, Integer)
11:48:29.21 (298995854)|METHOD_EXIT|[78]||System.Math.mod(Integer, Integer)
11:48:29.21 (309614899)|METHOD_EXIT|[59]|01p57000001HcKt|BitConverter.decodeBase64String(String)
11:48:29.21 (309729756)|METHOD_ENTRY|[75]|01p57000001HcKt|BitConverter.toUInt32(List<Integer>, Integer)
11:48:29.21 (309758395)|METHOD_EXIT|[75]|01p57000001HcKt|BitConverter.toUInt32(List<Integer>, Integer)
11:48:29.21 (310531634)|METHOD_ENTRY|[69]|01p57000001HcL4|MD4Hash.MD4Hash()
11:48:29.21 (310561243)|METHOD_EXIT|[69]|MD4Hash
11:48:29.21 (310585637)|CONSTRUCTOR_ENTRY|[89]|01p57000001HcL4|<init>()|MD4Hash
11:48:29.21 (310677208)|METHOD_ENTRY|[99]|01p57000001HcL4|MD4Hash.reset()
11:48:29.21 (310869056)|METHOD_ENTRY|[182]|01p57000001HcL4|MD4Hash.resetContext()
11:48:29.21 (310891913)|METHOD_EXIT|[182]|01p57000001HcL4|MD4Hash.resetContext()
11:48:29.21 (310901779)|METHOD_EXIT|[99]|01p57000001HcL4|MD4Hash.reset()
11:48:29.21 (310910714)|METHOD_ENTRY|[100]|01p57000001HcL4|MD4Hash.resetContext()
11:48:29.21 (310926378)|METHOD_EXIT|[100]|01p57000001HcL4|MD4Hash.resetContext()
11:48:29.21 (310936385)|CONSTRUCTOR_EXIT|[89]|01p57000001HcL4|<init>()|MD4Hash
11:48:29.21 (310957443)|METHOD_ENTRY|[90]|01p57000001HcKt|BitConverter.encodeUTF16String(String)
11:48:29.21 (311132351)|SYSTEM_METHOD_ENTRY|[1]|EncodingUtil.EncodingUtil()
11:48:29.21 (311145727)|SYSTEM_METHOD_EXIT|[1]|EncodingUtil
11:48:29.21 (311159689)|METHOD_ENTRY|[208]||System.EncodingUtil.convertToHex(Blob)
11:48:29.21 (311229201)|METHOD_EXIT|[208]||System.EncodingUtil.convertToHex(Blob)
11:48:29.21 (311239173)|METHOD_ENTRY|[209]|01p57000001HcKt|BitConverter.encodeIntegerFromHex(String)
11:48:29.21 (311422724)|METHOD_ENTRY|[192]||System.Math.pow(Double, Double)
11:48:29.21 (311468144)|METHOD_EXIT|[192]||System.Math.pow(Double, Double)
11:48:29.21 (311532630)|METHOD_ENTRY|[192]||System.Math.pow(Double, Double)
11:48:29.21 (311549136)|METHOD_EXIT|[192]||System.Math.pow(Double, Double)
11:48:29.21 (311580530)|METHOD_EXIT|[209]|01p57000001HcKt|BitConverter.encodeIntegerFromHex(String)
11:48:29.21 (311657208)|METHOD_ENTRY|[208]||System.EncodingUtil.convertToHex(Blob)
11:48:29.21 (311677015)|METHOD_EXIT|[208]||System.EncodingUtil.convertToHex(Blob)
11:48:29.21 (311682485)|METHOD_ENTRY|[209]|01p57000001HcKt|BitConverter.encodeIntegerFromHex(String)
11:48:29.21 (311744073)|METHOD_ENTRY|[192]||System.Math.pow(Double, Double)
11:48:29.21 (311761360)|METHOD_EXIT|[192]||System.Math.pow(Double, Double)
11:48:29.21 (311808414)|METHOD_ENTRY|[192]||System.Math.pow(Double, Double)
11:48:29.21 (311822574)|METHOD_EXIT|[192]||System.Math.pow(Double, Double)
11:48:29.21 (311850430)|METHOD_EXIT|[209]|01p57000001HcKt|BitConverter.encodeIntegerFromHex(String)
11:48:29.21 (311905709)|METHOD_ENTRY|[208]||System.EncodingUtil.convertToHex(Blob)
11:48:29.21 (311922563)|METHOD_EXIT|[208]||System.EncodingUtil.convertToHex(Blob)
11:48:29.21 (311927795)|METHOD_ENTRY|[209]|01p57000001HcKt|BitConverter.encodeIntegerFromHex(String)
11:48:29.21 (311988136)|METHOD_ENTRY|[192]||System.Math.pow(Double, Double)
11:48:29.21 (312002561)|METHOD_EXIT|[192]||System.Math.pow(Double, Double)
11:48:29.21 (312048209)|METHOD_ENTRY|[192]||System.Math.pow(Double, Double)
11:48:29.21 (312063213)|METHOD_EXIT|[192]||System.Math.pow(Double, Double)
11:48:29.21 (312094918)|METHOD_EXIT|[209]|01p57000001HcKt|BitConverter.encodeIntegerFromHex(String)
11:48:29.21 (312147304)|METHOD_ENTRY|[208]||System.EncodingUtil.convertToHex(Blob)
11:48:29.21 (312162082)|METHOD_EXIT|[208]||System.EncodingUtil.convertToHex(Blob)
11:48:29.21 (312168851)|METHOD_ENTRY|[209]|01p57000001HcKt|BitConverter.encodeIntegerFromHex(String)
11:48:29.21 (312279898)|METHOD_ENTRY|[192]||System.Math.pow(Double, Double)
11:48:29.21 (312296208)|METHOD_EXIT|[192]||System.Math.pow(Double, Double)
11:48:29.21 (312340846)|METHOD_ENTRY|[192]||System.Math.pow(Double, Double)
11:48:29.21 (312355199)|METHOD_EXIT|[192]||System.Math.pow(Double, Double)
11:48:29.21 (312385784)|METHOD_EXIT|[209]|01p57000001HcKt|BitConverter.encodeIntegerFromHex(String)
11:48:29.21 (312439132)|METHOD_ENTRY|[208]||System.EncodingUtil.convertToHex(Blob)
11:48:29.21 (312458811)|METHOD_EXIT|[208]||System.EncodingUtil.convertToHex(Blob)
11:48:29.21 (312465742)|METHOD_ENTRY|[209]|01p57000001HcKt|BitConverter.encodeIntegerFromHex(String)
11:48:29.21 (312525145)|METHOD_ENTRY|[192]||System.Math.pow(Double, Double)
11:48:29.21 (312540373)|METHOD_EXIT|[192]||System.Math.pow(Double, Double)
11:48:29.21 (312582003)|METHOD_ENTRY|[192]||System.Math.pow(Double, Double)
11:48:29.21 (312599341)|METHOD_EXIT|[192]||System.Math.pow(Double, Double)
11:48:29.21 (312626100)|METHOD_EXIT|[209]|01p57000001HcKt|BitConverter.encodeIntegerFromHex(String)
11:48:29.21 (312682919)|METHOD_ENTRY|[208]||System.EncodingUtil.convertToHex(Blob)
11:48:29.21 (312697416)|METHOD_EXIT|[208]||System.EncodingUtil.convertToHex(Blob)
11:48:29.21 (312707400)|METHOD_ENTRY|[209]|01p57000001HcKt|BitConverter.encodeIntegerFromHex(String)
11:48:29.21 (312767024)|METHOD_ENTRY|[192]||System.Math.pow(Double, Double)
11:48:29.21 (312782513)|METHOD_EXIT|[192]||System.Math.pow(Double, Double)
11:48:29.21 (312836590)|METHOD_ENTRY|[192]||System.Math.pow(Double, Double)
11:48:29.21 (312857970)|METHOD_EXIT|[192]||System.Math.pow(Double, Double)
11:48:29.21 (312896307)|METHOD_EXIT|[209]|01p57000001HcKt|BitConverter.encodeIntegerFromHex(String)
11:48:29.21 (312974350)|METHOD_ENTRY|[208]||System.EncodingUtil.convertToHex(Blob)
11:48:29.21 (313001691)|METHOD_EXIT|[208]||System.EncodingUtil.convertToHex(Blob)
11:48:29.21 (313012679)|METHOD_ENTRY|[209]|01p57000001HcKt|BitConverter.encodeIntegerFromHex(String)
11:48:29.21 (313101886)|METHOD_ENTRY|[192]||System.Math.pow(Double, Double)
11:48:29.21 (313138370)|METHOD_EXIT|[192]||System.Math.pow(Double, Double)
11:48:29.21 (313204530)|METHOD_ENTRY|[192]||System.Math.pow(Double, Double)
11:48:29.21 (313225514)|METHOD_EXIT|[192]||System.Math.pow(Double, Double)
11:48:29.21 (313277120)|METHOD_EXIT|[209]|01p57000001HcKt|BitConverter.encodeIntegerFromHex(String)
11:48:29.21 (313360841)|METHOD_ENTRY|[208]||System.EncodingUtil.convertToHex(Blob)
11:48:29.21 (313388879)|METHOD_EXIT|[208]||System.EncodingUtil.convertToHex(Blob)
11:48:29.21 (313405255)|METHOD_ENTRY|[209]|01p57000001HcKt|BitConverter.encodeIntegerFromHex(String)
11:48:29.21 (313504368)|METHOD_ENTRY|[192]||System.Math.pow(Double, Double)
11:48:29.21 (313528129)|METHOD_EXIT|[192]||System.Math.pow(Double, Double)
11:48:29.21 (313591738)|METHOD_ENTRY|[192]||System.Math.pow(Double, Double)
11:48:29.21 (313614369)|METHOD_EXIT|[192]||System.Math.pow(Double, Double)
11:48:29.21 (313656351)|METHOD_EXIT|[209]|01p57000001HcKt|BitConverter.encodeIntegerFromHex(String)
11:48:29.21 (313739718)|METHOD_ENTRY|[208]||System.EncodingUtil.convertToHex(Blob)
11:48:29.21 (313771775)|METHOD_EXIT|[208]||System.EncodingUtil.convertToHex(Blob)
11:48:29.21 (313782707)|METHOD_ENTRY|[209]|01p57000001HcKt|BitConverter.encodeIntegerFromHex(String)
11:48:29.21 (313871996)|METHOD_ENTRY|[192]||System.Math.pow(Double, Double)
11:48:29.21 (313895655)|METHOD_EXIT|[192]||System.Math.pow(Double, Double)
11:48:29.21 (313965805)|METHOD_ENTRY|[192]||System.Math.pow(Double, Double)
11:48:29.21 (313990892)|METHOD_EXIT|[192]||System.Math.pow(Double, Double)
11:48:29.21 (314033397)|METHOD_EXIT|[209]|01p57000001HcKt|BitConverter.encodeIntegerFromHex(String)
11:48:29.21 (314081029)|METHOD_EXIT|[90]|01p57000001HcKt|BitConverter.encodeUTF16String(String)
11:48:29.21 (314106331)|METHOD_ENTRY|[90]|01p57000001HcL4|MD4Hash.digest(List<Integer>)
11:48:29.21 (314170506)|METHOD_ENTRY|[113]|01p57000001HcL4|MD4Hash.updateBuffer(List<Integer>, Integer, Integer)
11:48:29.21 (314224257)|METHOD_ENTRY|[139]||System.Math.mod(Long, Long)
11:48:29.21 (314342433)|METHOD_EXIT|[139]||System.Math.mod(Long, Long)
11:48:29.21 (314435640)|METHOD_ENTRY|[154]|01p57000001HcL4|MD4Hash.arrayCopy(List<Integer>, Integer, List<Integer>, Integer, Integer)
11:48:29.21 (314550154)|METHOD_EXIT|[154]|01p57000001HcL4|MD4Hash.arrayCopy(List<Integer>, Integer, List<Integer>, Integer, Integer)
11:48:29.21 (314564923)|METHOD_EXIT|[113]|01p57000001HcL4|MD4Hash.updateBuffer(List<Integer>, Integer, Integer)
11:48:29.21 (314582521)|METHOD_ENTRY|[114]|01p57000001HcL4|MD4Hash.digest()
11:48:29.21 (314607311)|METHOD_ENTRY|[164]|01p57000001HcL4|MD4Hash.padBuffer()
11:48:29.21 (314631331)|METHOD_ENTRY|[219]||System.Math.mod(Long, Long)
11:48:29.21 (314669767)|METHOD_EXIT|[219]||System.Math.mod(Long, Long)
11:48:29.21 (315486718)|METHOD_EXIT|[164]|01p57000001HcL4|MD4Hash.padBuffer()
11:48:29.21 (315533417)|METHOD_ENTRY|[165]|01p57000001HcL4|MD4Hash.updateBuffer(List<Integer>, Integer, Integer)
11:48:29.21 (315556879)|METHOD_ENTRY|[139]||System.Math.mod(Long, Long)
11:48:29.21 (315594186)|METHOD_EXIT|[139]||System.Math.mod(Long, Long)
11:48:29.21 (315634652)|METHOD_ENTRY|[145]|01p57000001HcL4|MD4Hash.arrayCopy(List<Integer>, Integer, List<Integer>, Integer, Integer)
11:48:29.21 (315765931)|METHOD_EXIT|[145]|01p57000001HcL4|MD4Hash.arrayCopy(List<Integer>, Integer, List<Integer>, Integer, Integer)
11:48:29.21 (315781010)|METHOD_ENTRY|[146]|01p57000001HcL4|MD4Hash.transform(List<Integer>, Integer)
11:48:29.21 (315906263)|METHOD_ENTRY|[268]|01p57000001HcKt|BitConverter.getIntegerComplement(Integer)
11:48:29.21 (315926306)|METHOD_EXIT|[268]|01p57000001HcKt|BitConverter.getIntegerComplement(Integer)
11:48:29.21 (315937428)|METHOD_ENTRY|[270]|01p57000001HcKt|BitConverter.getIntegerComplement(Integer)
11:48:29.21 (315950772)|METHOD_EXIT|[270]|01p57000001HcKt|BitConverter.getIntegerComplement(Integer)
11:48:29.21 (315962260)|METHOD_ENTRY|[272]|01p57000001HcKt|BitConverter.getIntegerComplement(Integer)
11:48:29.21 (315973241)|METHOD_EXIT|[272]|01p57000001HcKt|BitConverter.getIntegerComplement(Integer)
11:48:29.21 (315982226)|METHOD_ENTRY|[274]|01p57000001HcKt|BitConverter.getIntegerComplement(Integer)
11:48:29.21 (315993434)|METHOD_EXIT|[274]|01p57000001HcKt|BitConverter.getIntegerComplement(Integer)
11:48:29.21 (316004141)|METHOD_ENTRY|[276]|01p57000001HcKt|BitConverter.getIntegerComplement(Integer)
11:48:29.21 (316016415)|METHOD_EXIT|[276]|01p57000001HcKt|BitConverter.getIntegerComplement(Integer)
11:48:29.21 (316026569)|METHOD_ENTRY|[278]|01p57000001HcKt|BitConverter.getIntegerComplement(Integer)
11:48:29.21 (316037510)|METHOD_EXIT|[278]|01p57000001HcKt|BitConverter.getIntegerComplement(Integer)
11:48:29.21 (316047187)|METHOD_ENTRY|[280]|01p57000001HcKt|BitConverter.getIntegerComplement(Integer)
11:48:29.21 (316055861)|METHOD_EXIT|[280]|01p57000001HcKt|BitConverter.getIntegerComplement(Integer)
11:48:29.21 (316065636)|METHOD_ENTRY|[282]|01p57000001HcKt|BitConverter.getIntegerComplement(Integer)
11:48:29.21 (316077005)|METHOD_EXIT|[282]|01p57000001HcKt|BitConverter.getIntegerComplement(Integer)
11:48:29.21 (316085060)|METHOD_ENTRY|[284]|01p57000001HcKt|BitConverter.getIntegerComplement(Integer)
11:48:29.21 (316096260)|METHOD_EXIT|[284]|01p57000001HcKt|BitConverter.getIntegerComplement(Integer)
11:48:29.21 (316106689)|METHOD_ENTRY|[286]|01p57000001HcKt|BitConverter.getIntegerComplement(Integer)
11:48:29.21 (316117022)|METHOD_EXIT|[286]|01p57000001HcKt|BitConverter.getIntegerComplement(Integer)
11:48:29.21 (316125043)|METHOD_ENTRY|[288]|01p57000001HcKt|BitConverter.getIntegerComplement(Integer)
11:48:29.21 (316135886)|METHOD_EXIT|[288]|01p57000001HcKt|BitConverter.getIntegerComplement(Integer)
11:48:29.21 (316146416)|METHOD_ENTRY|[290]|01p57000001HcKt|BitConverter.getIntegerComplement(Integer)
11:48:29.21 (316158073)|METHOD_EXIT|[290]|01p57000001HcKt|BitConverter.getIntegerComplement(Integer)
11:48:29.21 (316167431)|METHOD_ENTRY|[292]|01p57000001HcKt|BitConverter.getIntegerComplement(Integer)
11:48:29.21 (316178503)|METHOD_EXIT|[292]|01p57000001HcKt|BitConverter.getIntegerComplement(Integer)
11:48:29.21 (316188452)|METHOD_ENTRY|[294]|01p57000001HcKt|BitConverter.getIntegerComplement(Integer)
11:48:29.21 (316197523)|METHOD_EXIT|[294]|01p57000001HcKt|BitConverter.getIntegerComplement(Integer)
11:48:29.21 (316206715)|METHOD_ENTRY|[296]|01p57000001HcKt|BitConverter.getIntegerComplement(Integer)
11:48:29.21 (316217094)|METHOD_EXIT|[296]|01p57000001HcKt|BitConverter.getIntegerComplement(Integer)
11:48:29.21 (316224881)|METHOD_ENTRY|[298]|01p57000001HcKt|BitConverter.getIntegerComplement(Integer)
11:48:29.21 (316237988)|METHOD_EXIT|[298]|01p57000001HcKt|BitConverter.getIntegerComplement(Integer)
11:48:29.21 (316311405)|METHOD_EXIT|[146]|01p57000001HcL4|MD4Hash.transform(List<Integer>, Integer)
11:48:29.21 (316324936)|METHOD_EXIT|[165]|01p57000001HcL4|MD4Hash.updateBuffer(List<Integer>, Integer, Integer)
11:48:29.21 (316337407)|METHOD_ENTRY|[166]|01p57000001HcL4|MD4Hash.getResult()
11:48:29.21 (316406659)|METHOD_EXIT|[166]|01p57000001HcL4|MD4Hash.getResult()
11:48:29.21 (316417209)|METHOD_ENTRY|[168]|01p57000001HcL4|MD4Hash.reset()
11:48:29.21 (316546856)|METHOD_ENTRY|[182]|01p57000001HcL4|MD4Hash.resetContext()
11:48:29.21 (316558690)|METHOD_EXIT|[182]|01p57000001HcL4|MD4Hash.resetContext()
11:48:29.21 (316565504)|METHOD_EXIT|[168]|01p57000001HcL4|MD4Hash.reset()
11:48:29.21 (316576300)|METHOD_EXIT|[114]|01p57000001HcL4|MD4Hash.digest()
11:48:29.21 (316585810)|METHOD_EXIT|[90]|01p57000001HcL4|MD4Hash.digest(List<Integer>)
11:48:29.21 (316603690)|METHOD_ENTRY|[94]||System.Math.pow(Double, Double)
11:48:29.21 (316632512)|METHOD_EXIT|[94]||System.Math.pow(Double, Double)
11:48:29.21 (316660427)|METHOD_ENTRY|[95]||System.Math.random()
11:48:29.21 (316689727)|METHOD_EXIT|[95]||System.Math.random()
11:48:29.21 (316710097)|METHOD_ENTRY|[95]||System.Math.roundToLong(Double)
11:48:29.21 (316761173)|METHOD_EXIT|[95]||System.Math.roundToLong(Double)
11:48:29.21 (316776611)|METHOD_ENTRY|[96]|01p57000001HcKt|BitConverter.getBytesForUInt64(Long)
11:48:29.21 (316979539)|METHOD_EXIT|[96]|01p57000001HcKt|BitConverter.getBytesForUInt64(Long)
11:48:29.21 (317200172)|METHOD_ENTRY|[106]|01p57000001HcKt|BitConverter.getBlob(List<Integer>)
11:48:29.21 (317219180)|METHOD_ENTRY|[344]|01p57000001HcKt|BitConverter.encodeBase64String(List<Integer>)
11:48:29.21 (317555956)|METHOD_EXIT|[344]|01p57000001HcKt|BitConverter.encodeBase64String(List<Integer>)
11:48:29.21 (317576009)|METHOD_ENTRY|[345]||System.EncodingUtil.base64Decode(String)
11:48:29.21 (317632842)|METHOD_EXIT|[345]||System.EncodingUtil.base64Decode(String)
11:48:29.21 (317642293)|METHOD_EXIT|[106]|01p57000001HcKt|BitConverter.getBlob(List<Integer>)
11:48:29.21 (317712655)|SYSTEM_METHOD_ENTRY|[1]|Crypto.Crypto()
11:48:29.21 (317724653)|SYSTEM_METHOD_EXIT|[1]|Crypto
11:48:29.21 (317737090)|METHOD_ENTRY|[106]||System.Crypto.generateDigest(String, Blob)
11:48:29.21 (318071032)|METHOD_EXIT|[106]||System.Crypto.generateDigest(String, Blob)
11:48:29.21 (318092225)|METHOD_ENTRY|[108]|01p57000001HcKt|BitConverter.getBytes(Blob)
11:48:29.21 (318125291)|METHOD_ENTRY|[279]||System.EncodingUtil.convertToHex(Blob)
11:48:29.21 (318169126)|METHOD_EXIT|[279]||System.EncodingUtil.convertToHex(Blob)
11:48:29.21 (318302637)|METHOD_ENTRY|[282]|01p57000001HcKt|BitConverter.encodeIntegerFromHex(String)
11:48:29.21 (318424468)|METHOD_ENTRY|[192]||System.Math.pow(Double, Double)
11:48:29.21 (318461229)|METHOD_EXIT|[192]||System.Math.pow(Double, Double)
11:48:29.21 (318524266)|METHOD_ENTRY|[192]||System.Math.pow(Double, Double)
11:48:29.21 (318540052)|METHOD_EXIT|[192]||System.Math.pow(Double, Double)
11:48:29.21 (318569491)|METHOD_EXIT|[282]|01p57000001HcKt|BitConverter.encodeIntegerFromHex(String)
11:48:29.21 (318619902)|METHOD_ENTRY|[282]|01p57000001HcKt|BitConverter.encodeIntegerFromHex(String)
11:48:29.21 (318684515)|METHOD_ENTRY|[192]||System.Math.pow(Double, Double)
11:48:29.21 (318700991)|METHOD_EXIT|[192]||System.Math.pow(Double, Double)
11:48:29.21 (318762665)|METHOD_ENTRY|[192]||System.Math.pow(Double, Double)
11:48:29.21 (318783212)|METHOD_EXIT|[192]||System.Math.pow(Double, Double)
11:48:29.21 (318821110)|METHOD_EXIT|[282]|01p57000001HcKt|BitConverter.encodeIntegerFromHex(String)
11:48:29.21 (318880495)|METHOD_ENTRY|[282]|01p57000001HcKt|BitConverter.encodeIntegerFromHex(String)
11:48:29.21 (318948261)|METHOD_ENTRY|[192]||System.Math.pow(Double, Double)
11:48:29.21 (318966267)|METHOD_EXIT|[192]||System.Math.pow(Double, Double)
11:48:29.21 (319028242)|METHOD_ENTRY|[192]||System.Math.pow(Double, Double)
11:48:29.21 (319049275)|METHOD_EXIT|[192]||System.Math.pow(Double, Double)
11:48:29.21 (319086217)|METHOD_EXIT|[282]|01p57000001HcKt|BitConverter.encodeIntegerFromHex(String)
11:48:29.21 (319136593)|METHOD_ENTRY|[282]|01p57000001HcKt|BitConverter.encodeIntegerFromHex(String)
11:48:29.21 (319221942)|METHOD_ENTRY|[192]||System.Math.pow(Double, Double)
11:48:29.21 (319247071)|METHOD_EXIT|[192]||System.Math.pow(Double, Double)
11:48:29.21 (319317446)|METHOD_ENTRY|[192]||System.Math.pow(Double, Double)
11:48:29.21 (319340512)|METHOD_EXIT|[192]||System.Math.pow(Double, Double)
11:48:29.21 (319381435)|METHOD_EXIT|[282]|01p57000001HcKt|BitConverter.encodeIntegerFromHex(String)
11:48:29.21 (319433322)|METHOD_ENTRY|[282]|01p57000001HcKt|BitConverter.encodeIntegerFromHex(String)
11:48:29.21 (319547445)|METHOD_ENTRY|[192]||System.Math.pow(Double, Double)
11:48:29.21 (319568740)|METHOD_EXIT|[192]||System.Math.pow(Double, Double)
11:48:29.21 (319616446)|METHOD_ENTRY|[192]||System.Math.pow(Double, Double)
11:48:29.21 (319630992)|METHOD_EXIT|[192]||System.Math.pow(Double, Double)
11:48:29.21 (319659260)|METHOD_EXIT|[282]|01p57000001HcKt|BitConverter.encodeIntegerFromHex(String)
11:48:29.21 (319694764)|METHOD_ENTRY|[282]|01p57000001HcKt|BitConverter.encodeIntegerFromHex(String)
11:48:29.21 (319764877)|METHOD_ENTRY|[192]||System.Math.pow(Double, Double)
11:48:29.21 (319780021)|METHOD_EXIT|[192]||System.Math.pow(Double, Double)
11:48:29.21 (319822696)|METHOD_ENTRY|[192]||System.Math.pow(Double, Double)
11:48:29.21 (319836839)|METHOD_EXIT|[192]||System.Math.pow(Double, Double)
11:48:29.21 (319864593)|METHOD_EXIT|[282]|01p57000001HcKt|BitConverter.encodeIntegerFromHex(String)
11:48:29.21 (319899665)|METHOD_ENTRY|[282]|01p57000001HcKt|BitConverter.encodeIntegerFromHex(String)
11:48:29.21 (319954158)|METHOD_ENTRY|[192]||System.Math.pow(Double, Double)
11:48:29.21 (319968636)|METHOD_EXIT|[192]||System.Math.pow(Double, Double)
11:48:29.21 (320014186)|METHOD_ENTRY|[192]||System.Math.pow(Double, Double)
11:48:29.21 (320030145)|METHOD_EXIT|[192]||System.Math.pow(Double, Double)
11:48:29.21 (320057551)|METHOD_EXIT|[282]|01p57000001HcKt|BitConverter.encodeIntegerFromHex(String)
11:48:29.21 (320091772)|METHOD_ENTRY|[282]|01p57000001HcKt|BitConverter.encodeIntegerFromHex(String)
11:48:29.21 (320146343)|METHOD_ENTRY|[192]||System.Math.pow(Double, Double)
11:48:29.21 (320161144)|METHOD_EXIT|[192]||System.Math.pow(Double, Double)
11:48:29.21 (320206383)|METHOD_ENTRY|[192]||System.Math.pow(Double, Double)
11:48:29.21 (320221706)|METHOD_EXIT|[192]||System.Math.pow(Double, Double)
11:48:29.21 (320266762)|METHOD_EXIT|[282]|01p57000001HcKt|BitConverter.encodeIntegerFromHex(String)
11:48:29.21 (320318224)|METHOD_ENTRY|[282]|01p57000001HcKt|BitConverter.encodeIntegerFromHex(String)
11:48:29.21 (320399512)|METHOD_ENTRY|[192]||System.Math.pow(Double, Double)
11:48:29.21 (320422296)|METHOD_EXIT|[192]||System.Math.pow(Double, Double)
11:48:29.21 (320484491)|METHOD_ENTRY|[192]||System.Math.pow(Double, Double)
11:48:29.21 (320504815)|METHOD_EXIT|[192]||System.Math.pow(Double, Double)
11:48:29.21 (320540186)|METHOD_EXIT|[282]|01p57000001HcKt|BitConverter.encodeIntegerFromHex(String)
11:48:29.21 (320591284)|METHOD_ENTRY|[282]|01p57000001HcKt|BitConverter.encodeIntegerFromHex(String)
11:48:29.21 (320685239)|METHOD_ENTRY|[192]||System.Math.pow(Double, Double)
11:48:29.21 (320710201)|METHOD_EXIT|[192]||System.Math.pow(Double, Double)
11:48:29.21 (320761851)|METHOD_ENTRY|[192]||System.Math.pow(Double, Double)
11:48:29.21 (320778169)|METHOD_EXIT|[192]||System.Math.pow(Double, Double)
11:48:29.21 (320808086)|METHOD_EXIT|[282]|01p57000001HcKt|BitConverter.encodeIntegerFromHex(String)
11:48:29.21 (320849665)|METHOD_ENTRY|[282]|01p57000001HcKt|BitConverter.encodeIntegerFromHex(String)
11:48:29.21 (320912694)|METHOD_ENTRY|[192]||System.Math.pow(Double, Double)
11:48:29.21 (320927955)|METHOD_EXIT|[192]||System.Math.pow(Double, Double)
11:48:29.21 (320980517)|METHOD_ENTRY|[192]||System.Math.pow(Double, Double)
11:48:29.21 (321001277)|METHOD_EXIT|[192]||System.Math.pow(Double, Double)
11:48:29.21 (321039413)|METHOD_EXIT|[282]|01p57000001HcKt|BitConverter.encodeIntegerFromHex(String)
11:48:29.21 (321084403)|METHOD_ENTRY|[282]|01p57000001HcKt|BitConverter.encodeIntegerFromHex(String)
11:48:29.21 (321184216)|METHOD_ENTRY|[192]||System.Math.pow(Double, Double)
11:48:29.21 (321204685)|METHOD_EXIT|[192]||System.Math.pow(Double, Double)
11:48:29.21 (321269556)|METHOD_ENTRY|[192]||System.Math.pow(Double, Double)
11:48:29.21 (321289268)|METHOD_EXIT|[192]||System.Math.pow(Double, Double)
11:48:29.21 (321324183)|METHOD_EXIT|[282]|01p57000001HcKt|BitConverter.encodeIntegerFromHex(String)
11:48:29.21 (321369011)|METHOD_ENTRY|[282]|01p57000001HcKt|BitConverter.encodeIntegerFromHex(String)
11:48:29.21 (321441527)|METHOD_ENTRY|[192]||System.Math.pow(Double, Double)
11:48:29.21 (321460155)|METHOD_EXIT|[192]||System.Math.pow(Double, Double)
11:48:29.21 (321515537)|METHOD_ENTRY|[192]||System.Math.pow(Double, Double)
11:48:29.21 (321535585)|METHOD_EXIT|[192]||System.Math.pow(Double, Double)
11:48:29.21 (321572894)|METHOD_EXIT|[282]|01p57000001HcKt|BitConverter.encodeIntegerFromHex(String)
11:48:29.21 (321624257)|METHOD_ENTRY|[282]|01p57000001HcKt|BitConverter.encodeIntegerFromHex(String)
11:48:29.21 (321706410)|METHOD_ENTRY|[192]||System.Math.pow(Double, Double)
11:48:29.21 (321729617)|METHOD_EXIT|[192]||System.Math.pow(Double, Double)
11:48:29.21 (321794990)|METHOD_ENTRY|[192]||System.Math.pow(Double, Double)
11:48:29.21 (321815394)|METHOD_EXIT|[192]||System.Math.pow(Double, Double)
11:48:29.21 (321845912)|METHOD_EXIT|[282]|01p57000001HcKt|BitConverter.encodeIntegerFromHex(String)
11:48:29.21 (321893514)|METHOD_ENTRY|[282]|01p57000001HcKt|BitConverter.encodeIntegerFromHex(String)
11:48:29.21 (321957006)|METHOD_ENTRY|[192]||System.Math.pow(Double, Double)
11:48:29.21 (321973512)|METHOD_EXIT|[192]||System.Math.pow(Double, Double)
11:48:29.21 (322018362)|METHOD_ENTRY|[192]||System.Math.pow(Double, Double)
11:48:29.21 (322032604)|METHOD_EXIT|[192]||System.Math.pow(Double, Double)
11:48:29.21 (322059620)|METHOD_EXIT|[282]|01p57000001HcKt|BitConverter.encodeIntegerFromHex(String)
11:48:29.21 (322093150)|METHOD_ENTRY|[282]|01p57000001HcKt|BitConverter.encodeIntegerFromHex(String)
11:48:29.21 (322154635)|METHOD_ENTRY|[192]||System.Math.pow(Double, Double)
11:48:29.21 (322170075)|METHOD_EXIT|[192]||System.Math.pow(Double, Double)
11:48:29.21 (322212533)|METHOD_ENTRY|[192]||System.Math.pow(Double, Double)
11:48:29.21 (322260627)|METHOD_EXIT|[192]||System.Math.pow(Double, Double)
11:48:29.21 (322286021)|METHOD_EXIT|[282]|01p57000001HcKt|BitConverter.encodeIntegerFromHex(String)
11:48:29.21 (322316363)|METHOD_EXIT|[108]|01p57000001HcKt|BitConverter.getBytes(Blob)
11:48:29.21 (322335759)|METHOD_ENTRY|[108]|01p57000001HcL6|NTLMAuth.createNTLMResponse(List<Integer>, List<Integer>)
11:48:29.21 (322498259)|METHOD_ENTRY|[191]|01p57000001HcL6|NTLMAuth.createDESKey(List<Integer>, Integer)
11:48:29.21 (322632048)|METHOD_ENTRY|[231]|01p57000001HcL6|NTLMAuth.applyOddParity(List<Integer>)
11:48:29.21 (322783518)|METHOD_EXIT|[231]|01p57000001HcL6|NTLMAuth.applyOddParity(List<Integer>)
11:48:29.21 (322793251)|METHOD_EXIT|[191]|01p57000001HcL6|NTLMAuth.createDESKey(List<Integer>, Integer)
11:48:29.21 (322803940)|METHOD_ENTRY|[192]|01p57000001HcL6|NTLMAuth.createDESKey(List<Integer>, Integer)
11:48:29.21 (322871103)|METHOD_ENTRY|[231]|01p57000001HcL6|NTLMAuth.applyOddParity(List<Integer>)
11:48:29.21 (322969157)|METHOD_EXIT|[231]|01p57000001HcL6|NTLMAuth.applyOddParity(List<Integer>)
11:48:29.21 (322979145)|METHOD_EXIT|[192]|01p57000001HcL6|NTLMAuth.createDESKey(List<Integer>, Integer)
11:48:29.21 (322988527)|METHOD_ENTRY|[193]|01p57000001HcL6|NTLMAuth.createDESKey(List<Integer>, Integer)
11:48:29.21 (323053285)|METHOD_ENTRY|[231]|01p57000001HcL6|NTLMAuth.applyOddParity(List<Integer>)
11:48:29.21 (323163893)|METHOD_EXIT|[231]|01p57000001HcL6|NTLMAuth.applyOddParity(List<Integer>)
11:48:29.21 (323175470)|METHOD_EXIT|[193]|01p57000001HcL6|NTLMAuth.createDESKey(List<Integer>, Integer)
11:48:29.21 (323927901)|METHOD_ENTRY|[40]|01p57000001HcKx|DESCrypt.DESCrypt()
11:48:29.21 (326852359)|METHOD_EXIT|[40]|DESCrypt
11:48:29.21 (326886712)|CONSTRUCTOR_ENTRY|[195]|01p57000001HcKx|<init>()|DESCrypt
11:48:29.21 (326925769)|CONSTRUCTOR_EXIT|[195]|01p57000001HcKx|<init>()|DESCrypt
11:48:29.21 (326956440)|METHOD_ENTRY|[196]|01p57000001HcKx|DESCrypt.encrypt(List<Integer>, List<Integer>)
11:48:29.21 (326986108)|METHOD_ENTRY|[706]|01p57000001HcKx|DESCrypt.init(List<Integer>)
11:48:29.21 (327030912)|METHOD_ENTRY|[695]|01p57000001HcKx|DESCrypt.expandKey(List<Integer>)
11:48:29.21 (329569689)|METHOD_EXIT|[695]|01p57000001HcKx|DESCrypt.expandKey(List<Integer>)
11:48:29.21 (329604745)|METHOD_EXIT|[706]|01p57000001HcKx|DESCrypt.init(List<Integer>)
11:48:29.21 (329634187)|METHOD_ENTRY|[707]|01p57000001HcKx|DESCrypt.encrypt(List<Integer>)
11:48:29.21 (329726228)|METHOD_ENTRY|[719]||System.Math.mod(Integer, Integer)
11:48:29.21 (329764203)|METHOD_EXIT|[719]||System.Math.mod(Integer, Integer)
11:48:29.21 (329845136)|METHOD_ENTRY|[724]|01p57000001HcKx|DESCrypt.encryptBlock(List<Integer>, Integer, List<Integer>, Integer)
11:48:29.21 (329875372)|METHOD_ENTRY|[751]|01p57000001HcKx|DESCrypt.cipherBlock(List<Integer>, Integer, List<Integer>, Integer)
11:48:29.21 (329909076)|METHOD_ENTRY|[769]|01p57000001HcKx|DESCrypt.initialPermutationLeft(List<Integer>, Integer)
11:48:29.21 (330035030)|METHOD_EXIT|[769]|01p57000001HcKx|DESCrypt.initialPermutationLeft(List<Integer>, Integer)
11:48:29.21 (330069677)|METHOD_ENTRY|[770]|01p57000001HcKx|DESCrypt.initialPermutationRight(List<Integer>, Integer)
11:48:29.21 (330142685)|METHOD_EXIT|[770]|01p57000001HcKx|DESCrypt.initialPermutationRight(List<Integer>, Integer)
11:48:29.21 (330587424)|METHOD_ENTRY|[804]|01p57000001HcKx|DESCrypt.perm(Integer, Integer, List<Integer>, Integer)
11:48:29.21 (330715655)|METHOD_EXIT|[804]|01p57000001HcKx|DESCrypt.perm(Integer, Integer, List<Integer>, Integer)
11:48:29.21 (330732640)|METHOD_EXIT|[751]|01p57000001HcKx|DESCrypt.cipherBlock(List<Integer>, Integer, List<Integer>, Integer)
11:48:29.21 (330742363)|METHOD_EXIT|[724]|01p57000001HcKx|DESCrypt.encryptBlock(List<Integer>, Integer, List<Integer>, Integer)
11:48:29.21 (330766295)|METHOD_ENTRY|[724]|01p57000001HcKx|DESCrypt.encryptBlock(List<Integer>, Integer, List<Integer>, Integer)
11:48:29.21 (330778651)|METHOD_ENTRY|[751]|01p57000001HcKx|DESCrypt.cipherBlock(List<Integer>, Integer, List<Integer>, Integer)
11:48:29.21 (330792957)|METHOD_ENTRY|[769]|01p57000001HcKx|DESCrypt.initialPermutationLeft(List<Integer>, Integer)
11:48:29.21 (330868471)|METHOD_EXIT|[769]|01p57000001HcKx|DESCrypt.initialPermutationLeft(List<Integer>, Integer)
11:48:29.21 (330885205)|METHOD_ENTRY|[770]|01p57000001HcKx|DESCrypt.initialPermutationRight(List<Integer>, Integer)
11:48:29.21 (330955887)|METHOD_EXIT|[770]|01p57000001HcKx|DESCrypt.initialPermutationRight(List<Integer>, Integer)
11:48:29.21 (331289381)|METHOD_ENTRY|[804]|01p57000001HcKx|DESCrypt.perm(Integer, Integer, List<Integer>, Integer)
11:48:29.21 (331371682)|METHOD_EXIT|[804]|01p57000001HcKx|DESCrypt.perm(Integer, Integer, List<Integer>, Integer)
11:48:29.21 (331384547)|METHOD_EXIT|[751]|01p57000001HcKx|DESCrypt.cipherBlock(List<Integer>, Integer, List<Integer>, Integer)
11:48:29.21 (331395346)|METHOD_EXIT|[724]|01p57000001HcKx|DESCrypt.encryptBlock(List<Integer>, Integer, List<Integer>, Integer)
11:48:29.21 (331422684)|METHOD_EXIT|[707]|01p57000001HcKx|DESCrypt.encrypt(List<Integer>)
11:48:29.21 (331435752)|METHOD_EXIT|[196]|01p57000001HcKx|DESCrypt.encrypt(List<Integer>, List<Integer>)
11:48:29.21 (331456673)|METHOD_ENTRY|[197]|01p57000001HcKx|DESCrypt.encrypt(List<Integer>, List<Integer>)
11:48:29.21 (331493655)|METHOD_ENTRY|[706]|01p57000001HcKx|DESCrypt.init(List<Integer>)
11:48:29.21 (331520508)|METHOD_ENTRY|[695]|01p57000001HcKx|DESCrypt.expandKey(List<Integer>)
11:48:29.21 (334224170)|METHOD_EXIT|[695]|01p57000001HcKx|DESCrypt.expandKey(List<Integer>)
11:48:29.21 (334260456)|METHOD_EXIT|[706]|01p57000001HcKx|DESCrypt.init(List<Integer>)
11:48:29.21 (334285265)|METHOD_ENTRY|[707]|01p57000001HcKx|DESCrypt.encrypt(List<Integer>)
11:48:29.21 (334320374)|METHOD_ENTRY|[719]||System.Math.mod(Integer, Integer)
11:48:29.21 (334364934)|METHOD_EXIT|[719]||System.Math.mod(Integer, Integer)
11:48:29.21 (334433184)|METHOD_ENTRY|[724]|01p57000001HcKx|DESCrypt.encryptBlock(List<Integer>, Integer, List<Integer>, Integer)
11:48:29.21 (334451528)|METHOD_ENTRY|[751]|01p57000001HcKx|DESCrypt.cipherBlock(List<Integer>, Integer, List<Integer>, Integer)
11:48:29.21 (334467648)|METHOD_ENTRY|[769]|01p57000001HcKx|DESCrypt.initialPermutationLeft(List<Integer>, Integer)
11:48:29.21 (334548970)|METHOD_EXIT|[769]|01p57000001HcKx|DESCrypt.initialPermutationLeft(List<Integer>, Integer)
11:48:29.21 (334562289)|METHOD_ENTRY|[770]|01p57000001HcKx|DESCrypt.initialPermutationRight(List<Integer>, Integer)
11:48:29.21 (334633408)|METHOD_EXIT|[770]|01p57000001HcKx|DESCrypt.initialPermutationRight(List<Integer>, Integer)
11:48:29.21 (335028602)|METHOD_ENTRY|[804]|01p57000001HcKx|DESCrypt.perm(Integer, Integer, List<Integer>, Integer)
11:48:29.21 (335108110)|METHOD_EXIT|[804]|01p57000001HcKx|DESCrypt.perm(Integer, Integer, List<Integer>, Integer)
11:48:29.21 (335121157)|METHOD_EXIT|[751]|01p57000001HcKx|DESCrypt.cipherBlock(List<Integer>, Integer, List<Integer>, Integer)
11:48:29.21 (335135126)|METHOD_EXIT|[724]|01p57000001HcKx|DESCrypt.encryptBlock(List<Integer>, Integer, List<Integer>, Integer)
11:48:29.21 (335162616)|METHOD_ENTRY|[724]|01p57000001HcKx|DESCrypt.encryptBlock(List<Integer>, Integer, List<Integer>, Integer)
11:48:29.21 (335176269)|METHOD_ENTRY|[751]|01p57000001HcKx|DESCrypt.cipherBlock(List<Integer>, Integer, List<Integer>, Integer)
11:48:29.21 (335192695)|METHOD_ENTRY|[769]|01p57000001HcKx|DESCrypt.initialPermutationLeft(List<Integer>, Integer)
11:48:29.21 (335285812)|METHOD_EXIT|[769]|01p57000001HcKx|DESCrypt.initialPermutationLeft(List<Integer>, Integer)
11:48:29.21 (335298990)|METHOD_ENTRY|[770]|01p57000001HcKx|DESCrypt.initialPermutationRight(List<Integer>, Integer)
11:48:29.21 (335350470)|METHOD_EXIT|[770]|01p57000001HcKx|DESCrypt.initialPermutationRight(List<Integer>, Integer)
11:48:29.21 (335681642)|METHOD_ENTRY|[804]|01p57000001HcKx|DESCrypt.perm(Integer, Integer, List<Integer>, Integer)
11:48:29.21 (335735281)|METHOD_EXIT|[804]|01p57000001HcKx|DESCrypt.perm(Integer, Integer, List<Integer>, Integer)
11:48:29.21 (335744461)|METHOD_EXIT|[751]|01p57000001HcKx|DESCrypt.cipherBlock(List<Integer>, Integer, List<Integer>, Integer)
11:48:29.21 (335756899)|METHOD_EXIT|[724]|01p57000001HcKx|DESCrypt.encryptBlock(List<Integer>, Integer, List<Integer>, Integer)
11:48:29.21 (335781390)|METHOD_EXIT|[707]|01p57000001HcKx|DESCrypt.encrypt(List<Integer>)
11:48:29.21 (335797268)|METHOD_EXIT|[197]|01p57000001HcKx|DESCrypt.encrypt(List<Integer>, List<Integer>)
11:48:29.21 (335817659)|METHOD_ENTRY|[198]|01p57000001HcKx|DESCrypt.encrypt(List<Integer>, List<Integer>)
11:48:29.21 (335864369)|METHOD_ENTRY|[706]|01p57000001HcKx|DESCrypt.init(List<Integer>)
11:48:29.21 (335902221)|METHOD_ENTRY|[695]|01p57000001HcKx|DESCrypt.expandKey(List<Integer>)
11:48:29.21 (337666630)|METHOD_EXIT|[695]|01p57000001HcKx|DESCrypt.expandKey(List<Integer>)
11:48:29.21 (337695286)|METHOD_EXIT|[706]|01p57000001HcKx|DESCrypt.init(List<Integer>)
11:48:29.21 (337714405)|METHOD_ENTRY|[707]|01p57000001HcKx|DESCrypt.encrypt(List<Integer>)
11:48:29.21 (337746744)|METHOD_ENTRY|[719]||System.Math.mod(Integer, Integer)
11:48:29.21 (337791086)|METHOD_EXIT|[719]||System.Math.mod(Integer, Integer)
11:48:29.21 (337843374)|METHOD_ENTRY|[724]|01p57000001HcKx|DESCrypt.encryptBlock(List<Integer>, Integer, List<Integer>, Integer)
11:48:29.21 (337864079)|METHOD_ENTRY|[751]|01p57000001HcKx|DESCrypt.cipherBlock(List<Integer>, Integer, List<Integer>, Integer)
11:48:29.21 (337879070)|METHOD_ENTRY|[769]|01p57000001HcKx|DESCrypt.initialPermutationLeft(List<Integer>, Integer)
11:48:29.21 (337963362)|METHOD_EXIT|[769]|01p57000001HcKx|DESCrypt.initialPermutationLeft(List<Integer>, Integer)
11:48:29.21 (337986086)|METHOD_ENTRY|[770]|01p57000001HcKx|DESCrypt.initialPermutationRight(List<Integer>, Integer)
11:48:29.21 (338060380)|METHOD_EXIT|[770]|01p57000001HcKx|DESCrypt.initialPermutationRight(List<Integer>, Integer)
11:48:29.21 (338517968)|METHOD_ENTRY|[804]|01p57000001HcKx|DESCrypt.perm(Integer, Integer, List<Integer>, Integer)
11:48:29.21 (338607579)|METHOD_EXIT|[804]|01p57000001HcKx|DESCrypt.perm(Integer, Integer, List<Integer>, Integer)
11:48:29.21 (338621902)|METHOD_EXIT|[751]|01p57000001HcKx|DESCrypt.cipherBlock(List<Integer>, Integer, List<Integer>, Integer)
11:48:29.21 (338632914)|METHOD_EXIT|[724]|01p57000001HcKx|DESCrypt.encryptBlock(List<Integer>, Integer, List<Integer>, Integer)
11:48:29.21 (338662890)|METHOD_ENTRY|[724]|01p57000001HcKx|DESCrypt.encryptBlock(List<Integer>, Integer, List<Integer>, Integer)
11:48:29.21 (338678135)|METHOD_ENTRY|[751]|01p57000001HcKx|DESCrypt.cipherBlock(List<Integer>, Integer, List<Integer>, Integer)
11:48:29.21 (338691882)|METHOD_ENTRY|[769]|01p57000001HcKx|DESCrypt.initialPermutationLeft(List<Integer>, Integer)
11:48:29.21 (338767254)|METHOD_EXIT|[769]|01p57000001HcKx|DESCrypt.initialPermutationLeft(List<Integer>, Integer)
11:48:29.21 (338782708)|METHOD_ENTRY|[770]|01p57000001HcKx|DESCrypt.initialPermutationRight(List<Integer>, Integer)
11:48:29.21 (338849850)|METHOD_EXIT|[770]|01p57000001HcKx|DESCrypt.initialPermutationRight(List<Integer>, Integer)
11:48:29.21 (339262513)|METHOD_ENTRY|[804]|01p57000001HcKx|DESCrypt.perm(Integer, Integer, List<Integer>, Integer)
11:48:29.21 (339335858)|METHOD_EXIT|[804]|01p57000001HcKx|DESCrypt.perm(Integer, Integer, List<Integer>, Integer)
11:48:29.21 (339347003)|METHOD_EXIT|[751]|01p57000001HcKx|DESCrypt.cipherBlock(List<Integer>, Integer, List<Integer>, Integer)
11:48:29.21 (339354964)|METHOD_EXIT|[724]|01p57000001HcKx|DESCrypt.encryptBlock(List<Integer>, Integer, List<Integer>, Integer)
11:48:29.21 (339384572)|METHOD_EXIT|[707]|01p57000001HcKx|DESCrypt.encrypt(List<Integer>)
11:48:29.21 (339403175)|METHOD_EXIT|[198]|01p57000001HcKx|DESCrypt.encrypt(List<Integer>, List<Integer>)
11:48:29.21 (339594335)|METHOD_EXIT|[108]|01p57000001HcL6|NTLMAuth.createNTLMResponse(List<Integer>, List<Integer>)
11:48:29.21 (339692981)|METHOD_ENTRY|[127]|01p57000001HcL6|NTLMAuth.WriteSecurityBuffer(List<Integer>, List<Integer>, List<Integer>)
11:48:29.21 (339865040)|METHOD_ENTRY|[172]|01p57000001HcKt|BitConverter.getBytesForUInt16(Integer)
11:48:29.21 (339915081)|METHOD_EXIT|[172]|01p57000001HcKt|BitConverter.getBytesForUInt16(Integer)
11:48:29.21 (339955020)|METHOD_ENTRY|[173]|01p57000001HcKt|BitConverter.getBytesForUInt16(Integer)
11:48:29.21 (339980351)|METHOD_EXIT|[173]|01p57000001HcKt|BitConverter.getBytesForUInt16(Integer)
11:48:29.21 (339997166)|METHOD_ENTRY|[174]|01p57000001HcKt|BitConverter.getBytesForUInt32(Integer)
11:48:29.21 (340031550)|METHOD_EXIT|[174]|01p57000001HcKt|BitConverter.getBytesForUInt32(Integer)
11:48:29.21 (340056024)|METHOD_EXIT|[127]|01p57000001HcL6|NTLMAuth.WriteSecurityBuffer(List<Integer>, List<Integer>, List<Integer>)
11:48:29.21 (340074066)|METHOD_ENTRY|[130]|01p57000001HcL6|NTLMAuth.WriteSecurityBuffer(List<Integer>, List<Integer>, List<Integer>)
11:48:29.21 (340132679)|METHOD_ENTRY|[172]|01p57000001HcKt|BitConverter.getBytesForUInt16(Integer)
11:48:29.21 (340162776)|METHOD_EXIT|[172]|01p57000001HcKt|BitConverter.getBytesForUInt16(Integer)
11:48:29.21 (340192156)|METHOD_ENTRY|[173]|01p57000001HcKt|BitConverter.getBytesForUInt16(Integer)
11:48:29.21 (340221059)|METHOD_EXIT|[173]|01p57000001HcKt|BitConverter.getBytesForUInt16(Integer)
11:48:29.21 (340243190)|METHOD_ENTRY|[174]|01p57000001HcKt|BitConverter.getBytesForUInt32(Integer)
11:48:29.21 (340279022)|METHOD_EXIT|[174]|01p57000001HcKt|BitConverter.getBytesForUInt32(Integer)
11:48:29.21 (340292422)|METHOD_EXIT|[130]|01p57000001HcL6|NTLMAuth.WriteSecurityBuffer(List<Integer>, List<Integer>, List<Integer>)
11:48:29.21 (340306533)|METHOD_ENTRY|[133]|01p57000001HcKt|BitConverter.encodeUTF16String(String)
11:48:29.21 (340423280)|METHOD_ENTRY|[208]||System.EncodingUtil.convertToHex(Blob)
11:48:29.21 (340462016)|METHOD_EXIT|[208]||System.EncodingUtil.convertToHex(Blob)
11:48:29.21 (340474430)|METHOD_ENTRY|[209]|01p57000001HcKt|BitConverter.encodeIntegerFromHex(String)
11:48:29.21 (340588391)|METHOD_ENTRY|[192]||System.Math.pow(Double, Double)
11:48:29.21 (340618240)|METHOD_EXIT|[192]||System.Math.pow(Double, Double)
11:48:29.21 (340693032)|METHOD_ENTRY|[192]||System.Math.pow(Double, Double)
11:48:29.21 (340718146)|METHOD_EXIT|[192]||System.Math.pow(Double, Double)
11:48:29.21 (340759860)|METHOD_EXIT|[209]|01p57000001HcKt|BitConverter.encodeIntegerFromHex(String)
11:48:29.21 (340844239)|METHOD_ENTRY|[208]||System.EncodingUtil.convertToHex(Blob)
11:48:29.21 (340867564)|METHOD_EXIT|[208]||System.EncodingUtil.convertToHex(Blob)
11:48:29.21 (340873723)|METHOD_ENTRY|[209]|01p57000001HcKt|BitConverter.encodeIntegerFromHex(String)
11:48:29.21 (340949780)|METHOD_ENTRY|[192]||System.Math.pow(Double, Double)
11:48:29.21 (340974117)|METHOD_EXIT|[192]||System.Math.pow(Double, Double)
11:48:29.21 (341038472)|METHOD_ENTRY|[192]||System.Math.pow(Double, Double)
11:48:29.21 (341061523)|METHOD_EXIT|[192]||System.Math.pow(Double, Double)
11:48:29.21 (341100199)|METHOD_EXIT|[209]|01p57000001HcKt|BitConverter.encodeIntegerFromHex(String)
11:48:29.21 (341182541)|METHOD_ENTRY|[208]||System.EncodingUtil.convertToHex(Blob)
11:48:29.21 (341205232)|METHOD_EXIT|[208]||System.EncodingUtil.convertToHex(Blob)
11:48:29.21 (341212488)|METHOD_ENTRY|[209]|01p57000001HcKt|BitConverter.encodeIntegerFromHex(String)
11:48:29.21 (341287765)|METHOD_ENTRY|[192]||System.Math.pow(Double, Double)
11:48:29.21 (341315561)|METHOD_EXIT|[192]||System.Math.pow(Double, Double)
11:48:29.21 (341389625)|METHOD_ENTRY|[192]||System.Math.pow(Double, Double)
11:48:29.21 (341411590)|METHOD_EXIT|[192]||System.Math.pow(Double, Double)
11:48:29.21 (341451359)|METHOD_EXIT|[209]|01p57000001HcKt|BitConverter.encodeIntegerFromHex(String)
11:48:29.21 (341534604)|METHOD_ENTRY|[208]||System.EncodingUtil.convertToHex(Blob)
11:48:29.21 (341554621)|METHOD_EXIT|[208]||System.EncodingUtil.convertToHex(Blob)
11:48:29.21 (341561568)|METHOD_ENTRY|[209]|01p57000001HcKt|BitConverter.encodeIntegerFromHex(String)
11:48:29.21 (341629699)|METHOD_ENTRY|[192]||System.Math.pow(Double, Double)
11:48:29.21 (341652126)|METHOD_EXIT|[192]||System.Math.pow(Double, Double)
11:48:29.21 (341725595)|METHOD_ENTRY|[192]||System.Math.pow(Double, Double)
11:48:29.21 (341753486)|METHOD_EXIT|[192]||System.Math.pow(Double, Double)
11:48:29.21 (341796098)|METHOD_EXIT|[209]|01p57000001HcKt|BitConverter.encodeIntegerFromHex(String)
11:48:29.21 (341881303)|METHOD_ENTRY|[208]||System.EncodingUtil.convertToHex(Blob)
11:48:29.21 (341900793)|METHOD_EXIT|[208]||System.EncodingUtil.convertToHex(Blob)
11:48:29.21 (341907800)|METHOD_ENTRY|[209]|01p57000001HcKt|BitConverter.encodeIntegerFromHex(String)
11:48:29.21 (341987869)|METHOD_ENTRY|[192]||System.Math.pow(Double, Double)
11:48:29.21 (342012499)|METHOD_EXIT|[192]||System.Math.pow(Double, Double)
11:48:29.21 (342085378)|METHOD_ENTRY|[192]||System.Math.pow(Double, Double)
11:48:29.21 (342116042)|METHOD_EXIT|[192]||System.Math.pow(Double, Double)
11:48:29.21 (342178621)|METHOD_EXIT|[209]|01p57000001HcKt|BitConverter.encodeIntegerFromHex(String)
11:48:29.21 (342244656)|METHOD_ENTRY|[208]||System.EncodingUtil.convertToHex(Blob)
11:48:29.21 (342277601)|METHOD_EXIT|[208]||System.EncodingUtil.convertToHex(Blob)
11:48:29.21 (342290946)|METHOD_ENTRY|[209]|01p57000001HcKt|BitConverter.encodeIntegerFromHex(String)
11:48:29.21 (342372714)|METHOD_ENTRY|[192]||System.Math.pow(Double, Double)
11:48:29.21 (342395603)|METHOD_EXIT|[192]||System.Math.pow(Double, Double)
11:48:29.21 (342460019)|METHOD_ENTRY|[192]||System.Math.pow(Double, Double)
11:48:29.21 (342481300)|METHOD_EXIT|[192]||System.Math.pow(Double, Double)
11:48:29.21 (342522211)|METHOD_EXIT|[209]|01p57000001HcKt|BitConverter.encodeIntegerFromHex(String)
11:48:29.21 (342591748)|METHOD_ENTRY|[208]||System.EncodingUtil.convertToHex(Blob)
11:48:29.21 (342612833)|METHOD_EXIT|[208]||System.EncodingUtil.convertToHex(Blob)
11:48:29.21 (342619510)|METHOD_ENTRY|[209]|01p57000001HcKt|BitConverter.encodeIntegerFromHex(String)
11:48:29.21 (342682263)|METHOD_ENTRY|[192]||System.Math.pow(Double, Double)
11:48:29.21 (342705978)|METHOD_EXIT|[192]||System.Math.pow(Double, Double)
11:48:29.21 (342769535)|METHOD_ENTRY|[192]||System.Math.pow(Double, Double)
11:48:29.21 (342794113)|METHOD_EXIT|[192]||System.Math.pow(Double, Double)
11:48:29.21 (342834352)|METHOD_EXIT|[209]|01p57000001HcKt|BitConverter.encodeIntegerFromHex(String)
11:48:29.21 (342906353)|METHOD_ENTRY|[208]||System.EncodingUtil.convertToHex(Blob)
11:48:29.21 (342923516)|METHOD_EXIT|[208]||System.EncodingUtil.convertToHex(Blob)
11:48:29.21 (342930576)|METHOD_ENTRY|[209]|01p57000001HcKt|BitConverter.encodeIntegerFromHex(String)
11:48:29.21 (343002910)|METHOD_ENTRY|[192]||System.Math.pow(Double, Double)
11:48:29.21 (343031537)|METHOD_EXIT|[192]||System.Math.pow(Double, Double)
11:48:29.21 (343098935)|METHOD_ENTRY|[192]||System.Math.pow(Double, Double)
11:48:29.21 (343121801)|METHOD_EXIT|[192]||System.Math.pow(Double, Double)
11:48:29.21 (343159214)|METHOD_EXIT|[209]|01p57000001HcKt|BitConverter.encodeIntegerFromHex(String)
11:48:29.21 (343215525)|METHOD_ENTRY|[208]||System.EncodingUtil.convertToHex(Blob)
11:48:29.21 (343231790)|METHOD_EXIT|[208]||System.EncodingUtil.convertToHex(Blob)
11:48:29.21 (343238757)|METHOD_ENTRY|[209]|01p57000001HcKt|BitConverter.encodeIntegerFromHex(String)
11:48:29.21 (343306430)|METHOD_ENTRY|[192]||System.Math.pow(Double, Double)
11:48:29.21 (343322690)|METHOD_EXIT|[192]||System.Math.pow(Double, Double)
11:48:29.21 (343365554)|METHOD_ENTRY|[192]||System.Math.pow(Double, Double)
11:48:29.21 (343380545)|METHOD_EXIT|[192]||System.Math.pow(Double, Double)
11:48:29.21 (343406771)|METHOD_EXIT|[209]|01p57000001HcKt|BitConverter.encodeIntegerFromHex(String)
11:48:29.21 (343465959)|METHOD_ENTRY|[208]||System.EncodingUtil.convertToHex(Blob)
11:48:29.21 (343490991)|METHOD_EXIT|[208]||System.EncodingUtil.convertToHex(Blob)
11:48:29.21 (343498297)|METHOD_ENTRY|[209]|01p57000001HcKt|BitConverter.encodeIntegerFromHex(String)
11:48:29.21 (343583709)|METHOD_ENTRY|[192]||System.Math.pow(Double, Double)
11:48:29.21 (343604947)|METHOD_EXIT|[192]||System.Math.pow(Double, Double)
11:48:29.21 (343667907)|METHOD_ENTRY|[192]||System.Math.pow(Double, Double)
11:48:29.21 (343684514)|METHOD_EXIT|[192]||System.Math.pow(Double, Double)
11:48:29.21 (343712419)|METHOD_EXIT|[209]|01p57000001HcKt|BitConverter.encodeIntegerFromHex(String)
11:48:29.21 (343767202)|METHOD_ENTRY|[208]||System.EncodingUtil.convertToHex(Blob)
11:48:29.21 (343786382)|METHOD_EXIT|[208]||System.EncodingUtil.convertToHex(Blob)
11:48:29.21 (343796272)|METHOD_ENTRY|[209]|01p57000001HcKt|BitConverter.encodeIntegerFromHex(String)
11:48:29.21 (343882132)|METHOD_ENTRY|[192]||System.Math.pow(Double, Double)
11:48:29.21 (343905025)|METHOD_EXIT|[192]||System.Math.pow(Double, Double)
11:48:29.21 (343967586)|METHOD_ENTRY|[192]||System.Math.pow(Double, Double)
11:48:29.21 (343989811)|METHOD_EXIT|[192]||System.Math.pow(Double, Double)
11:48:29.21 (344029376)|METHOD_EXIT|[209]|01p57000001HcKt|BitConverter.encodeIntegerFromHex(String)
11:48:29.21 (344109294)|METHOD_ENTRY|[208]||System.EncodingUtil.convertToHex(Blob)
11:48:29.21 (344133816)|METHOD_EXIT|[208]||System.EncodingUtil.convertToHex(Blob)
11:48:29.21 (344143414)|METHOD_ENTRY|[209]|01p57000001HcKt|BitConverter.encodeIntegerFromHex(String)
11:48:29.21 (344227140)|METHOD_ENTRY|[192]||System.Math.pow(Double, Double)
11:48:29.21 (344259525)|METHOD_EXIT|[192]||System.Math.pow(Double, Double)
11:48:29.21 (344324490)|METHOD_ENTRY|[192]||System.Math.pow(Double, Double)
11:48:29.21 (344352890)|METHOD_EXIT|[192]||System.Math.pow(Double, Double)
11:48:29.21 (344393019)|METHOD_EXIT|[209]|01p57000001HcKt|BitConverter.encodeIntegerFromHex(String)
11:48:29.21 (344442411)|METHOD_EXIT|[133]|01p57000001HcKt|BitConverter.encodeUTF16String(String)
11:48:29.21 (344464069)|METHOD_ENTRY|[133]|01p57000001HcL6|NTLMAuth.WriteSecurityBuffer(List<Integer>, List<Integer>, List<Integer>)
11:48:29.21 (344513802)|METHOD_ENTRY|[172]|01p57000001HcKt|BitConverter.getBytesForUInt16(Integer)
11:48:29.21 (344565953)|METHOD_EXIT|[172]|01p57000001HcKt|BitConverter.getBytesForUInt16(Integer)
11:48:29.21 (344595745)|METHOD_ENTRY|[173]|01p57000001HcKt|BitConverter.getBytesForUInt16(Integer)
11:48:29.21 (344626278)|METHOD_EXIT|[173]|01p57000001HcKt|BitConverter.getBytesForUInt16(Integer)
11:48:29.21 (344648609)|METHOD_ENTRY|[174]|01p57000001HcKt|BitConverter.getBytesForUInt32(Integer)
11:48:29.21 (344680757)|METHOD_EXIT|[174]|01p57000001HcKt|BitConverter.getBytesForUInt32(Integer)
11:48:29.21 (344698227)|METHOD_EXIT|[133]|01p57000001HcL6|NTLMAuth.WriteSecurityBuffer(List<Integer>, List<Integer>, List<Integer>)
11:48:29.21 (344713952)|METHOD_ENTRY|[136]|01p57000001HcKt|BitConverter.encodeUTF16String(String)
11:48:29.21 (344836181)|METHOD_ENTRY|[208]||System.EncodingUtil.convertToHex(Blob)
11:48:29.21 (344866545)|METHOD_EXIT|[208]||System.EncodingUtil.convertToHex(Blob)
11:48:29.21 (344877532)|METHOD_ENTRY|[209]|01p57000001HcKt|BitConverter.encodeIntegerFromHex(String)
11:48:29.21 (344952105)|METHOD_ENTRY|[192]||System.Math.pow(Double, Double)
11:48:29.21 (344972375)|METHOD_EXIT|[192]||System.Math.pow(Double, Double)
11:48:29.21 (345030114)|METHOD_ENTRY|[192]||System.Math.pow(Double, Double)
11:48:29.21 (345051524)|METHOD_EXIT|[192]||System.Math.pow(Double, Double)
11:48:29.21 (345163626)|METHOD_EXIT|[209]|01p57000001HcKt|BitConverter.encodeIntegerFromHex(String)
11:48:29.21 (345229170)|METHOD_ENTRY|[208]||System.EncodingUtil.convertToHex(Blob)
11:48:29.21 (345265113)|METHOD_EXIT|[208]||System.EncodingUtil.convertToHex(Blob)
11:48:29.21 (345276456)|METHOD_ENTRY|[209]|01p57000001HcKt|BitConverter.encodeIntegerFromHex(String)
11:48:29.21 (345372658)|METHOD_ENTRY|[192]||System.Math.pow(Double, Double)
11:48:29.21 (345394019)|METHOD_EXIT|[192]||System.Math.pow(Double, Double)
11:48:29.21 (345439672)|METHOD_ENTRY|[192]||System.Math.pow(Double, Double)
11:48:29.21 (345454969)|METHOD_EXIT|[192]||System.Math.pow(Double, Double)
11:48:29.21 (345483368)|METHOD_EXIT|[209]|01p57000001HcKt|BitConverter.encodeIntegerFromHex(String)
11:48:29.21 (345536722)|METHOD_ENTRY|[208]||System.EncodingUtil.convertToHex(Blob)
11:48:29.21 (345553200)|METHOD_EXIT|[208]||System.EncodingUtil.convertToHex(Blob)
11:48:29.21 (345560120)|METHOD_ENTRY|[209]|01p57000001HcKt|BitConverter.encodeIntegerFromHex(String)
11:48:29.21 (345618480)|METHOD_ENTRY|[192]||System.Math.pow(Double, Double)
11:48:29.21 (345632957)|METHOD_EXIT|[192]||System.Math.pow(Double, Double)
11:48:29.21 (345675685)|METHOD_ENTRY|[192]||System.Math.pow(Double, Double)
11:48:29.21 (345690009)|METHOD_EXIT|[192]||System.Math.pow(Double, Double)
11:48:29.21 (345717681)|METHOD_EXIT|[209]|01p57000001HcKt|BitConverter.encodeIntegerFromHex(String)
11:48:29.21 (345771201)|METHOD_ENTRY|[208]||System.EncodingUtil.convertToHex(Blob)
11:48:29.21 (345787890)|METHOD_EXIT|[208]||System.EncodingUtil.convertToHex(Blob)
11:48:29.21 (345794504)|METHOD_ENTRY|[209]|01p57000001HcKt|BitConverter.encodeIntegerFromHex(String)
11:48:29.21 (345851667)|METHOD_ENTRY|[192]||System.Math.pow(Double, Double)
11:48:29.21 (345866104)|METHOD_EXIT|[192]||System.Math.pow(Double, Double)
11:48:29.21 (345909166)|METHOD_ENTRY|[192]||System.Math.pow(Double, Double)
11:48:29.21 (345923583)|METHOD_EXIT|[192]||System.Math.pow(Double, Double)
11:48:29.21 (345950298)|METHOD_EXIT|[209]|01p57000001HcKt|BitConverter.encodeIntegerFromHex(String)
11:48:29.21 (346002582)|METHOD_ENTRY|[208]||System.EncodingUtil.convertToHex(Blob)
11:48:29.21 (346017827)|METHOD_EXIT|[208]||System.EncodingUtil.convertToHex(Blob)
11:48:29.21 (346024028)|METHOD_ENTRY|[209]|01p57000001HcKt|BitConverter.encodeIntegerFromHex(String)
11:48:29.21 (346083627)|METHOD_ENTRY|[192]||System.Math.pow(Double, Double)
11:48:29.21 (346097882)|METHOD_EXIT|[192]||System.Math.pow(Double, Double)
11:48:29.21 (346161111)|METHOD_ENTRY|[192]||System.Math.pow(Double, Double)
11:48:29.21 (346177728)|METHOD_EXIT|[192]||System.Math.pow(Double, Double)
11:48:29.21 (346226436)|METHOD_EXIT|[209]|01p57000001HcKt|BitConverter.encodeIntegerFromHex(String)
11:48:29.21 (346310618)|METHOD_ENTRY|[208]||System.EncodingUtil.convertToHex(Blob)
11:48:29.21 (346329249)|METHOD_EXIT|[208]||System.EncodingUtil.convertToHex(Blob)
11:48:29.21 (346336210)|METHOD_ENTRY|[209]|01p57000001HcKt|BitConverter.encodeIntegerFromHex(String)
11:48:29.21 (346396902)|METHOD_ENTRY|[192]||System.Math.pow(Double, Double)
11:48:29.21 (346412845)|METHOD_EXIT|[192]||System.Math.pow(Double, Double)
11:48:29.21 (346458749)|METHOD_ENTRY|[192]||System.Math.pow(Double, Double)
11:48:29.21 (346473316)|METHOD_EXIT|[192]||System.Math.pow(Double, Double)
11:48:29.21 (346519379)|METHOD_EXIT|[209]|01p57000001HcKt|BitConverter.encodeIntegerFromHex(String)
11:48:29.21 (346572542)|METHOD_ENTRY|[208]||System.EncodingUtil.convertToHex(Blob)
11:48:29.21 (346589482)|METHOD_EXIT|[208]||System.EncodingUtil.convertToHex(Blob)
11:48:29.21 (346594424)|METHOD_ENTRY|[209]|01p57000001HcKt|BitConverter.encodeIntegerFromHex(String)
11:48:29.21 (346649269)|METHOD_ENTRY|[192]||System.Math.pow(Double, Double)
11:48:29.21 (346664625)|METHOD_EXIT|[192]||System.Math.pow(Double, Double)
11:48:29.21 (346706545)|METHOD_ENTRY|[192]||System.Math.pow(Double, Double)
11:48:29.21 (346721199)|METHOD_EXIT|[192]||System.Math.pow(Double, Double)
11:48:29.21 (346744302)|METHOD_EXIT|[209]|01p57000001HcKt|BitConverter.encodeIntegerFromHex(String)
11:48:29.21 (346793827)|METHOD_ENTRY|[208]||System.EncodingUtil.convertToHex(Blob)
11:48:29.21 (346808570)|METHOD_EXIT|[208]||System.EncodingUtil.convertToHex(Blob)
11:48:29.21 (346814867)|METHOD_ENTRY|[209]|01p57000001HcKt|BitConverter.encodeIntegerFromHex(String)
11:48:29.21 (346893938)|METHOD_ENTRY|[192]||System.Math.pow(Double, Double)
11:48:29.21 (346918061)|METHOD_EXIT|[192]||System.Math.pow(Double, Double)
11:48:29.21 (346969879)|METHOD_ENTRY|[192]||System.Math.pow(Double, Double)
11:48:29.21 (346986344)|METHOD_EXIT|[192]||System.Math.pow(Double, Double)
11:48:29.21 (347015746)|METHOD_EXIT|[209]|01p57000001HcKt|BitConverter.encodeIntegerFromHex(String)
11:48:29.21 (347070031)|METHOD_ENTRY|[208]||System.EncodingUtil.convertToHex(Blob)
11:48:29.21 (347085628)|METHOD_EXIT|[208]||System.EncodingUtil.convertToHex(Blob)
11:48:29.21 (347092435)|METHOD_ENTRY|[209]|01p57000001HcKt|BitConverter.encodeIntegerFromHex(String)
11:48:29.21 (347149789)|METHOD_ENTRY|[192]||System.Math.pow(Double, Double)
11:48:29.21 (347172497)|METHOD_EXIT|[192]||System.Math.pow(Double, Double)
11:48:29.21 (347234272)|METHOD_ENTRY|[192]||System.Math.pow(Double, Double)
11:48:29.21 (347262930)|METHOD_EXIT|[192]||System.Math.pow(Double, Double)
11:48:29.21 (347291488)|METHOD_EXIT|[209]|01p57000001HcKt|BitConverter.encodeIntegerFromHex(String)
11:48:29.21 (347345135)|METHOD_ENTRY|[208]||System.EncodingUtil.convertToHex(Blob)
11:48:29.21 (347360261)|METHOD_EXIT|[208]||System.EncodingUtil.convertToHex(Blob)
11:48:29.21 (347367914)|METHOD_ENTRY|[209]|01p57000001HcKt|BitConverter.encodeIntegerFromHex(String)
11:48:29.21 (347441768)|METHOD_ENTRY|[192]||System.Math.pow(Double, Double)
11:48:29.21 (347463488)|METHOD_EXIT|[192]||System.Math.pow(Double, Double)
11:48:29.21 (347516345)|METHOD_ENTRY|[192]||System.Math.pow(Double, Double)
11:48:29.21 (347534142)|METHOD_EXIT|[192]||System.Math.pow(Double, Double)
11:48:29.21 (347578616)|METHOD_EXIT|[209]|01p57000001HcKt|BitConverter.encodeIntegerFromHex(String)
11:48:29.21 (347643300)|METHOD_ENTRY|[208]||System.EncodingUtil.convertToHex(Blob)
11:48:29.21 (347662977)|METHOD_EXIT|[208]||System.EncodingUtil.convertToHex(Blob)
11:48:29.21 (347670140)|METHOD_ENTRY|[209]|01p57000001HcKt|BitConverter.encodeIntegerFromHex(String)
11:48:29.21 (347728778)|METHOD_ENTRY|[192]||System.Math.pow(Double, Double)
11:48:29.21 (347743335)|METHOD_EXIT|[192]||System.Math.pow(Double, Double)
11:48:29.21 (347785348)|METHOD_ENTRY|[192]||System.Math.pow(Double, Double)
11:48:29.21 (347800396)|METHOD_EXIT|[192]||System.Math.pow(Double, Double)
11:48:29.21 (347826782)|METHOD_EXIT|[209]|01p57000001HcKt|BitConverter.encodeIntegerFromHex(String)
11:48:29.21 (347882789)|METHOD_ENTRY|[208]||System.EncodingUtil.convertToHex(Blob)
11:48:29.21 (347904578)|METHOD_EXIT|[208]||System.EncodingUtil.convertToHex(Blob)
11:48:29.21 (347913663)|METHOD_ENTRY|[209]|01p57000001HcKt|BitConverter.encodeIntegerFromHex(String)
11:48:29.21 (347995182)|METHOD_ENTRY|[192]||System.Math.pow(Double, Double)
11:48:29.21 (348026489)|METHOD_EXIT|[192]||System.Math.pow(Double, Double)
11:48:29.21 (348091032)|METHOD_ENTRY|[192]||System.Math.pow(Double, Double)
11:48:29.21 (348111711)|METHOD_EXIT|[192]||System.Math.pow(Double, Double)
11:48:29.21 (348172693)|METHOD_EXIT|[209]|01p57000001HcKt|BitConverter.encodeIntegerFromHex(String)
11:48:29.21 (348265954)|METHOD_ENTRY|[208]||System.EncodingUtil.convertToHex(Blob)
11:48:29.21 (348291119)|METHOD_EXIT|[208]||System.EncodingUtil.convertToHex(Blob)
11:48:29.21 (348299171)|METHOD_ENTRY|[209]|01p57000001HcKt|BitConverter.encodeIntegerFromHex(String)
11:48:29.21 (348363013)|METHOD_ENTRY|[192]||System.Math.pow(Double, Double)
11:48:29.21 (348380230)|METHOD_EXIT|[192]||System.Math.pow(Double, Double)
11:48:29.21 (348430303)|METHOD_ENTRY|[192]||System.Math.pow(Double, Double)
11:48:29.21 (348445404)|METHOD_EXIT|[192]||System.Math.pow(Double, Double)
11:48:29.21 (348472750)|METHOD_EXIT|[209]|01p57000001HcKt|BitConverter.encodeIntegerFromHex(String)
11:48:29.21 (348503457)|METHOD_EXIT|[136]|01p57000001HcKt|BitConverter.encodeUTF16String(String)
11:48:29.21 (348524427)|METHOD_ENTRY|[136]|01p57000001HcL6|NTLMAuth.WriteSecurityBuffer(List<Integer>, List<Integer>, List<Integer>)
11:48:29.21 (348579279)|METHOD_ENTRY|[172]|01p57000001HcKt|BitConverter.getBytesForUInt16(Integer)
11:48:29.21 (348628726)|METHOD_EXIT|[172]|01p57000001HcKt|BitConverter.getBytesForUInt16(Integer)
11:48:29.21 (348651276)|METHOD_ENTRY|[173]|01p57000001HcKt|BitConverter.getBytesForUInt16(Integer)
11:48:29.21 (348670974)|METHOD_EXIT|[173]|01p57000001HcKt|BitConverter.getBytesForUInt16(Integer)
11:48:29.21 (348686111)|METHOD_ENTRY|[174]|01p57000001HcKt|BitConverter.getBytesForUInt32(Integer)
11:48:29.21 (348710678)|METHOD_EXIT|[174]|01p57000001HcKt|BitConverter.getBytesForUInt32(Integer)
11:48:29.21 (348726406)|METHOD_EXIT|[136]|01p57000001HcL6|NTLMAuth.WriteSecurityBuffer(List<Integer>, List<Integer>, List<Integer>)
11:48:29.21 (348740750)|METHOD_ENTRY|[139]|01p57000001HcKt|BitConverter.encodeUTF16String(String)
11:48:29.21 (348822013)|METHOD_ENTRY|[208]||System.EncodingUtil.convertToHex(Blob)
11:48:29.21 (348841052)|METHOD_EXIT|[208]||System.EncodingUtil.convertToHex(Blob)
11:48:29.21 (348847958)|METHOD_ENTRY|[209]|01p57000001HcKt|BitConverter.encodeIntegerFromHex(String)
11:48:29.21 (348906679)|METHOD_ENTRY|[192]||System.Math.pow(Double, Double)
11:48:29.21 (348923075)|METHOD_EXIT|[192]||System.Math.pow(Double, Double)
11:48:29.21 (348968087)|METHOD_ENTRY|[192]||System.Math.pow(Double, Double)
11:48:29.21 (348982500)|METHOD_EXIT|[192]||System.Math.pow(Double, Double)
11:48:29.21 (349006856)|METHOD_EXIT|[209]|01p57000001HcKt|BitConverter.encodeIntegerFromHex(String)
11:48:29.21 (349076679)|METHOD_ENTRY|[208]||System.EncodingUtil.convertToHex(Blob)
11:48:29.21 (349098305)|METHOD_EXIT|[208]||System.EncodingUtil.convertToHex(Blob)
11:48:29.21 (349108719)|METHOD_ENTRY|[209]|01p57000001HcKt|BitConverter.encodeIntegerFromHex(String)
11:48:29.21 (349194562)|METHOD_ENTRY|[192]||System.Math.pow(Double, Double)
11:48:29.21 (349218065)|METHOD_EXIT|[192]||System.Math.pow(Double, Double)
11:48:29.21 (349292680)|METHOD_ENTRY|[192]||System.Math.pow(Double, Double)
11:48:29.21 (349312912)|METHOD_EXIT|[192]||System.Math.pow(Double, Double)
11:48:29.21 (349346300)|METHOD_EXIT|[209]|01p57000001HcKt|BitConverter.encodeIntegerFromHex(String)
11:48:29.21 (349400984)|METHOD_ENTRY|[208]||System.EncodingUtil.convertToHex(Blob)
11:48:29.21 (349416086)|METHOD_EXIT|[208]||System.EncodingUtil.convertToHex(Blob)
11:48:29.21 (349423411)|METHOD_ENTRY|[209]|01p57000001HcKt|BitConverter.encodeIntegerFromHex(String)
11:48:29.21 (349504356)|METHOD_ENTRY|[192]||System.Math.pow(Double, Double)
11:48:29.21 (349526125)|METHOD_EXIT|[192]||System.Math.pow(Double, Double)
11:48:29.21 (349586980)|METHOD_ENTRY|[192]||System.Math.pow(Double, Double)
11:48:29.21 (349609016)|METHOD_EXIT|[192]||System.Math.pow(Double, Double)
11:48:29.21 (349646898)|METHOD_EXIT|[209]|01p57000001HcKt|BitConverter.encodeIntegerFromHex(String)
11:48:29.21 (349720684)|METHOD_ENTRY|[208]||System.EncodingUtil.convertToHex(Blob)
11:48:29.21 (349747143)|METHOD_EXIT|[208]||System.EncodingUtil.convertToHex(Blob)
11:48:29.21 (349756718)|METHOD_ENTRY|[209]|01p57000001HcKt|BitConverter.encodeIntegerFromHex(String)
11:48:29.21 (351068157)|METHOD_ENTRY|[192]||System.Math.pow(Double, Double)
11:48:29.21 (351111382)|METHOD_EXIT|[192]||System.Math.pow(Double, Double)
11:48:29.21 (351184870)|METHOD_ENTRY|[192]||System.Math.pow(Double, Double)
11:48:29.21 (351205444)|METHOD_EXIT|[192]||System.Math.pow(Double, Double)
11:48:29.21 (351236689)|METHOD_EXIT|[209]|01p57000001HcKt|BitConverter.encodeIntegerFromHex(String)
11:48:29.21 (351307374)|METHOD_ENTRY|[208]||System.EncodingUtil.convertToHex(Blob)
11:48:29.21 (351330905)|METHOD_EXIT|[208]||System.EncodingUtil.convertToHex(Blob)
11:48:29.21 (351340958)|METHOD_ENTRY|[209]|01p57000001HcKt|BitConverter.encodeIntegerFromHex(String)
11:48:29.21 (351407625)|METHOD_ENTRY|[192]||System.Math.pow(Double, Double)
11:48:29.21 (351428768)|METHOD_EXIT|[192]||System.Math.pow(Double, Double)
11:48:29.21 (351474620)|METHOD_ENTRY|[192]||System.Math.pow(Double, Double)
11:48:29.21 (351489596)|METHOD_EXIT|[192]||System.Math.pow(Double, Double)
11:48:29.21 (351516425)|METHOD_EXIT|[209]|01p57000001HcKt|BitConverter.encodeIntegerFromHex(String)
11:48:29.21 (351569229)|METHOD_ENTRY|[208]||System.EncodingUtil.convertToHex(Blob)
11:48:29.21 (351584484)|METHOD_EXIT|[208]||System.EncodingUtil.convertToHex(Blob)
11:48:29.21 (351591505)|METHOD_ENTRY|[209]|01p57000001HcKt|BitConverter.encodeIntegerFromHex(String)
11:48:29.21 (351648789)|METHOD_ENTRY|[192]||System.Math.pow(Double, Double)
11:48:29.21 (351712290)|METHOD_EXIT|[192]||System.Math.pow(Double, Double)
11:48:29.21 (351759401)|METHOD_ENTRY|[192]||System.Math.pow(Double, Double)
11:48:29.21 (351773815)|METHOD_EXIT|[192]||System.Math.pow(Double, Double)
11:48:29.21 (351800667)|METHOD_EXIT|[209]|01p57000001HcKt|BitConverter.encodeIntegerFromHex(String)
11:48:29.21 (351853406)|METHOD_ENTRY|[208]||System.EncodingUtil.convertToHex(Blob)
11:48:29.21 (351868138)|METHOD_EXIT|[208]||System.EncodingUtil.convertToHex(Blob)
11:48:29.21 (351875179)|METHOD_ENTRY|[209]|01p57000001HcKt|BitConverter.encodeIntegerFromHex(String)
11:48:29.21 (351932506)|METHOD_ENTRY|[192]||System.Math.pow(Double, Double)
11:48:29.21 (351947066)|METHOD_EXIT|[192]||System.Math.pow(Double, Double)
11:48:29.21 (351988336)|METHOD_ENTRY|[192]||System.Math.pow(Double, Double)
11:48:29.21 (352001915)|METHOD_EXIT|[192]||System.Math.pow(Double, Double)
11:48:29.21 (352029921)|METHOD_EXIT|[209]|01p57000001HcKt|BitConverter.encodeIntegerFromHex(String)
11:48:29.21 (352079156)|METHOD_ENTRY|[208]||System.EncodingUtil.convertToHex(Blob)
11:48:29.21 (352095144)|METHOD_EXIT|[208]||System.EncodingUtil.convertToHex(Blob)
11:48:29.21 (352099961)|METHOD_ENTRY|[209]|01p57000001HcKt|BitConverter.encodeIntegerFromHex(String)
11:48:29.21 (352156412)|METHOD_ENTRY|[192]||System.Math.pow(Double, Double)
11:48:29.21 (352170222)|METHOD_EXIT|[192]||System.Math.pow(Double, Double)
11:48:29.21 (352210337)|METHOD_ENTRY|[192]||System.Math.pow(Double, Double)
11:48:29.21 (352226895)|METHOD_EXIT|[192]||System.Math.pow(Double, Double)
11:48:29.21 (352289353)|METHOD_EXIT|[209]|01p57000001HcKt|BitConverter.encodeIntegerFromHex(String)
11:48:29.21 (352366081)|METHOD_ENTRY|[208]||System.EncodingUtil.convertToHex(Blob)
11:48:29.21 (352390545)|METHOD_EXIT|[208]||System.EncodingUtil.convertToHex(Blob)
11:48:29.21 (352400724)|METHOD_ENTRY|[209]|01p57000001HcKt|BitConverter.encodeIntegerFromHex(String)
11:48:29.21 (352491525)|METHOD_ENTRY|[192]||System.Math.pow(Double, Double)
11:48:29.21 (352516958)|METHOD_EXIT|[192]||System.Math.pow(Double, Double)
11:48:29.21 (352582643)|METHOD_ENTRY|[192]||System.Math.pow(Double, Double)
11:48:29.21 (352611095)|METHOD_EXIT|[192]||System.Math.pow(Double, Double)
11:48:29.21 (352648171)|METHOD_EXIT|[209]|01p57000001HcKt|BitConverter.encodeIntegerFromHex(String)
11:48:29.21 (352726865)|METHOD_ENTRY|[208]||System.EncodingUtil.convertToHex(Blob)
11:48:29.21 (352752243)|METHOD_EXIT|[208]||System.EncodingUtil.convertToHex(Blob)
11:48:29.21 (352762353)|METHOD_ENTRY|[209]|01p57000001HcKt|BitConverter.encodeIntegerFromHex(String)
11:48:29.21 (352862094)|METHOD_ENTRY|[192]||System.Math.pow(Double, Double)
11:48:29.21 (352910645)|METHOD_EXIT|[192]||System.Math.pow(Double, Double)
11:48:29.21 (352986483)|METHOD_ENTRY|[192]||System.Math.pow(Double, Double)
11:48:29.21 (353010864)|METHOD_EXIT|[192]||System.Math.pow(Double, Double)
11:48:29.21 (353052945)|METHOD_EXIT|[209]|01p57000001HcKt|BitConverter.encodeIntegerFromHex(String)
11:48:29.21 (353102040)|METHOD_EXIT|[139]|01p57000001HcKt|BitConverter.encodeUTF16String(String)
11:48:29.21 (353127638)|METHOD_ENTRY|[139]|01p57000001HcL6|NTLMAuth.WriteSecurityBuffer(List<Integer>, List<Integer>, List<Integer>)
11:48:29.21 (353191065)|METHOD_ENTRY|[172]|01p57000001HcKt|BitConverter.getBytesForUInt16(Integer)
11:48:29.21 (353245203)|METHOD_EXIT|[172]|01p57000001HcKt|BitConverter.getBytesForUInt16(Integer)
11:48:29.21 (353273637)|METHOD_ENTRY|[173]|01p57000001HcKt|BitConverter.getBytesForUInt16(Integer)
11:48:29.21 (353295040)|METHOD_EXIT|[173]|01p57000001HcKt|BitConverter.getBytesForUInt16(Integer)
11:48:29.21 (353311821)|METHOD_ENTRY|[174]|01p57000001HcKt|BitConverter.getBytesForUInt32(Integer)
11:48:29.21 (353336881)|METHOD_EXIT|[174]|01p57000001HcKt|BitConverter.getBytesForUInt32(Integer)
11:48:29.21 (353378482)|METHOD_EXIT|[139]|01p57000001HcL6|NTLMAuth.WriteSecurityBuffer(List<Integer>, List<Integer>, List<Integer>)
11:48:29.21 (353398893)|METHOD_ENTRY|[142]|01p57000001HcL6|NTLMAuth.WriteSecurityBuffer(List<Integer>, List<Integer>, List<Integer>)
11:48:29.21 (353447213)|METHOD_ENTRY|[165]|01p57000001HcKt|BitConverter.getBytesForUInt16(Integer)
11:48:29.21 (353477740)|METHOD_EXIT|[165]|01p57000001HcKt|BitConverter.getBytesForUInt16(Integer)
11:48:29.21 (353496686)|METHOD_ENTRY|[166]|01p57000001HcKt|BitConverter.getBytesForUInt16(Integer)
11:48:29.21 (353522902)|METHOD_EXIT|[166]|01p57000001HcKt|BitConverter.getBytesForUInt16(Integer)
11:48:29.21 (353544072)|METHOD_ENTRY|[167]|01p57000001HcKt|BitConverter.getBytesForUInt32(Integer)
11:48:29.21 (353573144)|METHOD_EXIT|[167]|01p57000001HcKt|BitConverter.getBytesForUInt32(Integer)
11:48:29.21 (353593928)|METHOD_EXIT|[142]|01p57000001HcL6|NTLMAuth.WriteSecurityBuffer(List<Integer>, List<Integer>, List<Integer>)
11:48:29.21 (353610580)|METHOD_ENTRY|[145]|01p57000001HcKt|BitConverter.getBytesForUInt32(Integer)
11:48:29.21 (353656202)|METHOD_EXIT|[145]|01p57000001HcKt|BitConverter.getBytesForUInt32(Integer)
11:48:29.21 (354242263)|METHOD_ENTRY|[151]|01p57000001HcKt|BitConverter.encodeBase64String(List<Integer>)
11:48:29.21 (358196956)|METHOD_EXIT|[151]|01p57000001HcKt|BitConverter.encodeBase64String(List<Integer>)
11:48:29.21 (358225264)|METHOD_EXIT|[189]|01p57000001HcL6|NTLMAuth.getType3Message(String, String, String)
11:48:29.21 (362019615)|CALLOUT_REQUEST|[190]|System.HttpRequest[Endpoint=https://bc-acc.primagas.es:7047/BC_AD/WS/PSEnergia/Codeunit/WS_App, Method=POST]
11:48:29.21 (695977989)|CALLOUT_RESPONSE|[190]|System.HttpResponse[Status=Internal Server Error, StatusCode=500]
11:48:29.21 (696057432)|METHOD_EXIT|[148]|01p57000001HcL1|HttpClient.handle401Response(System.HttpResponse, System.HttpRequest, Map<String,String>, Integer)
11:48:29.21 (696120073)|METHOD_EXIT|[288]|01p57000001HcL1|HttpClient.send(System.HttpRequest, Map<String,String>)
11:48:29.21 (696598845)|METHOD_ENTRY|[298]|01p57000001HcL3|LogUtil.crearLog(String, String, String, String, Boolean)
11:48:29.21 (696884021)|METHOD_ENTRY|[37]||System.Test.isRunningTest()
11:48:29.21 (696910152)|METHOD_EXIT|[37]||System.Test.isRunningTest()
11:48:29.21 (696938890)|METHOD_EXIT|[298]|01p57000001HcL3|LogUtil.crearLog(String, String, String, String, Boolean)
11:48:29.21 (697200898)|USER_DEBUG|[304]|ERROR|***Response getBody**: <s:Envelope xmlns:s="http://schemas.xmlsoap.org/soap/envelope/"><s:Body><s:Fault><faultcode xmlns:a="urn:microsoft-dynamics-schemas/error">a:Microsoft.Dynamics.Nav.Service.SOAP.ServiceBrokerException</faultcode><faultstring xml:lang="en-US">Method "Sfdc2Nav_CrearCliente" is invalid!</faultstring><detail><string xmlns="http://schemas.microsoft.com/2003/10/Serialization/">Method "Sfdc2Nav_CrearCliente" is invalid!</string></detail></s:Fault></s:Body></s:Envelope>
11:48:29.21 (697425042)|USER_DEBUG|[305]|ERROR|***Response headerKeys**: (Server, Connection, Set-Cookie, Content-Length, Date, Content-Type)
11:48:29.21 (697551644)|USER_DEBUG|[306]|ERROR|***Response Code**: Internal Server Error ***StatusCode:500
11:48:29.21 (697732778)|USER_DEBUG|[309]|DEBUG|Header Keys: (Server, Connection, Set-Cookie, Content-Length, Date, Content-Type)
11:48:29.21 (697876664)|USER_DEBUG|[316]|DEBUG|Header Server - valor:Microsoft-HTTPAPI/2.0
11:48:29.21 (697912741)|USER_DEBUG|[316]|DEBUG|Header Connection - valor:keep-alive
11:48:29.21 (697944531)|USER_DEBUG|[316]|DEBUG|Header Set-Cookie - valor:ApplicationGatewayAffinity=893d11f559ebc679989f10af750b049e; Path=/;ApplicationGatewayAffinityCORS=893d11f559ebc679989f10af750b049e; Path=/; SameSite=None; Secure
11:48:29.21 (697978522)|USER_DEBUG|[316]|DEBUG|Header Content-Length - valor:465
11:48:29.21 (698084959)|USER_DEBUG|[316]|DEBUG|Header Date - valor:Tue, 08 Nov 2022 10:48:30 GMT
11:48:29.21 (698135173)|USER_DEBUG|[316]|DEBUG|Header Content-Type - valor:text/xml; charset=utf-8
11:48:29.21 (698391260)|USER_DEBUG|[325]|DEBUG|Header VsDebuggerCausalityData - valor:uIDPo/rQMOZhui5FrxcjWeCgRrgAAAAAcmt6f9FsN0yPjtFRb1XosVWMvmwiqwhJkz7pTrgcEugACQAA
11:48:29.21 (698444380)|USER_DEBUG|[325]|DEBUG|Header Content-Type - valor:text/xml; charset=utf-8
11:48:29.21 (698475716)|USER_DEBUG|[325]|DEBUG|Header SOAPAction - valor:"urn:microsoft-dynamics-schemas/codeunit/PGE_SF:Sfdc2Nav_CrearCliente"
11:48:29.21 (698505054)|USER_DEBUG|[325]|DEBUG|Header Host - valor:bc-acc.primagas.es
11:48:29.21 (698533318)|USER_DEBUG|[325]|DEBUG|Header Content-Length - valor:1601
11:48:29.21 (698562704)|USER_DEBUG|[325]|DEBUG|Header Connection - valor:Keep-Alive
11:48:29.21 (698587182)|METHOD_EXIT|[163]|01p57000001HcLC|NavWSUtil.peticionesWSNavision(String, String, String)
11:48:29.21 (698611487)|METHOD_ENTRY|[165]|01p57000001HcLU|XmlUtil.parsearRespuestaSincronizarClientes(System.HttpResponse)
11:48:29.21 (699918422)|USER_DEBUG|[581]|DEBUG|nodoRaiz: Body
11:48:29.21 (700068229)|USER_DEBUG|[593]|DEBUG|Nodo: Fault
11:48:29.21 (700125282)|METHOD_ENTRY|[708]|01p57000001HcL3|LogUtil.crearLog(String, String, String, String, Boolean)
11:48:29.21 (700358354)|METHOD_ENTRY|[37]||System.Test.isRunningTest()
11:48:29.21 (700380674)|METHOD_EXIT|[37]||System.Test.isRunningTest()
11:48:29.21 (700401979)|METHOD_EXIT|[708]|01p57000001HcL3|LogUtil.crearLog(String, String, String, String, Boolean)
11:48:29.21 (700543978)|CONSTRUCTOR_ENTRY|[718]|01p57000001HcLU|<init>()|XmlUtil.RespuestaPeticionSincronizarClientes
11:48:29.21 (700591998)|CONSTRUCTOR_EXIT|[718]|01p57000001HcLU|<init>()|XmlUtil.RespuestaPeticionSincronizarClientes
11:48:29.21 (700694095)|METHOD_EXIT|[165]|01p57000001HcLU|XmlUtil.parsearRespuestaSincronizarClientes(System.HttpResponse)
11:48:29.21 (700821849)|USER_DEBUG|[166]|DEBUG|Campos RespuestaPeticion: RespuestaPeticionSincronizarClientes:[mapaIdsSalesforceIdNavDatosBancarios={}, mapaIdsSalesforceIdsNavisioCuentas={}, mapaIdsSalesforceIdsNavisioDireccionesEntrega={}]
11:48:29.21 (700979818)|USER_DEBUG|[169]|DEBUG|Se han cargado los datos bancarios de los clientes con Ids: {} Valores: ()
11:48:29.21 (701142326)|USER_DEBUG|[172]|DEBUG|Se han cargado las direcciones de entrega de los clientes con Ids: {} Valores: ()
11:48:29.21 (701281459)|USER_DEBUG|[175]|DEBUG|Se han cargado los Ids de Navisio de los clientes con Ids: {} Valores: ()
11:48:29.21 (701304135)|METHOD_EXIT|[264]|01p57000001HcLC|NavWSUtil.peticionWSSincronizarClientes(SchemaCliente.entitySyncDto)
11:48:29.21 (701474379)|USER_DEBUG|[326]|DEBUG|## after SincronizarCliente
11:48:29.21 (701498316)|METHOD_EXIT|[84]|01p57000001HcLI|SyncNav.SincronizarClientes(List<String>, Boolean)
11:48:29.21 (701514621)|METHOD_ENTRY|[85]|01p57000001HcL3|LogUtil.guardarLog()
11:48:29.21 (701707044)|USER_DEBUG|[76]|DEBUG|Logs de errores a insertar: (Log__c:{Error__c=false, Descripcion__c=SincronizarClientesFuture. Clientes: (0015700002GKycaAAD), Metodo__c=SincronizarClientesFuture, Objeto__c=, RecordTypeId=01257000000kgIqAAI, Enviado_a_Navision__c=false}, Log__c:{Error__c=false, Descripcion__c=Peticion: <?xml version="1.0" encoding="utf-8"?><soap:Envelope xmlns:soap="http://schemas.xmlsoap.org/soap/envelope/" xmlns:xsi="http://www.w3.org/2001/XMLSchema-instance" xmlns:xsd="http://www.w3.org/2001/XMLSchema"><soap:Body><Sfdc2Nav_CrearCliente xmlns="urn:microsoft-dynamics-schemas/codeunit/PGE_SF"><entitySyncDto><etCustomer xmlns="urn:microsoft-dynamics-nav/xmlports/x50050"><CustomerNo>94017922</CustomerNo><Name/><Name2/><Name_SF/><Surname_SF>COMPANY FERRER Joan</Surname_SF><Addres>C/Del Pi, parc. 847</Addres><Addres2/><City>Sant Genis De Palafolls</City><PostCode>08389</PostCode><County>Barcelona</County><Country>ES</Country><Phone>618097866</Phone><Mobile/><Fax/><email>joan.company@gmail.com;joan.company@gmail.com</email><VatRegistration>38148367S</VatRegistration><PaymentTerms/><PaymentMethod/><PaymentTermsStdOrd/><PaymentTermsFuelOrd/><PaymentDays/><NoPaymentDays/><Comercial>MAC</Comercial><eMailInvoice>false</eMailInvoice><IBAN>ES9101288700170101641973</IBAN><SalesForceId>0015700002GKycaAAD</SalesForceId><etAddres><ADCode>01</ADCode><ADAddres>C/Del Pi, parc. 847</ADAddres><ADAddres2/><ADCity>Sant Genis de Palafolls</ADCity><ADCounty>Barcelona</ADCounty><ADPostCode>08389</ADPostCode><ADCountry>ES</ADCountry><Activity1>1000-DU</Activity1><Activity2/><FixTemperature>0</FixTemperature><ADCodePriceDiscount>PIPMED K</ADCodePriceDiscount><ADSalesForceId>a005700000s7iWyAAI</ADSalesForceId></etAddres></etCustomer></entitySyncDto><entitySyncDto_OUT><etCustomer xmlns="urn:microsoft-dynamics-nav/xmlports/x50050"/></entitySyncDto_OUT></Sfdc2Nav_CrearCliente></soap:Body></soap:Envelope> SoapAction: Url_crear_clientes, Metodo__c=PeticionNavision, Objeto__c=Url_crear_clientes, RecordTypeId=01257000000kgIqAAI, Enviado_a_Navision__c=false}, Log__c:{Error__c=true, Descripcion__c=No se ha recibido respuesta al sincronizar el cliente, Metodo__c=SincronizarClientes, Objeto__c=Cliente, RecordTypeId=01257000000kgIqAAI, Enviado_a_Navision__c=false})
11:48:29.21 (893446209)|METHOD_EXIT|[85]|01p57000001HcL3|LogUtil.guardarLog()
11:48:29.21 (893519778)|CODE_UNIT_FINISHED|SyncNav.SincronizarClientesFuture(List<String>)
11:48:29.21 (893533058)|EXECUTION_FINISHED
