31.0 APEX_CODE,FINER;APEX_PROFILING,INFO;CALLOUT,INFO;DB,FINEST;NBA,INFO;SYSTEM,DEBUG;VALIDATION,INFO;VISUALFORCE,INFO;WAVE,INFO;WORKFLOW,INFO
09:09:40.0 (118704)|USER_INFO|[EXTERNAL]|0052p000008i9TA|n.gonzalez@blackbirdcrew.com.pre|hora estándar de Europa central|GMT+02:00
09:09:40.0 (165625)|EXECUTION_STARTED
09:09:40.0 (171795)|CODE_UNIT_STARTED|[EXTERNAL]|TRIGGERS
09:09:40.0 (201331)|CODE_UNIT_STARTED|[EXTERNAL]|01q57000000g1Lq|ContractTrigger on Contract trigger event BeforeUpdate|__sfdc_trigger/ContractTrigger
09:09:40.0 (259500)|HEAP_ALLOCATE|[EXTERNAL]|Bytes:8
09:09:40.0 (742189)|HEAP_ALLOCATE|[EXTERNAL]|Bytes:8
09:09:40.0 (1182587)|HEAP_ALLOCATE|[79]|Bytes:3
09:09:40.0 (1234507)|HEAP_ALLOCATE|[84]|Bytes:152
09:09:40.0 (1251504)|HEAP_ALLOCATE|[399]|Bytes:408
09:09:40.0 (1266026)|HEAP_ALLOCATE|[412]|Bytes:408
09:09:40.0 (1278266)|HEAP_ALLOCATE|[520]|Bytes:48
09:09:40.0 (1314796)|HEAP_ALLOCATE|[139]|Bytes:6
09:09:40.0 (1335822)|HEAP_ALLOCATE|[EXTERNAL]|Bytes:1
09:09:40.0 (1343668)|HEAP_ALLOCATE|[EXTERNAL]|Bytes:4
09:09:40.0 (1380763)|HEAP_ALLOCATE|[EXTERNAL]|Bytes:4
09:09:40.0 (1389688)|STATEMENT_EXECUTE|[1]
09:09:40.0 (1393137)|STATEMENT_EXECUTE|[3]
09:09:40.0 (1398661)|HEAP_ALLOCATE|[3]|Bytes:26
09:09:40.0 (1427730)|HEAP_ALLOCATE|[52]|Bytes:5
09:09:40.0 (1449056)|HEAP_ALLOCATE|[58]|Bytes:5
09:09:40.0 (1455960)|HEAP_ALLOCATE|[66]|Bytes:7
09:09:40.0 (1515380)|USER_DEBUG|[3]|DEBUG|**** Contract Trigger ****
09:09:40.0 (1528228)|STATEMENT_EXECUTE|[4]
09:09:40.0 (1531317)|HEAP_ALLOCATE|[4]|Bytes:8
09:09:40.0 (2348145)|HEAP_ALLOCATE|[4]|Bytes:23
09:09:40.0 (2362985)|HEAP_ALLOCATE|[4]|Bytes:9
09:09:40.0 (2380006)|METHOD_ENTRY|[6]|01p57000001HcLT|TriggerFactory.TriggerFactory()
09:09:40.0 (2386164)|STATEMENT_EXECUTE|[6]
09:09:40.0 (2390555)|STATEMENT_EXECUTE|[6]
09:09:40.0 (2392690)|STATEMENT_EXECUTE|[8]
09:09:40.0 (2400311)|METHOD_EXIT|[6]|TriggerFactory
09:09:40.0 (2417833)|METHOD_ENTRY|[4]|01p57000001HcLT|TriggerFactory.createHandler(Schema.SObjectType)
09:09:40.0 (2442767)|STATEMENT_EXECUTE|[19]
09:09:40.0 (2445465)|STATEMENT_EXECUTE|[20]
09:09:40.0 (2900444)|HEAP_ALLOCATE|[20]|Bytes:15
09:09:40.0 (2911309)|HEAP_ALLOCATE|[20]|Bytes:436
09:09:40.0 (2915880)|HEAP_ALLOCATE|[20]|Bytes:93
09:09:40.0 (2919794)|HEAP_ALLOCATE|[20]|Bytes:7
09:09:40.0 (3093056)|METHOD_ENTRY|[1]|01p57000001lFxx|Util.Util()
09:09:40.0 (3100575)|STATEMENT_EXECUTE|[1]
09:09:40.0 (3104498)|STATEMENT_EXECUTE|[1]
09:09:40.0 (3715588)|SYSTEM_MODE_ENTER|false
09:09:40.0 (3745936)|HEAP_ALLOCATE|[20]|Bytes:5
09:09:40.0 (3755171)|STATEMENT_EXECUTE|[3]
09:09:40.0 (3762726)|SYSTEM_MODE_EXIT|false
09:09:40.0 (3779071)|METHOD_EXIT|[1]|Util
09:09:40.0 (3821864)|SYSTEM_MODE_ENTER|false
09:09:40.0 (3827749)|HEAP_ALLOCATE|[83]|Bytes:5
09:09:40.0 (3832957)|STATEMENT_EXECUTE|[81]
09:09:40.0 (3837868)|STATEMENT_EXECUTE|[84]
09:09:40.0 (3839648)|STATEMENT_EXECUTE|[85]
09:09:40.0 (3862428)|HEAP_ALLOCATE|[85]|Bytes:4
09:09:40.0 (3907399)|STATEMENT_EXECUTE|[88]
09:09:40.0 (3911446)|HEAP_ALLOCATE|[88]|Bytes:71
09:09:40.0 (3924817)|HEAP_ALLOCATE|[88]|Bytes:4
09:09:40.0 (4779600)|SOQL_EXECUTE_BEGIN|[88]|Aggregations:0|SELECT DeveloperName, Name__c, Activo__c FROM Configuration_Switch__mdt
09:09:40.0 (10378359)|SOQL_EXECUTE_EXPLAIN|[88]|No explain plan is available
09:09:40.0 (10402896)|SOQL_EXECUTE_END|[88]|Rows:10
09:09:40.0 (10441767)|HEAP_ALLOCATE|[88]|Bytes:44
09:09:40.0 (10504124)|HEAP_ALLOCATE|[88]|Bytes:1004
09:09:40.0 (10650949)|HEAP_ALLOCATE|[88]|Bytes:44
09:09:40.0 (10938406)|HEAP_ALLOCATE|[91]|Bytes:5
09:09:40.0 (11004268)|HEAP_ALLOCATE|[91]|Bytes:20
09:09:40.0 (11024789)|STATEMENT_EXECUTE|[92]
09:09:40.0 (11027966)|STATEMENT_EXECUTE|[93]
09:09:40.0 (11132207)|HEAP_ALLOCATE|[91]|Bytes:5
09:09:40.0 (11145793)|HEAP_ALLOCATE|[91]|Bytes:20
09:09:40.0 (11150893)|STATEMENT_EXECUTE|[92]
09:09:40.0 (11152935)|STATEMENT_EXECUTE|[93]
09:09:40.0 (11171389)|HEAP_ALLOCATE|[91]|Bytes:5
09:09:40.0 (11179525)|HEAP_ALLOCATE|[91]|Bytes:20
09:09:40.0 (11183740)|STATEMENT_EXECUTE|[92]
09:09:40.0 (11185611)|STATEMENT_EXECUTE|[93]
09:09:40.0 (11199578)|HEAP_ALLOCATE|[91]|Bytes:5
09:09:40.0 (11207335)|HEAP_ALLOCATE|[91]|Bytes:20
09:09:40.0 (11211422)|STATEMENT_EXECUTE|[92]
09:09:40.0 (11213498)|STATEMENT_EXECUTE|[93]
09:09:40.0 (11231747)|HEAP_ALLOCATE|[91]|Bytes:5
09:09:40.0 (11250030)|HEAP_ALLOCATE|[91]|Bytes:20
09:09:40.0 (11257698)|STATEMENT_EXECUTE|[92]
09:09:40.0 (11259617)|STATEMENT_EXECUTE|[93]
09:09:40.0 (11275972)|HEAP_ALLOCATE|[91]|Bytes:5
09:09:40.0 (11291974)|HEAP_ALLOCATE|[91]|Bytes:20
09:09:40.0 (11296513)|STATEMENT_EXECUTE|[92]
09:09:40.0 (11298690)|STATEMENT_EXECUTE|[93]
09:09:40.0 (11333530)|HEAP_ALLOCATE|[91]|Bytes:5
09:09:40.0 (11344621)|HEAP_ALLOCATE|[91]|Bytes:20
09:09:40.0 (11348863)|STATEMENT_EXECUTE|[92]
09:09:40.0 (11350646)|STATEMENT_EXECUTE|[93]
09:09:40.0 (11364522)|HEAP_ALLOCATE|[91]|Bytes:5
09:09:40.0 (11372170)|HEAP_ALLOCATE|[91]|Bytes:20
09:09:40.0 (11376153)|STATEMENT_EXECUTE|[92]
09:09:40.0 (11377899)|STATEMENT_EXECUTE|[93]
09:09:40.0 (11390639)|HEAP_ALLOCATE|[91]|Bytes:5
09:09:40.0 (11398118)|HEAP_ALLOCATE|[91]|Bytes:20
09:09:40.0 (11402332)|STATEMENT_EXECUTE|[92]
09:09:40.0 (11404589)|STATEMENT_EXECUTE|[93]
09:09:40.0 (11417146)|HEAP_ALLOCATE|[91]|Bytes:5
09:09:40.0 (11424253)|HEAP_ALLOCATE|[91]|Bytes:20
09:09:40.0 (11428147)|STATEMENT_EXECUTE|[92]
09:09:40.0 (11429899)|STATEMENT_EXECUTE|[93]
09:09:40.0 (11442494)|HEAP_ALLOCATE|[91]|Bytes:5
09:09:40.0 (11450901)|STATEMENT_EXECUTE|[97]
09:09:40.0 (11458203)|SYSTEM_MODE_EXIT|false
09:09:40.0 (11473821)|STATEMENT_EXECUTE|[21]
09:09:40.0 (11529681)|HEAP_ALLOCATE|[21]|Bytes:8
09:09:40.0 (11539850)|STATEMENT_EXECUTE|[24]
09:09:40.0 (11561537)|STATEMENT_EXECUTE|[27]
09:09:40.0 (11576691)|METHOD_ENTRY|[27]|01p57000001HcLT|TriggerFactory.getHandler(Configuration_Switch__mdt, String)
09:09:40.0 (11595985)|STATEMENT_EXECUTE|[104]
09:09:40.0 (11599043)|STATEMENT_EXECUTE|[106]
09:09:40.0 (11600857)|STATEMENT_EXECUTE|[107]
09:09:40.0 (11603048)|STATEMENT_EXECUTE|[108]
09:09:40.0 (11636210)|STATEMENT_EXECUTE|[111]
09:09:40.0 (11638160)|STATEMENT_EXECUTE|[112]
09:09:40.0 (11712021)|HEAP_ALLOCATE|[112]|Bytes:30
09:09:40.0 (11731811)|SYSTEM_METHOD_ENTRY|[1]|Type.Type()
09:09:40.0 (11736099)|STATEMENT_EXECUTE|[1]
09:09:40.0 (11747010)|SYSTEM_METHOD_EXIT|[1]|Type
09:09:40.0 (11759999)|METHOD_ENTRY|[112]||System.Type.forName(String)
09:09:40.0 (15165493)|METHOD_EXIT|[112]||System.Type.forName(String)
09:09:40.0 (15190352)|STATEMENT_EXECUTE|[114]
09:09:40.0 (15195730)|STATEMENT_EXECUTE|[119]
09:09:40.0 (15213426)|METHOD_ENTRY|[119]||System.Type.newInstance()
09:09:40.0 (16191984)|METHOD_ENTRY|[5]|01p57000001HcKv|ContractHandler.ContractHandler()
09:09:40.0 (16209777)|STATEMENT_EXECUTE|[5]
09:09:40.0 (16216338)|STATEMENT_EXECUTE|[5]
09:09:40.0 (16224060)|METHOD_EXIT|[5]|ContractHandler
09:09:40.0 (16234892)|HEAP_ALLOCATE|[42]|Bytes:12
09:09:40.0 (16248387)|STATEMENT_EXECUTE|[5]
09:09:40.0 (16251081)|STATEMENT_EXECUTE|[8]
09:09:40.0 (16399255)|HEAP_ALLOCATE|[8]|Bytes:4
09:09:40.0 (16455002)|STATEMENT_EXECUTE|[10]
09:09:40.0 (16526284)|HEAP_ALLOCATE|[10]|Bytes:4
09:09:40.0 (16571266)|STATEMENT_EXECUTE|[13]
09:09:40.0 (16635743)|METHOD_EXIT|[119]||System.Type.newInstance()
09:09:40.0 (16655658)|HEAP_ALLOCATE|[121]|Bytes:8
09:09:40.0 (17825930)|STATEMENT_EXECUTE|[122]
09:09:40.0 (17831706)|STATEMENT_EXECUTE|[123]
09:09:40.0 (17857800)|METHOD_EXIT|[27]|01p57000001HcLT|TriggerFactory.getHandler(Configuration_Switch__mdt, String)
09:09:40.0 (17876478)|STATEMENT_EXECUTE|[31]
09:09:40.0 (18110166)|STATEMENT_EXECUTE|[33]
09:09:40.0 (18139775)|METHOD_ENTRY|[33]|01p57000001HcLT|TriggerFactory.execute(ITrigger)
09:09:40.0 (18179785)|STATEMENT_EXECUTE|[46]
09:09:40.0 (18200545)|STATEMENT_EXECUTE|[49]
09:09:40.0 (18203312)|STATEMENT_EXECUTE|[51]
09:09:40.0 (18363208)|METHOD_ENTRY|[51]|01p57000001HcKv|ContractHandler.bulkBefore(List<SObject>, Map<Id,SObject>)
09:09:40.0 (18386614)|STATEMENT_EXECUTE|[22]
09:09:40.0 (18389749)|STATEMENT_EXECUTE|[23]
09:09:40.0 (19140920)|HEAP_ALLOCATE|[23]|Bytes:112
09:09:40.0 (19158123)|HEAP_ALLOCATE|[23]|Bytes:51
09:09:40.0 (19164308)|HEAP_ALLOCATE|[23]|Bytes:122
09:09:40.0 (19274033)|METHOD_ENTRY|[1]|01p57000001HcKw|ContractUtil.ContractUtil()
09:09:40.0 (19294326)|STATEMENT_EXECUTE|[1]
09:09:40.0 (19300464)|STATEMENT_EXECUTE|[1]
09:09:40.0 (20138663)|SYSTEM_MODE_ENTER|false
09:09:40.0 (20165892)|HEAP_ALLOCATE|[4]|Bytes:5
09:09:40.0 (20175279)|STATEMENT_EXECUTE|[4]
09:09:40.0 (20188302)|HEAP_ALLOCATE|[4]|Bytes:5
09:09:40.0 (20198875)|STATEMENT_EXECUTE|[8]
09:09:40.0 (20217744)|HEAP_ALLOCATE|[8]|Bytes:4
09:09:40.0 (20277684)|HEAP_ALLOCATE|[8]|Bytes:8
09:09:40.0 (20310678)|HEAP_ALLOCATE|[8]|Bytes:7
09:09:40.0 (20327481)|SYSTEM_MODE_EXIT|false
09:09:40.0 (20341356)|METHOD_EXIT|[1]|ContractUtil
09:09:40.0 (20364042)|METHOD_ENTRY|[23]|01p57000001HcKw|ContractUtil.loadData(List<Contract>, Map<String,Contract>)
09:09:40.0 (20388941)|SYSTEM_MODE_ENTER|false
09:09:40.0 (20394209)|HEAP_ALLOCATE|[51]|Bytes:5
09:09:40.0 (20398393)|STATEMENT_EXECUTE|[50]
09:09:40.0 (20400450)|STATEMENT_EXECUTE|[51]
09:09:40.0 (20402866)|HEAP_ALLOCATE|[51]|Bytes:35
09:09:40.0 (56680610)|HEAP_ALLOCATE|[51]|Bytes:6742
09:09:40.0 (56772802)|HEAP_ALLOCATE|[51]|Bytes:6777
09:09:40.0 (56811638)|USER_DEBUG|[51]|DEBUG|## before loadData BEFORE newList: (Contract:{Id=8003L0000003ksrQAA, AccountId=0013L00000LfR0wQAF, OwnerExpirationNotice=null, StartDate=2022-06-06 00:00:00, EndDate=null, BillingStreet=null, BillingCity=null, BillingState=null, BillingPostalCode=null, BillingCountry=null, BillingLatitude=null, BillingLongitude=null, BillingGeocodeAccuracy=null, ShippingStreet=null, ShippingCity=null, ShippingState=null, ShippingPostalCode=null, ShippingCountry=null, ShippingLatitude=null, ShippingLongitude=null, ShippingGeocodeAccuracy=null, ContractTerm=null, OwnerId=0052p000008i9TAAAY, Status=Activado, CompanySignedId=null, CompanySignedDate=null, CustomerSignedId=null, CustomerSignedTitle=null, CustomerSignedDate=2022-06-06 00:00:00, SpecialTerms=null, ActivatedById=null, ActivatedDate=null, StatusCode=Draft, Description=null, RecordTypeId=012D00000003GZSIA2, Name=null, IsDeleted=false, ContractNumber=00046255, LastApprovedDate=null, CreatedDate=2022-07-21 10:51:22, CreatedById=0052p000008i9TAAAY, LastModifiedDate=2022-07-21 10:51:22, LastModifiedById=0052p000008i9TAAAY, SystemModstamp=2022-07-21 10:51:22, LastActivityDate=null, LastViewedDate=null, LastReferencedDate=null, Comarca__c=null, Territorio__c=null, N_cliente_existente__c=null, N_telefono__c=null, N_telefono_movil__c=612496984, N_fax__c=null, Cod_tarifa__c=null, Cod_forma_de_pago__c=null, Cod_terminos_de_pago__c=null, Cod_dia_de_pago__c=null, Duracion_contrato_en_toneladas__c=null, Consumo_previsto_Kgs__c=null, Coste_resolucion_anticipada__c=null, Producto_contratado__c=null, Prescriptor__c=null, Segmento__c=null, Importe_prima__c=null, Importe_prima_por_tonelada__c=null, Numero_de_contrato_app__c=null, Rentabilidad_prevista__c=null, dp_cad_min1__c=null, dp_cad_min2__c=null, dp_cad_min3__c=null, SWI__c=null, IBAN__c=null, CIF__c=8, Nombre_cliente__c=null, e_mail__c=null, Cod_CNAE__c=null, Entrega_de_producto__c=Automática, Origen__c=null, Origen_tipo_de_cliente__c=null, Perfil_de_consumo__c=null, Cod_forma_pago_servicios__c=null, Cod_terminos_pago_servicios__c=null, dp_cad_min4__c=null, dp_cad_min5__c=null, dp_cad_min6__c=null, dto_Kg_1__c=null, dto_Kg_2__c=null, dto_Kg_3__c=null, dto_Kg_4__c=null, dto_Kg_5__c=null, dto_Kg_6__c=null, dcm_propano1__c=null, dcm_propano2__c=null, dcm_propano3__c=null, dcm_propano4__c=null, dto_a_o_1__c=null, dto_a_o_2__c=null, dto_a_o_3__c=null, dto_a_o_4__c=null, Cobertura_movil__c=false, Tipo_de_tanque__c=null, Capacidad_tanque__c=null, Tipo__c=null, Tipo_camion__c=null, Perfil_base__c=null, Fecha_prevista_1er_llenado__c=null, Fecha_prevista_obra_civil__c=null, TP_tipo_instalacion__c=null, Importe_modalidad_instalacion__c=null, Altitud__c=null, Proyecto_exterior_importe__c=null, Aportaci_n_al_cliente__c=null, Obra_civil_deposito_importe__c=null, Canalizado_promotor__c=null, Obra_civil_zanjas_importe__c=null, Carburante__c=false, Obra_civil_vallado_importe__c=null, Consumo_previsto_GWh__c=null, ECD_grua_importe__c=null, Consumo_previsto_tons__c=1000, Gestion_instalacion_importe__c=null, Contrato_anterior__c=null, Conexion_gas_red_ext_importe__c=null, Coste_resolucion_anticipada_MWh__c=null, Prueba_instalacion_importe__c=null, Coste_resolucion_anticipada_toneladas__c=null, LI_legaliz_inst_ext_importe__c=null, LI_extintores_importe__c=null, Direccion_de_entrega__c=a003L000003TKLpQAO, Duraci_n_contrato_GWh__c=null, Proyecto_interior_importe__c=null, Duraci_n_del_contrato_a_os__c=2, Conexion_certificado_interior_importe__c=null, Error_Sync__c=false, Contadores_importe__c=null, Estado_2__c=Nuevo, Otros_exterior__c=null, Aportacion_maxima_interior__c=null, Caldera__c=null, Inertizado_Dep_Cliente__c=null, Inversion_recuperable__c=null, Inversion_no_recuperable__c=null, Oportunidad__c=null, Modalidad_de_instalaci_n__c=Modular, Otros_interior_importe__c=null, Compraventa_minima_en_kg__c=null, Fecha_ltima_Sync__c=null, Id_Navision__c=null, Importe_SAU__c=null, Importe_alquiler_contador__c=null, Importe_contador_nuevo__c=null, Importe_dep_sito__c=null, Importe_derechos_acometida__c=null, Importe_derechos_de_alta__c=null, Importe_equipos__c=null, Importe_forfait__c=null, Importe_gesti_n_contrato__c=null, Importe_inspecci_n_quinquenal__c=null, Importe_instalaci_n_exterior__c=null, Importe_instalaci_n_interior__c=null, Importe_obra_Civil__c=null, Importe_proyectos__c=null, Importe_reenganche__c=null, Importe_servicios__c=null, Importe_t_rmino_fijo__c=null, Motivo_de_renovacion__c=null, N_Cliente_anterior__c=null, N_mero_de_vaporizadores__c=null, Prescriptor_no_en_BD__c=null, Primaconta__c=false, Primaservicios_gratuitos__c=true, Promotor__c=null, Reminder_terms_code__c=null, Responsabilidad_Primagas__c=null, Responsabilidad_cliente__c=null, Segmento_1__c=null, Segmento_2__c=null, Servicios__c=null, Subcontratista__c=null, Subcontratista_no_BD__c=null, Tarifa__c=null, Tipo_GNL__c=null, Tipo_de_descuento__c=null, Toma_agua_15_m__c=false, Uso__c=null, Vaporizaci_n_Nm3h__c=null, dcm_propano5__c=null, dcm_propano6__c=null, dto_1__c=null, dto_2__c=null, dto_3__c=null, dto_4__c=null, dto_5__c=null, dto_6__c=null, dto_a_o_5__c=null, dto_a_o_6__c=null, Fecha_fin_contrato__c=2024-06-07 00:00:00, Campa_a_relacionada__c=7013L000000Bh5RQAS, Coordenadas_GPS__Latitude__s=null, Coordenadas_GPS__Longitude__s=null, Derechos_de_titular__c=null, Directorio_pdf__c=null, Entrega_y_colocacion_deposito__c=null, Equipos_instalacion__c=null, Instalacion_exterior__c=null, Instalacion_y_certificado_interior__c=null, Instalador__c=null, Obra_civil_deposito__c=null, Obra_civil_tuberia__c=null, Observaciones_equipos__c=null, Otros_Primagas__c=null, Otros_cliente__c=null, Pago_fraccionado__c=false, Plazo_de_pagos__c=null, Presentacion_en_ayuntamiento__c=null, Proyectista__c=null, Proyecto_exterior_memoria__c=null, Proyecto_interior__c=null, Tramo_con_descuento__c=null, Ubicacion_deposito__c=null, Vallado__c=null, Telemedida__c=false, Forma_de_pago_forfait__c=null, Observaciones_generales__c=null, emailDestinatarioBorrador__c=null, Contrato_original_recibido__c=false, N_Cliente_Navision__c=0, Pago_prima__c=false, Factura_n__c=null, Fraccionar_pago_1er_llenado_en_3__c=false, Tanque_propio__c=false, OldCustomerNavCode__c=null, OldShiptoCode__c=null, Ultima_lectura_de_contador__c=null, N_Pedido_creado__c=null, N_Prescriptor__c=R, Campa_a_aplicada__c=false, DNI__c=null, Pedido_Instalaci_n_creado__c=false, Primaservicios_mes1__c=0.00, Primaservicios_mes2__c=0.00, Primaservicios_mes3__c=0.00, Primaservicios_mes4__c=0.00, Primaservicios_mes5__c=0.00, Tipo_residencia__c=null, Financiacion_externa__c=false, IsTitularChange__c=false, Tramo__c=1, uso_en_contrato__c=null, DateFirstFilled__c=2022-06-07 00:00:00, conv_importe_term_fijo__c=null, conv_importe_SAU__c=00, conv_total2_ds__c=null, conv_fecha_firma_cliente__c=6/6/2022})
09:09:40.0 (56945068)|STATEMENT_EXECUTE|[52]
09:09:40.0 (56986282)|HEAP_ALLOCATE|[52]|Bytes:4
09:09:40.0 (57063504)|STATEMENT_EXECUTE|[53]
09:09:40.0 (57082238)|HEAP_ALLOCATE|[53]|Bytes:4
09:09:40.0 (57197923)|STATEMENT_EXECUTE|[55]
09:09:40.0 (57406277)|HEAP_ALLOCATE|[56]|Bytes:5
09:09:40.0 (57490074)|HEAP_ALLOCATE|[56]|Bytes:4
09:09:40.0 (57502373)|STATEMENT_EXECUTE|[57]
09:09:40.0 (57533497)|STATEMENT_EXECUTE|[58]
09:09:40.0 (57544483)|HEAP_ALLOCATE|[56]|Bytes:5
09:09:40.0 (57581279)|STATEMENT_EXECUTE|[64]
09:09:40.0 (57583406)|STATEMENT_EXECUTE|[73]
09:09:40.0 (57587840)|HEAP_ALLOCATE|[73]|Bytes:40
09:09:40.0 (57598009)|HEAP_ALLOCATE|[EXTERNAL]|Bytes:4
09:09:40.0 (57637489)|HEAP_ALLOCATE|[73]|Bytes:2
09:09:40.0 (57651048)|HEAP_ALLOCATE|[73]|Bytes:42
09:09:40.0 (57665353)|USER_DEBUG|[73]|DEBUG|## loadData BEFORE contratosAnteriores: ()
09:09:40.0 (57673464)|STATEMENT_EXECUTE|[74]
09:09:40.0 (57676329)|HEAP_ALLOCATE|[74]|Bytes:24
09:09:40.0 (57692916)|USER_DEBUG|[74]|DEBUG|## after loadData BEFORE
09:09:40.0 (57705389)|SYSTEM_MODE_EXIT|false
09:09:40.0 (57721733)|METHOD_EXIT|[23]|01p57000001HcKw|ContractUtil.loadData(List<Contract>, Map<String,Contract>)
09:09:40.0 (57764412)|METHOD_EXIT|[51]|01p57000001HcKv|ContractHandler.bulkBefore(List<SObject>, Map<Id,SObject>)
09:09:40.0 (57788136)|STATEMENT_EXECUTE|[60]
09:09:40.0 (57790869)|STATEMENT_EXECUTE|[61]
09:09:40.0 (57851873)|METHOD_ENTRY|[61]|01p57000001HcKv|ContractHandler.beforeUpdate(List<SObject>, Map<Id,SObject>)
09:09:40.0 (57871744)|STATEMENT_EXECUTE|[47]
09:09:40.0 (57873685)|STATEMENT_EXECUTE|[48]
09:09:40.0 (57901909)|METHOD_ENTRY|[48]|01p57000001HcKw|ContractUtil.populateContractEndDateUpdate(List<Contract>, Map<Id,Contract>)
09:09:40.0 (57921416)|SYSTEM_MODE_ENTER|false
09:09:40.0 (57929742)|HEAP_ALLOCATE|[631]|Bytes:5
09:09:40.0 (57934406)|STATEMENT_EXECUTE|[630]
09:09:40.0 (57936562)|STATEMENT_EXECUTE|[631]
09:09:40.0 (57944651)|HEAP_ALLOCATE|[631]|Bytes:4
09:09:40.0 (57965001)|STATEMENT_EXECUTE|[633]
09:09:40.0 (57967099)|STATEMENT_EXECUTE|[633]
09:09:40.0 (57994572)|HEAP_ALLOCATE|[634]|Bytes:5
09:09:40.0 (58008070)|HEAP_ALLOCATE|[634]|Bytes:4
09:09:40.0 (58015373)|STATEMENT_EXECUTE|[634]
09:09:40.0 (58775338)|STATEMENT_EXECUTE|[635]
09:09:40.0 (58794873)|HEAP_ALLOCATE|[634]|Bytes:5
09:09:40.0 (58813851)|SYSTEM_MODE_EXIT|false
09:09:40.0 (58827969)|METHOD_EXIT|[48]|01p57000001HcKw|ContractUtil.populateContractEndDateUpdate(List<Contract>, Map<Id,Contract>)
09:09:40.0 (58839539)|METHOD_EXIT|[61]|01p57000001HcKv|ContractHandler.beforeUpdate(List<SObject>, Map<Id,SObject>)
09:09:40.0 (58845166)|STATEMENT_EXECUTE|[92]
09:09:40.0 (58856749)|METHOD_ENTRY|[92]|01p57000001HcKv|ContractHandler.andFinally()
09:09:40.0 (58875730)|STATEMENT_EXECUTE|[91]
09:09:40.0 (58877734)|STATEMENT_EXECUTE|[92]
09:09:40.0 (58886475)|METHOD_ENTRY|[92]|01p57000001HcKw|ContractUtil.insertUpdateDeleteRecords()
09:09:40.0 (58901503)|SYSTEM_MODE_ENTER|false
09:09:40.0 (58907178)|HEAP_ALLOCATE|[424]|Bytes:5
09:09:40.0 (58911817)|STATEMENT_EXECUTE|[422]
09:09:40.0 (58928285)|HEAP_ALLOCATE|[14]|Bytes:5
09:09:40.0 (58932254)|STATEMENT_EXECUTE|[13]
09:09:40.0 (58935911)|STATEMENT_EXECUTE|[15]
09:09:40.0 (58937836)|STATEMENT_EXECUTE|[16]
09:09:40.0 (58952219)|HEAP_ALLOCATE|[16]|Bytes:4
09:09:40.0 (58978321)|STATEMENT_EXECUTE|[18]
09:09:40.0 (58997090)|STATEMENT_EXECUTE|[424]
09:09:40.0 (58999085)|STATEMENT_EXECUTE|[429]
09:09:40.0 (59010574)|HEAP_ALLOCATE|[14]|Bytes:5
09:09:40.0 (59015863)|STATEMENT_EXECUTE|[13]
09:09:40.0 (59018095)|STATEMENT_EXECUTE|[14]
09:09:40.0 (59019874)|STATEMENT_EXECUTE|[18]
09:09:40.0 (59032705)|SYSTEM_MODE_EXIT|false
09:09:40.0 (59038558)|METHOD_EXIT|[92]|01p57000001HcKw|ContractUtil.insertUpdateDeleteRecords()
09:09:40.0 (59044307)|METHOD_EXIT|[92]|01p57000001HcKv|ContractHandler.andFinally()
09:09:40.0 (59051217)|METHOD_EXIT|[33]|01p57000001HcLT|TriggerFactory.execute(ITrigger)
09:09:40.0 (59059943)|METHOD_EXIT|[4]|01p57000001HcLT|TriggerFactory.createHandler(Schema.SObjectType)
09:09:40.59 (59072981)|CUMULATIVE_LIMIT_USAGE
09:09:40.59 (59072981)|LIMIT_USAGE_FOR_NS|(default)|
  Number of SOQL queries: 0 out of 100
  Number of query rows: 10 out of 50000
  Number of SOSL queries: 0 out of 20
  Number of DML statements: 0 out of 150
  Number of Publish Immediate DML: 0 out of 150
  Number of DML rows: 0 out of 10000
  Maximum CPU time: 0 out of 10000
  Maximum heap size: 0 out of 6000000
  Number of callouts: 0 out of 100
  Number of Email Invocations: 0 out of 10
  Number of future calls: 0 out of 50
  Number of queueable jobs added to the queue: 0 out of 50
  Number of Mobile Apex push calls: 0 out of 10

09:09:40.59 (59072981)|CUMULATIVE_LIMIT_USAGE_END

09:09:40.0 (61104796)|CODE_UNIT_FINISHED|ContractTrigger on Contract trigger event BeforeUpdate|__sfdc_trigger/ContractTrigger
09:09:40.0 (103510859)|CODE_UNIT_STARTED|[EXTERNAL]|01q57000000g1Lq|ContractTrigger on Contract trigger event AfterUpdate|__sfdc_trigger/ContractTrigger
09:09:40.0 (103586591)|HEAP_ALLOCATE|[EXTERNAL]|Bytes:8
09:09:40.0 (103659438)|HEAP_ALLOCATE|[EXTERNAL]|Bytes:8
09:09:40.0 (103779186)|HEAP_ALLOCATE|[EXTERNAL]|Bytes:4
09:09:40.0 (103829349)|HEAP_ALLOCATE|[EXTERNAL]|Bytes:4
09:09:40.0 (103840329)|STATEMENT_EXECUTE|[1]
09:09:40.0 (103844199)|STATEMENT_EXECUTE|[3]
09:09:40.0 (103872209)|USER_DEBUG|[3]|DEBUG|**** Contract Trigger ****
09:09:40.0 (103890312)|STATEMENT_EXECUTE|[4]
09:09:40.0 (103945382)|METHOD_ENTRY|[4]|01p57000001HcLT|TriggerFactory.createHandler(Schema.SObjectType)
09:09:40.0 (104008440)|STATEMENT_EXECUTE|[19]
09:09:40.0 (104013212)|STATEMENT_EXECUTE|[20]
09:09:40.0 (104842880)|SYSTEM_MODE_ENTER|false
09:09:40.0 (104876630)|HEAP_ALLOCATE|[83]|Bytes:5
09:09:40.0 (104891518)|STATEMENT_EXECUTE|[81]
09:09:40.0 (104899084)|STATEMENT_EXECUTE|[83]
09:09:40.0 (104902787)|STATEMENT_EXECUTE|[97]
09:09:40.0 (104911857)|SYSTEM_MODE_EXIT|false
09:09:40.0 (104940012)|STATEMENT_EXECUTE|[21]
09:09:40.0 (104978245)|HEAP_ALLOCATE|[21]|Bytes:8
09:09:40.0 (104993678)|STATEMENT_EXECUTE|[24]
09:09:40.0 (105019452)|STATEMENT_EXECUTE|[27]
09:09:40.0 (105033333)|METHOD_ENTRY|[27]|01p57000001HcLT|TriggerFactory.getHandler(Configuration_Switch__mdt, String)
09:09:40.0 (105045692)|STATEMENT_EXECUTE|[104]
09:09:40.0 (105049708)|STATEMENT_EXECUTE|[106]
09:09:40.0 (105052236)|STATEMENT_EXECUTE|[107]
09:09:40.0 (105055832)|STATEMENT_EXECUTE|[108]
09:09:40.0 (105076175)|STATEMENT_EXECUTE|[111]
09:09:40.0 (105078684)|STATEMENT_EXECUTE|[112]
09:09:40.0 (105093090)|METHOD_ENTRY|[112]||System.Type.forName(String)
09:09:40.0 (105258002)|METHOD_EXIT|[112]||System.Type.forName(String)
09:09:40.0 (105267953)|STATEMENT_EXECUTE|[114]
09:09:40.0 (105270958)|STATEMENT_EXECUTE|[119]
09:09:40.0 (105291624)|METHOD_ENTRY|[119]||System.Type.newInstance()
09:09:40.0 (105364321)|STATEMENT_EXECUTE|[5]
09:09:40.0 (105367435)|STATEMENT_EXECUTE|[8]
09:09:40.0 (105391007)|HEAP_ALLOCATE|[8]|Bytes:4
09:09:40.0 (105403089)|STATEMENT_EXECUTE|[10]
09:09:40.0 (105413544)|HEAP_ALLOCATE|[10]|Bytes:4
09:09:40.0 (105427253)|STATEMENT_EXECUTE|[13]
09:09:40.0 (105451593)|METHOD_EXIT|[119]||System.Type.newInstance()
09:09:40.0 (105542062)|STATEMENT_EXECUTE|[122]
09:09:40.0 (105545290)|STATEMENT_EXECUTE|[123]
09:09:40.0 (105561625)|METHOD_EXIT|[27]|01p57000001HcLT|TriggerFactory.getHandler(Configuration_Switch__mdt, String)
09:09:40.0 (105572078)|STATEMENT_EXECUTE|[31]
09:09:40.0 (105574674)|STATEMENT_EXECUTE|[33]
09:09:40.0 (105581975)|METHOD_ENTRY|[33]|01p57000001HcLT|TriggerFactory.execute(ITrigger)
09:09:40.0 (105591581)|STATEMENT_EXECUTE|[46]
09:09:40.0 (105599748)|STATEMENT_EXECUTE|[70]
09:09:40.0 (105602107)|STATEMENT_EXECUTE|[72]
09:09:40.0 (105679185)|METHOD_ENTRY|[72]|01p57000001HcKv|ContractHandler.bulkAfter(List<SObject>, Map<Id,SObject>)
09:09:40.0 (105708600)|STATEMENT_EXECUTE|[27]
09:09:40.0 (105711314)|STATEMENT_EXECUTE|[28]
09:09:40.0 (105754464)|METHOD_ENTRY|[28]|01p57000001HcKw|ContractUtil.loadData(List<SObject>, Map<String,Account>)
09:09:40.0 (105784278)|SYSTEM_MODE_ENTER|false
09:09:40.0 (105796480)|HEAP_ALLOCATE|[25]|Bytes:5
09:09:40.0 (105803384)|STATEMENT_EXECUTE|[24]
09:09:40.0 (105805888)|STATEMENT_EXECUTE|[25]
09:09:40.0 (105813196)|HEAP_ALLOCATE|[25]|Bytes:24
09:09:40.0 (105848930)|USER_DEBUG|[25]|DEBUG|## before loadData AFTER
09:09:40.0 (105862665)|STATEMENT_EXECUTE|[26]
09:09:40.0 (105878857)|HEAP_ALLOCATE|[26]|Bytes:4
09:09:40.0 (105910223)|STATEMENT_EXECUTE|[27]
09:09:40.0 (105916851)|HEAP_ALLOCATE|[27]|Bytes:4
09:09:40.0 (105933207)|STATEMENT_EXECUTE|[30]
09:09:40.0 (105990871)|HEAP_ALLOCATE|[31]|Bytes:5
09:09:40.0 (106046491)|STATEMENT_EXECUTE|[32]
09:09:40.0 (106050607)|STATEMENT_EXECUTE|[33]
09:09:40.0 (106228204)|HEAP_ALLOCATE|[31]|Bytes:5
09:09:40.0 (106269620)|STATEMENT_EXECUTE|[37]
09:09:40.0 (106272324)|STATEMENT_EXECUTE|[38]
09:09:40.0 (106327378)|HEAP_ALLOCATE|[38]|Bytes:4
09:09:40.0 (106421135)|STATEMENT_EXECUTE|[39]
09:09:40.0 (106425970)|HEAP_ALLOCATE|[39]|Bytes:104
09:09:40.0 (106444095)|HEAP_ALLOCATE|[39]|Bytes:4
09:09:40.0 (106452842)|HEAP_ALLOCATE|[39]|Bytes:7
09:09:40.0 (106503955)|HEAP_ALLOCATE|[EXTERNAL]|Bytes:8
09:09:40.0 (107178720)|SOQL_EXECUTE_BEGIN|[39]|Aggregations:0|SELECT Id, Name, RecordTypeId, Cod_terminos_pago__c, Cod_forma_pago__c FROM Account WHERE Id IN :tmpVar1
09:09:40.0 (113837264)|SOQL_EXECUTE_EXPLAIN|[39]|Index on Account : [Id], cardinality: 1, sobjectCardinality: 39675, relativeCost 0
09:09:40.0 (113918424)|SOQL_EXECUTE_END|[39]|Rows:1
09:09:40.0 (113969454)|HEAP_ALLOCATE|[39]|Bytes:8
09:09:40.0 (114061723)|HEAP_ALLOCATE|[39]|Bytes:106
09:09:40.0 (114141927)|HEAP_ALLOCATE|[39]|Bytes:8
09:09:40.0 (114471951)|HEAP_ALLOCATE|[40]|Bytes:5
09:09:40.0 (114556394)|HEAP_ALLOCATE|[40]|Bytes:16
09:09:40.0 (114627499)|STATEMENT_EXECUTE|[41]
09:09:40.0 (114631873)|STATEMENT_EXECUTE|[42]
09:09:40.0 (114844394)|HEAP_ALLOCATE|[40]|Bytes:5
09:09:40.0 (114864595)|STATEMENT_EXECUTE|[46]
09:09:40.0 (114870360)|HEAP_ALLOCATE|[46]|Bytes:23
09:09:40.0 (114935750)|USER_DEBUG|[46]|DEBUG|## after loadData AFTER
09:09:40.0 (114956414)|SYSTEM_MODE_EXIT|false
09:09:40.0 (114979650)|METHOD_EXIT|[28]|01p57000001HcKw|ContractUtil.loadData(List<SObject>, Map<String,Account>)
09:09:40.0 (114996233)|STATEMENT_EXECUTE|[30]
09:09:40.0 (115005687)|METHOD_EXIT|[72]|01p57000001HcKv|ContractHandler.bulkAfter(List<SObject>, Map<Id,SObject>)
09:09:40.0 (115019856)|STATEMENT_EXECUTE|[81]
09:09:40.0 (115022731)|STATEMENT_EXECUTE|[82]
09:09:40.0 (115093023)|METHOD_ENTRY|[82]|01p57000001HcKv|ContractHandler.afterUpdate(List<SObject>, Map<Id,SObject>)
09:09:40.0 (115117169)|STATEMENT_EXECUTE|[70]
09:09:40.0 (115119675)|STATEMENT_EXECUTE|[72]
09:09:40.0 (115148632)|METHOD_ENTRY|[72]|01p57000001HcKw|ContractUtil.actualizarDatosClienteYDireccionEntrega(List<Contract>, Map<Id,Contract>, Map<String,Account>)
09:09:40.0 (115175511)|SYSTEM_MODE_ENTER|false
09:09:40.0 (115185736)|HEAP_ALLOCATE|[300]|Bytes:5
09:09:40.0 (115192247)|STATEMENT_EXECUTE|[299]
09:09:40.0 (115195682)|STATEMENT_EXECUTE|[301]
09:09:40.0 (115198108)|STATEMENT_EXECUTE|[302]
09:09:40.0 (115213519)|HEAP_ALLOCATE|[302]|Bytes:4
09:09:40.0 (115248930)|STATEMENT_EXECUTE|[303]
09:09:40.0 (115263291)|HEAP_ALLOCATE|[303]|Bytes:4
09:09:40.0 (115274830)|STATEMENT_EXECUTE|[304]
09:09:40.0 (115362575)|HEAP_ALLOCATE|[304]|Bytes:4
09:09:40.0 (115490591)|HEAP_ALLOCATE|[305]|Bytes:5
09:09:40.0 (115516794)|STATEMENT_EXECUTE|[306]
09:09:40.0 (115733356)|STATEMENT_EXECUTE|[308]
09:09:40.0 (115792663)|STATEMENT_EXECUTE|[331]
09:09:40.0 (115809839)|HEAP_ALLOCATE|[305]|Bytes:5
09:09:40.0 (115853414)|STATEMENT_EXECUTE|[338]
09:09:40.0 (115856765)|STATEMENT_EXECUTE|[354]
09:09:40.0 (115861197)|HEAP_ALLOCATE|[354]|Bytes:17
09:09:40.0 (115877507)|HEAP_ALLOCATE|[EXTERNAL]|Bytes:4
09:09:40.0 (115920860)|HEAP_ALLOCATE|[354]|Bytes:2
09:09:40.0 (115940005)|HEAP_ALLOCATE|[354]|Bytes:19
09:09:40.0 (115956757)|USER_DEBUG|[354]|DEBUG|##cuentasUpdate: ()
09:09:40.0 (115987635)|STATEMENT_EXECUTE|[355]
09:09:40.0 (115990468)|STATEMENT_EXECUTE|[372]
09:09:40.0 (115994080)|HEAP_ALLOCATE|[372]|Bytes:21
09:09:40.0 (116001941)|HEAP_ALLOCATE|[EXTERNAL]|Bytes:4
09:09:40.0 (116025716)|HEAP_ALLOCATE|[372]|Bytes:2
09:09:40.0 (116039413)|HEAP_ALLOCATE|[372]|Bytes:23
09:09:40.0 (116050479)|USER_DEBUG|[372]|DEBUG|##direccionesUpdate: ()
09:09:40.0 (116081569)|STATEMENT_EXECUTE|[373]
09:09:40.0 (116089498)|SYSTEM_MODE_EXIT|false
09:09:40.0 (116108387)|METHOD_EXIT|[72]|01p57000001HcKw|ContractUtil.actualizarDatosClienteYDireccionEntrega(List<Contract>, Map<Id,Contract>, Map<String,Account>)
09:09:40.0 (116115658)|STATEMENT_EXECUTE|[73]
09:09:40.0 (116135551)|METHOD_ENTRY|[73]|01p57000001HcKw|ContractUtil.RegistrarContrato(List<Contract>, Map<Id,Contract>, Map<String,Account>)
09:09:40.0 (116165126)|SYSTEM_MODE_ENTER|false
09:09:40.0 (116196838)|HEAP_ALLOCATE|[142]|Bytes:5
09:09:40.0 (116203018)|STATEMENT_EXECUTE|[141]
09:09:40.0 (116205604)|STATEMENT_EXECUTE|[142]
09:09:40.0 (116216376)|HEAP_ALLOCATE|[142]|Bytes:37
09:09:40.0 (120891100)|HEAP_ALLOCATE|[142]|Bytes:6775
09:09:40.0 (120958827)|HEAP_ALLOCATE|[142]|Bytes:6812
09:09:40.0 (120984137)|USER_DEBUG|[142]|DEBUG|## before RegistrarContrato newList: (Contract:{Id=8003L0000003ksrQAA, AccountId=0013L00000LfR0wQAF, OwnerExpirationNotice=null, StartDate=2022-06-06 00:00:00, EndDate=null, BillingStreet=null, BillingCity=null, BillingState=null, BillingPostalCode=null, BillingCountry=null, BillingLatitude=null, BillingLongitude=null, BillingGeocodeAccuracy=null, ShippingStreet=null, ShippingCity=null, ShippingState=null, ShippingPostalCode=null, ShippingCountry=null, ShippingLatitude=null, ShippingLongitude=null, ShippingGeocodeAccuracy=null, ContractTerm=null, OwnerId=0052p000008i9TAAAY, Status=Activado, CompanySignedId=null, CompanySignedDate=null, CustomerSignedId=null, CustomerSignedTitle=null, CustomerSignedDate=2022-06-06 00:00:00, SpecialTerms=null, ActivatedById=0052p000008i9TAAAY, ActivatedDate=2022-08-03 07:09:40, StatusCode=Activated, Description=null, RecordTypeId=012D00000003GZSIA2, Name=null, IsDeleted=false, ContractNumber=00046255, LastApprovedDate=null, CreatedDate=2022-07-21 10:51:22, CreatedById=0052p000008i9TAAAY, LastModifiedDate=2022-08-03 07:09:40, LastModifiedById=0052p000008i9TAAAY, SystemModstamp=2022-08-03 07:09:40, LastActivityDate=null, LastViewedDate=null, LastReferencedDate=null, Comarca__c=null, Territorio__c=null, N_cliente_existente__c=null, N_telefono__c=null, N_telefono_movil__c=612496984, N_fax__c=null, Cod_tarifa__c=null, Cod_forma_de_pago__c=null, Cod_terminos_de_pago__c=null, Cod_dia_de_pago__c=null, Duracion_contrato_en_toneladas__c=null, Consumo_previsto_Kgs__c=null, Coste_resolucion_anticipada__c=null, Producto_contratado__c=null, Prescriptor__c=null, Segmento__c=null, Importe_prima__c=null, Importe_prima_por_tonelada__c=null, Numero_de_contrato_app__c=null, Rentabilidad_prevista__c=null, dp_cad_min1__c=null, dp_cad_min2__c=null, dp_cad_min3__c=null, SWI__c=null, IBAN__c=null, CIF__c=8, Nombre_cliente__c=null, e_mail__c=null, Cod_CNAE__c=null, Entrega_de_producto__c=Automática, Origen__c=null, Origen_tipo_de_cliente__c=null, Perfil_de_consumo__c=null, Cod_forma_pago_servicios__c=null, Cod_terminos_pago_servicios__c=null, dp_cad_min4__c=null, dp_cad_min5__c=null, dp_cad_min6__c=null, dto_Kg_1__c=null, dto_Kg_2__c=null, dto_Kg_3__c=null, dto_Kg_4__c=null, dto_Kg_5__c=null, dto_Kg_6__c=null, dcm_propano1__c=null, dcm_propano2__c=null, dcm_propano3__c=null, dcm_propano4__c=null, dto_a_o_1__c=null, dto_a_o_2__c=null, dto_a_o_3__c=null, dto_a_o_4__c=null, Cobertura_movil__c=false, Tipo_de_tanque__c=null, Capacidad_tanque__c=null, Tipo__c=null, Tipo_camion__c=null, Perfil_base__c=null, Fecha_prevista_1er_llenado__c=null, Fecha_prevista_obra_civil__c=null, TP_tipo_instalacion__c=null, Importe_modalidad_instalacion__c=null, Altitud__c=null, Proyecto_exterior_importe__c=null, Aportaci_n_al_cliente__c=null, Obra_civil_deposito_importe__c=null, Canalizado_promotor__c=null, Obra_civil_zanjas_importe__c=null, Carburante__c=false, Obra_civil_vallado_importe__c=null, Consumo_previsto_GWh__c=null, ECD_grua_importe__c=null, Consumo_previsto_tons__c=1000, Gestion_instalacion_importe__c=null, Contrato_anterior__c=null, Conexion_gas_red_ext_importe__c=null, Coste_resolucion_anticipada_MWh__c=null, Prueba_instalacion_importe__c=null, Coste_resolucion_anticipada_toneladas__c=null, LI_legaliz_inst_ext_importe__c=null, LI_extintores_importe__c=null, Direccion_de_entrega__c=a003L000003TKLpQAO, Duraci_n_contrato_GWh__c=null, Proyecto_interior_importe__c=null, Duraci_n_del_contrato_a_os__c=2, Conexion_certificado_interior_importe__c=null, Error_Sync__c=false, Contadores_importe__c=null, Estado_2__c=Nuevo, Otros_exterior__c=null, Aportacion_maxima_interior__c=null, Caldera__c=null, Inertizado_Dep_Cliente__c=null, Inversion_recuperable__c=null, Inversion_no_recuperable__c=null, Oportunidad__c=null, Modalidad_de_instalaci_n__c=Modular, Otros_interior_importe__c=null, Compraventa_minima_en_kg__c=null, Fecha_ltima_Sync__c=null, Id_Navision__c=null, Importe_SAU__c=null, Importe_alquiler_contador__c=null, Importe_contador_nuevo__c=null, Importe_dep_sito__c=null, Importe_derechos_acometida__c=null, Importe_derechos_de_alta__c=null, Importe_equipos__c=null, Importe_forfait__c=null, Importe_gesti_n_contrato__c=null, Importe_inspecci_n_quinquenal__c=null, Importe_instalaci_n_exterior__c=null, Importe_instalaci_n_interior__c=null, Importe_obra_Civil__c=null, Importe_proyectos__c=null, Importe_reenganche__c=null, Importe_servicios__c=null, Importe_t_rmino_fijo__c=null, Motivo_de_renovacion__c=null, N_Cliente_anterior__c=null, N_mero_de_vaporizadores__c=null, Prescriptor_no_en_BD__c=null, Primaconta__c=false, Primaservicios_gratuitos__c=true, Promotor__c=null, Reminder_terms_code__c=null, Responsabilidad_Primagas__c=null, Responsabilidad_cliente__c=null, Segmento_1__c=null, Segmento_2__c=null, Servicios__c=null, Subcontratista__c=null, Subcontratista_no_BD__c=null, Tarifa__c=null, Tipo_GNL__c=null, Tipo_de_descuento__c=null, Toma_agua_15_m__c=false, Uso__c=null, Vaporizaci_n_Nm3h__c=null, dcm_propano5__c=null, dcm_propano6__c=null, dto_1__c=null, dto_2__c=null, dto_3__c=null, dto_4__c=null, dto_5__c=null, dto_6__c=null, dto_a_o_5__c=null, dto_a_o_6__c=null, Fecha_fin_contrato__c=2024-06-07 00:00:00, Campa_a_relacionada__c=7013L000000Bh5RQAS, Coordenadas_GPS__Latitude__s=null, Coordenadas_GPS__Longitude__s=null, Derechos_de_titular__c=null, Directorio_pdf__c=null, Entrega_y_colocacion_deposito__c=null, Equipos_instalacion__c=null, Instalacion_exterior__c=null, Instalacion_y_certificado_interior__c=null, Instalador__c=null, Obra_civil_deposito__c=null, Obra_civil_tuberia__c=null, Observaciones_equipos__c=null, Otros_Primagas__c=null, Otros_cliente__c=null, Pago_fraccionado__c=false, Plazo_de_pagos__c=null, Presentacion_en_ayuntamiento__c=null, Proyectista__c=null, Proyecto_exterior_memoria__c=null, Proyecto_interior__c=null, Tramo_con_descuento__c=null, Ubicacion_deposito__c=null, Vallado__c=null, Telemedida__c=false, Forma_de_pago_forfait__c=null, Observaciones_generales__c=null, emailDestinatarioBorrador__c=null, Contrato_original_recibido__c=false, N_Cliente_Navision__c=0, Pago_prima__c=false, Factura_n__c=null, Fraccionar_pago_1er_llenado_en_3__c=false, Tanque_propio__c=false, OldCustomerNavCode__c=null, OldShiptoCode__c=null, Ultima_lectura_de_contador__c=null, N_Pedido_creado__c=null, N_Prescriptor__c=R, Campa_a_aplicada__c=false, DNI__c=null, Pedido_Instalaci_n_creado__c=false, Primaservicios_mes1__c=0.00, Primaservicios_mes2__c=0.00, Primaservicios_mes3__c=0.00, Primaservicios_mes4__c=0.00, Primaservicios_mes5__c=0.00, Tipo_residencia__c=null, Financiacion_externa__c=false, IsTitularChange__c=false, Tramo__c=1, uso_en_contrato__c=null, DateFirstFilled__c=2022-06-07 00:00:00, conv_importe_term_fijo__c=null, conv_importe_SAU__c=00, conv_total2_ds__c=null, conv_fecha_firma_cliente__c=6/6/2022})
09:09:40.0 (121078905)|STATEMENT_EXECUTE|[144]
09:09:40.0 (121082658)|STATEMENT_EXECUTE|[145]
09:09:40.0 (121087552)|HEAP_ALLOCATE|[145]|Bytes:14
09:09:40.0 (121182239)|HEAP_ALLOCATE|[145]|Bytes:26
09:09:40.0 (121212816)|HEAP_ALLOCATE|[145]|Bytes:20
09:09:40.0 (121222980)|HEAP_ALLOCATE|[145]|Bytes:34
09:09:40.0 (121231547)|USER_DEBUG|[145]|DEBUG|mapaClientes: {0013L00000LfR0wQAF}
09:09:40.0 (121240009)|STATEMENT_EXECUTE|[147]
09:09:40.0 (121242155)|STATEMENT_EXECUTE|[148]
09:09:40.0 (121260012)|HEAP_ALLOCATE|[148]|Bytes:4
09:09:40.0 (121301745)|STATEMENT_EXECUTE|[149]
09:09:40.0 (121314601)|HEAP_ALLOCATE|[149]|Bytes:4
09:09:40.0 (121321448)|STATEMENT_EXECUTE|[150]
09:09:40.0 (121324778)|STATEMENT_EXECUTE|[151]
09:09:40.0 (121365396)|HEAP_ALLOCATE|[109]|Bytes:5
09:09:40.0 (121369696)|STATEMENT_EXECUTE|[108]
09:09:40.0 (121373478)|STATEMENT_EXECUTE|[110]
09:09:40.0 (121375392)|STATEMENT_EXECUTE|[111]
09:09:40.0 (121390827)|HEAP_ALLOCATE|[111]|Bytes:4
09:09:40.0 (121430649)|HEAP_ALLOCATE|[112]|Bytes:90
09:09:40.0 (121440281)|HEAP_ALLOCATE|[112]|Bytes:4
09:09:40.0 (121800014)|SOQL_EXECUTE_BEGIN|[112]|Aggregations:0|SELECT Id, DeveloperName, SObjectType FROM RecordType ORDER BY CreatedDate ASC NULLS FIRST
09:09:40.0 (155700599)|SOQL_EXECUTE_EXPLAIN|[112]|TableScan on RecordType : [], cardinality: 10, sobjectCardinality: 10, relativeCost 2.833
09:09:40.0 (155721672)|SOQL_EXECUTE_END|[112]|Rows:36
09:09:40.0 (155759387)|HEAP_ALLOCATE|[EXTERNAL]|Bytes:148
09:09:40.0 (155976584)|HEAP_ALLOCATE|[112]|Bytes:54
09:09:40.0 (155986627)|HEAP_ALLOCATE|[112]|Bytes:8
09:09:40.0 (156001203)|SYSTEM_METHOD_ENTRY|[7]|QueryLocatorIterator.QueryLocatorIterator()
09:09:40.0 (156006564)|STATEMENT_EXECUTE|[7]
09:09:40.0 (156021527)|SYSTEM_METHOD_EXIT|[7]|QueryLocatorIterator
09:09:40.0 (156035030)|HEAP_ALLOCATE|[112]|Bytes:28
09:09:40.0 (156108671)|HEAP_ALLOCATE|[112]|Bytes:148
09:09:40.0 (156132016)|HEAP_ALLOCATE|[112]|Bytes:8
09:09:40.0 (156137317)|HEAP_ALLOCATE|[112]|Bytes:8
09:09:40.0 (156200111)|HEAP_ALLOCATE|[112]|Bytes:28
09:09:40.0 (156229186)|METHOD_ENTRY|[112]||Database.QueryLocatorIterator.hasNext()
09:09:40.0 (156342832)|METHOD_EXIT|[112]||Database.QueryLocatorIterator.hasNext()
09:09:40.0 (156351286)|METHOD_ENTRY|[112]||Database.QueryLocatorIterator.next()
09:09:40.0 (156480930)|METHOD_EXIT|[112]||Database.QueryLocatorIterator.next()
09:09:40.0 (156489975)|STATEMENT_EXECUTE|[113]
09:09:40.0 (156577807)|STATEMENT_EXECUTE|[115]
09:09:40.0 (156580132)|STATEMENT_EXECUTE|[116]
09:09:40.0 (156601935)|HEAP_ALLOCATE|[116]|Bytes:4
09:09:40.0 (156698181)|STATEMENT_EXECUTE|[120]
09:09:40.0 (156700986)|STATEMENT_EXECUTE|[121]
09:09:40.0 (156732931)|METHOD_ENTRY|[112]||Database.QueryLocatorIterator.hasNext()
09:09:40.0 (156759090)|METHOD_EXIT|[112]||Database.QueryLocatorIterator.hasNext()
09:09:40.0 (156766593)|METHOD_ENTRY|[112]||Database.QueryLocatorIterator.next()
09:09:40.0 (156825100)|METHOD_EXIT|[112]||Database.QueryLocatorIterator.next()
09:09:40.0 (156834379)|STATEMENT_EXECUTE|[113]
09:09:40.0 (156854511)|STATEMENT_EXECUTE|[115]
09:09:40.0 (156857955)|STATEMENT_EXECUTE|[116]
09:09:40.0 (156873959)|HEAP_ALLOCATE|[116]|Bytes:4
09:09:40.0 (156911623)|STATEMENT_EXECUTE|[120]
09:09:40.0 (156914367)|STATEMENT_EXECUTE|[121]
09:09:40.0 (156939200)|METHOD_ENTRY|[112]||Database.QueryLocatorIterator.hasNext()
09:09:40.0 (156959623)|METHOD_EXIT|[112]||Database.QueryLocatorIterator.hasNext()
09:09:40.0 (156966407)|METHOD_ENTRY|[112]||Database.QueryLocatorIterator.next()
09:09:40.0 (157014844)|METHOD_EXIT|[112]||Database.QueryLocatorIterator.next()
09:09:40.0 (157022849)|STATEMENT_EXECUTE|[113]
09:09:40.0 (157039827)|STATEMENT_EXECUTE|[114]
09:09:40.0 (157082241)|STATEMENT_EXECUTE|[120]
09:09:40.0 (157084879)|STATEMENT_EXECUTE|[121]
09:09:40.0 (157109920)|METHOD_ENTRY|[112]||Database.QueryLocatorIterator.hasNext()
09:09:40.0 (157138987)|METHOD_EXIT|[112]||Database.QueryLocatorIterator.hasNext()
09:09:40.0 (157145936)|METHOD_ENTRY|[112]||Database.QueryLocatorIterator.next()
09:09:40.0 (157186098)|METHOD_EXIT|[112]||Database.QueryLocatorIterator.next()
09:09:40.0 (157190854)|STATEMENT_EXECUTE|[113]
09:09:40.0 (157202942)|STATEMENT_EXECUTE|[115]
09:09:40.0 (157204822)|STATEMENT_EXECUTE|[116]
09:09:40.0 (157215887)|HEAP_ALLOCATE|[116]|Bytes:4
09:09:40.0 (157242472)|STATEMENT_EXECUTE|[120]
09:09:40.0 (157244406)|STATEMENT_EXECUTE|[121]
09:09:40.0 (157260353)|METHOD_ENTRY|[112]||Database.QueryLocatorIterator.hasNext()
09:09:40.0 (157273151)|METHOD_EXIT|[112]||Database.QueryLocatorIterator.hasNext()
09:09:40.0 (157277418)|METHOD_ENTRY|[112]||Database.QueryLocatorIterator.next()
09:09:40.0 (157321796)|METHOD_EXIT|[112]||Database.QueryLocatorIterator.next()
09:09:40.0 (157329212)|STATEMENT_EXECUTE|[113]
09:09:40.0 (157343861)|STATEMENT_EXECUTE|[114]
09:09:40.0 (157364058)|STATEMENT_EXECUTE|[120]
09:09:40.0 (157366385)|STATEMENT_EXECUTE|[121]
09:09:40.0 (157388600)|METHOD_ENTRY|[112]||Database.QueryLocatorIterator.hasNext()
09:09:40.0 (157414509)|METHOD_EXIT|[112]||Database.QueryLocatorIterator.hasNext()
09:09:40.0 (157421442)|METHOD_ENTRY|[112]||Database.QueryLocatorIterator.next()
09:09:40.0 (157455778)|METHOD_EXIT|[112]||Database.QueryLocatorIterator.next()
09:09:40.0 (157460397)|STATEMENT_EXECUTE|[113]
09:09:40.0 (157471442)|STATEMENT_EXECUTE|[115]
09:09:40.0 (157473303)|STATEMENT_EXECUTE|[116]
09:09:40.0 (157482748)|HEAP_ALLOCATE|[116]|Bytes:4
09:09:40.0 (157508562)|STATEMENT_EXECUTE|[120]
09:09:40.0 (157510463)|STATEMENT_EXECUTE|[121]
09:09:40.0 (157526265)|METHOD_ENTRY|[112]||Database.QueryLocatorIterator.hasNext()
09:09:40.0 (157538537)|METHOD_EXIT|[112]||Database.QueryLocatorIterator.hasNext()
09:09:40.0 (157542938)|METHOD_ENTRY|[112]||Database.QueryLocatorIterator.next()
09:09:40.0 (157571474)|METHOD_EXIT|[112]||Database.QueryLocatorIterator.next()
09:09:40.0 (157575467)|STATEMENT_EXECUTE|[113]
09:09:40.0 (157585306)|STATEMENT_EXECUTE|[115]
09:09:40.0 (157587150)|STATEMENT_EXECUTE|[116]
09:09:40.0 (157594197)|HEAP_ALLOCATE|[116]|Bytes:4
09:09:40.0 (157617214)|STATEMENT_EXECUTE|[120]
09:09:40.0 (157619041)|STATEMENT_EXECUTE|[121]
09:09:40.0 (157634536)|METHOD_ENTRY|[112]||Database.QueryLocatorIterator.hasNext()
09:09:40.0 (157647005)|METHOD_EXIT|[112]||Database.QueryLocatorIterator.hasNext()
09:09:40.0 (157651412)|METHOD_ENTRY|[112]||Database.QueryLocatorIterator.next()
09:09:40.0 (157679328)|METHOD_EXIT|[112]||Database.QueryLocatorIterator.next()
09:09:40.0 (157683448)|STATEMENT_EXECUTE|[113]
09:09:40.0 (157694014)|STATEMENT_EXECUTE|[114]
09:09:40.0 (157714440)|STATEMENT_EXECUTE|[120]
09:09:40.0 (157716720)|STATEMENT_EXECUTE|[121]
09:09:40.0 (157740798)|METHOD_ENTRY|[112]||Database.QueryLocatorIterator.hasNext()
09:09:40.0 (157761243)|METHOD_EXIT|[112]||Database.QueryLocatorIterator.hasNext()
09:09:40.0 (157773739)|METHOD_ENTRY|[112]||Database.QueryLocatorIterator.next()
09:09:40.0 (157816940)|METHOD_EXIT|[112]||Database.QueryLocatorIterator.next()
09:09:40.0 (157822494)|STATEMENT_EXECUTE|[113]
09:09:40.0 (157838910)|STATEMENT_EXECUTE|[114]
09:09:40.0 (157860019)|STATEMENT_EXECUTE|[120]
09:09:40.0 (157862768)|STATEMENT_EXECUTE|[121]
09:09:40.0 (157889904)|METHOD_ENTRY|[112]||Database.QueryLocatorIterator.hasNext()
09:09:40.0 (157930071)|METHOD_EXIT|[112]||Database.QueryLocatorIterator.hasNext()
09:09:40.0 (157937203)|METHOD_ENTRY|[112]||Database.QueryLocatorIterator.next()
09:09:40.0 (157986191)|METHOD_EXIT|[112]||Database.QueryLocatorIterator.next()
09:09:40.0 (157992634)|STATEMENT_EXECUTE|[113]
09:09:40.0 (158009519)|STATEMENT_EXECUTE|[114]
09:09:40.0 (158030269)|STATEMENT_EXECUTE|[120]
09:09:40.0 (158032205)|STATEMENT_EXECUTE|[121]
09:09:40.0 (158049731)|METHOD_ENTRY|[112]||Database.QueryLocatorIterator.hasNext()
09:09:40.0 (158062881)|METHOD_EXIT|[112]||Database.QueryLocatorIterator.hasNext()
09:09:40.0 (158067042)|METHOD_ENTRY|[112]||Database.QueryLocatorIterator.next()
09:09:40.0 (158096217)|METHOD_EXIT|[112]||Database.QueryLocatorIterator.next()
09:09:40.0 (158100132)|STATEMENT_EXECUTE|[113]
09:09:40.0 (158111227)|STATEMENT_EXECUTE|[114]
09:09:40.0 (158126705)|STATEMENT_EXECUTE|[120]
09:09:40.0 (158128571)|STATEMENT_EXECUTE|[121]
09:09:40.0 (158144994)|METHOD_ENTRY|[112]||Database.QueryLocatorIterator.hasNext()
09:09:40.0 (158156620)|METHOD_EXIT|[112]||Database.QueryLocatorIterator.hasNext()
09:09:40.0 (158160807)|METHOD_ENTRY|[112]||Database.QueryLocatorIterator.next()
09:09:40.0 (158189316)|METHOD_EXIT|[112]||Database.QueryLocatorIterator.next()
09:09:40.0 (158193559)|STATEMENT_EXECUTE|[113]
09:09:40.0 (158215425)|STATEMENT_EXECUTE|[114]
09:09:40.0 (158231636)|STATEMENT_EXECUTE|[120]
09:09:40.0 (158233554)|STATEMENT_EXECUTE|[121]
09:09:40.0 (158250408)|METHOD_ENTRY|[112]||Database.QueryLocatorIterator.hasNext()
09:09:40.0 (158262952)|METHOD_EXIT|[112]||Database.QueryLocatorIterator.hasNext()
09:09:40.0 (158267263)|METHOD_ENTRY|[112]||Database.QueryLocatorIterator.next()
09:09:40.0 (158314004)|METHOD_EXIT|[112]||Database.QueryLocatorIterator.next()
09:09:40.0 (158318935)|STATEMENT_EXECUTE|[113]
09:09:40.0 (158329227)|STATEMENT_EXECUTE|[115]
09:09:40.0 (158331089)|STATEMENT_EXECUTE|[116]
09:09:40.0 (158342226)|HEAP_ALLOCATE|[116]|Bytes:4
09:09:40.0 (158368060)|STATEMENT_EXECUTE|[120]
09:09:40.0 (158369952)|STATEMENT_EXECUTE|[121]
09:09:40.0 (158385937)|METHOD_ENTRY|[112]||Database.QueryLocatorIterator.hasNext()
09:09:40.0 (158398302)|METHOD_EXIT|[112]||Database.QueryLocatorIterator.hasNext()
09:09:40.0 (158402495)|METHOD_ENTRY|[112]||Database.QueryLocatorIterator.next()
09:09:40.0 (158431019)|METHOD_EXIT|[112]||Database.QueryLocatorIterator.next()
09:09:40.0 (158434834)|STATEMENT_EXECUTE|[113]
09:09:40.0 (158444442)|STATEMENT_EXECUTE|[114]
09:09:40.0 (158459105)|STATEMENT_EXECUTE|[120]
09:09:40.0 (158460979)|STATEMENT_EXECUTE|[121]
09:09:40.0 (158476877)|METHOD_ENTRY|[112]||Database.QueryLocatorIterator.hasNext()
09:09:40.0 (158488385)|METHOD_EXIT|[112]||Database.QueryLocatorIterator.hasNext()
09:09:40.0 (158492594)|METHOD_ENTRY|[112]||Database.QueryLocatorIterator.next()
09:09:40.0 (158520564)|METHOD_EXIT|[112]||Database.QueryLocatorIterator.next()
09:09:40.0 (158524339)|STATEMENT_EXECUTE|[113]
09:09:40.0 (158534337)|STATEMENT_EXECUTE|[114]
09:09:40.0 (158549454)|STATEMENT_EXECUTE|[120]
09:09:40.0 (158551318)|STATEMENT_EXECUTE|[121]
09:09:40.0 (158566928)|METHOD_ENTRY|[112]||Database.QueryLocatorIterator.hasNext()
09:09:40.0 (158578632)|METHOD_EXIT|[112]||Database.QueryLocatorIterator.hasNext()
09:09:40.0 (158582915)|METHOD_ENTRY|[112]||Database.QueryLocatorIterator.next()
09:09:40.0 (158610173)|METHOD_EXIT|[112]||Database.QueryLocatorIterator.next()
09:09:40.0 (158613954)|STATEMENT_EXECUTE|[113]
09:09:40.0 (158623779)|STATEMENT_EXECUTE|[114]
09:09:40.0 (158639036)|STATEMENT_EXECUTE|[120]
09:09:40.0 (158640893)|STATEMENT_EXECUTE|[121]
09:09:40.0 (158656765)|METHOD_ENTRY|[112]||Database.QueryLocatorIterator.hasNext()
09:09:40.0 (158668591)|METHOD_EXIT|[112]||Database.QueryLocatorIterator.hasNext()
09:09:40.0 (158672570)|METHOD_ENTRY|[112]||Database.QueryLocatorIterator.next()
09:09:40.0 (158700101)|METHOD_EXIT|[112]||Database.QueryLocatorIterator.next()
09:09:40.0 (158703915)|STATEMENT_EXECUTE|[113]
09:09:40.0 (158714000)|STATEMENT_EXECUTE|[115]
09:09:40.0 (158715871)|STATEMENT_EXECUTE|[116]
09:09:40.0 (158723622)|HEAP_ALLOCATE|[116]|Bytes:4
09:09:40.0 (158747148)|STATEMENT_EXECUTE|[120]
09:09:40.0 (158749026)|STATEMENT_EXECUTE|[121]
09:09:40.0 (158764746)|METHOD_ENTRY|[112]||Database.QueryLocatorIterator.hasNext()
09:09:40.0 (158776739)|METHOD_EXIT|[112]||Database.QueryLocatorIterator.hasNext()
09:09:40.0 (158780863)|METHOD_ENTRY|[112]||Database.QueryLocatorIterator.next()
09:09:40.0 (158814709)|METHOD_EXIT|[112]||Database.QueryLocatorIterator.next()
09:09:40.0 (158820453)|STATEMENT_EXECUTE|[113]
09:09:40.0 (158834419)|STATEMENT_EXECUTE|[114]
09:09:40.0 (158855154)|STATEMENT_EXECUTE|[120]
09:09:40.0 (158857580)|STATEMENT_EXECUTE|[121]
09:09:40.0 (158878982)|METHOD_ENTRY|[112]||Database.QueryLocatorIterator.hasNext()
09:09:40.0 (158896142)|METHOD_EXIT|[112]||Database.QueryLocatorIterator.hasNext()
09:09:40.0 (158902286)|METHOD_ENTRY|[112]||Database.QueryLocatorIterator.next()
09:09:40.0 (158946014)|METHOD_EXIT|[112]||Database.QueryLocatorIterator.next()
09:09:40.0 (158951867)|STATEMENT_EXECUTE|[113]
09:09:40.0 (158966626)|STATEMENT_EXECUTE|[114]
09:09:40.0 (158988461)|STATEMENT_EXECUTE|[120]
09:09:40.0 (158990991)|STATEMENT_EXECUTE|[121]
09:09:40.0 (159036502)|METHOD_ENTRY|[112]||Database.QueryLocatorIterator.hasNext()
09:09:40.0 (159058590)|METHOD_EXIT|[112]||Database.QueryLocatorIterator.hasNext()
09:09:40.0 (159065969)|METHOD_ENTRY|[112]||Database.QueryLocatorIterator.next()
09:09:40.0 (159102949)|METHOD_EXIT|[112]||Database.QueryLocatorIterator.next()
09:09:40.0 (159107295)|STATEMENT_EXECUTE|[113]
09:09:40.0 (159120477)|STATEMENT_EXECUTE|[114]
09:09:40.0 (159136714)|STATEMENT_EXECUTE|[120]
09:09:40.0 (159138660)|STATEMENT_EXECUTE|[121]
09:09:40.0 (159155600)|METHOD_ENTRY|[112]||Database.QueryLocatorIterator.hasNext()
09:09:40.0 (159167617)|METHOD_EXIT|[112]||Database.QueryLocatorIterator.hasNext()
09:09:40.0 (159171830)|METHOD_ENTRY|[112]||Database.QueryLocatorIterator.next()
09:09:40.0 (159199898)|METHOD_EXIT|[112]||Database.QueryLocatorIterator.next()
09:09:40.0 (159203834)|STATEMENT_EXECUTE|[113]
09:09:40.0 (159214086)|STATEMENT_EXECUTE|[114]
09:09:40.0 (159229403)|STATEMENT_EXECUTE|[120]
09:09:40.0 (159231359)|STATEMENT_EXECUTE|[121]
09:09:40.0 (159247246)|METHOD_ENTRY|[112]||Database.QueryLocatorIterator.hasNext()
09:09:40.0 (159258693)|METHOD_EXIT|[112]||Database.QueryLocatorIterator.hasNext()
09:09:40.0 (159262804)|METHOD_ENTRY|[112]||Database.QueryLocatorIterator.next()
09:09:40.0 (159304164)|METHOD_EXIT|[112]||Database.QueryLocatorIterator.next()
09:09:40.0 (159310808)|STATEMENT_EXECUTE|[113]
09:09:40.0 (159325494)|STATEMENT_EXECUTE|[115]
09:09:40.0 (159327816)|STATEMENT_EXECUTE|[116]
09:09:40.0 (159341910)|HEAP_ALLOCATE|[116]|Bytes:4
09:09:40.0 (159377510)|STATEMENT_EXECUTE|[120]
09:09:40.0 (159380083)|STATEMENT_EXECUTE|[121]
09:09:40.0 (159404557)|METHOD_ENTRY|[112]||Database.QueryLocatorIterator.hasNext()
09:09:40.0 (159424350)|METHOD_EXIT|[112]||Database.QueryLocatorIterator.hasNext()
09:09:40.0 (159431167)|METHOD_ENTRY|[112]||Database.QueryLocatorIterator.next()
09:09:40.0 (159479327)|METHOD_EXIT|[112]||Database.QueryLocatorIterator.next()
09:09:40.0 (159486560)|STATEMENT_EXECUTE|[113]
09:09:40.0 (159503910)|STATEMENT_EXECUTE|[114]
09:09:40.0 (159525679)|STATEMENT_EXECUTE|[120]
09:09:40.0 (159528199)|STATEMENT_EXECUTE|[121]
09:09:40.0 (159552457)|METHOD_ENTRY|[112]||Database.QueryLocatorIterator.hasNext()
09:09:40.0 (159571214)|METHOD_EXIT|[112]||Database.QueryLocatorIterator.hasNext()
09:09:40.0 (159577804)|METHOD_ENTRY|[112]||Database.QueryLocatorIterator.next()
09:09:40.0 (159622943)|METHOD_EXIT|[112]||Database.QueryLocatorIterator.next()
09:09:40.0 (159629476)|STATEMENT_EXECUTE|[113]
09:09:40.0 (159644627)|STATEMENT_EXECUTE|[114]
09:09:40.0 (159666309)|STATEMENT_EXECUTE|[120]
09:09:40.0 (159668812)|STATEMENT_EXECUTE|[121]
09:09:40.0 (159690852)|METHOD_ENTRY|[112]||Database.QueryLocatorIterator.hasNext()
09:09:40.0 (159710248)|METHOD_EXIT|[112]||Database.QueryLocatorIterator.hasNext()
09:09:40.0 (159723008)|METHOD_ENTRY|[112]||Database.QueryLocatorIterator.next()
09:09:40.0 (159768189)|METHOD_EXIT|[112]||Database.QueryLocatorIterator.next()
09:09:40.0 (159775048)|STATEMENT_EXECUTE|[113]
09:09:40.0 (159791919)|STATEMENT_EXECUTE|[114]
09:09:40.0 (159813758)|STATEMENT_EXECUTE|[120]
09:09:40.0 (159816407)|STATEMENT_EXECUTE|[121]
09:09:40.0 (159839814)|METHOD_ENTRY|[112]||Database.QueryLocatorIterator.hasNext()
09:09:40.0 (159859457)|METHOD_EXIT|[112]||Database.QueryLocatorIterator.hasNext()
09:09:40.0 (159866080)|METHOD_ENTRY|[112]||Database.QueryLocatorIterator.next()
09:09:40.0 (159918842)|METHOD_EXIT|[112]||Database.QueryLocatorIterator.next()
09:09:40.0 (159948319)|STATEMENT_EXECUTE|[113]
09:09:40.0 (159963121)|STATEMENT_EXECUTE|[114]
09:09:40.0 (159979154)|STATEMENT_EXECUTE|[120]
09:09:40.0 (159980975)|STATEMENT_EXECUTE|[121]
09:09:40.0 (159997586)|METHOD_ENTRY|[112]||Database.QueryLocatorIterator.hasNext()
09:09:40.0 (160010790)|METHOD_EXIT|[112]||Database.QueryLocatorIterator.hasNext()
09:09:40.0 (160016415)|METHOD_ENTRY|[112]||Database.QueryLocatorIterator.next()
09:09:40.0 (160065956)|METHOD_EXIT|[112]||Database.QueryLocatorIterator.next()
09:09:40.0 (160070336)|STATEMENT_EXECUTE|[113]
09:09:40.0 (160081095)|STATEMENT_EXECUTE|[115]
09:09:40.0 (160082984)|STATEMENT_EXECUTE|[116]
09:09:40.0 (160095085)|HEAP_ALLOCATE|[116]|Bytes:4
09:09:40.0 (160132058)|STATEMENT_EXECUTE|[120]
09:09:40.0 (160134047)|STATEMENT_EXECUTE|[121]
09:09:40.0 (160151245)|METHOD_ENTRY|[112]||Database.QueryLocatorIterator.hasNext()
09:09:40.0 (160164354)|METHOD_EXIT|[112]||Database.QueryLocatorIterator.hasNext()
09:09:40.0 (160168499)|METHOD_ENTRY|[112]||Database.QueryLocatorIterator.next()
09:09:40.0 (160198419)|METHOD_EXIT|[112]||Database.QueryLocatorIterator.next()
09:09:40.0 (160202631)|STATEMENT_EXECUTE|[113]
09:09:40.0 (160212609)|STATEMENT_EXECUTE|[114]
09:09:40.0 (160227935)|STATEMENT_EXECUTE|[120]
09:09:40.0 (160230177)|STATEMENT_EXECUTE|[121]
09:09:40.0 (160251867)|METHOD_ENTRY|[112]||Database.QueryLocatorIterator.hasNext()
09:09:40.0 (160268430)|METHOD_EXIT|[112]||Database.QueryLocatorIterator.hasNext()
09:09:40.0 (160275229)|METHOD_ENTRY|[112]||Database.QueryLocatorIterator.next()
09:09:40.0 (160325343)|METHOD_EXIT|[112]||Database.QueryLocatorIterator.next()
09:09:40.0 (160332049)|STATEMENT_EXECUTE|[113]
09:09:40.0 (160347910)|STATEMENT_EXECUTE|[114]
09:09:40.0 (160368823)|STATEMENT_EXECUTE|[120]
09:09:40.0 (160371168)|STATEMENT_EXECUTE|[121]
09:09:40.0 (160391216)|METHOD_ENTRY|[112]||Database.QueryLocatorIterator.hasNext()
09:09:40.0 (160404987)|METHOD_EXIT|[112]||Database.QueryLocatorIterator.hasNext()
09:09:40.0 (160409331)|METHOD_ENTRY|[112]||Database.QueryLocatorIterator.next()
09:09:40.0 (160438904)|METHOD_EXIT|[112]||Database.QueryLocatorIterator.next()
09:09:40.0 (160442939)|STATEMENT_EXECUTE|[113]
09:09:40.0 (160452836)|STATEMENT_EXECUTE|[114]
09:09:40.0 (160468155)|STATEMENT_EXECUTE|[120]
09:09:40.0 (160469994)|STATEMENT_EXECUTE|[121]
09:09:40.0 (160485546)|METHOD_ENTRY|[112]||Database.QueryLocatorIterator.hasNext()
09:09:40.0 (160497395)|METHOD_EXIT|[112]||Database.QueryLocatorIterator.hasNext()
09:09:40.0 (160501605)|METHOD_ENTRY|[112]||Database.QueryLocatorIterator.next()
09:09:40.0 (160536638)|METHOD_EXIT|[112]||Database.QueryLocatorIterator.next()
09:09:40.0 (160567692)|STATEMENT_EXECUTE|[113]
09:09:40.0 (160584691)|STATEMENT_EXECUTE|[114]
09:09:40.0 (160604923)|STATEMENT_EXECUTE|[120]
09:09:40.0 (160607462)|STATEMENT_EXECUTE|[121]
09:09:40.0 (160629132)|METHOD_ENTRY|[112]||Database.QueryLocatorIterator.hasNext()
09:09:40.0 (160649233)|METHOD_EXIT|[112]||Database.QueryLocatorIterator.hasNext()
09:09:40.0 (160655913)|METHOD_ENTRY|[112]||Database.QueryLocatorIterator.next()
09:09:40.0 (160699672)|METHOD_EXIT|[112]||Database.QueryLocatorIterator.next()
09:09:40.0 (160705733)|STATEMENT_EXECUTE|[113]
09:09:40.0 (160721286)|STATEMENT_EXECUTE|[114]
09:09:40.0 (160743027)|STATEMENT_EXECUTE|[120]
09:09:40.0 (160745343)|STATEMENT_EXECUTE|[121]
09:09:40.0 (160764251)|METHOD_ENTRY|[112]||Database.QueryLocatorIterator.hasNext()
09:09:40.0 (160794352)|METHOD_EXIT|[112]||Database.QueryLocatorIterator.hasNext()
09:09:40.0 (160798883)|METHOD_ENTRY|[112]||Database.QueryLocatorIterator.next()
09:09:40.0 (160829639)|METHOD_EXIT|[112]||Database.QueryLocatorIterator.next()
09:09:40.0 (160833683)|STATEMENT_EXECUTE|[113]
09:09:40.0 (160845061)|STATEMENT_EXECUTE|[114]
09:09:40.0 (160864543)|STATEMENT_EXECUTE|[120]
09:09:40.0 (160866989)|STATEMENT_EXECUTE|[121]
09:09:40.0 (160889743)|METHOD_ENTRY|[112]||Database.QueryLocatorIterator.hasNext()
09:09:40.0 (160906930)|METHOD_EXIT|[112]||Database.QueryLocatorIterator.hasNext()
09:09:40.0 (160913219)|METHOD_ENTRY|[112]||Database.QueryLocatorIterator.next()
09:09:40.0 (160954002)|METHOD_EXIT|[112]||Database.QueryLocatorIterator.next()
09:09:40.0 (160960221)|STATEMENT_EXECUTE|[113]
09:09:40.0 (160976017)|STATEMENT_EXECUTE|[114]
09:09:40.0 (160997459)|STATEMENT_EXECUTE|[120]
09:09:40.0 (160999918)|STATEMENT_EXECUTE|[121]
09:09:40.0 (161023233)|METHOD_ENTRY|[112]||Database.QueryLocatorIterator.hasNext()
09:09:40.0 (161043440)|METHOD_EXIT|[112]||Database.QueryLocatorIterator.hasNext()
09:09:40.0 (161050087)|METHOD_ENTRY|[112]||Database.QueryLocatorIterator.next()
09:09:40.0 (161092884)|METHOD_EXIT|[112]||Database.QueryLocatorIterator.next()
09:09:40.0 (161099287)|STATEMENT_EXECUTE|[113]
09:09:40.0 (161115701)|STATEMENT_EXECUTE|[114]
09:09:40.0 (161136594)|STATEMENT_EXECUTE|[120]
09:09:40.0 (161139106)|STATEMENT_EXECUTE|[121]
09:09:40.0 (161161992)|METHOD_ENTRY|[112]||Database.QueryLocatorIterator.hasNext()
09:09:40.0 (161179179)|METHOD_EXIT|[112]||Database.QueryLocatorIterator.hasNext()
09:09:40.0 (161186396)|METHOD_ENTRY|[112]||Database.QueryLocatorIterator.next()
09:09:40.0 (161234078)|METHOD_EXIT|[112]||Database.QueryLocatorIterator.next()
09:09:40.0 (161240480)|STATEMENT_EXECUTE|[113]
09:09:40.0 (161256031)|STATEMENT_EXECUTE|[114]
09:09:40.0 (161278091)|STATEMENT_EXECUTE|[120]
09:09:40.0 (161280790)|STATEMENT_EXECUTE|[121]
09:09:40.0 (161310651)|METHOD_ENTRY|[112]||Database.QueryLocatorIterator.hasNext()
09:09:40.0 (161323460)|METHOD_EXIT|[112]||Database.QueryLocatorIterator.hasNext()
09:09:40.0 (161348959)|STATEMENT_EXECUTE|[126]
09:09:40.0 (161364645)|HEAP_ALLOCATE|[151]|Bytes:7
09:09:40.0 (161386995)|HEAP_ALLOCATE|[151]|Bytes:17
09:09:40.0 (161469258)|HEAP_ALLOCATE|[152]|Bytes:5
09:09:40.0 (161495915)|STATEMENT_EXECUTE|[153]
09:09:40.0 (161498776)|STATEMENT_EXECUTE|[154]
09:09:40.0 (161547969)|STATEMENT_EXECUTE|[159]
09:09:40.0 (161552101)|HEAP_ALLOCATE|[159]|Bytes:39
09:09:40.0 (161564328)|HEAP_ALLOCATE|[159]|Bytes:3
09:09:40.0 (161627946)|HEAP_ALLOCATE|[159]|Bytes:58
09:09:40.0 (161668086)|USER_DEBUG|[159]|DEBUG|contratoAnterior.Status - contrato --> Borrador - Activado
09:09:40.0 (161739954)|STATEMENT_EXECUTE|[164]
09:09:40.0 (161742949)|STATEMENT_EXECUTE|[165]
09:09:40.0 (161747156)|HEAP_ALLOCATE|[165]|Bytes:11
09:09:40.0 (161799230)|HEAP_ALLOCATE|[165]|Bytes:18
09:09:40.0 (161817222)|HEAP_ALLOCATE|[165]|Bytes:29
09:09:40.0 (161829633)|USER_DEBUG|[165]|DEBUG|Contrato-> 8003L0000003ksrQAA
09:09:40.0 (161840095)|STATEMENT_EXECUTE|[166]
09:09:40.0 (161921742)|STATEMENT_EXECUTE|[168]
09:09:40.0 (162130640)|STATEMENT_EXECUTE|[171]
09:09:40.0 (162136978)|STATEMENT_EXECUTE|[182]
09:09:40.0 (162184075)|STATEMENT_EXECUTE|[183]
09:09:40.0 (162242409)|HEAP_ALLOCATE|[152]|Bytes:5
09:09:40.0 (162261326)|STATEMENT_EXECUTE|[187]
09:09:40.0 (162276684)|HEAP_ALLOCATE|[187]|Bytes:4
09:09:40.0 (162336917)|STATEMENT_EXECUTE|[190]
09:09:40.0 (162339657)|STATEMENT_EXECUTE|[191]
09:09:40.0 (162962616)|HEAP_ALLOCATE|[191]|Bytes:152
09:09:40.0 (162974946)|HEAP_ALLOCATE|[191]|Bytes:50
09:09:40.0 (162979145)|HEAP_ALLOCATE|[191]|Bytes:19
09:09:40.0 (163142199)|METHOD_ENTRY|[1]|01p57000001HcKs|AccountUtil.AccountUtil()
09:09:40.0 (163151021)|STATEMENT_EXECUTE|[1]
09:09:40.0 (163155716)|STATEMENT_EXECUTE|[1]
09:09:40.0 (163168473)|HEAP_ALLOCATE|[44]|Bytes:5
09:09:40.0 (163173702)|STATEMENT_EXECUTE|[44]
09:09:40.0 (163180510)|HEAP_ALLOCATE|[44]|Bytes:5
09:09:40.0 (163192450)|METHOD_EXIT|[1]|AccountUtil
09:09:40.0 (163198668)|HEAP_ALLOCATE|[191]|Bytes:5
09:09:40.0 (163202748)|STATEMENT_EXECUTE|[192]
09:09:40.0 (163247348)|HEAP_ALLOCATE|[EXTERNAL]|Bytes:8
09:09:40.0 (163262964)|HEAP_ALLOCATE|[192]|Bytes:113
09:09:40.0 (163351440)|DML_BEGIN|[192]|Op:Update|Type:Account|Rows:1
09:09:40.0 (163424223)|HEAP_ALLOCATE|[EXTERNAL]|Bytes:8
09:09:40.0 (188098120)|CODE_UNIT_STARTED|[EXTERNAL]|01q57000000g1Lp|AccountTrigger on Account trigger event BeforeUpdate|__sfdc_trigger/AccountTrigger
09:09:40.0 (188166631)|HEAP_ALLOCATE|[EXTERNAL]|Bytes:8
09:09:40.0 (188223988)|HEAP_ALLOCATE|[EXTERNAL]|Bytes:8
09:09:40.0 (188343274)|HEAP_ALLOCATE|[EXTERNAL]|Bytes:1
09:09:40.0 (188360715)|HEAP_ALLOCATE|[EXTERNAL]|Bytes:4
09:09:40.0 (188411238)|HEAP_ALLOCATE|[EXTERNAL]|Bytes:4
09:09:40.0 (188420209)|STATEMENT_EXECUTE|[1]
09:09:40.0 (188423309)|STATEMENT_EXECUTE|[3]
09:09:40.0 (188430112)|HEAP_ALLOCATE|[3]|Bytes:25
09:09:40.0 (188482970)|USER_DEBUG|[3]|DEBUG|**** Account Trigger ****
09:09:40.0 (188499254)|STATEMENT_EXECUTE|[4]
09:09:40.0 (188562818)|METHOD_ENTRY|[4]|01p57000001HcLT|TriggerFactory.createHandler(Schema.SObjectType)
09:09:40.0 (188606966)|STATEMENT_EXECUTE|[19]
09:09:40.0 (188609521)|STATEMENT_EXECUTE|[20]
09:09:40.0 (188634014)|HEAP_ALLOCATE|[83]|Bytes:5
09:09:40.0 (188639719)|STATEMENT_EXECUTE|[81]
09:09:40.0 (188645000)|STATEMENT_EXECUTE|[83]
09:09:40.0 (188647205)|STATEMENT_EXECUTE|[97]
09:09:40.0 (188658740)|STATEMENT_EXECUTE|[21]
09:09:40.0 (188689573)|HEAP_ALLOCATE|[21]|Bytes:7
09:09:40.0 (188700465)|STATEMENT_EXECUTE|[24]
09:09:40.0 (188720419)|STATEMENT_EXECUTE|[27]
09:09:40.0 (188727835)|METHOD_ENTRY|[27]|01p57000001HcLT|TriggerFactory.getHandler(Configuration_Switch__mdt, String)
09:09:40.0 (188734493)|STATEMENT_EXECUTE|[104]
09:09:40.0 (188736969)|STATEMENT_EXECUTE|[106]
09:09:40.0 (188738876)|STATEMENT_EXECUTE|[107]
09:09:40.0 (188741321)|STATEMENT_EXECUTE|[108]
09:09:40.0 (188755603)|STATEMENT_EXECUTE|[111]
09:09:40.0 (188757424)|STATEMENT_EXECUTE|[112]
09:09:40.0 (188767880)|METHOD_ENTRY|[112]||System.Type.forName(String)
09:09:40.0 (189587017)|METHOD_EXIT|[112]||System.Type.forName(String)
09:09:40.0 (189604569)|STATEMENT_EXECUTE|[114]
09:09:40.0 (189608394)|STATEMENT_EXECUTE|[119]
09:09:40.0 (189617008)|METHOD_ENTRY|[119]||System.Type.newInstance()
09:09:40.0 (189707869)|METHOD_ENTRY|[5]|01p57000001HcKr|AccountHandler.AccountHandler()
09:09:40.0 (189713775)|STATEMENT_EXECUTE|[5]
09:09:40.0 (189717338)|STATEMENT_EXECUTE|[5]
09:09:40.0 (189723932)|METHOD_EXIT|[5]|AccountHandler
09:09:40.0 (189731336)|HEAP_ALLOCATE|[42]|Bytes:4
09:09:40.0 (189748204)|STATEMENT_EXECUTE|[5]
09:09:40.0 (189759219)|STATEMENT_EXECUTE|[7]
09:09:40.0 (189781598)|METHOD_EXIT|[119]||System.Type.newInstance()
09:09:40.0 (190336038)|STATEMENT_EXECUTE|[122]
09:09:40.0 (190340332)|STATEMENT_EXECUTE|[123]
09:09:40.0 (190356822)|METHOD_EXIT|[27]|01p57000001HcLT|TriggerFactory.getHandler(Configuration_Switch__mdt, String)
09:09:40.0 (190369389)|STATEMENT_EXECUTE|[31]
09:09:40.0 (190371443)|STATEMENT_EXECUTE|[33]
09:09:40.0 (190378668)|METHOD_ENTRY|[33]|01p57000001HcLT|TriggerFactory.execute(ITrigger)
09:09:40.0 (190386275)|STATEMENT_EXECUTE|[46]
09:09:40.0 (190392763)|STATEMENT_EXECUTE|[49]
09:09:40.0 (190394635)|STATEMENT_EXECUTE|[51]
09:09:40.0 (190490479)|METHOD_ENTRY|[51]|01p57000001HcKr|AccountHandler.bulkBefore(List<SObject>, Map<Id,SObject>)
09:09:40.0 (190498941)|STATEMENT_EXECUTE|[10]
09:09:40.0 (190503226)|METHOD_EXIT|[51]|01p57000001HcKr|AccountHandler.bulkBefore(List<SObject>, Map<Id,SObject>)
09:09:40.0 (190513485)|STATEMENT_EXECUTE|[60]
09:09:40.0 (190515497)|STATEMENT_EXECUTE|[61]
09:09:40.0 (190537490)|METHOD_ENTRY|[61]|01p57000001HcKr|AccountHandler.beforeUpdate(List<SObject>, Map<Id,SObject>)
09:09:40.0 (190543441)|STATEMENT_EXECUTE|[36]
09:09:40.0 (190545395)|STATEMENT_EXECUTE|[37]
09:09:40.0 (190575021)|METHOD_ENTRY|[37]|01p57000001HcKs|AccountUtil.actualizarUsuarioWebClientes(List<Account>)
09:09:40.0 (190606433)|HEAP_ALLOCATE|[142]|Bytes:5
09:09:40.0 (190612213)|STATEMENT_EXECUTE|[141]
09:09:40.0 (190660751)|HEAP_ALLOCATE|[142]|Bytes:5
09:09:40.0 (190680895)|HEAP_ALLOCATE|[142]|Bytes:4
09:09:40.0 (190689919)|STATEMENT_EXECUTE|[143]
09:09:40.0 (190791890)|STATEMENT_EXECUTE|[144]
09:09:40.0 (190800405)|HEAP_ALLOCATE|[142]|Bytes:5
09:09:40.0 (190816405)|METHOD_EXIT|[37]|01p57000001HcKs|AccountUtil.actualizarUsuarioWebClientes(List<Account>)
09:09:40.0 (190821466)|STATEMENT_EXECUTE|[38]
09:09:40.0 (190852416)|METHOD_ENTRY|[38]|01p57000001HcKs|AccountUtil.procesarCuentasTriggerParaValidarIBAN(List<Account>, Map<Id,Account>)
09:09:40.0 (190867386)|HEAP_ALLOCATE|[462]|Bytes:5
09:09:40.0 (190871623)|STATEMENT_EXECUTE|[461]
09:09:40.0 (190894473)|HEAP_ALLOCATE|[462]|Bytes:5
09:09:40.0 (190905604)|HEAP_ALLOCATE|[462]|Bytes:4
09:09:40.0 (190910882)|STATEMENT_EXECUTE|[463]
09:09:40.0 (190912831)|STATEMENT_EXECUTE|[464]
09:09:40.0 (190917083)|STATEMENT_EXECUTE|[467]
09:09:40.0 (190918871)|STATEMENT_EXECUTE|[468]
09:09:40.0 (191062129)|STATEMENT_EXECUTE|[469]
09:09:40.0 (191065837)|STATEMENT_EXECUTE|[475]
09:09:40.0 (191069034)|HEAP_ALLOCATE|[475]|Bytes:33
09:09:40.0 (191084735)|HEAP_ALLOCATE|[475]|Bytes:37
09:09:40.0 (191110634)|USER_DEBUG|[475]|DEBUG|$$ - procesarCuentavalidarIBAN : null
09:09:40.0 (191119003)|STATEMENT_EXECUTE|[476]
09:09:40.0 (191123707)|HEAP_ALLOCATE|[476]|Bytes:45
09:09:40.0 (191129522)|HEAP_ALLOCATE|[476]|Bytes:45
09:09:40.0 (191139681)|USER_DEBUG|[476]|DEBUG|$$ - procesarCuentavalidarIBAN from oldMap : 
09:09:40.0 (191147084)|STATEMENT_EXECUTE|[478]
09:09:40.0 (191158771)|METHOD_ENTRY|[478]|01p57000001HcKs|AccountUtil.validarIBAN(Account, String)
09:09:40.0 (191175931)|HEAP_ALLOCATE|[307]|Bytes:5
09:09:40.0 (191180737)|STATEMENT_EXECUTE|[306]
09:09:40.0 (191182713)|STATEMENT_EXECUTE|[307]
09:09:40.0 (191185078)|HEAP_ALLOCATE|[307]|Bytes:31
09:09:40.0 (191196600)|HEAP_ALLOCATE|[307]|Bytes:35
09:09:40.0 (191208496)|USER_DEBUG|[307]|DEBUG|$$ - validarIBAN accountIBAN : null
09:09:40.0 (191243657)|STATEMENT_EXECUTE|[308]
09:09:40.0 (191250407)|METHOD_EXIT|[478]|01p57000001HcKs|AccountUtil.validarIBAN(Account, String)
09:09:40.0 (191262985)|HEAP_ALLOCATE|[462]|Bytes:5
09:09:40.0 (191273868)|METHOD_EXIT|[38]|01p57000001HcKs|AccountUtil.procesarCuentasTriggerParaValidarIBAN(List<Account>, Map<Id,Account>)
09:09:40.0 (191278683)|STATEMENT_EXECUTE|[40]
09:09:40.0 (191301081)|METHOD_ENTRY|[40]|01p57000001HcKs|AccountUtil.definirOrigenDeModificacion(List<Account>, Map<Id,Account>)
09:09:40.0 (191314718)|HEAP_ALLOCATE|[514]|Bytes:5
09:09:40.0 (191318805)|STATEMENT_EXECUTE|[512]
09:09:40.0 (191320771)|STATEMENT_EXECUTE|[514]
09:09:40.0 (191323592)|HEAP_ALLOCATE|[514]|Bytes:25
09:09:40.0 (191334880)|HEAP_ALLOCATE|[514]|Bytes:4
09:09:40.0 (191391334)|HEAP_ALLOCATE|[514]|Bytes:4
09:09:40.0 (191403092)|HEAP_ALLOCATE|[514]|Bytes:29
09:09:40.0 (191412687)|USER_DEBUG|[514]|DEBUG|en el trigger de definir true
09:09:40.0 (191435358)|STATEMENT_EXECUTE|[516]
09:09:40.0 (191437431)|STATEMENT_EXECUTE|[518]
09:09:40.0 (191448568)|STATEMENT_EXECUTE|[520]
09:09:40.0 (191469072)|HEAP_ALLOCATE|[535]|Bytes:5
09:09:40.0 (191479939)|HEAP_ALLOCATE|[535]|Bytes:4
09:09:40.0 (191485198)|STATEMENT_EXECUTE|[536]
09:09:40.0 (191487040)|STATEMENT_EXECUTE|[538]
09:09:40.0 (191500397)|USER_DEBUG|[538]|DEBUG|true
09:09:40.0 (191545753)|STATEMENT_EXECUTE|[555]
09:09:40.0 (191547784)|STATEMENT_EXECUTE|[556]
09:09:40.0 (191648835)|HEAP_ALLOCATE|[535]|Bytes:5
09:09:40.0 (191664057)|METHOD_EXIT|[40]|01p57000001HcKs|AccountUtil.definirOrigenDeModificacion(List<Account>, Map<Id,Account>)
09:09:40.0 (191672773)|METHOD_EXIT|[61]|01p57000001HcKr|AccountHandler.beforeUpdate(List<SObject>, Map<Id,SObject>)
09:09:40.0 (191678738)|STATEMENT_EXECUTE|[92]
09:09:40.0 (191689806)|METHOD_ENTRY|[92]|01p57000001HcKr|AccountHandler.andFinally()
09:09:40.0 (191696443)|STATEMENT_EXECUTE|[65]
09:09:40.0 (191698475)|STATEMENT_EXECUTE|[66]
09:09:40.0 (191705892)|METHOD_ENTRY|[66]|01p57000001HcKs|AccountUtil.insertUpdateDeleteRecords()
09:09:40.0 (191719694)|HEAP_ALLOCATE|[290]|Bytes:5
09:09:40.0 (191723785)|STATEMENT_EXECUTE|[288]
09:09:40.0 (191742929)|HEAP_ALLOCATE|[33]|Bytes:5
09:09:40.0 (191746573)|STATEMENT_EXECUTE|[32]
09:09:40.0 (191749979)|STATEMENT_EXECUTE|[34]
09:09:40.0 (191751946)|STATEMENT_EXECUTE|[35]
09:09:40.0 (191767030)|HEAP_ALLOCATE|[35]|Bytes:4
09:09:40.0 (191789827)|STATEMENT_EXECUTE|[37]
09:09:40.0 (191809103)|STATEMENT_EXECUTE|[290]
09:09:40.0 (191811080)|STATEMENT_EXECUTE|[295]
09:09:40.0 (191821655)|HEAP_ALLOCATE|[33]|Bytes:5
09:09:40.0 (191825167)|STATEMENT_EXECUTE|[32]
09:09:40.0 (191827592)|STATEMENT_EXECUTE|[33]
09:09:40.0 (191829463)|STATEMENT_EXECUTE|[37]
09:09:40.0 (191843415)|METHOD_EXIT|[66]|01p57000001HcKs|AccountUtil.insertUpdateDeleteRecords()
09:09:40.0 (191849003)|METHOD_EXIT|[92]|01p57000001HcKr|AccountHandler.andFinally()
09:09:40.0 (191855340)|METHOD_EXIT|[33]|01p57000001HcLT|TriggerFactory.execute(ITrigger)
09:09:40.0 (191863809)|METHOD_EXIT|[4]|01p57000001HcLT|TriggerFactory.createHandler(Schema.SObjectType)
09:09:40.191 (191874741)|CUMULATIVE_LIMIT_USAGE
09:09:40.191 (191874741)|LIMIT_USAGE_FOR_NS|(default)|
  Number of SOQL queries: 2 out of 100
  Number of query rows: 47 out of 50000
  Number of SOSL queries: 0 out of 20
  Number of DML statements: 1 out of 150
  Number of Publish Immediate DML: 0 out of 150
  Number of DML rows: 1 out of 10000
  Maximum CPU time: 0 out of 10000
  Maximum heap size: 0 out of 6000000
  Number of callouts: 0 out of 100
  Number of Email Invocations: 0 out of 10
  Number of future calls: 0 out of 50
  Number of queueable jobs added to the queue: 0 out of 50
  Number of Mobile Apex push calls: 0 out of 10

09:09:40.191 (191874741)|CUMULATIVE_LIMIT_USAGE_END

09:09:40.0 (193128819)|CODE_UNIT_FINISHED|AccountTrigger on Account trigger event BeforeUpdate|__sfdc_trigger/AccountTrigger
09:09:40.0 (203245899)|CODE_UNIT_STARTED|[EXTERNAL]|Validation:Account:0013L00000LfR0w
09:09:40.0 (203269114)|VALIDATION_RULE|03d2p00000071kc|IBAN_validation
09:09:40.0 (203705291)|VALIDATION_FORMULA|MOD(
VALUE(
SUBSTITUTE((SUBSTITUTE((SUBSTITUTE((SUBSTITUTE((SUBSTITUTE((SUBSTITUTE((SUBSTITUTE((SUBSTITUTE((SUBSTITUTE((SUBSTITUTE((SUBSTITUTE((SUBSTITUTE((SUBSTITUTE((SUBSTITUTE((SUBSTITUTE((SUBSTITUTE((SUBSTITUTE((SUBSTITUTE((SUBSTITUTE((SUBSTITUTE((SUBSTITUTE((SUBSTITUTE((SUBSTITUTE((SUBSTITUTE((SUBSTITUTE((
SUBSTITUTE(
RPAD( MID( SUBSTITUTE( IBAN__c , " ", ""),5,LEN(SUBSTITUTE(IBAN__c , " ", "")) ) ,LEN(SUBSTITUTE(IBAN__c , " ", "")), MID(SUBSTITUTE(IBAN__c , " ", ""),1,4) ),"A","10"))
,"B","11")),"C","12")),"D","13")),"E","14")),"F","15")),"G","16")),"H","17")),"I","18")),"J","19")),"K","20")),"L","21")),"M","22")),"N","23")),"O","24")),"P","25")),"Q","26")),"R","27")),"S","28")),"T","29")),"U","30")),"V","31")),"W","32")),"X","33")),"Y","34")),"Z","35"))
,97)
<>1|IBAN__c=null
09:09:40.0 (203723264)|VALIDATION_PASS
09:09:40.0 (203725912)|VALIDATION_RULE|03d7S000000XZMX|Valida_telefono
09:09:40.0 (203841801)|VALIDATION_FORMULA|AND(NOT(REGEX(Phone, "[6-9]{1}\\d{8}")),NOT(ISBLANK(Phone)))|Phone=600600600
09:09:40.0 (203848408)|VALIDATION_PASS
09:09:40.0 (203850412)|VALIDATION_RULE|03d57000000MnFX|Si_welcome_pack_true_fecha_envio_obligat
09:09:40.0 (203943914)|VALIDATION_FORMULA|AND(
Enviado_welcome_pack__c ,
ISBLANK( Fecha_env_o_pack__c ))|Enviado_welcome_pack__c=0 , Fecha_env_o_pack__c=null
09:09:40.0 (203950057)|VALIDATION_PASS
09:09:40.0 (203960282)|CODE_UNIT_FINISHED|Validation:Account:0013L00000LfR0w
09:09:40.0 (204750808)|CODE_UNIT_STARTED|[EXTERNAL]|DuplicateDetector
09:09:40.0 (204771390)|DUPLICATE_DETECTION_BEGIN
09:09:40.0 (205470717)|DUPLICATE_DETECTION_RULE_INVOCATION|DuplicateRuleId:0Bm570000008OS5|DuplicateRuleName:Regla duplicada Cuentas SF|DmlType:UPDATE
09:09:40.0 (232587685)|DUPLICATE_RULE_FILTER|[Account : Is Person Account equals true] 
AND [Account : Permitir duplicado equals false]
09:09:40.0 (232655673)|DUPLICATE_RULE_FILTER_VALUE|false
09:09:40.0 (232664363)|DUPLICATE_RULE_FILTER_RESULT|false
09:09:40.0 (232728321)|DUPLICATE_DETECTION_END
09:09:40.0 (232740630)|CODE_UNIT_FINISHED|DuplicateDetector
09:09:40.0 (281838889)|CODE_UNIT_STARTED|[EXTERNAL]|01q57000000g1Lp|AccountTrigger on Account trigger event AfterUpdate|__sfdc_trigger/AccountTrigger
09:09:40.0 (281902690)|HEAP_ALLOCATE|[EXTERNAL]|Bytes:8
09:09:40.0 (281952544)|HEAP_ALLOCATE|[EXTERNAL]|Bytes:8
09:09:40.0 (282047850)|HEAP_ALLOCATE|[EXTERNAL]|Bytes:4
09:09:40.0 (282088710)|HEAP_ALLOCATE|[EXTERNAL]|Bytes:4
09:09:40.0 (282096929)|STATEMENT_EXECUTE|[1]
09:09:40.0 (282099770)|STATEMENT_EXECUTE|[3]
09:09:40.0 (282120901)|USER_DEBUG|[3]|DEBUG|**** Account Trigger ****
09:09:40.0 (282133733)|STATEMENT_EXECUTE|[4]
09:09:40.0 (282174263)|METHOD_ENTRY|[4]|01p57000001HcLT|TriggerFactory.createHandler(Schema.SObjectType)
09:09:40.0 (282184048)|STATEMENT_EXECUTE|[19]
09:09:40.0 (282186255)|STATEMENT_EXECUTE|[20]
09:09:40.0 (282206252)|HEAP_ALLOCATE|[83]|Bytes:5
09:09:40.0 (282211555)|STATEMENT_EXECUTE|[81]
09:09:40.0 (282216159)|STATEMENT_EXECUTE|[83]
09:09:40.0 (282218621)|STATEMENT_EXECUTE|[97]
09:09:40.0 (282249168)|STATEMENT_EXECUTE|[21]
09:09:40.0 (282273848)|HEAP_ALLOCATE|[21]|Bytes:7
09:09:40.0 (282293066)|STATEMENT_EXECUTE|[24]
09:09:40.0 (282310629)|STATEMENT_EXECUTE|[27]
09:09:40.0 (282318466)|METHOD_ENTRY|[27]|01p57000001HcLT|TriggerFactory.getHandler(Configuration_Switch__mdt, String)
09:09:40.0 (282324916)|STATEMENT_EXECUTE|[104]
09:09:40.0 (282327594)|STATEMENT_EXECUTE|[106]
09:09:40.0 (282329400)|STATEMENT_EXECUTE|[107]
09:09:40.0 (282331768)|STATEMENT_EXECUTE|[108]
09:09:40.0 (282344556)|STATEMENT_EXECUTE|[111]
09:09:40.0 (282346360)|STATEMENT_EXECUTE|[112]
09:09:40.0 (282356711)|METHOD_ENTRY|[112]||System.Type.forName(String)
09:09:40.0 (282486059)|METHOD_EXIT|[112]||System.Type.forName(String)
09:09:40.0 (282492034)|STATEMENT_EXECUTE|[114]
09:09:40.0 (282494417)|STATEMENT_EXECUTE|[119]
09:09:40.0 (282501637)|METHOD_ENTRY|[119]||System.Type.newInstance()
09:09:40.0 (282544821)|STATEMENT_EXECUTE|[5]
09:09:40.0 (282550289)|STATEMENT_EXECUTE|[7]
09:09:40.0 (282563711)|METHOD_EXIT|[119]||System.Type.newInstance()
09:09:40.0 (282627949)|STATEMENT_EXECUTE|[122]
09:09:40.0 (282630072)|STATEMENT_EXECUTE|[123]
09:09:40.0 (282641291)|METHOD_EXIT|[27]|01p57000001HcLT|TriggerFactory.getHandler(Configuration_Switch__mdt, String)
09:09:40.0 (282647769)|STATEMENT_EXECUTE|[31]
09:09:40.0 (282649634)|STATEMENT_EXECUTE|[33]
09:09:40.0 (282654479)|METHOD_ENTRY|[33]|01p57000001HcLT|TriggerFactory.execute(ITrigger)
09:09:40.0 (282660885)|STATEMENT_EXECUTE|[46]
09:09:40.0 (282667149)|STATEMENT_EXECUTE|[70]
09:09:40.0 (282668950)|STATEMENT_EXECUTE|[72]
09:09:40.0 (282725529)|METHOD_ENTRY|[72]|01p57000001HcKr|AccountHandler.bulkAfter(List<SObject>, Map<Id,SObject>)
09:09:40.0 (282733138)|STATEMENT_EXECUTE|[15]
09:09:40.0 (282741382)|STATEMENT_EXECUTE|[17]
09:09:40.0 (282743348)|STATEMENT_EXECUTE|[18]
09:09:40.0 (282765963)|METHOD_ENTRY|[18]|01p57000001HcKs|AccountUtil.recuperarContactos(List<Account>, Map<Id,Account>)
09:09:40.0 (282795360)|HEAP_ALLOCATE|[164]|Bytes:5
09:09:40.0 (282800608)|STATEMENT_EXECUTE|[162]
09:09:40.0 (282802653)|STATEMENT_EXECUTE|[164]
09:09:40.0 (282817865)|HEAP_ALLOCATE|[164]|Bytes:4
09:09:40.0 (282886482)|HEAP_ALLOCATE|[166]|Bytes:5
09:09:40.0 (282904669)|STATEMENT_EXECUTE|[167]
09:09:40.0 (282906670)|STATEMENT_EXECUTE|[168]
09:09:40.0 (282922746)|HEAP_ALLOCATE|[109]|Bytes:5
09:09:40.0 (282927173)|STATEMENT_EXECUTE|[108]
09:09:40.0 (282930514)|STATEMENT_EXECUTE|[109]
09:09:40.0 (282932429)|STATEMENT_EXECUTE|[126]
09:09:40.0 (282962112)|STATEMENT_EXECUTE|[169]
09:09:40.0 (282971423)|HEAP_ALLOCATE|[109]|Bytes:5
09:09:40.0 (282975578)|STATEMENT_EXECUTE|[108]
09:09:40.0 (282977612)|STATEMENT_EXECUTE|[109]
09:09:40.0 (282979427)|STATEMENT_EXECUTE|[126]
09:09:40.0 (282992326)|HEAP_ALLOCATE|[169]|Bytes:7
09:09:40.0 (283183290)|STATEMENT_EXECUTE|[171]
09:09:40.0 (283197290)|HEAP_ALLOCATE|[166]|Bytes:5
09:09:40.0 (283215743)|HEAP_ALLOCATE|[177]|Bytes:74
09:09:40.0 (283234099)|HEAP_ALLOCATE|[177]|Bytes:4
09:09:40.0 (284611136)|SOQL_EXECUTE_BEGIN|[177]|Aggregations:0|SELECT Id, IndividualId, AccountId FROM Contact WHERE AccountId = :tmpVar1
09:09:40.0 (286632603)|SOQL_EXECUTE_EXPLAIN|[177]|No explain plan is available
09:09:40.0 (286648956)|SOQL_EXECUTE_END|[177]|Rows:0
09:09:40.0 (286808518)|HEAP_ALLOCATE|[177]|Bytes:28
09:09:40.0 (286848183)|HEAP_ALLOCATE|[177]|Bytes:8
09:09:40.0 (286852718)|HEAP_ALLOCATE|[177]|Bytes:8
09:09:40.0 (286899791)|HEAP_ALLOCATE|[177]|Bytes:28
09:09:40.0 (286920360)|METHOD_ENTRY|[177]||Database.QueryLocatorIterator.hasNext()
09:09:40.0 (286943576)|METHOD_EXIT|[177]||Database.QueryLocatorIterator.hasNext()
09:09:40.0 (286950731)|STATEMENT_EXECUTE|[177]
09:09:40.0 (286971270)|METHOD_EXIT|[18]|01p57000001HcKs|AccountUtil.recuperarContactos(List<Account>, Map<Id,Account>)
09:09:40.0 (286977624)|STATEMENT_EXECUTE|[19]
09:09:40.0 (287000759)|METHOD_ENTRY|[19]|01p57000001HcKs|AccountUtil.recuperarPersonasDeContactos(List<Account>, Map<Id,Account>)
09:09:40.0 (287029622)|HEAP_ALLOCATE|[200]|Bytes:5
09:09:40.0 (287034536)|STATEMENT_EXECUTE|[199]
09:09:40.0 (287060745)|HEAP_ALLOCATE|[20]|Bytes:5
09:09:40.0 (287064626)|STATEMENT_EXECUTE|[19]
09:09:40.0 (287068544)|STATEMENT_EXECUTE|[21]
09:09:40.0 (287070609)|STATEMENT_EXECUTE|[22]
09:09:40.0 (287092294)|HEAP_ALLOCATE|[22]|Bytes:4
09:09:40.0 (287132906)|STATEMENT_EXECUTE|[24]
09:09:40.0 (287156738)|STATEMENT_EXECUTE|[200]
09:09:40.0 (287161845)|METHOD_EXIT|[19]|01p57000001HcKs|AccountUtil.recuperarPersonasDeContactos(List<Account>, Map<Id,Account>)
09:09:40.0 (287175258)|STATEMENT_EXECUTE|[22]
09:09:40.0 (287182029)|METHOD_EXIT|[72]|01p57000001HcKr|AccountHandler.bulkAfter(List<SObject>, Map<Id,SObject>)
09:09:40.0 (287192590)|STATEMENT_EXECUTE|[81]
09:09:40.0 (287194864)|STATEMENT_EXECUTE|[82]
09:09:40.0 (287238470)|METHOD_ENTRY|[82]|01p57000001HcKr|AccountHandler.afterUpdate(List<SObject>, Map<Id,SObject>)
09:09:40.0 (287245031)|STATEMENT_EXECUTE|[52]
09:09:40.0 (287247256)|STATEMENT_EXECUTE|[53]
09:09:40.0 (287257296)|METHOD_ENTRY|[53]|01p57000001HcKs|AccountUtil.SincronizarCliente(List<Account>, Map<Id,Account>)
09:09:40.0 (287271372)|HEAP_ALLOCATE|[52]|Bytes:5
09:09:40.0 (287276014)|STATEMENT_EXECUTE|[50]
09:09:40.0 (287289314)|STATEMENT_EXECUTE|[52]
09:09:40.0 (287294214)|METHOD_EXIT|[53]|01p57000001HcKs|AccountUtil.SincronizarCliente(List<Account>, Map<Id,Account>)
09:09:40.0 (287298774)|STATEMENT_EXECUTE|[55]
09:09:40.0 (287306318)|METHOD_ENTRY|[55]|01p57000001HcKs|AccountUtil.aceptarPreferenciasPorClienteExistente(List<Account>, Map<Id,Account>)
09:09:40.0 (287319271)|HEAP_ALLOCATE|[229]|Bytes:5
09:09:40.0 (287323069)|STATEMENT_EXECUTE|[228]
09:09:40.0 (287325022)|STATEMENT_EXECUTE|[229]
09:09:40.0 (287332116)|HEAP_ALLOCATE|[229]|Bytes:4
09:09:40.0 (287375566)|HEAP_ALLOCATE|[232]|Bytes:5
09:09:40.0 (287397136)|STATEMENT_EXECUTE|[233]
09:09:40.0 (287399374)|STATEMENT_EXECUTE|[234]
09:09:40.0 (287413967)|HEAP_ALLOCATE|[109]|Bytes:5
09:09:40.0 (287418072)|STATEMENT_EXECUTE|[108]
09:09:40.0 (287421177)|STATEMENT_EXECUTE|[109]
09:09:40.0 (287423792)|STATEMENT_EXECUTE|[126]
09:09:40.0 (287454165)|STATEMENT_EXECUTE|[235]
09:09:40.0 (287463238)|HEAP_ALLOCATE|[109]|Bytes:5
09:09:40.0 (287466538)|STATEMENT_EXECUTE|[108]
09:09:40.0 (287468579)|STATEMENT_EXECUTE|[109]
09:09:40.0 (287470398)|STATEMENT_EXECUTE|[126]
09:09:40.0 (287565073)|STATEMENT_EXECUTE|[237]
09:09:40.0 (287573237)|HEAP_ALLOCATE|[232]|Bytes:5
09:09:40.0 (287601377)|STATEMENT_EXECUTE|[244]
09:09:40.0 (287607002)|METHOD_EXIT|[55]|01p57000001HcKs|AccountUtil.aceptarPreferenciasPorClienteExistente(List<Account>, Map<Id,Account>)
09:09:40.0 (287615207)|METHOD_EXIT|[82]|01p57000001HcKr|AccountHandler.afterUpdate(List<SObject>, Map<Id,SObject>)
09:09:40.0 (287620235)|STATEMENT_EXECUTE|[92]
09:09:40.0 (287625733)|METHOD_ENTRY|[92]|01p57000001HcKr|AccountHandler.andFinally()
09:09:40.0 (287632130)|STATEMENT_EXECUTE|[65]
09:09:40.0 (287634198)|STATEMENT_EXECUTE|[66]
09:09:40.0 (287639245)|METHOD_ENTRY|[66]|01p57000001HcKs|AccountUtil.insertUpdateDeleteRecords()
09:09:40.0 (287648118)|HEAP_ALLOCATE|[290]|Bytes:5
09:09:40.0 (287651871)|STATEMENT_EXECUTE|[288]
09:09:40.0 (287659690)|HEAP_ALLOCATE|[33]|Bytes:5
09:09:40.0 (287663233)|STATEMENT_EXECUTE|[32]
09:09:40.0 (287666151)|STATEMENT_EXECUTE|[33]
09:09:40.0 (287668268)|STATEMENT_EXECUTE|[37]
09:09:40.0 (287681712)|STATEMENT_EXECUTE|[290]
09:09:40.0 (287683603)|STATEMENT_EXECUTE|[295]
09:09:40.0 (287689666)|HEAP_ALLOCATE|[33]|Bytes:5
09:09:40.0 (287692922)|STATEMENT_EXECUTE|[32]
09:09:40.0 (287694912)|STATEMENT_EXECUTE|[33]
09:09:40.0 (287696736)|STATEMENT_EXECUTE|[37]
09:09:40.0 (287708811)|METHOD_EXIT|[66]|01p57000001HcKs|AccountUtil.insertUpdateDeleteRecords()
09:09:40.0 (287714235)|METHOD_EXIT|[92]|01p57000001HcKr|AccountHandler.andFinally()
09:09:40.0 (287721124)|METHOD_EXIT|[33]|01p57000001HcLT|TriggerFactory.execute(ITrigger)
09:09:40.0 (287729841)|METHOD_EXIT|[4]|01p57000001HcLT|TriggerFactory.createHandler(Schema.SObjectType)
09:09:40.287 (287740860)|CUMULATIVE_LIMIT_USAGE
09:09:40.287 (287740860)|LIMIT_USAGE_FOR_NS|(default)|
  Number of SOQL queries: 3 out of 100
  Number of query rows: 47 out of 50000
  Number of SOSL queries: 0 out of 20
  Number of DML statements: 1 out of 150
  Number of Publish Immediate DML: 0 out of 150
  Number of DML rows: 1 out of 10000
  Maximum CPU time: 0 out of 10000
  Maximum heap size: 0 out of 6000000
  Number of callouts: 0 out of 100
  Number of Email Invocations: 0 out of 10
  Number of future calls: 0 out of 50
  Number of queueable jobs added to the queue: 0 out of 50
  Number of Mobile Apex push calls: 0 out of 10

09:09:40.287 (287740860)|CUMULATIVE_LIMIT_USAGE_END

09:09:40.0 (288763906)|CODE_UNIT_FINISHED|AccountTrigger on Account trigger event AfterUpdate|__sfdc_trigger/AccountTrigger
09:09:40.0 (290774532)|CODE_UNIT_STARTED|[EXTERNAL]|Workflow:Account
09:09:40.0 (296721646)|WF_RULE_EVAL_BEGIN|Workflow
09:09:40.0 (296787415)|WF_CRITERIA_BEGIN|[Account: Burlington Textiles Corp of America 0013L00000LfR0w]|AsignaciónMAC_1|01Q570000003MfS|ON_CREATE_ONLY|0
09:09:40.0 (296806041)|WF_RULE_NOT_EVALUATED
09:09:40.0 (296815186)|WF_CRITERIA_BEGIN|[Account: Burlington Textiles Corp of America 0013L00000LfR0w]|AsignaciónID|01Q570000003MfR|ON_CREATE_ONLY|0
09:09:40.0 (296825963)|WF_RULE_NOT_EVALUATED
09:09:40.0 (296832734)|WF_CRITERIA_BEGIN|[Account: Burlington Textiles Corp of America 0013L00000LfR0w]|AsignaciónMAC_3|01Q570000003MfU|ON_CREATE_ONLY|0
09:09:40.0 (296843924)|WF_RULE_NOT_EVALUATED
09:09:40.0 (296850614)|WF_CRITERIA_BEGIN|[Account: Burlington Textiles Corp of America 0013L00000LfR0w]|AsignaciónMAC_2|01Q570000003MfT|ON_CREATE_ONLY|0
09:09:40.0 (296860823)|WF_RULE_NOT_EVALUATED
09:09:40.0 (296867083)|WF_CRITERIA_BEGIN|[Account: Burlington Textiles Corp of America 0013L00000LfR0w]|AsignaciónMM|01Q570000003MfW|ON_CREATE_ONLY|0
09:09:40.0 (296876658)|WF_RULE_NOT_EVALUATED
09:09:40.0 (296882916)|WF_CRITERIA_BEGIN|[Account: Burlington Textiles Corp of America 0013L00000LfR0w]|AsignaciónMAC_4|01Q570000003MfV|ON_CREATE_ONLY|0
09:09:40.0 (296892828)|WF_RULE_NOT_EVALUATED
09:09:40.0 (296899020)|WF_CRITERIA_BEGIN|[Account: Burlington Textiles Corp of America 0013L00000LfR0w]|AsignaciónYC|01Q570000003MfY|ON_CREATE_ONLY|0
09:09:40.0 (296908328)|WF_RULE_NOT_EVALUATED
09:09:40.0 (296914751)|WF_CRITERIA_BEGIN|[Account: Burlington Textiles Corp of America 0013L00000LfR0w]|AsignaciónTR|01Q570000003MfX|ON_CREATE_ONLY|0
09:09:40.0 (296925085)|WF_RULE_NOT_EVALUATED
09:09:40.0 (296931311)|WF_CRITERIA_BEGIN|[Account: Burlington Textiles Corp of America 0013L00000LfR0w]|Comprueba tipo registro lead|01Q7S00000007fe|ON_CREATE_OR_TRIGGERING_UPDATE|0
09:09:40.0 (297050736)|WF_RULE_FILTER|[Account : AccountRecord Type equals 0122p000000t6WFAAY]
09:09:40.0 (297062545)|WF_RULE_EVAL_VALUE|
09:09:40.0 (297066776)|WF_CRITERIA_END|false
09:09:40.0 (297078701)|WF_CRITERIA_BEGIN|[Account: Burlington Textiles Corp of America 0013L00000LfR0w]|AsignaciónAC|01Q570000003MfN|ON_CREATE_ONLY|0
09:09:40.0 (297090165)|WF_RULE_NOT_EVALUATED
09:09:40.0 (297097207)|WF_CRITERIA_BEGIN|[Account: Burlington Textiles Corp of America 0013L00000LfR0w]|AsignaciónFV_2|01Q570000003MfQ|ON_CREATE_ONLY|0
09:09:40.0 (297107356)|WF_RULE_NOT_EVALUATED
09:09:40.0 (297113915)|WF_CRITERIA_BEGIN|[Account: Burlington Textiles Corp of America 0013L00000LfR0w]|AsignaciónFV_1|01Q570000003MfP|ON_CREATE_ONLY|0
09:09:40.0 (297124619)|WF_RULE_NOT_EVALUATED
09:09:40.0 (297131167)|WF_CRITERIA_BEGIN|[Account: Burlington Textiles Corp of America 0013L00000LfR0w]|Update_fecha_baja_t_cnica30157000000TkUj|01Q57000000JQTl|ON_ALL_CHANGES|0
09:09:40.0 (297388373)|WF_FORMULA|Formula:ENCODED:[treatNullAsNull]true|Values:
09:09:40.0 (297402148)|WF_CRITERIA_END|true
09:09:40.0 (298439684)|WF_CRITERIA_BEGIN|[Account: Burlington Textiles Corp of America 0013L00000LfR0w]|Cambio en IBAN sin bloqueo|01Q2p0000003jYa|ON_ALL_CHANGES|0
09:09:40.0 (299247147)|WF_FORMULA|Formula:ENCODED:[treatNullAsNull]IF(ISCHANGED({!ID:00N2p000008DsM2}) &&  NOT({!ID:00N2p000008DsM1}) && NOT(ISCHANGED({!ID:00N2p000008DsM3})) && NOT(ISCHANGED({!ID:00N2p000008DsM1})), true, false)|Values:Cuenta_bloqueada_cambio__c=0, IBAN__c=null, Origen_de_modificacion__c=null
09:09:40.0 (299266044)|WF_CRITERIA_END|false
09:09:40.0 (299309518)|WF_CRITERIA_BEGIN|[Account: Burlington Textiles Corp of America 0013L00000LfR0w]|Desbloqueo de cuenta en actualización|01Q2p0000003jYb|ON_ALL_CHANGES|0
09:09:40.0 (299617863)|WF_FORMULA|Formula:ENCODED:[treatNullAsNull]IF( {!ID:00N2p000008DsM1} == true && ISCHANGED({!ID:00N2p000008DsM1}), true, false)|Values:Cuenta_bloqueada_cambio__c=0
09:09:40.0 (299631334)|WF_CRITERIA_END|false
09:09:40.0 (299659326)|WF_SPOOL_ACTION_BEGIN|Workflow
09:09:40.0 (299712061)|WF_ACTION| Flow Trigger: 1;
09:09:40.0 (299718762)|WF_RULE_EVAL_END
09:09:40.303 (303274751)|FLOW_CREATE_INTERVIEW_BEGIN|00D3L0000000enE|30057000000TVrN|30157000000TkUj
09:09:40.303 (303979411)|FLOW_CREATE_INTERVIEW_END|5094d5994a50e40a1b06bed96541826285b5b1-5283|Update fecha baja técnica
09:09:40.0 (304060147)|WF_FLOW_ACTION_BEGIN|09L57000000GqTg
09:09:40.304 (304800000)|FLOW_START_INTERVIEWS_BEGIN|1
09:09:40.304 (304852932)|FLOW_START_INTERVIEW_BEGIN|5094d5994a50e40a1b06bed96541826285b5b1-5283|Update fecha baja técnica
09:09:40.304 (330509646)|FLOW_START_INTERVIEW_END|5094d5994a50e40a1b06bed96541826285b5b1-5283|Update fecha baja técnica
09:09:40.304 (330550420)|FLOW_START_INTERVIEWS_END|1
09:09:40.304 (330569519)|FLOW_INTERVIEW_FINISHED|5094d5994a50e40a1b06bed96541826285b5b1-5283|Update fecha baja técnica
09:09:40.0 (333168928)|WF_FLOW_ACTION_END|09L57000000GqTg
09:09:40.0 (333338089)|WF_ACTIONS_END| Flow Trigger: 1;
09:09:40.0 (333355956)|CODE_UNIT_FINISHED|Workflow:Account
09:09:40.0 (351535336)|DML_END|[192]
09:09:40.0 (351641332)|HEAP_ALLOCATE|[EXTERNAL]|Bytes:8
09:09:40.0 (351726744)|HEAP_ALLOCATE|[192]|Bytes:8
09:09:40.0 (351767486)|STATEMENT_EXECUTE|[193]
09:09:40.0 (351796562)|HEAP_ALLOCATE|[193]|Bytes:5
09:09:40.0 (351806567)|STATEMENT_EXECUTE|[194]
09:09:40.0 (351811938)|HEAP_ALLOCATE|[194]|Bytes:4
09:09:40.0 (351940386)|STATEMENT_EXECUTE|[195]
09:09:40.0 (352470820)|HEAP_ALLOCATE|[196]|Bytes:4
09:09:40.0 (352541911)|STATEMENT_EXECUTE|[197]
09:09:40.0 (352557185)|HEAP_ALLOCATE|[197]|Bytes:8
09:09:40.0 (352576720)|HEAP_ALLOCATE|[197]|Bytes:4
09:09:40.0 (352660108)|HEAP_ALLOCATE|[194]|Bytes:4
09:09:40.0 (352702901)|STATEMENT_EXECUTE|[202]
09:09:40.0 (352705136)|STATEMENT_EXECUTE|[203]
09:09:40.0 (352711903)|HEAP_ALLOCATE|[203]|Bytes:7
09:09:40.0 (352717970)|HEAP_ALLOCATE|[203]|Bytes:29
09:09:40.0 (352738302)|HEAP_ALLOCATE|[203]|Bytes:4
09:09:40.0 (352776961)|HEAP_ALLOCATE|[203]|Bytes:4
09:09:40.0 (352787515)|HEAP_ALLOCATE|[203]|Bytes:12
09:09:40.0 (352830477)|HEAP_ALLOCATE|[EXTERNAL]|Bytes:12
09:09:40.0 (352848795)|HEAP_ALLOCATE|[EXTERNAL]|Bytes:8
09:09:40.0 (352856413)|HEAP_ALLOCATE|[EXTERNAL]|Bytes:8
09:09:40.0 (352859783)|HEAP_ALLOCATE|[EXTERNAL]|Bytes:12
09:09:40.0 (377519712)|STATEMENT_EXECUTE|[207]
09:09:40.0 (377541708)|HEAP_ALLOCATE|[207]|Bytes:26
09:09:40.0 (377624419)|USER_DEBUG|[207]|DEBUG|## after RegistrarContrato
09:09:40.0 (377645528)|SYSTEM_MODE_EXIT|false
09:09:40.0 (377667890)|METHOD_EXIT|[73]|01p57000001HcKw|ContractUtil.RegistrarContrato(List<Contract>, Map<Id,Contract>, Map<String,Account>)
09:09:40.0 (377679317)|STATEMENT_EXECUTE|[74]
09:09:40.0 (377702361)|METHOD_ENTRY|[74]|01p57000001HcKw|ContractUtil.cambiarEstadoOportunidadCerradaGanada(List<Contract>)
09:09:40.0 (377731922)|SYSTEM_MODE_ENTER|false
09:09:40.0 (377747685)|HEAP_ALLOCATE|[257]|Bytes:5
09:09:40.0 (377753196)|STATEMENT_EXECUTE|[256]
09:09:40.0 (377755282)|STATEMENT_EXECUTE|[257]
09:09:40.0 (377780417)|HEAP_ALLOCATE|[257]|Bytes:4
09:09:40.0 (377857925)|HEAP_ALLOCATE|[259]|Bytes:5
09:09:40.0 (377886761)|STATEMENT_EXECUTE|[260]
09:09:40.0 (377964247)|STATEMENT_EXECUTE|[261]
09:09:40.0 (377972497)|HEAP_ALLOCATE|[259]|Bytes:5
09:09:40.0 (377981969)|STATEMENT_EXECUTE|[266]
09:09:40.0 (377985047)|HEAP_ALLOCATE|[266]|Bytes:20
09:09:40.0 (378030998)|HEAP_ALLOCATE|[EXTERNAL]|Bytes:4
09:09:40.0 (378075635)|HEAP_ALLOCATE|[266]|Bytes:2
09:09:40.0 (378090463)|HEAP_ALLOCATE|[266]|Bytes:22
09:09:40.0 (378102001)|USER_DEBUG|[266]|DEBUG|Contratos firmados: ()
09:09:40.0 (378110055)|STATEMENT_EXECUTE|[268]
09:09:40.0 (378115138)|HEAP_ALLOCATE|[268]|Bytes:78
09:09:40.0 (378133417)|HEAP_ALLOCATE|[268]|Bytes:4
09:09:40.0 (379761452)|SOQL_EXECUTE_BEGIN|[268]|Aggregations:0|SELECT Id, StageName, ContractId FROM Opportunity WHERE ContractId IN :tmpVar1
09:09:40.0 (382191540)|SOQL_EXECUTE_EXPLAIN|[268]|No explain plan is available
09:09:40.0 (382206571)|SOQL_EXECUTE_END|[268]|Rows:0
09:09:40.0 (382244596)|HEAP_ALLOCATE|[268]|Bytes:4
09:09:40.0 (382278044)|HEAP_ALLOCATE|[268]|Bytes:0
09:09:40.0 (382357708)|HEAP_ALLOCATE|[268]|Bytes:4
09:09:40.0 (382380104)|STATEMENT_EXECUTE|[269]
09:09:40.0 (382392399)|HEAP_ALLOCATE|[269]|Bytes:4
09:09:40.0 (382621416)|HEAP_ALLOCATE|[270]|Bytes:5
09:09:40.0 (382638047)|STATEMENT_EXECUTE|[270]
09:09:40.0 (382640270)|STATEMENT_EXECUTE|[278]
09:09:40.0 (382644819)|HEAP_ALLOCATE|[278]|Bytes:50
09:09:40.0 (382655229)|HEAP_ALLOCATE|[EXTERNAL]|Bytes:4
09:09:40.0 (382695981)|HEAP_ALLOCATE|[278]|Bytes:2
09:09:40.0 (382710281)|HEAP_ALLOCATE|[278]|Bytes:52
09:09:40.0 (382724885)|USER_DEBUG|[278]|DEBUG|Oportunidades a pasar al estado "Cerrada ganada": ()
09:09:40.0 (382751571)|STATEMENT_EXECUTE|[280]
09:09:40.0 (382758795)|SYSTEM_MODE_EXIT|false
09:09:40.0 (382776326)|METHOD_EXIT|[74]|01p57000001HcKw|ContractUtil.cambiarEstadoOportunidadCerradaGanada(List<Contract>)
09:09:40.0 (382782386)|STATEMENT_EXECUTE|[75]
09:09:40.0 (382800421)|METHOD_ENTRY|[75]|01p57000001HcKw|ContractUtil.activarDireccionEntrega(List<Contract>, Map<Id,Contract>)
09:09:40.0 (382829618)|SYSTEM_MODE_ENTER|false
09:09:40.0 (382835912)|HEAP_ALLOCATE|[536]|Bytes:5
09:09:40.0 (382840291)|STATEMENT_EXECUTE|[535]
09:09:40.0 (382842207)|STATEMENT_EXECUTE|[536]
09:09:40.0 (382844119)|STATEMENT_EXECUTE|[536]
09:09:40.0 (382846004)|STATEMENT_EXECUTE|[538]
09:09:40.0 (382854949)|HEAP_ALLOCATE|[538]|Bytes:4
09:09:40.0 (382872492)|STATEMENT_EXECUTE|[539]
09:09:40.0 (382876816)|HEAP_ALLOCATE|[539]|Bytes:4
09:09:40.0 (382887863)|STATEMENT_EXECUTE|[540]
09:09:40.0 (382894961)|HEAP_ALLOCATE|[540]|Bytes:4
09:09:40.0 (382906874)|STATEMENT_EXECUTE|[541]
09:09:40.0 (382913069)|HEAP_ALLOCATE|[541]|Bytes:4
09:09:40.0 (382924117)|STATEMENT_EXECUTE|[542]
09:09:40.0 (382936468)|HEAP_ALLOCATE|[542]|Bytes:4
09:09:40.0 (382953531)|STATEMENT_EXECUTE|[543]
09:09:40.0 (382961177)|HEAP_ALLOCATE|[543]|Bytes:4
09:09:40.0 (383001477)|HEAP_ALLOCATE|[545]|Bytes:5
09:09:40.0 (383024560)|STATEMENT_EXECUTE|[545]
09:09:40.0 (383094994)|STATEMENT_EXECUTE|[546]
09:09:40.0 (383108404)|HEAP_ALLOCATE|[547]|Bytes:18
09:09:40.0 (383132674)|STATEMENT_EXECUTE|[547]
09:09:40.0 (383134735)|STATEMENT_EXECUTE|[548]
09:09:40.0 (383191354)|HEAP_ALLOCATE|[545]|Bytes:5
09:09:40.0 (383213851)|STATEMENT_EXECUTE|[552]
09:09:40.0 (383219901)|HEAP_ALLOCATE|[553]|Bytes:69
09:09:40.0 (383236094)|HEAP_ALLOCATE|[553]|Bytes:4
09:09:40.0 (383273709)|HEAP_ALLOCATE|[EXTERNAL]|Bytes:8
09:09:40.0 (384370283)|SOQL_EXECUTE_BEGIN|[553]|Aggregations:0|SELECT Id, OldId__c FROM Direcci_n_de_entrega__c WHERE Id IN :tmpVar1
09:09:40.0 (388236730)|SOQL_EXECUTE_EXPLAIN|[553]|Index on Direcci_n_de_entrega__c : [Id], cardinality: 1, sobjectCardinality: 37011, relativeCost 0
09:09:40.0 (388253058)|SOQL_EXECUTE_END|[553]|Rows:1
09:09:40.0 (388307110)|HEAP_ALLOCATE|[EXTERNAL]|Bytes:8
09:09:40.0 (388474342)|HEAP_ALLOCATE|[553]|Bytes:28
09:09:40.0 (388516805)|HEAP_ALLOCATE|[553]|Bytes:8
09:09:40.0 (388530309)|HEAP_ALLOCATE|[553]|Bytes:8
09:09:40.0 (388533955)|HEAP_ALLOCATE|[553]|Bytes:8
09:09:40.0 (388587533)|HEAP_ALLOCATE|[553]|Bytes:28
09:09:40.0 (388609503)|METHOD_ENTRY|[553]||Database.QueryLocatorIterator.hasNext()
09:09:40.0 (388649669)|METHOD_EXIT|[553]||Database.QueryLocatorIterator.hasNext()
09:09:40.0 (388658608)|METHOD_ENTRY|[553]||Database.QueryLocatorIterator.next()
09:09:40.0 (388728826)|METHOD_EXIT|[553]||Database.QueryLocatorIterator.next()
09:09:40.0 (388740149)|STATEMENT_EXECUTE|[553]
09:09:40.0 (388743269)|STATEMENT_EXECUTE|[554]
09:09:40.0 (388807464)|STATEMENT_EXECUTE|[555]
09:09:40.0 (388812662)|METHOD_ENTRY|[553]||Database.QueryLocatorIterator.hasNext()
09:09:40.0 (388821831)|METHOD_EXIT|[553]||Database.QueryLocatorIterator.hasNext()
09:09:40.0 (388859597)|STATEMENT_EXECUTE|[560]
09:09:40.0 (388865738)|SYSTEM_MODE_EXIT|false
09:09:40.0 (388879291)|METHOD_EXIT|[75]|01p57000001HcKw|ContractUtil.activarDireccionEntrega(List<Contract>, Map<Id,Contract>)
09:09:40.0 (388890138)|METHOD_EXIT|[82]|01p57000001HcKv|ContractHandler.afterUpdate(List<SObject>, Map<Id,SObject>)
09:09:40.0 (388895706)|STATEMENT_EXECUTE|[92]
09:09:40.0 (388904567)|METHOD_ENTRY|[92]|01p57000001HcKv|ContractHandler.andFinally()
09:09:40.0 (388910284)|STATEMENT_EXECUTE|[91]
09:09:40.0 (388912134)|STATEMENT_EXECUTE|[92]
09:09:40.0 (388917938)|METHOD_ENTRY|[92]|01p57000001HcKw|ContractUtil.insertUpdateDeleteRecords()
09:09:40.0 (388931138)|SYSTEM_MODE_ENTER|false
09:09:40.0 (388941786)|HEAP_ALLOCATE|[424]|Bytes:5
09:09:40.0 (388946645)|STATEMENT_EXECUTE|[422]
09:09:40.0 (388954892)|HEAP_ALLOCATE|[14]|Bytes:5
09:09:40.0 (388958637)|STATEMENT_EXECUTE|[13]
09:09:40.0 (388962570)|STATEMENT_EXECUTE|[14]
09:09:40.0 (388964817)|STATEMENT_EXECUTE|[18]
09:09:40.0 (388980543)|STATEMENT_EXECUTE|[424]
09:09:40.0 (388982541)|STATEMENT_EXECUTE|[429]
09:09:40.0 (388989205)|HEAP_ALLOCATE|[14]|Bytes:5
09:09:40.0 (388992480)|STATEMENT_EXECUTE|[13]
09:09:40.0 (388994700)|STATEMENT_EXECUTE|[14]
09:09:40.0 (388996547)|STATEMENT_EXECUTE|[18]
09:09:40.0 (389008206)|SYSTEM_MODE_EXIT|false
09:09:40.0 (389014180)|METHOD_EXIT|[92]|01p57000001HcKw|ContractUtil.insertUpdateDeleteRecords()
09:09:40.0 (389019282)|METHOD_EXIT|[92]|01p57000001HcKv|ContractHandler.andFinally()
09:09:40.0 (389026113)|METHOD_EXIT|[33]|01p57000001HcLT|TriggerFactory.execute(ITrigger)
09:09:40.0 (389035468)|METHOD_EXIT|[4]|01p57000001HcLT|TriggerFactory.createHandler(Schema.SObjectType)
09:09:40.389 (389044976)|CUMULATIVE_LIMIT_USAGE
09:09:40.389 (389044976)|LIMIT_USAGE_FOR_NS|(default)|
  Number of SOQL queries: 5 out of 100
  Number of query rows: 48 out of 50000
  Number of SOSL queries: 0 out of 20
  Number of DML statements: 1 out of 150
  Number of Publish Immediate DML: 0 out of 150
  Number of DML rows: 1 out of 10000
  Maximum CPU time: 153 out of 10000
  Maximum heap size: 0 out of 6000000
  Number of callouts: 0 out of 100
  Number of Email Invocations: 0 out of 10
  Number of future calls: 1 out of 50
  Number of queueable jobs added to the queue: 0 out of 50
  Number of Mobile Apex push calls: 0 out of 10

09:09:40.389 (389044976)|CUMULATIVE_LIMIT_USAGE_END

09:09:40.0 (390731684)|CODE_UNIT_FINISHED|ContractTrigger on Contract trigger event AfterUpdate|__sfdc_trigger/ContractTrigger
09:09:40.0 (393028717)|CODE_UNIT_STARTED|[EXTERNAL]|Workflow:Contract
09:09:40.0 (405225519)|WF_RULE_EVAL_BEGIN|Workflow
09:09:40.0 (405291917)|WF_CRITERIA_BEGIN|[Contract: 00046255 8003L0000003ksr]|Registrar Contrato Duplicado|01Q57000000jVVK|ON_CREATE_ONLY|0
09:09:40.0 (405310450)|WF_RULE_NOT_EVALUATED
09:09:40.0 (405322359)|WF_CRITERIA_BEGIN|[Contract: 00046255 8003L0000003ksr]|Update_tipo_direcci_n_de_env_o301570000000aaP|01Q57000000jepS|ON_CREATE_ONLY|0
09:09:40.0 (405333587)|WF_RULE_NOT_EVALUATED
09:09:40.0 (405340171)|WF_CRITERIA_BEGIN|[Contract: 00046255 8003L0000003ksr]|Bulk_metered3012p000000lD7o|01Q2p000000tHxJ|ON_ALL_CHANGES|0
09:09:40.0 (405559392)|WF_FORMULA|Formula:ENCODED:[treatNullAsNull]true|Values:
09:09:40.0 (405570867)|WF_CRITERIA_END|true
09:09:40.0 (406197063)|WF_CRITERIA_BEGIN|[Contract: 00046255 8003L0000003ksr]|Alerta canvi titular|01Q570000003V9G|ON_ALL_CHANGES|0
09:09:40.0 (414796439)|WF_RULE_FILTER|[Contract : Estado 2 equals Cambio titular] 
AND [Contract : Status equals Activado]
09:09:40.0 (414852572)|WF_RULE_EVAL_VALUE|1
09:09:40.0 (414860178)|WF_CRITERIA_END|false
09:09:40.0 (414879389)|WF_SPOOL_ACTION_BEGIN|Workflow
09:09:40.0 (414941058)|WF_ACTION| Flow Trigger: 1;
09:09:40.0 (414946548)|WF_RULE_EVAL_END
09:09:40.416 (416057558)|FLOW_CREATE_INTERVIEW_BEGIN|00D3L0000000enE|3002p000000kKdi|3012p000000lD7o
09:09:40.416 (416626015)|FLOW_CREATE_INTERVIEW_END|5104d5994a50e40a1b06bed96541826285b5b1-5282|Bulk metered
09:09:40.0 (416686266)|WF_FLOW_ACTION_BEGIN|09L2p000000kP2n
09:09:40.417 (417348549)|FLOW_START_INTERVIEWS_BEGIN|1
09:09:40.417 (417390803)|FLOW_START_INTERVIEW_BEGIN|5104d5994a50e40a1b06bed96541826285b5b1-5282|Bulk metered
09:09:40.417 (424821989)|FLOW_START_INTERVIEW_END|5104d5994a50e40a1b06bed96541826285b5b1-5282|Bulk metered
09:09:40.417 (424849350)|FLOW_START_INTERVIEWS_END|1
09:09:40.417 (424862914)|FLOW_INTERVIEW_FINISHED|5104d5994a50e40a1b06bed96541826285b5b1-5282|Bulk metered
09:09:40.0 (426867542)|WF_FLOW_ACTION_END|09L2p000000kP2n
09:09:40.0 (427020240)|WF_ACTIONS_END| Flow Trigger: 1;
09:09:40.0 (427037855)|CODE_UNIT_FINISHED|Workflow:Contract
09:09:40.0 (427853577)|CODE_UNIT_STARTED|[EXTERNAL]|Flow:Contract
09:09:40.429 (429053421)|FLOW_CREATE_INTERVIEW_BEGIN|00D3L0000000enE|3007S000000kCgl|3017S000000oPqb
09:09:40.429 (429127123)|FLOW_CREATE_INTERVIEW_END|5114d5994a50e40a1b06bed96541826285b5b1-5281|Actualizar Gestor de Cuenta cuando contrato pasa Activado
09:09:40.429 (429444252)|FLOW_START_INTERVIEWS_BEGIN|1
09:09:40.429 (429494561)|FLOW_START_INTERVIEW_BEGIN|5114d5994a50e40a1b06bed96541826285b5b1-5281|Actualizar Gestor de Cuenta cuando contrato pasa Activado
09:09:40.429 (429672248)|FLOW_START_INTERVIEW_END|5114d5994a50e40a1b06bed96541826285b5b1-5281|Actualizar Gestor de Cuenta cuando contrato pasa Activado
09:09:40.429 (1022233988)|FLOW_ELEMENT_ERROR|The flow tried to update these records: 0013L00000LfR0wQAF. This error occurred: INVALID_CROSS_REFERENCE_KEY: Owner ID: owner cannot be blank. You can look up ExceptionCode values in the <a href='https://developer.salesforce.com/docs/atlas.en-us.api.meta/api/sforce_api_calls_concepts_core_data_objects.htm#'>SOAP API Developer Guide</a>.|FlowRecordUpdate|ActualizarGestor
09:09:40.429 (1022531830)|FLOW_START_INTERVIEWS_END|1
09:09:41.23 (1023778536)|CODE_UNIT_FINISHED|Flow:Contract
09:09:41.23 (1040008686)|CODE_UNIT_STARTED|[EXTERNAL]|DuplicateDetector
09:09:41.23 (1040036198)|DUPLICATE_DETECTION_BEGIN
09:09:41.23 (1040113414)|DUPLICATE_DETECTION_RULE_INVOCATION|DuplicateRuleId:0Bm570000008OS5|DuplicateRuleName:Regla duplicada Cuentas SF|DmlType:UPDATE
09:09:41.23 (1054690311)|DUPLICATE_RULE_FILTER|[Account : Is Person Account equals true] 
AND [Account : Permitir duplicado equals false]
09:09:41.23 (1054721507)|DUPLICATE_RULE_FILTER_VALUE|false
09:09:41.23 (1054730212)|DUPLICATE_RULE_FILTER_RESULT|false
09:09:41.23 (1054787198)|DUPLICATE_DETECTION_END
09:09:41.23 (1054803132)|CODE_UNIT_FINISHED|DuplicateDetector
09:09:41.23 (1055369334)|CODE_UNIT_FINISHED|TRIGGERS
09:09:41.23 (1055410864)|EXECUTION_FINISHED
