56.0 APEX_CODE,FINE;APEX_PROFILING,NONE;CALLOUT,INFO;DB,NONE;NBA,INFO;SYSTEM,NONE;VALIDATION,NONE;VISUALFORCE,FINE;WAVE,NONE;WORKFLOW,NONE
11:36:51.0 (199239)|USER_INFO|[EXTERNAL]|0052p000008i9TA|n.gonzalez@blackbirdcrew.com.pre|(GMT+02:00) Central European Summer Time (Europe/Paris)|GMT+02:00
11:36:51.371 (371389964)|CODE_UNIT_STARTED|[EXTERNAL]|Flow:Contract
11:36:51.371 (371429903)|CODE_UNIT_FINISHED|Flow:Contract
11:36:51.374 (374563443)|CODE_UNIT_STARTED|[EXTERNAL]|01q57000000g1Lq|ContractTrigger on Contract trigger event BeforeInsert|__sfdc_trigger/ContractTrigger
11:36:51.374 (375477169)|USER_DEBUG|[3]|DEBUG|**** Contract Trigger ****
11:36:51.374 (376588339)|METHOD_ENTRY|[6]|01p57000001HcLT|TriggerFactory.TriggerFactory()
11:36:51.374 (376610595)|METHOD_EXIT|[6]|TriggerFactory
11:36:51.374 (376628529)|METHOD_ENTRY|[4]|01p57000001HcLT|TriggerFactory.createHandler(Schema.SObjectType)
11:36:51.374 (377375929)|METHOD_ENTRY|[1]|01p57000001lFxx|Util.Util()
11:36:51.374 (378030829)|METHOD_EXIT|[1]|Util
11:36:51.374 (386351547)|METHOD_ENTRY|[27]|01p57000001HcLT|TriggerFactory.getHandler(Configuration_Switch__mdt, String)
11:36:51.374 (386482371)|SYSTEM_METHOD_ENTRY|[1]|Type.Type()
11:36:51.374 (386499179)|SYSTEM_METHOD_EXIT|[1]|Type
11:36:51.374 (386512965)|METHOD_ENTRY|[112]||System.Type.forName(String)
11:36:51.374 (387291696)|METHOD_EXIT|[112]||System.Type.forName(String)
11:36:51.374 (387315505)|METHOD_ENTRY|[119]||System.Type.newInstance()
11:36:51.374 (387872774)|METHOD_ENTRY|[5]|01p57000001HcKv|ContractHandler.ContractHandler()
11:36:51.374 (387889504)|METHOD_EXIT|[5]|ContractHandler
11:36:51.374 (388101540)|METHOD_EXIT|[119]||System.Type.newInstance()
11:36:51.374 (389146110)|METHOD_EXIT|[27]|01p57000001HcLT|TriggerFactory.getHandler(Configuration_Switch__mdt, String)
11:36:51.374 (389184159)|METHOD_ENTRY|[33]|01p57000001HcLT|TriggerFactory.execute(ITrigger)
11:36:51.374 (389321449)|METHOD_ENTRY|[51]|01p57000001HcKv|ContractHandler.bulkBefore(List<SObject>, Map<Id,SObject>)
11:36:51.374 (390180186)|METHOD_ENTRY|[1]|01p57000001HcKw|ContractUtil.ContractUtil()
11:36:51.374 (390343452)|METHOD_EXIT|[1]|ContractUtil
11:36:51.374 (390363956)|METHOD_ENTRY|[23]|01p57000001HcKw|ContractUtil.loadData(List<Contract>, Map<String,Contract>)
11:36:51.374 (412533616)|USER_DEBUG|[51]|DEBUG|## before loadData BEFORE newList: (Contract:{Id=null, AccountId=0013L00000KN807QAD, OwnerExpirationNotice=null, StartDate=2022-09-23 00:00:00, EndDate=null, BillingStreet=C/ Cerdigo, nº 64-A CH 18 Urb. El Acantilado, BillingCity=Cantabria, BillingState=Cantabria, BillingPostalCode=33456, BillingCountry=Cantabria, BillingLatitude=null, BillingLongitude=null, BillingGeocodeAccuracy=null, ShippingStreet=null, ShippingCity=null, ShippingState=null, ShippingPostalCode=null, ShippingCountry=null, ShippingLatitude=null, ShippingLongitude=null, ShippingGeocodeAccuracy=null, ContractTerm=null, OwnerId=0052p000008i9TAAAY, Status=null, CompanySignedId=null, CompanySignedDate=null, CustomerSignedId=null, CustomerSignedTitle=null, CustomerSignedDate=2022-09-23 00:00:00, SpecialTerms=null, ActivatedById=null, ActivatedDate=null, StatusCode=null, Description=null, RecordTypeId=012D00000003GZwIAM, Name=null, IsDeleted=false, ContractNumber=null, LastApprovedDate=null, CreatedDate=null, CreatedById=null, LastModifiedDate=null, LastModifiedById=null, SystemModstamp=null, LastActivityDate=null, LastViewedDate=null, LastReferencedDate=null, Comarca__c=null, Territorio__c=null, N_cliente_existente__c=null, N_telefono__c=659874422, N_telefono_movil__c=null, N_fax__c=null, Cod_tarifa__c=null, Cod_forma_de_pago__c=null, Cod_terminos_de_pago__c=null, Cod_dia_de_pago__c=null, Duracion_contrato_en_toneladas__c=null, Consumo_previsto_Kgs__c=null, Coste_resolucion_anticipada__c=null, Producto_contratado__c=null, Prescriptor__c=null, Segmento__c=1200-AGRI, Importe_prima__c=null, Importe_prima_por_tonelada__c=null, Numero_de_contrato_app__c=null, Rentabilidad_prevista__c=null, dp_cad_min1__c=null, dp_cad_min2__c=null, dp_cad_min3__c=null, SWI__c=null, IBAN__c=null, CIF__c=46255997L, Nombre_cliente__c=null, e_mail__c=monica.barreira@primagas.es, Cod_CNAE__c=null, Entrega_de_producto__c=null, Origen__c=null, Origen_tipo_de_cliente__c=null, Perfil_de_consumo__c=null, Cod_forma_pago_servicios__c=RECIBO, Cod_terminos_pago_servicios__c=CANALIZADO, dp_cad_min4__c=null, dp_cad_min5__c=null, dp_cad_min6__c=null, dto_Kg_1__c=null, dto_Kg_2__c=null, dto_Kg_3__c=null, dto_Kg_4__c=null, dto_Kg_5__c=null, dto_Kg_6__c=null, dcm_propano1__c=null, dcm_propano2__c=null, dcm_propano3__c=null, dcm_propano4__c=null, dto_a_o_1__c=null, dto_a_o_2__c=null, dto_a_o_3__c=null, dto_a_o_4__c=null, Cobertura_movil__c=false, Tipo_de_tanque__c=null, Capacidad_tanque__c=null, Tipo__c=null, Tipo_camion__c=null, Perfil_base__c=null, Fecha_prevista_1er_llenado__c=null, Fecha_prevista_obra_civil__c=null, TP_tipo_instalacion__c=null, Importe_modalidad_instalacion__c=null, Altitud__c=null, Proyecto_exterior_importe__c=null, Aportaci_n_al_cliente__c=null, Obra_civil_deposito_importe__c=null, Canalizado_promotor__c=null, Obra_civil_zanjas_importe__c=null, Carburante__c=false, Obra_civil_vallado_importe__c=null, Consumo_previsto_GWh__c=null, ECD_grua_importe__c=null, Consumo_previsto_tons__c=null, Gestion_instalacion_importe__c=null, Contrato_anterior__c=null, Conexion_gas_red_ext_importe__c=null, Coste_resolucion_anticipada_MWh__c=null, Prueba_instalacion_importe__c=null, Coste_resolucion_anticipada_toneladas__c=null, LI_legaliz_inst_ext_importe__c=null, LI_extintores_importe__c=null, Direccion_de_entrega__c=a003L000003VuPRQA0, Duraci_n_contrato_GWh__c=null, Proyecto_interior_importe__c=null, Duraci_n_del_contrato_a_os__c=1, Conexion_certificado_interior_importe__c=null, Error_Sync__c=false, Contadores_importe__c=null, Estado_2__c=null, Otros_exterior__c=null, Aportacion_maxima_interior__c=null, Caldera__c=null, Inertizado_Dep_Cliente__c=null, Inversion_recuperable__c=null, Inversion_no_recuperable__c=null, Oportunidad__c=null, Modalidad_de_instalaci_n__c=Modular, Otros_interior_importe__c=null, Compraventa_minima_en_kg__c=null, Fecha_ltima_Sync__c=null, Id_Navision__c=null, Importe_SAU__c=null, Importe_alquiler_contador__c=null, Importe_contador_nuevo__c=null, Importe_dep_sito__c=null, Importe_derechos_acometida__c=null, Importe_derechos_de_alta__c=null, Importe_equipos__c=null, Importe_forfait__c=null, Importe_gesti_n_contrato__c=null, Importe_inspecci_n_quinquenal__c=null, Importe_instalaci_n_exterior__c=null, Importe_instalaci_n_interior__c=null, Importe_obra_Civil__c=null, Importe_proyectos__c=null, Importe_reenganche__c=null, Importe_servicios__c=null, Importe_t_rmino_fijo__c=null, Motivo_de_renovacion__c=null, N_Cliente_anterior__c=94026762, N_mero_de_vaporizadores__c=null, Prescriptor_no_en_BD__c=null, Primaconta__c=false, Primaservicios_gratuitos__c=true, Promotor__c=null, Reminder_terms_code__c=30, Responsabilidad_Primagas__c=null, Responsabilidad_cliente__c=null, Segmento_1__c=null, Segmento_2__c=null, Servicios__c=null, Subcontratista__c=null, Subcontratista_no_BD__c=null, Tarifa__c=null, Tipo_GNL__c=null, Tipo_de_descuento__c=null, Toma_agua_15_m__c=false, Uso__c=null, Vaporizaci_n_Nm3h__c=null, dcm_propano5__c=null, dcm_propano6__c=null, dto_1__c=null, dto_2__c=null, dto_3__c=null, dto_4__c=null, dto_5__c=null, dto_6__c=null, dto_a_o_5__c=null, dto_a_o_6__c=null, Fecha_fin_contrato__c=null, Campa_a_relacionada__c=null, Coordenadas_GPS__Latitude__s=null, Coordenadas_GPS__Longitude__s=null, Derechos_de_titular__c=null, Directorio_pdf__c=null, Entrega_y_colocacion_deposito__c=null, Equipos_instalacion__c=null, Instalacion_exterior__c=null, Instalacion_y_certificado_interior__c=null, Instalador__c=null, Obra_civil_deposito__c=null, Obra_civil_tuberia__c=null, Observaciones_equipos__c=null, Otros_Primagas__c=null, Otros_cliente__c=null, Pago_fraccionado__c=false, Plazo_de_pagos__c=null, Presentacion_en_ayuntamiento__c=null, Proyectista__c=null, Proyecto_exterior_memoria__c=null, Proyecto_interior__c=null, Tramo_con_descuento__c=null, Ubicacion_deposito__c=null, Vallado__c=null, Telemedida__c=false, Forma_de_pago_forfait__c=null, Observaciones_generales__c=null, emailDestinatarioBorrador__c=null, Contrato_original_recibido__c=false, N_Cliente_Navision__c=0, Pago_prima__c=false, Factura_n__c=null, Fraccionar_pago_1er_llenado_en_3__c=false, Tanque_propio__c=false, OldCustomerNavCode__c=94026762, OldShiptoCode__c=01, Ultima_lectura_de_contador__c=null, N_Pedido_creado__c=null, N_Prescriptor__c=R, Campa_a_aplicada__c=false, DNI__c=null, Pedido_Instalaci_n_creado__c=false, Primaservicios_mes1__c=0.00, Primaservicios_mes2__c=0.00, Primaservicios_mes3__c=0.00, Primaservicios_mes4__c=0.00, Primaservicios_mes5__c=0.00, Tipo_residencia__c=null, Financiacion_externa__c=false, IsTitularChange__c=false, Tramo__c=1, uso_en_contrato__c=null, DateFirstFilled__c=2020-11-24 00:00:00, conv_importe_term_fijo__c=null, conv_importe_SAU__c=00, conv_total2_ds__c=null, conv_fecha_firma_cliente__c=23/9/2022, ExternalId__c=null, IntegrationErrorStatus__c=null, IntegrationErrorMessage__c=null})
11:36:51.374 (413140058)|USER_DEBUG|[73]|DEBUG|## loadData BEFORE contratosAnteriores: ()
11:36:51.374 (413186586)|USER_DEBUG|[74]|DEBUG|## after loadData BEFORE
11:36:51.374 (413220648)|METHOD_EXIT|[23]|01p57000001HcKw|ContractUtil.loadData(List<Contract>, Map<String,Contract>)
11:36:51.374 (413235159)|METHOD_EXIT|[51]|01p57000001HcKv|ContractHandler.bulkBefore(List<SObject>, Map<Id,SObject>)
11:36:51.374 (413299306)|METHOD_ENTRY|[56]|01p57000001HcKv|ContractHandler.beforeInsert(List<SObject>)
11:36:51.374 (413342140)|METHOD_ENTRY|[42]|01p57000001HcKw|ContractUtil.renovarContrato(List<Contract>, Map<String,Contract>)
11:36:51.374 (413380844)|USER_DEBUG|[115]|DEBUG|## before renovarContrato
11:36:51.374 (413602197)|USER_DEBUG|[134]|DEBUG|## after renovarContrato
11:36:51.374 (413621997)|METHOD_EXIT|[42]|01p57000001HcKw|ContractUtil.renovarContrato(List<Contract>, Map<String,Contract>)
11:36:51.374 (413636616)|METHOD_ENTRY|[43]|01p57000001HcKw|ContractUtil.populateContractEndDate(List<Contract>)
11:36:51.374 (413841424)|METHOD_EXIT|[43]|01p57000001HcKw|ContractUtil.populateContractEndDate(List<Contract>)
11:36:51.374 (413853857)|METHOD_EXIT|[56]|01p57000001HcKv|ContractHandler.beforeInsert(List<SObject>)
11:36:51.374 (413868209)|METHOD_ENTRY|[92]|01p57000001HcKv|ContractHandler.andFinally()
11:36:51.374 (413885755)|METHOD_ENTRY|[92]|01p57000001HcKw|ContractUtil.insertUpdateDeleteRecords()
11:36:51.374 (414002844)|METHOD_EXIT|[92]|01p57000001HcKw|ContractUtil.insertUpdateDeleteRecords()
11:36:51.374 (414013721)|METHOD_EXIT|[92]|01p57000001HcKv|ContractHandler.andFinally()
11:36:51.374 (414022632)|METHOD_EXIT|[33]|01p57000001HcLT|TriggerFactory.execute(ITrigger)
11:36:51.374 (414032263)|METHOD_EXIT|[4]|01p57000001HcLT|TriggerFactory.createHandler(Schema.SObjectType)
11:36:51.374 (414190575)|CODE_UNIT_FINISHED|ContractTrigger on Contract trigger event BeforeInsert|__sfdc_trigger/ContractTrigger
11:36:51.502 (502171518)|CODE_UNIT_STARTED|[EXTERNAL]|01q57000000g1Lq|ContractTrigger on Contract trigger event AfterInsert|__sfdc_trigger/ContractTrigger
11:36:51.502 (502416153)|USER_DEBUG|[3]|DEBUG|**** Contract Trigger ****
11:36:51.502 (502467253)|METHOD_ENTRY|[4]|01p57000001HcLT|TriggerFactory.createHandler(Schema.SObjectType)
11:36:51.502 (504141673)|METHOD_ENTRY|[27]|01p57000001HcLT|TriggerFactory.getHandler(Configuration_Switch__mdt, String)
11:36:51.502 (504182259)|METHOD_ENTRY|[112]||System.Type.forName(String)
11:36:51.502 (504326251)|METHOD_EXIT|[112]||System.Type.forName(String)
11:36:51.502 (504339178)|METHOD_ENTRY|[119]||System.Type.newInstance()
11:36:51.502 (504418834)|METHOD_EXIT|[119]||System.Type.newInstance()
11:36:51.502 (504490673)|METHOD_EXIT|[27]|01p57000001HcLT|TriggerFactory.getHandler(Configuration_Switch__mdt, String)
11:36:51.502 (504504960)|METHOD_ENTRY|[33]|01p57000001HcLT|TriggerFactory.execute(ITrigger)
11:36:51.502 (504560611)|METHOD_ENTRY|[72]|01p57000001HcKv|ContractHandler.bulkAfter(List<SObject>, Map<Id,SObject>)
11:36:51.502 (504604265)|METHOD_ENTRY|[28]|01p57000001HcKw|ContractUtil.loadData(List<SObject>, Map<String,Account>)
11:36:51.502 (504652546)|USER_DEBUG|[25]|DEBUG|## before loadData AFTER
11:36:51.502 (511225557)|USER_DEBUG|[46]|DEBUG|## after loadData AFTER
11:36:51.502 (511273143)|METHOD_EXIT|[28]|01p57000001HcKw|ContractUtil.loadData(List<SObject>, Map<String,Account>)
11:36:51.502 (511306870)|METHOD_ENTRY|[32]|01p57000001HcKw|ContractUtil.createOpportunitiesMap(List<Contract>)
11:36:51.502 (514405638)|SYSTEM_METHOD_ENTRY|[7]|QueryLocatorIterator.QueryLocatorIterator()
11:36:51.502 (514429929)|SYSTEM_METHOD_EXIT|[7]|QueryLocatorIterator
11:36:51.502 (514510061)|METHOD_ENTRY|[95]||Database.QueryLocatorIterator.hasNext()
11:36:51.502 (514529902)|METHOD_EXIT|[95]||Database.QueryLocatorIterator.hasNext()
11:36:51.502 (514561241)|METHOD_EXIT|[32]|01p57000001HcKw|ContractUtil.createOpportunitiesMap(List<Contract>)
11:36:51.502 (514574950)|METHOD_EXIT|[72]|01p57000001HcKv|ContractHandler.bulkAfter(List<SObject>, Map<Id,SObject>)
11:36:51.502 (514625997)|METHOD_ENTRY|[77]|01p57000001HcKv|ContractHandler.afterInsert(List<SObject>)
11:36:51.502 (514659428)|METHOD_ENTRY|[64]|01p57000001HcKw|ContractUtil.cambiarEstadoOportunidadCerradaGanada(List<Contract>)
11:36:51.502 (514912437)|USER_DEBUG|[266]|DEBUG|Contratos firmados: ()
11:36:51.502 (517469044)|USER_DEBUG|[278]|DEBUG|Oportunidades a pasar al estado "Cerrada ganada": ()
11:36:51.502 (517523354)|METHOD_EXIT|[64]|01p57000001HcKw|ContractUtil.cambiarEstadoOportunidadCerradaGanada(List<Contract>)
11:36:51.502 (517543311)|METHOD_ENTRY|[65]|01p57000001HcKw|ContractUtil.updateOppsWithContract(List<Contract>)
11:36:51.502 (517677464)|METHOD_EXIT|[65]|01p57000001HcKw|ContractUtil.updateOppsWithContract(List<Contract>)
11:36:51.502 (517689567)|METHOD_EXIT|[77]|01p57000001HcKv|ContractHandler.afterInsert(List<SObject>)
11:36:51.502 (517703712)|METHOD_ENTRY|[92]|01p57000001HcKv|ContractHandler.andFinally()
11:36:51.502 (517714175)|METHOD_ENTRY|[92]|01p57000001HcKw|ContractUtil.insertUpdateDeleteRecords()
11:36:51.502 (517761529)|METHOD_EXIT|[92]|01p57000001HcKw|ContractUtil.insertUpdateDeleteRecords()
11:36:51.502 (517768801)|METHOD_EXIT|[92]|01p57000001HcKv|ContractHandler.andFinally()
11:36:51.502 (517779400)|METHOD_EXIT|[33]|01p57000001HcLT|TriggerFactory.execute(ITrigger)
11:36:51.502 (517789983)|METHOD_EXIT|[4]|01p57000001HcLT|TriggerFactory.createHandler(Schema.SObjectType)
11:36:51.502 (517967999)|CODE_UNIT_FINISHED|ContractTrigger on Contract trigger event AfterInsert|__sfdc_trigger/ContractTrigger
11:36:51.520 (520180516)|CODE_UNIT_STARTED|[EXTERNAL]|Workflow:Contract
11:36:51.637 (637925798)|CODE_UNIT_STARTED|[EXTERNAL]|01q57000000g1Lr|DireccionEnvioTrigger on Direcci_n_de_entrega trigger event BeforeUpdate|__sfdc_trigger/DireccionEnvioTrigger
11:36:51.637 (638261512)|USER_DEBUG|[3]|DEBUG|**** DireccionEnvio Trigger ****
11:36:51.637 (638354095)|METHOD_ENTRY|[4]|01p57000001HcLT|TriggerFactory.createHandler(Schema.SObjectType)
11:36:51.637 (639269966)|METHOD_ENTRY|[27]|01p57000001HcLT|TriggerFactory.getHandler(Configuration_Switch__mdt, String)
11:36:51.637 (639324825)|METHOD_ENTRY|[112]||System.Type.forName(String)
11:36:51.637 (640235362)|METHOD_EXIT|[112]||System.Type.forName(String)
11:36:51.637 (640260626)|METHOD_ENTRY|[119]||System.Type.newInstance()
11:36:51.637 (640343232)|METHOD_ENTRY|[5]|01p57000001HcKz|DireccionEnvioHandler.DireccionEnvioHandler()
11:36:51.637 (640360686)|METHOD_EXIT|[5]|DireccionEnvioHandler
11:36:51.637 (640419370)|METHOD_EXIT|[119]||System.Type.newInstance()
11:36:51.637 (641160186)|METHOD_EXIT|[27]|01p57000001HcLT|TriggerFactory.getHandler(Configuration_Switch__mdt, String)
11:36:51.637 (641191559)|METHOD_ENTRY|[33]|01p57000001HcLT|TriggerFactory.execute(ITrigger)
11:36:51.637 (641403799)|METHOD_ENTRY|[51]|01p57000001HcKz|DireccionEnvioHandler.bulkBefore(List<SObject>, Map<Id,SObject>)
11:36:51.637 (641434745)|METHOD_EXIT|[51]|01p57000001HcKz|DireccionEnvioHandler.bulkBefore(List<SObject>, Map<Id,SObject>)
11:36:51.637 (641506909)|METHOD_ENTRY|[61]|01p57000001HcKz|DireccionEnvioHandler.beforeUpdate(List<SObject>, Map<Id,SObject>)
11:36:51.637 (641558227)|METHOD_EXIT|[61]|01p57000001HcKz|DireccionEnvioHandler.beforeUpdate(List<SObject>, Map<Id,SObject>)
11:36:51.637 (641576519)|METHOD_ENTRY|[92]|01p57000001HcKz|DireccionEnvioHandler.andFinally()
11:36:51.637 (641589225)|METHOD_EXIT|[92]|01p57000001HcKz|DireccionEnvioHandler.andFinally()
11:36:51.637 (641603300)|METHOD_EXIT|[33]|01p57000001HcLT|TriggerFactory.execute(ITrigger)
11:36:51.637 (641617494)|METHOD_EXIT|[4]|01p57000001HcLT|TriggerFactory.createHandler(Schema.SObjectType)
11:36:51.637 (641916584)|CODE_UNIT_FINISHED|DireccionEnvioTrigger on Direcci_n_de_entrega trigger event BeforeUpdate|__sfdc_trigger/DireccionEnvioTrigger
11:36:51.649 (649444384)|CODE_UNIT_STARTED|[EXTERNAL]|Validation:Direcci_n_de_entrega:a003L000003VuPR
11:36:51.649 (649571840)|CODE_UNIT_FINISHED|Validation:Direcci_n_de_entrega:a003L000003VuPR
11:36:51.663 (663038240)|CODE_UNIT_STARTED|[EXTERNAL]|01q57000000g1Lr|DireccionEnvioTrigger on Direcci_n_de_entrega trigger event AfterUpdate|__sfdc_trigger/DireccionEnvioTrigger
11:36:51.663 (663362031)|USER_DEBUG|[3]|DEBUG|**** DireccionEnvio Trigger ****
11:36:51.663 (663434741)|METHOD_ENTRY|[4]|01p57000001HcLT|TriggerFactory.createHandler(Schema.SObjectType)
11:36:51.663 (664288236)|METHOD_ENTRY|[27]|01p57000001HcLT|TriggerFactory.getHandler(Configuration_Switch__mdt, String)
11:36:51.663 (664347117)|METHOD_ENTRY|[112]||System.Type.forName(String)
11:36:51.663 (664541660)|METHOD_EXIT|[112]||System.Type.forName(String)
11:36:51.663 (664562238)|METHOD_ENTRY|[119]||System.Type.newInstance()
11:36:51.663 (664673387)|METHOD_EXIT|[119]||System.Type.newInstance()
11:36:51.663 (664786030)|METHOD_EXIT|[27]|01p57000001HcLT|TriggerFactory.getHandler(Configuration_Switch__mdt, String)
11:36:51.663 (664815792)|METHOD_ENTRY|[33]|01p57000001HcLT|TriggerFactory.execute(ITrigger)
11:36:51.663 (664911096)|METHOD_ENTRY|[72]|01p57000001HcKz|DireccionEnvioHandler.bulkAfter(List<SObject>, Map<Id,SObject>)
11:36:51.663 (665673279)|METHOD_ENTRY|[1]|01p57000001HcL0|DireccionEnvioUtil.DireccionEnvioUtil()
11:36:51.663 (665738391)|METHOD_EXIT|[1]|DireccionEnvioUtil
11:36:51.663 (665761173)|METHOD_ENTRY|[27]|01p57000001HcL0|DireccionEnvioUtil.loadData(List<Direcci_n_de_entrega__c>, Map<String,Account>)
11:36:51.663 (665907847)|USER_DEBUG|[11]|DEBUG|## before loadData mapaCLientes: {}
11:36:51.663 (676538763)|USER_DEBUG|[27]|DEBUG|## after loadData mapaClientes: {0013L00000KN807QAD=Account:{Id=0013L00000KN807QAD, Name=TEST6, RecordTypeId=0122p000000t6eFAAQ}}
11:36:51.663 (676586340)|METHOD_EXIT|[27]|01p57000001HcL0|DireccionEnvioUtil.loadData(List<Direcci_n_de_entrega__c>, Map<String,Account>)
11:36:51.663 (676605635)|METHOD_EXIT|[72]|01p57000001HcKz|DireccionEnvioHandler.bulkAfter(List<SObject>, Map<Id,SObject>)
11:36:51.663 (676687686)|METHOD_ENTRY|[82]|01p57000001HcKz|DireccionEnvioHandler.afterUpdate(List<SObject>, Map<Id,SObject>)
11:36:51.663 (676738689)|METHOD_ENTRY|[63]|01p57000001HcL0|DireccionEnvioUtil.SincronizarClientes(List<Direcci_n_de_entrega__c>, Map<String,Account>)
11:36:51.663 (676830645)|USER_DEBUG|[33]|DEBUG|## before SincronizarClientes semaforoUpdate: true
11:36:51.663 (724659778)|METHOD_ENTRY|[112]||Database.QueryLocatorIterator.hasNext()
11:36:51.663 (724784685)|METHOD_EXIT|[112]||Database.QueryLocatorIterator.hasNext()
11:36:51.663 (724796965)|METHOD_ENTRY|[112]||Database.QueryLocatorIterator.next()
11:36:51.663 (724890021)|METHOD_EXIT|[112]||Database.QueryLocatorIterator.next()
11:36:51.663 (725248031)|METHOD_ENTRY|[112]||Database.QueryLocatorIterator.hasNext()
11:36:51.663 (725288722)|METHOD_EXIT|[112]||Database.QueryLocatorIterator.hasNext()
11:36:51.663 (725299174)|METHOD_ENTRY|[112]||Database.QueryLocatorIterator.next()
11:36:51.663 (725353232)|METHOD_EXIT|[112]||Database.QueryLocatorIterator.next()
11:36:51.663 (725426478)|METHOD_ENTRY|[112]||Database.QueryLocatorIterator.hasNext()
11:36:51.663 (725441423)|METHOD_EXIT|[112]||Database.QueryLocatorIterator.hasNext()
11:36:51.663 (725448758)|METHOD_ENTRY|[112]||Database.QueryLocatorIterator.next()
11:36:51.663 (725477183)|METHOD_EXIT|[112]||Database.QueryLocatorIterator.next()
11:36:51.663 (725523759)|METHOD_ENTRY|[112]||Database.QueryLocatorIterator.hasNext()
11:36:51.663 (725537920)|METHOD_EXIT|[112]||Database.QueryLocatorIterator.hasNext()
11:36:51.663 (725542941)|METHOD_ENTRY|[112]||Database.QueryLocatorIterator.next()
11:36:51.663 (725570988)|METHOD_EXIT|[112]||Database.QueryLocatorIterator.next()
11:36:51.663 (725627035)|METHOD_ENTRY|[112]||Database.QueryLocatorIterator.hasNext()
11:36:51.663 (725643881)|METHOD_EXIT|[112]||Database.QueryLocatorIterator.hasNext()
11:36:51.663 (725652364)|METHOD_ENTRY|[112]||Database.QueryLocatorIterator.next()
11:36:51.663 (725678977)|METHOD_EXIT|[112]||Database.QueryLocatorIterator.next()
11:36:51.663 (725745949)|METHOD_ENTRY|[112]||Database.QueryLocatorIterator.hasNext()
11:36:51.663 (725770450)|METHOD_EXIT|[112]||Database.QueryLocatorIterator.hasNext()
11:36:51.663 (725780390)|METHOD_ENTRY|[112]||Database.QueryLocatorIterator.next()
11:36:51.663 (725828979)|METHOD_EXIT|[112]||Database.QueryLocatorIterator.next()
11:36:51.663 (725930619)|METHOD_ENTRY|[112]||Database.QueryLocatorIterator.hasNext()
11:36:51.663 (725956961)|METHOD_EXIT|[112]||Database.QueryLocatorIterator.hasNext()
11:36:51.663 (725968238)|METHOD_ENTRY|[112]||Database.QueryLocatorIterator.next()
11:36:51.663 (726012276)|METHOD_EXIT|[112]||Database.QueryLocatorIterator.next()
11:36:51.663 (726089638)|METHOD_ENTRY|[112]||Database.QueryLocatorIterator.hasNext()
11:36:51.663 (726111227)|METHOD_EXIT|[112]||Database.QueryLocatorIterator.hasNext()
11:36:51.663 (726116874)|METHOD_ENTRY|[112]||Database.QueryLocatorIterator.next()
11:36:51.663 (726164053)|METHOD_EXIT|[112]||Database.QueryLocatorIterator.next()
11:36:51.663 (726224411)|METHOD_ENTRY|[112]||Database.QueryLocatorIterator.hasNext()
11:36:51.663 (726246237)|METHOD_EXIT|[112]||Database.QueryLocatorIterator.hasNext()
11:36:51.663 (726255510)|METHOD_ENTRY|[112]||Database.QueryLocatorIterator.next()
11:36:51.663 (726294996)|METHOD_EXIT|[112]||Database.QueryLocatorIterator.next()
11:36:51.663 (726355246)|METHOD_ENTRY|[112]||Database.QueryLocatorIterator.hasNext()
11:36:51.663 (726369237)|METHOD_EXIT|[112]||Database.QueryLocatorIterator.hasNext()
11:36:51.663 (726378363)|METHOD_ENTRY|[112]||Database.QueryLocatorIterator.next()
11:36:51.663 (726415722)|METHOD_EXIT|[112]||Database.QueryLocatorIterator.next()
11:36:51.663 (726471020)|METHOD_ENTRY|[112]||Database.QueryLocatorIterator.hasNext()
11:36:51.663 (726492308)|METHOD_EXIT|[112]||Database.QueryLocatorIterator.hasNext()
11:36:51.663 (726503498)|METHOD_ENTRY|[112]||Database.QueryLocatorIterator.next()
11:36:51.663 (726546163)|METHOD_EXIT|[112]||Database.QueryLocatorIterator.next()
11:36:51.663 (726609016)|METHOD_ENTRY|[112]||Database.QueryLocatorIterator.hasNext()
11:36:51.663 (726626597)|METHOD_EXIT|[112]||Database.QueryLocatorIterator.hasNext()
11:36:51.663 (726635528)|METHOD_ENTRY|[112]||Database.QueryLocatorIterator.next()
11:36:51.663 (726674327)|METHOD_EXIT|[112]||Database.QueryLocatorIterator.next()
11:36:51.663 (726746409)|METHOD_ENTRY|[112]||Database.QueryLocatorIterator.hasNext()
11:36:51.663 (726767882)|METHOD_EXIT|[112]||Database.QueryLocatorIterator.hasNext()
11:36:51.663 (726777797)|METHOD_ENTRY|[112]||Database.QueryLocatorIterator.next()
11:36:51.663 (726827215)|METHOD_EXIT|[112]||Database.QueryLocatorIterator.next()
11:36:51.663 (726918770)|METHOD_ENTRY|[112]||Database.QueryLocatorIterator.hasNext()
11:36:51.663 (726941403)|METHOD_EXIT|[112]||Database.QueryLocatorIterator.hasNext()
11:36:51.663 (726951178)|METHOD_ENTRY|[112]||Database.QueryLocatorIterator.next()
11:36:51.663 (726991894)|METHOD_EXIT|[112]||Database.QueryLocatorIterator.next()
11:36:51.663 (727054804)|METHOD_ENTRY|[112]||Database.QueryLocatorIterator.hasNext()
11:36:51.663 (727073833)|METHOD_EXIT|[112]||Database.QueryLocatorIterator.hasNext()
11:36:51.663 (727083218)|METHOD_ENTRY|[112]||Database.QueryLocatorIterator.next()
11:36:51.663 (727127138)|METHOD_EXIT|[112]||Database.QueryLocatorIterator.next()
11:36:51.663 (727187868)|METHOD_ENTRY|[112]||Database.QueryLocatorIterator.hasNext()
11:36:51.663 (727208552)|METHOD_EXIT|[112]||Database.QueryLocatorIterator.hasNext()
11:36:51.663 (727217560)|METHOD_ENTRY|[112]||Database.QueryLocatorIterator.next()
11:36:51.663 (727256172)|METHOD_EXIT|[112]||Database.QueryLocatorIterator.next()
11:36:51.663 (727315650)|METHOD_ENTRY|[112]||Database.QueryLocatorIterator.hasNext()
11:36:51.663 (727340636)|METHOD_EXIT|[112]||Database.QueryLocatorIterator.hasNext()
11:36:51.663 (727350313)|METHOD_ENTRY|[112]||Database.QueryLocatorIterator.next()
11:36:51.663 (727390836)|METHOD_EXIT|[112]||Database.QueryLocatorIterator.next()
11:36:51.663 (727471962)|METHOD_ENTRY|[112]||Database.QueryLocatorIterator.hasNext()
11:36:51.663 (727492286)|METHOD_EXIT|[112]||Database.QueryLocatorIterator.hasNext()
11:36:51.663 (727498614)|METHOD_ENTRY|[112]||Database.QueryLocatorIterator.next()
11:36:51.663 (727540118)|METHOD_EXIT|[112]||Database.QueryLocatorIterator.next()
11:36:51.663 (727602711)|METHOD_ENTRY|[112]||Database.QueryLocatorIterator.hasNext()
11:36:51.663 (727625138)|METHOD_EXIT|[112]||Database.QueryLocatorIterator.hasNext()
11:36:51.663 (727634785)|METHOD_ENTRY|[112]||Database.QueryLocatorIterator.next()
11:36:51.663 (727677901)|METHOD_EXIT|[112]||Database.QueryLocatorIterator.next()
11:36:51.663 (727743096)|METHOD_ENTRY|[112]||Database.QueryLocatorIterator.hasNext()
11:36:51.663 (727767465)|METHOD_EXIT|[112]||Database.QueryLocatorIterator.hasNext()
11:36:51.663 (727774836)|METHOD_ENTRY|[112]||Database.QueryLocatorIterator.next()
11:36:51.663 (727829990)|METHOD_EXIT|[112]||Database.QueryLocatorIterator.next()
11:36:51.663 (727891868)|METHOD_ENTRY|[112]||Database.QueryLocatorIterator.hasNext()
11:36:51.663 (727910155)|METHOD_EXIT|[112]||Database.QueryLocatorIterator.hasNext()
11:36:51.663 (727916468)|METHOD_ENTRY|[112]||Database.QueryLocatorIterator.next()
11:36:51.663 (727951902)|METHOD_EXIT|[112]||Database.QueryLocatorIterator.next()
11:36:51.663 (728007571)|METHOD_ENTRY|[112]||Database.QueryLocatorIterator.hasNext()
11:36:51.663 (728025003)|METHOD_EXIT|[112]||Database.QueryLocatorIterator.hasNext()
11:36:51.663 (728031467)|METHOD_ENTRY|[112]||Database.QueryLocatorIterator.next()
11:36:51.663 (728064766)|METHOD_EXIT|[112]||Database.QueryLocatorIterator.next()
11:36:51.663 (728143470)|METHOD_ENTRY|[112]||Database.QueryLocatorIterator.hasNext()
11:36:51.663 (728160288)|METHOD_EXIT|[112]||Database.QueryLocatorIterator.hasNext()
11:36:51.663 (728166641)|METHOD_ENTRY|[112]||Database.QueryLocatorIterator.next()
11:36:51.663 (728200457)|METHOD_EXIT|[112]||Database.QueryLocatorIterator.next()
11:36:51.663 (728256012)|METHOD_ENTRY|[112]||Database.QueryLocatorIterator.hasNext()
11:36:51.663 (728273018)|METHOD_EXIT|[112]||Database.QueryLocatorIterator.hasNext()
11:36:51.663 (728279463)|METHOD_ENTRY|[112]||Database.QueryLocatorIterator.next()
11:36:51.663 (728314151)|METHOD_EXIT|[112]||Database.QueryLocatorIterator.next()
11:36:51.663 (728369801)|METHOD_ENTRY|[112]||Database.QueryLocatorIterator.hasNext()
11:36:51.663 (728386621)|METHOD_EXIT|[112]||Database.QueryLocatorIterator.hasNext()
11:36:51.663 (728392967)|METHOD_ENTRY|[112]||Database.QueryLocatorIterator.next()
11:36:51.663 (728426117)|METHOD_EXIT|[112]||Database.QueryLocatorIterator.next()
11:36:51.663 (728478927)|METHOD_ENTRY|[112]||Database.QueryLocatorIterator.hasNext()
11:36:51.663 (728496102)|METHOD_EXIT|[112]||Database.QueryLocatorIterator.hasNext()
11:36:51.663 (728502843)|METHOD_ENTRY|[112]||Database.QueryLocatorIterator.next()
11:36:51.663 (728536639)|METHOD_EXIT|[112]||Database.QueryLocatorIterator.next()
11:36:51.663 (728589746)|METHOD_ENTRY|[112]||Database.QueryLocatorIterator.hasNext()
11:36:51.663 (728606888)|METHOD_EXIT|[112]||Database.QueryLocatorIterator.hasNext()
11:36:51.663 (728613346)|METHOD_ENTRY|[112]||Database.QueryLocatorIterator.next()
11:36:51.663 (728650331)|METHOD_EXIT|[112]||Database.QueryLocatorIterator.next()
11:36:51.663 (728729758)|METHOD_ENTRY|[112]||Database.QueryLocatorIterator.hasNext()
11:36:51.663 (728750932)|METHOD_EXIT|[112]||Database.QueryLocatorIterator.hasNext()
11:36:51.663 (728757348)|METHOD_ENTRY|[112]||Database.QueryLocatorIterator.next()
11:36:51.663 (728798685)|METHOD_EXIT|[112]||Database.QueryLocatorIterator.next()
11:36:51.663 (728888228)|METHOD_ENTRY|[112]||Database.QueryLocatorIterator.hasNext()
11:36:51.663 (728909568)|METHOD_EXIT|[112]||Database.QueryLocatorIterator.hasNext()
11:36:51.663 (728918477)|METHOD_ENTRY|[112]||Database.QueryLocatorIterator.next()
11:36:51.663 (728953574)|METHOD_EXIT|[112]||Database.QueryLocatorIterator.next()
11:36:51.663 (729013285)|METHOD_ENTRY|[112]||Database.QueryLocatorIterator.hasNext()
11:36:51.663 (729031606)|METHOD_EXIT|[112]||Database.QueryLocatorIterator.hasNext()
11:36:51.663 (729037933)|METHOD_ENTRY|[112]||Database.QueryLocatorIterator.next()
11:36:51.663 (729081847)|METHOD_EXIT|[112]||Database.QueryLocatorIterator.next()
11:36:51.663 (729140549)|METHOD_ENTRY|[112]||Database.QueryLocatorIterator.hasNext()
11:36:51.663 (729159454)|METHOD_EXIT|[112]||Database.QueryLocatorIterator.hasNext()
11:36:51.663 (729167909)|METHOD_ENTRY|[112]||Database.QueryLocatorIterator.next()
11:36:51.663 (729202034)|METHOD_EXIT|[112]||Database.QueryLocatorIterator.next()
11:36:51.663 (729296737)|METHOD_ENTRY|[112]||Database.QueryLocatorIterator.hasNext()
11:36:51.663 (729314540)|METHOD_EXIT|[112]||Database.QueryLocatorIterator.hasNext()
11:36:51.663 (729322580)|METHOD_ENTRY|[112]||Database.QueryLocatorIterator.next()
11:36:51.663 (729365538)|METHOD_EXIT|[112]||Database.QueryLocatorIterator.next()
11:36:51.663 (729424699)|METHOD_ENTRY|[112]||Database.QueryLocatorIterator.hasNext()
11:36:51.663 (729445664)|METHOD_EXIT|[112]||Database.QueryLocatorIterator.hasNext()
11:36:51.663 (729455386)|METHOD_ENTRY|[112]||Database.QueryLocatorIterator.next()
11:36:51.663 (729494237)|METHOD_EXIT|[112]||Database.QueryLocatorIterator.next()
11:36:51.663 (729555171)|METHOD_ENTRY|[112]||Database.QueryLocatorIterator.hasNext()
11:36:51.663 (729575406)|METHOD_EXIT|[112]||Database.QueryLocatorIterator.hasNext()
11:36:51.663 (729584580)|METHOD_ENTRY|[112]||Database.QueryLocatorIterator.next()
11:36:51.663 (729622297)|METHOD_EXIT|[112]||Database.QueryLocatorIterator.next()
11:36:51.663 (729692566)|METHOD_ENTRY|[112]||Database.QueryLocatorIterator.hasNext()
11:36:51.663 (729711975)|METHOD_EXIT|[112]||Database.QueryLocatorIterator.hasNext()
11:36:51.663 (729720768)|METHOD_ENTRY|[112]||Database.QueryLocatorIterator.next()
11:36:51.663 (729757843)|METHOD_EXIT|[112]||Database.QueryLocatorIterator.next()
11:36:51.663 (729834547)|METHOD_ENTRY|[112]||Database.QueryLocatorIterator.hasNext()
11:36:51.663 (729855129)|METHOD_EXIT|[112]||Database.QueryLocatorIterator.hasNext()
11:36:51.663 (729864595)|METHOD_ENTRY|[112]||Database.QueryLocatorIterator.next()
11:36:51.663 (729907201)|METHOD_EXIT|[112]||Database.QueryLocatorIterator.next()
11:36:51.663 (729974361)|METHOD_ENTRY|[112]||Database.QueryLocatorIterator.hasNext()
11:36:51.663 (729987307)|METHOD_EXIT|[112]||Database.QueryLocatorIterator.hasNext()
11:36:51.663 (730591651)|USER_DEBUG|[59]|DEBUG|Clientes a sincronizar -> ()
11:36:51.663 (730679255)|USER_DEBUG|[66]|DEBUG|## after SincronizarClientes semaforoUpdate: true
11:36:51.663 (730709543)|METHOD_EXIT|[63]|01p57000001HcL0|DireccionEnvioUtil.SincronizarClientes(List<Direcci_n_de_entrega__c>, Map<String,Account>)
11:36:51.663 (730730422)|METHOD_ENTRY|[64]|01p57000001HcL0|DireccionEnvioUtil.ComprobarContratos(List<Direcci_n_de_entrega__c>)
11:36:51.663 (740455521)|METHOD_ENTRY|[71]|01p57000001HcKw|ContractUtil.populateContractEndDate(List<Contract>)
11:36:51.663 (740685118)|METHOD_EXIT|[71]|01p57000001HcKw|ContractUtil.populateContractEndDate(List<Contract>)
11:36:51.663 (740702333)|METHOD_EXIT|[64]|01p57000001HcL0|DireccionEnvioUtil.ComprobarContratos(List<Direcci_n_de_entrega__c>)
11:36:51.663 (740716898)|METHOD_EXIT|[82]|01p57000001HcKz|DireccionEnvioHandler.afterUpdate(List<SObject>, Map<Id,SObject>)
11:36:51.663 (740730311)|METHOD_ENTRY|[92]|01p57000001HcKz|DireccionEnvioHandler.andFinally()
11:36:51.663 (740740009)|METHOD_EXIT|[92]|01p57000001HcKz|DireccionEnvioHandler.andFinally()
11:36:51.663 (740750966)|METHOD_EXIT|[33]|01p57000001HcLT|TriggerFactory.execute(ITrigger)
11:36:51.663 (740761885)|METHOD_EXIT|[4]|01p57000001HcLT|TriggerFactory.createHandler(Schema.SObjectType)
11:36:51.663 (741019854)|CODE_UNIT_FINISHED|DireccionEnvioTrigger on Direcci_n_de_entrega trigger event AfterUpdate|__sfdc_trigger/DireccionEnvioTrigger
11:36:51.742 (742921913)|CODE_UNIT_STARTED|[EXTERNAL]|Workflow:01ID0000000mORr
11:36:51.742 (765854790)|CODE_UNIT_FINISHED|Workflow:01ID0000000mORr
11:36:51.520 (784450321)|CODE_UNIT_FINISHED|Workflow:Contract
11:36:51.785 (785177831)|CODE_UNIT_STARTED|[EXTERNAL]|Flow:Contract
11:36:51.785 (785207236)|CODE_UNIT_FINISHED|Flow:Contract
11:36:51.785 (785251173)|CODE_UNIT_STARTED|[EXTERNAL]|Flow:Contract
11:36:51.785 (785265896)|CODE_UNIT_FINISHED|Flow:Contract
