31.0 APEX_CODE,FINE;APEX_PROFILING,NONE;CALLOUT,INFO;DB,NONE;NBA,INFO;SYSTEM,NONE;VALIDATION,NONE;VISUALFORCE,FINE;WAVE,NONE;WORKFLOW,NONE
17:49:27.0 (684164)|USER_INFO|[EXTERNAL]|0052p000008i9TA|n.gonzalez@blackbirdcrew.com.pre|hora estándar de Europa central|GMT+02:00
17:49:27.0 (747656)|EXECUTION_STARTED
17:49:27.0 (756653)|CODE_UNIT_STARTED|[EXTERNAL]|FutureHandler - state load
17:49:27.0 (9235729)|CODE_UNIT_FINISHED|FutureHandler - state load
17:49:27.0 (9263318)|EXECUTION_FINISHED
17:49:27.56 (56649973)|USER_INFO|[EXTERNAL]|0052p000008i9TA|n.gonzalez@blackbirdcrew.com.pre|hora estándar de Europa central|GMT+02:00
17:49:27.56 (56681028)|EXECUTION_STARTED
17:49:27.56 (56687494)|CODE_UNIT_STARTED|[EXTERNAL]|01p57000001HcLI|SyncNav.SincronizarClientesFuture(List<String>)
17:49:27.56 (60470961)|METHOD_ENTRY|[8]|01p57000001HcLI|SyncNav.SyncNav()
17:49:27.56 (62782920)|METHOD_EXIT|[8]|SyncNav
17:49:27.56 (65646576)|METHOD_ENTRY|[10]|01p57000001HcL3|LogUtil.LogUtil()
17:49:27.56 (65678067)|METHOD_EXIT|[10]|LogUtil
17:49:27.56 (65729788)|METHOD_ENTRY|[83]|01p57000001HcL3|LogUtil.crearLog(String, String, String, String, Boolean)
17:49:27.56 (130491852)|SYSTEM_METHOD_ENTRY|[1]|Test.Test()
17:49:27.56 (130575825)|SYSTEM_METHOD_EXIT|[1]|Test
17:49:27.56 (130597385)|METHOD_ENTRY|[37]||System.Test.isRunningTest()
17:49:27.56 (130644333)|METHOD_EXIT|[37]||System.Test.isRunningTest()
17:49:27.56 (130704031)|METHOD_EXIT|[83]|01p57000001HcL3|LogUtil.crearLog(String, String, String, String, Boolean)
17:49:27.56 (130730804)|METHOD_ENTRY|[84]|01p57000001HcLI|SyncNav.SincronizarClientes(List<String>, Boolean)
17:49:27.56 (130808213)|USER_DEBUG|[92]|DEBUG|## before SincronizarCliente
17:49:27.56 (130869909)|USER_DEBUG|[93]|DEBUG|clientesSyncIDs: (0013L00000LfR0wQAF)
17:49:27.56 (137991141)|METHOD_ENTRY|[1]|01p57000001HcKs|AccountUtil.AccountUtil()
17:49:27.56 (138046680)|METHOD_EXIT|[1]|AccountUtil
17:49:27.56 (139782357)|METHOD_ENTRY|[1]|01p57000001HcL0|DireccionEnvioUtil.DireccionEnvioUtil()
17:49:27.56 (139833447)|METHOD_EXIT|[1]|DireccionEnvioUtil
17:49:27.56 (213803230)|SYSTEM_METHOD_ENTRY|[7]|QueryLocatorIterator.QueryLocatorIterator()
17:49:27.56 (213841364)|SYSTEM_METHOD_EXIT|[7]|QueryLocatorIterator
17:49:27.56 (214157705)|METHOD_ENTRY|[122]||Database.QueryLocatorIterator.hasNext()
17:49:27.56 (216518012)|METHOD_EXIT|[122]||Database.QueryLocatorIterator.hasNext()
17:49:27.56 (216556655)|METHOD_ENTRY|[122]||Database.QueryLocatorIterator.next()
17:49:27.56 (216656281)|METHOD_EXIT|[122]||Database.QueryLocatorIterator.next()
17:49:27.56 (216765450)|METHOD_ENTRY|[122]||Database.QueryLocatorIterator.hasNext()
17:49:27.56 (216776537)|METHOD_EXIT|[122]||Database.QueryLocatorIterator.hasNext()
17:49:27.56 (220780463)|CONSTRUCTOR_ENTRY|[132]|01p57000001JBgb|<init>()|SchemaCliente.entitySyncDto
17:49:27.56 (221044781)|CONSTRUCTOR_EXIT|[132]|01p57000001JBgb|<init>()|SchemaCliente.entitySyncDto
17:49:27.56 (222334982)|CONSTRUCTOR_ENTRY|[153]|01p57000001JBgb|<init>()|SchemaCliente.etAddres
17:49:27.56 (222977587)|CONSTRUCTOR_EXIT|[153]|01p57000001JBgb|<init>()|SchemaCliente.etAddres
17:49:27.56 (223526672)|USER_DEBUG|[183]|DEBUG|Cliente SF a pasar a Cliente Nav: Account:{Calle_2__c=Street 2 Test, Recibir_factura_por_mail__c=false, OwnerId=0052p000008i9TAAAY, Email2__c=testing2@testing.zt, E_mail__c=testing@testing.zt, Id_Fiscal__c=idFiscalTEST, Provincia__c=Lugo, Pais__c=ES, Calle_Facturacion__c=Street Test, Poblacion_Facturacion__c=Poblacion TEST, Codigo_Postal__c=28000, Phone=600600600, Fax=901901901, Id_Navision__c=94030010, Id=0013L00000LfR0wQAF, Name=Burlington Textiles Corp of America, CreatedById=0052p000008i9TAAAY, IBAN__c=ES5802370367518781424941}
17:49:27.56 (223852362)|CONSTRUCTOR_ENTRY|[184]|01p57000001JBgb|<init>()|SchemaCliente.etCustomer
17:49:27.56 (224531273)|CONSTRUCTOR_EXIT|[184]|01p57000001JBgb|<init>()|SchemaCliente.etCustomer
17:49:27.56 (229397125)|METHOD_ENTRY|[1]|01p57000001HcLC|NavWSUtil.NavWSUtil()
17:49:27.56 (229428138)|METHOD_EXIT|[1]|NavWSUtil
17:49:27.56 (229467440)|METHOD_ENTRY|[264]|01p57000001HcLC|NavWSUtil.peticionWSSincronizarClientes(SchemaCliente.entitySyncDto)
17:49:27.56 (241975231)|METHOD_ENTRY|[8]|01p57000001HcLU|XmlUtil.XmlUtil()
17:49:27.56 (242037733)|METHOD_EXIT|[8]|XmlUtil
17:49:27.56 (242073986)|METHOD_ENTRY|[161]|01p57000001HcLU|XmlUtil.generarXmlSincronizarClientes(SchemaCliente.entitySyncDto)
17:49:27.56 (246337399)|USER_DEBUG|[1401]|DEBUG|Body: <?xml version="1.0" encoding="utf-8"?><soap:Envelope xmlns:soap="http://schemas.xmlsoap.org/soap/envelope/" xmlns:xsi="http://www.w3.org/2001/XMLSchema-instance" xmlns:xsd="http://www.w3.org/2001/XMLSchema"><soap:Body><Sfdc2Nav_CrearCliente xmlns="urn:microsoft-dynamics-schemas/codeunit/PGE_SF"><entitySyncDto><etCustomer xmlns="urn:microsoft-dynamics-nav/xmlports/x50050"><CustomerNo>94030010</CustomerNo><Name/><Name2/><Name_SF/><Surname_SF>Burlington Textiles Corp of America</Surname_SF><Addres>Street Test</Addres><Addres2>Street 2 Test</Addres2><City>Poblacion TEST</City><PostCode>28000</PostCode><County>Lugo</County><Country>ES</Country><Phone>600600600</Phone><Mobile/><Fax>901901901</Fax><email>testing@testing.zt;testing2@testing.zt</email><VatRegistration>idFiscalTEST</VatRegistration><PaymentTerms/><PaymentMethod/><PaymentTermsStdOrd/><PaymentTermsFuelOrd/><PaymentDays/><NoPaymentDays/><Comercial>ngonz</Comercial><eMailInvoice>false</eMailInvoice><IBAN>ES5802370367518781424941</IBAN><SalesForceId>0013L00000LfR0wQAF</SalesForceId><etAddres><ADCode>01</ADCode><ADAddres>Dirección 1 DE</ADAddres><ADAddres2>Dirección 2 DE</ADAddres2><ADCity>Madriz</ADCity><ADCounty>Burgos</ADCounty><ADPostCode>28002</ADPostCode><ADCountry>ES</ADCountry><Activity1>1000-DU</Activity1><Activity2/><FixTemperature/><ADCodePriceDiscount/><ADSalesForceId>a003L000003TKLpQAO</ADSalesForceId></etAddres></etCustomer></entitySyncDto><entitySyncDto_OUT><etCustomer xmlns="urn:microsoft-dynamics-nav/xmlports/x50050"/></entitySyncDto_OUT></Sfdc2Nav_CrearCliente></soap:Body></soap:Envelope>
17:49:27.56 (246399646)|METHOD_EXIT|[161]|01p57000001HcLU|XmlUtil.generarXmlSincronizarClientes(SchemaCliente.entitySyncDto)
17:49:27.56 (251848805)|METHOD_ENTRY|[1]|01p57000001lFxx|Util.Util()
17:49:27.56 (251894608)|METHOD_EXIT|[1]|Util
17:49:27.56 (273356223)|METHOD_ENTRY|[162]|01p57000001HcLC|NavWSUtil.peticionesWSNavision(String, String, String)
17:49:27.56 (276170355)|METHOD_ENTRY|[7]|01p57000001HcL1|HttpClient.HttpClient()
17:49:27.56 (276212428)|METHOD_EXIT|[7]|HttpClient
17:49:27.56 (279338131)|CONSTRUCTOR_ENTRY|[255]|01p57000001HcL1|<init>(String,String,Boolean)|HttpClient
17:49:27.56 (279429165)|METHOD_ENTRY|[59]|01p57000001HcL1|HttpClient.setUser(String)
17:49:27.56 (279530169)|METHOD_EXIT|[59]|01p57000001HcL1|HttpClient.setUser(String)
17:49:27.56 (279559455)|METHOD_ENTRY|[60]|01p57000001HcL1|HttpClient.setPassword(String)
17:49:27.56 (279586504)|METHOD_EXIT|[60]|01p57000001HcL1|HttpClient.setPassword(String)
17:49:27.56 (279602961)|METHOD_ENTRY|[61]|01p57000001HcL1|HttpClient.setIsPreAuthenticate(Boolean)
17:49:27.56 (279626474)|METHOD_EXIT|[61]|01p57000001HcL1|HttpClient.setIsPreAuthenticate(Boolean)
17:49:27.56 (279695091)|METHOD_ENTRY|[11]|01p57000001HcL6|NTLMAuth.NTLMAuth()
17:49:27.56 (279722092)|METHOD_EXIT|[11]|NTLMAuth
17:49:27.56 (279745490)|CONSTRUCTOR_ENTRY|[63]|01p57000001HcL6|<init>()|NTLMAuth
17:49:27.56 (279783491)|CONSTRUCTOR_EXIT|[63]|01p57000001HcL6|<init>()|NTLMAuth
17:49:27.56 (279803418)|CONSTRUCTOR_EXIT|[255]|01p57000001HcL1|<init>(String,String,Boolean)|HttpClient
17:49:27.56 (280570631)|USER_DEBUG|[274]|ERROR|Request Body**: <?xml version="1.0" encoding="utf-8"?><soap:Envelope xmlns:soap="http://schemas.xmlsoap.org/soap/envelope/" xmlns:xsi="http://www.w3.org/2001/XMLSchema-instance" xmlns:xsd="http://www.w3.org/2001/XMLSchema"><soap:Body><Sfdc2Nav_CrearCliente xmlns="urn:microsoft-dynamics-schemas/codeunit/PGE_SF"><entitySyncDto><etCustomer xmlns="urn:microsoft-dynamics-nav/xmlports/x50050"><CustomerNo>94030010</CustomerNo><Name/><Name2/><Name_SF/><Surname_SF>Burlington Textiles Corp of America</Surname_SF><Addres>Street Test</Addres><Addres2>Street 2 Test</Addres2><City>Poblacion TEST</City><PostCode>28000</PostCode><County>Lugo</County><Country>ES</Country><Phone>600600600</Phone><Mobile/><Fax>901901901</Fax><email>testing@testing.zt;testing2@testing.zt</email><VatRegistration>idFiscalTEST</VatRegistration><PaymentTerms/><PaymentMethod/><PaymentTermsStdOrd/><PaymentTermsFuelOrd/><PaymentDays/><NoPaymentDays/><Comercial>ngonz</Comercial><eMailInvoice>false</eMailInvoice><IBAN>ES5802370367518781424941</IBAN><SalesForceId>0013L00000LfR0wQAF</SalesForceId><etAddres><ADCode>01</ADCode><ADAddres>Dirección 1 DE</ADAddres><ADAddres2>Dirección 2 DE</ADAddres2><ADCity>Madriz</ADCity><ADCounty>Burgos</ADCounty><ADPostCode>28002</ADPostCode><ADCountry>ES</ADCountry><Activity1>1000-DU</Activity1><Activity2/><FixTemperature/><ADCodePriceDiscount/><ADSalesForceId>a003L000003TKLpQAO</ADSalesForceId></etAddres></etCustomer></entitySyncDto><entitySyncDto_OUT><etCustomer xmlns="urn:microsoft-dynamics-nav/xmlports/x50050"/></entitySyncDto_OUT></Sfdc2Nav_CrearCliente></soap:Body></soap:Envelope>
17:49:27.56 (280962837)|METHOD_ENTRY|[283]|01p57000001HcL3|LogUtil.crearLog(String, String, String, String, Boolean)
17:49:27.56 (281196345)|METHOD_ENTRY|[37]||System.Test.isRunningTest()
17:49:27.56 (281224772)|METHOD_EXIT|[37]||System.Test.isRunningTest()
17:49:27.56 (281252279)|METHOD_EXIT|[283]|01p57000001HcL3|LogUtil.crearLog(String, String, String, String, Boolean)
17:49:27.56 (281279736)|METHOD_ENTRY|[287]|01p57000001HcL1|HttpClient.send(System.HttpRequest, Map<String,String>)
17:49:27.56 (281313794)|METHOD_ENTRY|[134]|01p57000001HcL1|HttpClient.Clone(System.HttpRequest, Map<String,String>)
17:49:27.56 (281931668)|METHOD_EXIT|[134]|01p57000001HcL1|HttpClient.Clone(System.HttpRequest, Map<String,String>)
17:49:27.56 (281952439)|METHOD_ENTRY|[136]|01p57000001HcL1|HttpClient.getIsPreAuthenticate()
17:49:27.56 (281978679)|METHOD_EXIT|[136]|01p57000001HcL1|HttpClient.getIsPreAuthenticate()
17:49:27.56 (282019413)|METHOD_ENTRY|[137]|01p57000001HcL6|NTLMAuth.getType1Message()
17:49:27.56 (286565774)|METHOD_ENTRY|[12]|01p57000001HcKt|BitConverter.BitConverter()
17:49:27.56 (288233494)|METHOD_EXIT|[12]|BitConverter
17:49:27.56 (288275180)|METHOD_ENTRY|[33]|01p57000001HcKt|BitConverter.getBytesForUInt32(Integer)
17:49:27.56 (288429200)|METHOD_EXIT|[33]|01p57000001HcKt|BitConverter.getBytesForUInt32(Integer)
17:49:27.56 (288468618)|METHOD_ENTRY|[34]|01p57000001HcL6|NTLMAuth.WriteSecurityBuffer(List<Integer>, List<Integer>, List<Integer>)
17:49:27.56 (288506601)|METHOD_ENTRY|[165]|01p57000001HcKt|BitConverter.getBytesForUInt16(Integer)
17:49:27.56 (288569870)|METHOD_EXIT|[165]|01p57000001HcKt|BitConverter.getBytesForUInt16(Integer)
17:49:27.56 (288591975)|METHOD_ENTRY|[166]|01p57000001HcKt|BitConverter.getBytesForUInt16(Integer)
17:49:27.56 (288627422)|METHOD_EXIT|[166]|01p57000001HcKt|BitConverter.getBytesForUInt16(Integer)
17:49:27.56 (288646418)|METHOD_ENTRY|[167]|01p57000001HcKt|BitConverter.getBytesForUInt32(Integer)
17:49:27.56 (288678427)|METHOD_EXIT|[167]|01p57000001HcKt|BitConverter.getBytesForUInt32(Integer)
17:49:27.56 (288697739)|METHOD_EXIT|[34]|01p57000001HcL6|NTLMAuth.WriteSecurityBuffer(List<Integer>, List<Integer>, List<Integer>)
17:49:27.56 (288709894)|METHOD_ENTRY|[35]|01p57000001HcL6|NTLMAuth.WriteSecurityBuffer(List<Integer>, List<Integer>, List<Integer>)
17:49:27.56 (288726269)|METHOD_ENTRY|[165]|01p57000001HcKt|BitConverter.getBytesForUInt16(Integer)
17:49:27.56 (288752519)|METHOD_EXIT|[165]|01p57000001HcKt|BitConverter.getBytesForUInt16(Integer)
17:49:27.56 (288770258)|METHOD_ENTRY|[166]|01p57000001HcKt|BitConverter.getBytesForUInt16(Integer)
17:49:27.56 (288794440)|METHOD_EXIT|[166]|01p57000001HcKt|BitConverter.getBytesForUInt16(Integer)
17:49:27.56 (288811058)|METHOD_ENTRY|[167]|01p57000001HcKt|BitConverter.getBytesForUInt32(Integer)
17:49:27.56 (288839376)|METHOD_EXIT|[167]|01p57000001HcKt|BitConverter.getBytesForUInt32(Integer)
17:49:27.56 (288856112)|METHOD_EXIT|[35]|01p57000001HcL6|NTLMAuth.WriteSecurityBuffer(List<Integer>, List<Integer>, List<Integer>)
17:49:27.56 (288871693)|METHOD_ENTRY|[37]|01p57000001HcKt|BitConverter.encodeBase64String(List<Integer>)
17:49:27.56 (289683469)|METHOD_EXIT|[37]|01p57000001HcKt|BitConverter.encodeBase64String(List<Integer>)
17:49:27.56 (289701220)|METHOD_EXIT|[137]|01p57000001HcL6|NTLMAuth.getType1Message()
17:49:27.56 (289911300)|CALLOUT_REQUEST|[142]|System.HttpRequest[Endpoint=https://bc-acc.primagas.es:7047/bc_ad/WS/PSEnergia/Codeunit/PGE_SF, Method=POST]
17:49:27.56 (404989938)|CALLOUT_RESPONSE|[142]|System.HttpResponse[Status=Unauthorized, StatusCode=401]
17:49:27.56 (405184586)|METHOD_ENTRY|[148]|01p57000001HcL1|HttpClient.handle401Response(System.HttpResponse, System.HttpRequest, Map<String,String>, Integer)
17:49:27.56 (405239547)|METHOD_ENTRY|[184]|01p57000001HcL1|HttpClient.ParseHttpNtlmHeader(System.HttpResponse)
17:49:27.56 (405436038)|METHOD_EXIT|[184]|01p57000001HcL1|HttpClient.ParseHttpNtlmHeader(System.HttpResponse)
17:49:27.56 (405484525)|METHOD_ENTRY|[188]|01p57000001HcL1|HttpClient.Clone(System.HttpRequest, Map<String,String>)
17:49:27.56 (405951086)|METHOD_EXIT|[188]|01p57000001HcL1|HttpClient.Clone(System.HttpRequest, Map<String,String>)
17:49:27.56 (405979293)|METHOD_ENTRY|[189]|01p57000001HcL1|HttpClient.getUser()
17:49:27.56 (406005993)|METHOD_EXIT|[189]|01p57000001HcL1|HttpClient.getUser()
17:49:27.56 (406018838)|METHOD_ENTRY|[189]|01p57000001HcL1|HttpClient.getPassword()
17:49:27.56 (406030178)|METHOD_EXIT|[189]|01p57000001HcL1|HttpClient.getPassword()
17:49:27.56 (406052289)|METHOD_ENTRY|[189]|01p57000001HcL6|NTLMAuth.getType3Message(String, String, String)
17:49:27.56 (406210464)|METHOD_ENTRY|[59]|01p57000001HcKt|BitConverter.decodeBase64String(String)
17:49:27.56 (406258095)|USER_DEBUG|[75]|DEBUG|hello
17:49:27.56 (406412907)|SYSTEM_METHOD_ENTRY|[1]|Math.Math()
17:49:27.56 (406510313)|SYSTEM_METHOD_EXIT|[1]|Math
17:49:27.56 (406526548)|METHOD_ENTRY|[78]||System.Math.mod(Integer, Integer)
17:49:27.56 (406601786)|METHOD_EXIT|[78]||System.Math.mod(Integer, Integer)
17:49:27.56 (415233073)|METHOD_EXIT|[59]|01p57000001HcKt|BitConverter.decodeBase64String(String)
17:49:27.56 (415332173)|METHOD_ENTRY|[75]|01p57000001HcKt|BitConverter.toUInt32(List<Integer>, Integer)
17:49:27.56 (415361987)|METHOD_EXIT|[75]|01p57000001HcKt|BitConverter.toUInt32(List<Integer>, Integer)
17:49:27.56 (419032068)|METHOD_ENTRY|[69]|01p57000001HcL4|MD4Hash.MD4Hash()
17:49:27.56 (419067825)|METHOD_EXIT|[69]|MD4Hash
17:49:27.56 (419115164)|CONSTRUCTOR_ENTRY|[89]|01p57000001HcL4|<init>()|MD4Hash
17:49:27.56 (419266776)|METHOD_ENTRY|[99]|01p57000001HcL4|MD4Hash.reset()
17:49:27.56 (419472213)|METHOD_ENTRY|[182]|01p57000001HcL4|MD4Hash.resetContext()
17:49:27.56 (419496657)|METHOD_EXIT|[182]|01p57000001HcL4|MD4Hash.resetContext()
17:49:27.56 (419503256)|METHOD_EXIT|[99]|01p57000001HcL4|MD4Hash.reset()
17:49:27.56 (419510924)|METHOD_ENTRY|[100]|01p57000001HcL4|MD4Hash.resetContext()
17:49:27.56 (419521534)|METHOD_EXIT|[100]|01p57000001HcL4|MD4Hash.resetContext()
17:49:27.56 (419529078)|CONSTRUCTOR_EXIT|[89]|01p57000001HcL4|<init>()|MD4Hash
17:49:27.56 (419556344)|METHOD_ENTRY|[90]|01p57000001HcKt|BitConverter.encodeUTF16String(String)
17:49:27.56 (419727798)|SYSTEM_METHOD_ENTRY|[1]|EncodingUtil.EncodingUtil()
17:49:27.56 (419738860)|SYSTEM_METHOD_EXIT|[1]|EncodingUtil
17:49:27.56 (419750951)|METHOD_ENTRY|[208]||System.EncodingUtil.convertToHex(Blob)
17:49:27.56 (419812870)|METHOD_EXIT|[208]||System.EncodingUtil.convertToHex(Blob)
17:49:27.56 (419825545)|METHOD_ENTRY|[209]|01p57000001HcKt|BitConverter.encodeIntegerFromHex(String)
17:49:27.56 (420172695)|METHOD_ENTRY|[192]||System.Math.pow(Double, Double)
17:49:27.56 (420248425)|METHOD_EXIT|[192]||System.Math.pow(Double, Double)
17:49:27.56 (420353887)|METHOD_ENTRY|[192]||System.Math.pow(Double, Double)
17:49:27.56 (420381748)|METHOD_EXIT|[192]||System.Math.pow(Double, Double)
17:49:27.56 (420424476)|METHOD_EXIT|[209]|01p57000001HcKt|BitConverter.encodeIntegerFromHex(String)
17:49:27.56 (420547944)|METHOD_ENTRY|[208]||System.EncodingUtil.convertToHex(Blob)
17:49:27.56 (420577019)|METHOD_EXIT|[208]||System.EncodingUtil.convertToHex(Blob)
17:49:27.56 (420586877)|METHOD_ENTRY|[209]|01p57000001HcKt|BitConverter.encodeIntegerFromHex(String)
17:49:27.56 (420679535)|METHOD_ENTRY|[192]||System.Math.pow(Double, Double)
17:49:27.56 (420705950)|METHOD_EXIT|[192]||System.Math.pow(Double, Double)
17:49:27.56 (420764829)|METHOD_ENTRY|[192]||System.Math.pow(Double, Double)
17:49:27.56 (420785796)|METHOD_EXIT|[192]||System.Math.pow(Double, Double)
17:49:27.56 (420823866)|METHOD_EXIT|[209]|01p57000001HcKt|BitConverter.encodeIntegerFromHex(String)
17:49:27.56 (420901664)|METHOD_ENTRY|[208]||System.EncodingUtil.convertToHex(Blob)
17:49:27.56 (420924554)|METHOD_EXIT|[208]||System.EncodingUtil.convertToHex(Blob)
17:49:27.56 (420931774)|METHOD_ENTRY|[209]|01p57000001HcKt|BitConverter.encodeIntegerFromHex(String)
17:49:27.56 (420993323)|METHOD_ENTRY|[192]||System.Math.pow(Double, Double)
17:49:27.56 (421008862)|METHOD_EXIT|[192]||System.Math.pow(Double, Double)
17:49:27.56 (421051323)|METHOD_ENTRY|[192]||System.Math.pow(Double, Double)
17:49:27.56 (421064244)|METHOD_EXIT|[192]||System.Math.pow(Double, Double)
17:49:27.56 (421088128)|METHOD_EXIT|[209]|01p57000001HcKt|BitConverter.encodeIntegerFromHex(String)
17:49:27.56 (421136569)|METHOD_ENTRY|[208]||System.EncodingUtil.convertToHex(Blob)
17:49:27.56 (421150527)|METHOD_EXIT|[208]||System.EncodingUtil.convertToHex(Blob)
17:49:27.56 (421155703)|METHOD_ENTRY|[209]|01p57000001HcKt|BitConverter.encodeIntegerFromHex(String)
17:49:27.56 (421222762)|METHOD_ENTRY|[192]||System.Math.pow(Double, Double)
17:49:27.56 (421244093)|METHOD_EXIT|[192]||System.Math.pow(Double, Double)
17:49:27.56 (421309576)|METHOD_ENTRY|[192]||System.Math.pow(Double, Double)
17:49:27.56 (421330498)|METHOD_EXIT|[192]||System.Math.pow(Double, Double)
17:49:27.56 (421364949)|METHOD_EXIT|[209]|01p57000001HcKt|BitConverter.encodeIntegerFromHex(String)
17:49:27.56 (421436087)|METHOD_ENTRY|[208]||System.EncodingUtil.convertToHex(Blob)
17:49:27.56 (421457481)|METHOD_EXIT|[208]||System.EncodingUtil.convertToHex(Blob)
17:49:27.56 (421467143)|METHOD_ENTRY|[209]|01p57000001HcKt|BitConverter.encodeIntegerFromHex(String)
17:49:27.56 (421557002)|METHOD_ENTRY|[192]||System.Math.pow(Double, Double)
17:49:27.56 (421574457)|METHOD_EXIT|[192]||System.Math.pow(Double, Double)
17:49:27.56 (421616240)|METHOD_ENTRY|[192]||System.Math.pow(Double, Double)
17:49:27.56 (421640637)|METHOD_EXIT|[192]||System.Math.pow(Double, Double)
17:49:27.56 (421663785)|METHOD_EXIT|[209]|01p57000001HcKt|BitConverter.encodeIntegerFromHex(String)
17:49:27.56 (421712534)|METHOD_ENTRY|[208]||System.EncodingUtil.convertToHex(Blob)
17:49:27.56 (421726963)|METHOD_EXIT|[208]||System.EncodingUtil.convertToHex(Blob)
17:49:27.56 (421733000)|METHOD_ENTRY|[209]|01p57000001HcKt|BitConverter.encodeIntegerFromHex(String)
17:49:27.56 (421785779)|METHOD_ENTRY|[192]||System.Math.pow(Double, Double)
17:49:27.56 (421799119)|METHOD_EXIT|[192]||System.Math.pow(Double, Double)
17:49:27.56 (421838262)|METHOD_ENTRY|[192]||System.Math.pow(Double, Double)
17:49:27.56 (421850949)|METHOD_EXIT|[192]||System.Math.pow(Double, Double)
17:49:27.56 (421874476)|METHOD_EXIT|[209]|01p57000001HcKt|BitConverter.encodeIntegerFromHex(String)
17:49:27.56 (421920677)|METHOD_ENTRY|[208]||System.EncodingUtil.convertToHex(Blob)
17:49:27.56 (421934431)|METHOD_EXIT|[208]||System.EncodingUtil.convertToHex(Blob)
17:49:27.56 (421940089)|METHOD_ENTRY|[209]|01p57000001HcKt|BitConverter.encodeIntegerFromHex(String)
17:49:27.56 (421991151)|METHOD_ENTRY|[192]||System.Math.pow(Double, Double)
17:49:27.56 (422004257)|METHOD_EXIT|[192]||System.Math.pow(Double, Double)
17:49:27.56 (422056690)|METHOD_ENTRY|[192]||System.Math.pow(Double, Double)
17:49:27.56 (422070501)|METHOD_EXIT|[192]||System.Math.pow(Double, Double)
17:49:27.56 (422093838)|METHOD_EXIT|[209]|01p57000001HcKt|BitConverter.encodeIntegerFromHex(String)
17:49:27.56 (422140554)|METHOD_ENTRY|[208]||System.EncodingUtil.convertToHex(Blob)
17:49:27.56 (422154142)|METHOD_EXIT|[208]||System.EncodingUtil.convertToHex(Blob)
17:49:27.56 (422159252)|METHOD_ENTRY|[209]|01p57000001HcKt|BitConverter.encodeIntegerFromHex(String)
17:49:27.56 (422211287)|METHOD_ENTRY|[192]||System.Math.pow(Double, Double)
17:49:27.56 (422223977)|METHOD_EXIT|[192]||System.Math.pow(Double, Double)
17:49:27.56 (422273673)|METHOD_ENTRY|[192]||System.Math.pow(Double, Double)
17:49:27.56 (422286547)|METHOD_EXIT|[192]||System.Math.pow(Double, Double)
17:49:27.56 (422310373)|METHOD_EXIT|[209]|01p57000001HcKt|BitConverter.encodeIntegerFromHex(String)
17:49:27.56 (422365660)|METHOD_ENTRY|[208]||System.EncodingUtil.convertToHex(Blob)
17:49:27.56 (422380775)|METHOD_EXIT|[208]||System.EncodingUtil.convertToHex(Blob)
17:49:27.56 (422386549)|METHOD_ENTRY|[209]|01p57000001HcKt|BitConverter.encodeIntegerFromHex(String)
17:49:27.56 (422437560)|METHOD_ENTRY|[192]||System.Math.pow(Double, Double)
17:49:27.56 (422451242)|METHOD_EXIT|[192]||System.Math.pow(Double, Double)
17:49:27.56 (422490563)|METHOD_ENTRY|[192]||System.Math.pow(Double, Double)
17:49:27.56 (422503654)|METHOD_EXIT|[192]||System.Math.pow(Double, Double)
17:49:27.56 (422526795)|METHOD_EXIT|[209]|01p57000001HcKt|BitConverter.encodeIntegerFromHex(String)
17:49:27.56 (422568825)|METHOD_EXIT|[90]|01p57000001HcKt|BitConverter.encodeUTF16String(String)
17:49:27.56 (422593834)|METHOD_ENTRY|[90]|01p57000001HcL4|MD4Hash.digest(List<Integer>)
17:49:27.56 (422641357)|METHOD_ENTRY|[113]|01p57000001HcL4|MD4Hash.updateBuffer(List<Integer>, Integer, Integer)
17:49:27.56 (422678955)|METHOD_ENTRY|[139]||System.Math.mod(Long, Long)
17:49:27.56 (422742628)|METHOD_EXIT|[139]||System.Math.mod(Long, Long)
17:49:27.56 (422801387)|METHOD_ENTRY|[154]|01p57000001HcL4|MD4Hash.arrayCopy(List<Integer>, Integer, List<Integer>, Integer, Integer)
17:49:27.56 (422875389)|METHOD_EXIT|[154]|01p57000001HcL4|MD4Hash.arrayCopy(List<Integer>, Integer, List<Integer>, Integer, Integer)
17:49:27.56 (422886523)|METHOD_EXIT|[113]|01p57000001HcL4|MD4Hash.updateBuffer(List<Integer>, Integer, Integer)
17:49:27.56 (422900106)|METHOD_ENTRY|[114]|01p57000001HcL4|MD4Hash.digest()
17:49:27.56 (422919192)|METHOD_ENTRY|[164]|01p57000001HcL4|MD4Hash.padBuffer()
17:49:27.56 (422936254)|METHOD_ENTRY|[219]||System.Math.mod(Long, Long)
17:49:27.56 (422958660)|METHOD_EXIT|[219]||System.Math.mod(Long, Long)
17:49:27.56 (423581623)|METHOD_EXIT|[164]|01p57000001HcL4|MD4Hash.padBuffer()
17:49:27.56 (423613926)|METHOD_ENTRY|[165]|01p57000001HcL4|MD4Hash.updateBuffer(List<Integer>, Integer, Integer)
17:49:27.56 (423629796)|METHOD_ENTRY|[139]||System.Math.mod(Long, Long)
17:49:27.56 (423657599)|METHOD_EXIT|[139]||System.Math.mod(Long, Long)
17:49:27.56 (423685095)|METHOD_ENTRY|[145]|01p57000001HcL4|MD4Hash.arrayCopy(List<Integer>, Integer, List<Integer>, Integer, Integer)
17:49:27.56 (423792122)|METHOD_EXIT|[145]|01p57000001HcL4|MD4Hash.arrayCopy(List<Integer>, Integer, List<Integer>, Integer, Integer)
17:49:27.56 (423806777)|METHOD_ENTRY|[146]|01p57000001HcL4|MD4Hash.transform(List<Integer>, Integer)
17:49:27.56 (423943044)|METHOD_ENTRY|[268]|01p57000001HcKt|BitConverter.getIntegerComplement(Integer)
17:49:27.56 (423957296)|METHOD_EXIT|[268]|01p57000001HcKt|BitConverter.getIntegerComplement(Integer)
17:49:27.56 (423967909)|METHOD_ENTRY|[270]|01p57000001HcKt|BitConverter.getIntegerComplement(Integer)
17:49:27.56 (423978381)|METHOD_EXIT|[270]|01p57000001HcKt|BitConverter.getIntegerComplement(Integer)
17:49:27.56 (423986251)|METHOD_ENTRY|[272]|01p57000001HcKt|BitConverter.getIntegerComplement(Integer)
17:49:27.56 (423993581)|METHOD_EXIT|[272]|01p57000001HcKt|BitConverter.getIntegerComplement(Integer)
17:49:27.56 (424001212)|METHOD_ENTRY|[274]|01p57000001HcKt|BitConverter.getIntegerComplement(Integer)
17:49:27.56 (424009984)|METHOD_EXIT|[274]|01p57000001HcKt|BitConverter.getIntegerComplement(Integer)
17:49:27.56 (424017543)|METHOD_ENTRY|[276]|01p57000001HcKt|BitConverter.getIntegerComplement(Integer)
17:49:27.56 (424024472)|METHOD_EXIT|[276]|01p57000001HcKt|BitConverter.getIntegerComplement(Integer)
17:49:27.56 (424031050)|METHOD_ENTRY|[278]|01p57000001HcKt|BitConverter.getIntegerComplement(Integer)
17:49:27.56 (424038414)|METHOD_EXIT|[278]|01p57000001HcKt|BitConverter.getIntegerComplement(Integer)
17:49:27.56 (424045144)|METHOD_ENTRY|[280]|01p57000001HcKt|BitConverter.getIntegerComplement(Integer)
17:49:27.56 (424052253)|METHOD_EXIT|[280]|01p57000001HcKt|BitConverter.getIntegerComplement(Integer)
17:49:27.56 (424059031)|METHOD_ENTRY|[282]|01p57000001HcKt|BitConverter.getIntegerComplement(Integer)
17:49:27.56 (424066010)|METHOD_EXIT|[282]|01p57000001HcKt|BitConverter.getIntegerComplement(Integer)
17:49:27.56 (424072680)|METHOD_ENTRY|[284]|01p57000001HcKt|BitConverter.getIntegerComplement(Integer)
17:49:27.56 (424079932)|METHOD_EXIT|[284]|01p57000001HcKt|BitConverter.getIntegerComplement(Integer)
17:49:27.56 (424086449)|METHOD_ENTRY|[286]|01p57000001HcKt|BitConverter.getIntegerComplement(Integer)
17:49:27.56 (424093874)|METHOD_EXIT|[286]|01p57000001HcKt|BitConverter.getIntegerComplement(Integer)
17:49:27.56 (424100590)|METHOD_ENTRY|[288]|01p57000001HcKt|BitConverter.getIntegerComplement(Integer)
17:49:27.56 (424107642)|METHOD_EXIT|[288]|01p57000001HcKt|BitConverter.getIntegerComplement(Integer)
17:49:27.56 (424114509)|METHOD_ENTRY|[290]|01p57000001HcKt|BitConverter.getIntegerComplement(Integer)
17:49:27.56 (424121513)|METHOD_EXIT|[290]|01p57000001HcKt|BitConverter.getIntegerComplement(Integer)
17:49:27.56 (424127904)|METHOD_ENTRY|[292]|01p57000001HcKt|BitConverter.getIntegerComplement(Integer)
17:49:27.56 (424134918)|METHOD_EXIT|[292]|01p57000001HcKt|BitConverter.getIntegerComplement(Integer)
17:49:27.56 (424141275)|METHOD_ENTRY|[294]|01p57000001HcKt|BitConverter.getIntegerComplement(Integer)
17:49:27.56 (424148736)|METHOD_EXIT|[294]|01p57000001HcKt|BitConverter.getIntegerComplement(Integer)
17:49:27.56 (424155431)|METHOD_ENTRY|[296]|01p57000001HcKt|BitConverter.getIntegerComplement(Integer)
17:49:27.56 (424162254)|METHOD_EXIT|[296]|01p57000001HcKt|BitConverter.getIntegerComplement(Integer)
17:49:27.56 (424168652)|METHOD_ENTRY|[298]|01p57000001HcKt|BitConverter.getIntegerComplement(Integer)
17:49:27.56 (424175426)|METHOD_EXIT|[298]|01p57000001HcKt|BitConverter.getIntegerComplement(Integer)
17:49:27.56 (424234282)|METHOD_EXIT|[146]|01p57000001HcL4|MD4Hash.transform(List<Integer>, Integer)
17:49:27.56 (424246626)|METHOD_EXIT|[165]|01p57000001HcL4|MD4Hash.updateBuffer(List<Integer>, Integer, Integer)
17:49:27.56 (424255339)|METHOD_ENTRY|[166]|01p57000001HcL4|MD4Hash.getResult()
17:49:27.56 (424324447)|METHOD_EXIT|[166]|01p57000001HcL4|MD4Hash.getResult()
17:49:27.56 (424333326)|METHOD_ENTRY|[168]|01p57000001HcL4|MD4Hash.reset()
17:49:27.56 (424465517)|METHOD_ENTRY|[182]|01p57000001HcL4|MD4Hash.resetContext()
17:49:27.56 (424478935)|METHOD_EXIT|[182]|01p57000001HcL4|MD4Hash.resetContext()
17:49:27.56 (424484224)|METHOD_EXIT|[168]|01p57000001HcL4|MD4Hash.reset()
17:49:27.56 (424490609)|METHOD_EXIT|[114]|01p57000001HcL4|MD4Hash.digest()
17:49:27.56 (424499677)|METHOD_EXIT|[90]|01p57000001HcL4|MD4Hash.digest(List<Integer>)
17:49:27.56 (424516950)|METHOD_ENTRY|[94]||System.Math.pow(Double, Double)
17:49:27.56 (424556771)|METHOD_EXIT|[94]||System.Math.pow(Double, Double)
17:49:27.56 (424578633)|METHOD_ENTRY|[95]||System.Math.random()
17:49:27.56 (424616227)|METHOD_EXIT|[95]||System.Math.random()
17:49:27.56 (424643580)|METHOD_ENTRY|[95]||System.Math.roundToLong(Double)
17:49:27.56 (424689153)|METHOD_EXIT|[95]||System.Math.roundToLong(Double)
17:49:27.56 (424700245)|METHOD_ENTRY|[96]|01p57000001HcKt|BitConverter.getBytesForUInt64(Long)
17:49:27.56 (424878179)|METHOD_EXIT|[96]|01p57000001HcKt|BitConverter.getBytesForUInt64(Long)
17:49:27.56 (425068979)|METHOD_ENTRY|[106]|01p57000001HcKt|BitConverter.getBlob(List<Integer>)
17:49:27.56 (425087102)|METHOD_ENTRY|[344]|01p57000001HcKt|BitConverter.encodeBase64String(List<Integer>)
17:49:27.56 (425414736)|METHOD_EXIT|[344]|01p57000001HcKt|BitConverter.encodeBase64String(List<Integer>)
17:49:27.56 (425429696)|METHOD_ENTRY|[345]||System.EncodingUtil.base64Decode(String)
17:49:27.56 (425477160)|METHOD_EXIT|[345]||System.EncodingUtil.base64Decode(String)
17:49:27.56 (425484424)|METHOD_EXIT|[106]|01p57000001HcKt|BitConverter.getBlob(List<Integer>)
17:49:27.56 (425591412)|SYSTEM_METHOD_ENTRY|[1]|Crypto.Crypto()
17:49:27.56 (425604170)|SYSTEM_METHOD_EXIT|[1]|Crypto
17:49:27.56 (425619831)|METHOD_ENTRY|[106]||System.Crypto.generateDigest(String, Blob)
17:49:27.56 (426000016)|METHOD_EXIT|[106]||System.Crypto.generateDigest(String, Blob)
17:49:27.56 (426022595)|METHOD_ENTRY|[108]|01p57000001HcKt|BitConverter.getBytes(Blob)
17:49:27.56 (426047958)|METHOD_ENTRY|[279]||System.EncodingUtil.convertToHex(Blob)
17:49:27.56 (426074054)|METHOD_EXIT|[279]||System.EncodingUtil.convertToHex(Blob)
17:49:27.56 (426148881)|METHOD_ENTRY|[282]|01p57000001HcKt|BitConverter.encodeIntegerFromHex(String)
17:49:27.56 (426218172)|METHOD_ENTRY|[192]||System.Math.pow(Double, Double)
17:49:27.56 (426236635)|METHOD_EXIT|[192]||System.Math.pow(Double, Double)
17:49:27.56 (426280292)|METHOD_ENTRY|[192]||System.Math.pow(Double, Double)
17:49:27.56 (426293945)|METHOD_EXIT|[192]||System.Math.pow(Double, Double)
17:49:27.56 (426318065)|METHOD_EXIT|[282]|01p57000001HcKt|BitConverter.encodeIntegerFromHex(String)
17:49:27.56 (426351140)|METHOD_ENTRY|[282]|01p57000001HcKt|BitConverter.encodeIntegerFromHex(String)
17:49:27.56 (426401192)|METHOD_ENTRY|[192]||System.Math.pow(Double, Double)
17:49:27.56 (426414978)|METHOD_EXIT|[192]||System.Math.pow(Double, Double)
17:49:27.56 (426453402)|METHOD_ENTRY|[192]||System.Math.pow(Double, Double)
17:49:27.56 (426466351)|METHOD_EXIT|[192]||System.Math.pow(Double, Double)
17:49:27.56 (426489206)|METHOD_EXIT|[282]|01p57000001HcKt|BitConverter.encodeIntegerFromHex(String)
17:49:27.56 (426519928)|METHOD_ENTRY|[282]|01p57000001HcKt|BitConverter.encodeIntegerFromHex(String)
17:49:27.56 (426578258)|METHOD_ENTRY|[192]||System.Math.pow(Double, Double)
17:49:27.56 (426592466)|METHOD_EXIT|[192]||System.Math.pow(Double, Double)
17:49:27.56 (426631766)|METHOD_ENTRY|[192]||System.Math.pow(Double, Double)
17:49:27.56 (426646407)|METHOD_EXIT|[192]||System.Math.pow(Double, Double)
17:49:27.56 (426668792)|METHOD_EXIT|[282]|01p57000001HcKt|BitConverter.encodeIntegerFromHex(String)
17:49:27.56 (426699701)|METHOD_ENTRY|[282]|01p57000001HcKt|BitConverter.encodeIntegerFromHex(String)
17:49:27.56 (426749266)|METHOD_ENTRY|[192]||System.Math.pow(Double, Double)
17:49:27.56 (426762716)|METHOD_EXIT|[192]||System.Math.pow(Double, Double)
17:49:27.56 (426801020)|METHOD_ENTRY|[192]||System.Math.pow(Double, Double)
17:49:27.56 (426813710)|METHOD_EXIT|[192]||System.Math.pow(Double, Double)
17:49:27.56 (426837599)|METHOD_EXIT|[282]|01p57000001HcKt|BitConverter.encodeIntegerFromHex(String)
17:49:27.56 (426866810)|METHOD_ENTRY|[282]|01p57000001HcKt|BitConverter.encodeIntegerFromHex(String)
17:49:27.56 (426914675)|METHOD_ENTRY|[192]||System.Math.pow(Double, Double)
17:49:27.56 (426929500)|METHOD_EXIT|[192]||System.Math.pow(Double, Double)
17:49:27.56 (426968351)|METHOD_ENTRY|[192]||System.Math.pow(Double, Double)
17:49:27.56 (426982507)|METHOD_EXIT|[192]||System.Math.pow(Double, Double)
17:49:27.56 (427006170)|METHOD_EXIT|[282]|01p57000001HcKt|BitConverter.encodeIntegerFromHex(String)
17:49:27.56 (427036203)|METHOD_ENTRY|[282]|01p57000001HcKt|BitConverter.encodeIntegerFromHex(String)
17:49:27.56 (427083806)|METHOD_ENTRY|[192]||System.Math.pow(Double, Double)
17:49:27.56 (427097756)|METHOD_EXIT|[192]||System.Math.pow(Double, Double)
17:49:27.56 (427136326)|METHOD_ENTRY|[192]||System.Math.pow(Double, Double)
17:49:27.56 (427149762)|METHOD_EXIT|[192]||System.Math.pow(Double, Double)
17:49:27.56 (427172395)|METHOD_EXIT|[282]|01p57000001HcKt|BitConverter.encodeIntegerFromHex(String)
17:49:27.56 (427201056)|METHOD_ENTRY|[282]|01p57000001HcKt|BitConverter.encodeIntegerFromHex(String)
17:49:27.56 (427253580)|METHOD_ENTRY|[192]||System.Math.pow(Double, Double)
17:49:27.56 (427269950)|METHOD_EXIT|[192]||System.Math.pow(Double, Double)
17:49:27.56 (427312731)|METHOD_ENTRY|[192]||System.Math.pow(Double, Double)
17:49:27.56 (427326141)|METHOD_EXIT|[192]||System.Math.pow(Double, Double)
17:49:27.56 (427349739)|METHOD_EXIT|[282]|01p57000001HcKt|BitConverter.encodeIntegerFromHex(String)
17:49:27.56 (427379163)|METHOD_ENTRY|[282]|01p57000001HcKt|BitConverter.encodeIntegerFromHex(String)
17:49:27.56 (427442170)|METHOD_ENTRY|[192]||System.Math.pow(Double, Double)
17:49:27.56 (427458880)|METHOD_EXIT|[192]||System.Math.pow(Double, Double)
17:49:27.56 (427498155)|METHOD_ENTRY|[192]||System.Math.pow(Double, Double)
17:49:27.56 (427511773)|METHOD_EXIT|[192]||System.Math.pow(Double, Double)
17:49:27.56 (427535717)|METHOD_EXIT|[282]|01p57000001HcKt|BitConverter.encodeIntegerFromHex(String)
17:49:27.56 (427572156)|METHOD_ENTRY|[282]|01p57000001HcKt|BitConverter.encodeIntegerFromHex(String)
17:49:27.56 (427623587)|METHOD_ENTRY|[192]||System.Math.pow(Double, Double)
17:49:27.56 (427639262)|METHOD_EXIT|[192]||System.Math.pow(Double, Double)
17:49:27.56 (427677683)|METHOD_ENTRY|[192]||System.Math.pow(Double, Double)
17:49:27.56 (427690971)|METHOD_EXIT|[192]||System.Math.pow(Double, Double)
17:49:27.56 (427714385)|METHOD_EXIT|[282]|01p57000001HcKt|BitConverter.encodeIntegerFromHex(String)
17:49:27.56 (427743718)|METHOD_ENTRY|[282]|01p57000001HcKt|BitConverter.encodeIntegerFromHex(String)
17:49:27.56 (427793214)|METHOD_ENTRY|[192]||System.Math.pow(Double, Double)
17:49:27.56 (427806612)|METHOD_EXIT|[192]||System.Math.pow(Double, Double)
17:49:27.56 (427844808)|METHOD_ENTRY|[192]||System.Math.pow(Double, Double)
17:49:27.56 (427858366)|METHOD_EXIT|[192]||System.Math.pow(Double, Double)
17:49:27.56 (427881600)|METHOD_EXIT|[282]|01p57000001HcKt|BitConverter.encodeIntegerFromHex(String)
17:49:27.56 (427912269)|METHOD_ENTRY|[282]|01p57000001HcKt|BitConverter.encodeIntegerFromHex(String)
17:49:27.56 (427962825)|METHOD_ENTRY|[192]||System.Math.pow(Double, Double)
17:49:27.56 (427977567)|METHOD_EXIT|[192]||System.Math.pow(Double, Double)
17:49:27.56 (428015982)|METHOD_ENTRY|[192]||System.Math.pow(Double, Double)
17:49:27.56 (428029925)|METHOD_EXIT|[192]||System.Math.pow(Double, Double)
17:49:27.56 (428053822)|METHOD_EXIT|[282]|01p57000001HcKt|BitConverter.encodeIntegerFromHex(String)
17:49:27.56 (428083264)|METHOD_ENTRY|[282]|01p57000001HcKt|BitConverter.encodeIntegerFromHex(String)
17:49:27.56 (428132756)|METHOD_ENTRY|[192]||System.Math.pow(Double, Double)
17:49:27.56 (428145751)|METHOD_EXIT|[192]||System.Math.pow(Double, Double)
17:49:27.56 (428186192)|METHOD_ENTRY|[192]||System.Math.pow(Double, Double)
17:49:27.56 (428199307)|METHOD_EXIT|[192]||System.Math.pow(Double, Double)
17:49:27.56 (428222242)|METHOD_EXIT|[282]|01p57000001HcKt|BitConverter.encodeIntegerFromHex(String)
17:49:27.56 (428253460)|METHOD_ENTRY|[282]|01p57000001HcKt|BitConverter.encodeIntegerFromHex(String)
17:49:27.56 (428305968)|METHOD_ENTRY|[192]||System.Math.pow(Double, Double)
17:49:27.56 (428322584)|METHOD_EXIT|[192]||System.Math.pow(Double, Double)
17:49:27.56 (428361726)|METHOD_ENTRY|[192]||System.Math.pow(Double, Double)
17:49:27.56 (428374305)|METHOD_EXIT|[192]||System.Math.pow(Double, Double)
17:49:27.56 (428397520)|METHOD_EXIT|[282]|01p57000001HcKt|BitConverter.encodeIntegerFromHex(String)
17:49:27.56 (428426546)|METHOD_ENTRY|[282]|01p57000001HcKt|BitConverter.encodeIntegerFromHex(String)
17:49:27.56 (428475594)|METHOD_ENTRY|[192]||System.Math.pow(Double, Double)
17:49:27.56 (428509811)|METHOD_EXIT|[192]||System.Math.pow(Double, Double)
17:49:27.56 (428561620)|METHOD_ENTRY|[192]||System.Math.pow(Double, Double)
17:49:27.56 (428576672)|METHOD_EXIT|[192]||System.Math.pow(Double, Double)
17:49:27.56 (428600204)|METHOD_EXIT|[282]|01p57000001HcKt|BitConverter.encodeIntegerFromHex(String)
17:49:27.56 (428630253)|METHOD_ENTRY|[282]|01p57000001HcKt|BitConverter.encodeIntegerFromHex(String)
17:49:27.56 (428681047)|METHOD_ENTRY|[192]||System.Math.pow(Double, Double)
17:49:27.56 (428695221)|METHOD_EXIT|[192]||System.Math.pow(Double, Double)
17:49:27.56 (428735550)|METHOD_ENTRY|[192]||System.Math.pow(Double, Double)
17:49:27.56 (428749516)|METHOD_EXIT|[192]||System.Math.pow(Double, Double)
17:49:27.56 (428773098)|METHOD_EXIT|[282]|01p57000001HcKt|BitConverter.encodeIntegerFromHex(String)
17:49:27.56 (428803824)|METHOD_ENTRY|[282]|01p57000001HcKt|BitConverter.encodeIntegerFromHex(String)
17:49:27.56 (428854388)|METHOD_ENTRY|[192]||System.Math.pow(Double, Double)
17:49:27.56 (428868164)|METHOD_EXIT|[192]||System.Math.pow(Double, Double)
17:49:27.56 (428907163)|METHOD_ENTRY|[192]||System.Math.pow(Double, Double)
17:49:27.56 (428923424)|METHOD_EXIT|[192]||System.Math.pow(Double, Double)
17:49:27.56 (428957255)|METHOD_EXIT|[282]|01p57000001HcKt|BitConverter.encodeIntegerFromHex(String)
17:49:27.56 (428991897)|METHOD_EXIT|[108]|01p57000001HcKt|BitConverter.getBytes(Blob)
17:49:27.56 (429018875)|METHOD_ENTRY|[108]|01p57000001HcL6|NTLMAuth.createNTLMResponse(List<Integer>, List<Integer>)
17:49:27.56 (429180000)|METHOD_ENTRY|[191]|01p57000001HcL6|NTLMAuth.createDESKey(List<Integer>, Integer)
17:49:27.56 (429338382)|METHOD_ENTRY|[231]|01p57000001HcL6|NTLMAuth.applyOddParity(List<Integer>)
17:49:27.56 (429519374)|METHOD_EXIT|[231]|01p57000001HcL6|NTLMAuth.applyOddParity(List<Integer>)
17:49:27.56 (429531932)|METHOD_EXIT|[191]|01p57000001HcL6|NTLMAuth.createDESKey(List<Integer>, Integer)
17:49:27.56 (429554780)|METHOD_ENTRY|[192]|01p57000001HcL6|NTLMAuth.createDESKey(List<Integer>, Integer)
17:49:27.56 (429668606)|METHOD_ENTRY|[231]|01p57000001HcL6|NTLMAuth.applyOddParity(List<Integer>)
17:49:27.56 (429835903)|METHOD_EXIT|[231]|01p57000001HcL6|NTLMAuth.applyOddParity(List<Integer>)
17:49:27.56 (429845479)|METHOD_EXIT|[192]|01p57000001HcL6|NTLMAuth.createDESKey(List<Integer>, Integer)
17:49:27.56 (429857965)|METHOD_ENTRY|[193]|01p57000001HcL6|NTLMAuth.createDESKey(List<Integer>, Integer)
17:49:27.56 (429975256)|METHOD_ENTRY|[231]|01p57000001HcL6|NTLMAuth.applyOddParity(List<Integer>)
17:49:27.56 (430162138)|METHOD_EXIT|[231]|01p57000001HcL6|NTLMAuth.applyOddParity(List<Integer>)
17:49:27.56 (430174440)|METHOD_EXIT|[193]|01p57000001HcL6|NTLMAuth.createDESKey(List<Integer>, Integer)
17:49:27.56 (462025125)|METHOD_ENTRY|[40]|01p57000001HcKx|DESCrypt.DESCrypt()
17:49:27.56 (464185819)|METHOD_EXIT|[40]|DESCrypt
17:49:27.56 (464241028)|CONSTRUCTOR_ENTRY|[195]|01p57000001HcKx|<init>()|DESCrypt
17:49:27.56 (464302718)|CONSTRUCTOR_EXIT|[195]|01p57000001HcKx|<init>()|DESCrypt
17:49:27.56 (464356411)|METHOD_ENTRY|[196]|01p57000001HcKx|DESCrypt.encrypt(List<Integer>, List<Integer>)
17:49:27.56 (464398246)|METHOD_ENTRY|[706]|01p57000001HcKx|DESCrypt.init(List<Integer>)
17:49:27.56 (464562038)|METHOD_ENTRY|[695]|01p57000001HcKx|DESCrypt.expandKey(List<Integer>)
17:49:27.56 (467089025)|METHOD_EXIT|[695]|01p57000001HcKx|DESCrypt.expandKey(List<Integer>)
17:49:27.56 (467113381)|METHOD_EXIT|[706]|01p57000001HcKx|DESCrypt.init(List<Integer>)
17:49:27.56 (467141832)|METHOD_ENTRY|[707]|01p57000001HcKx|DESCrypt.encrypt(List<Integer>)
17:49:27.56 (467221632)|METHOD_ENTRY|[719]||System.Math.mod(Integer, Integer)
17:49:27.56 (467267776)|METHOD_EXIT|[719]||System.Math.mod(Integer, Integer)
17:49:27.56 (467355749)|METHOD_ENTRY|[724]|01p57000001HcKx|DESCrypt.encryptBlock(List<Integer>, Integer, List<Integer>, Integer)
17:49:27.56 (467398859)|METHOD_ENTRY|[751]|01p57000001HcKx|DESCrypt.cipherBlock(List<Integer>, Integer, List<Integer>, Integer)
17:49:27.56 (467436155)|METHOD_ENTRY|[769]|01p57000001HcKx|DESCrypt.initialPermutationLeft(List<Integer>, Integer)
17:49:27.56 (467583326)|METHOD_EXIT|[769]|01p57000001HcKx|DESCrypt.initialPermutationLeft(List<Integer>, Integer)
17:49:27.56 (467606330)|METHOD_ENTRY|[770]|01p57000001HcKx|DESCrypt.initialPermutationRight(List<Integer>, Integer)
17:49:27.56 (467727407)|METHOD_EXIT|[770]|01p57000001HcKx|DESCrypt.initialPermutationRight(List<Integer>, Integer)
17:49:27.56 (468208317)|METHOD_ENTRY|[804]|01p57000001HcKx|DESCrypt.perm(Integer, Integer, List<Integer>, Integer)
17:49:27.56 (468368590)|METHOD_EXIT|[804]|01p57000001HcKx|DESCrypt.perm(Integer, Integer, List<Integer>, Integer)
17:49:27.56 (468384166)|METHOD_EXIT|[751]|01p57000001HcKx|DESCrypt.cipherBlock(List<Integer>, Integer, List<Integer>, Integer)
17:49:27.56 (468394667)|METHOD_EXIT|[724]|01p57000001HcKx|DESCrypt.encryptBlock(List<Integer>, Integer, List<Integer>, Integer)
17:49:27.56 (468421961)|METHOD_ENTRY|[724]|01p57000001HcKx|DESCrypt.encryptBlock(List<Integer>, Integer, List<Integer>, Integer)
17:49:27.56 (468434963)|METHOD_ENTRY|[751]|01p57000001HcKx|DESCrypt.cipherBlock(List<Integer>, Integer, List<Integer>, Integer)
17:49:27.56 (468448191)|METHOD_ENTRY|[769]|01p57000001HcKx|DESCrypt.initialPermutationLeft(List<Integer>, Integer)
17:49:27.56 (468529848)|METHOD_EXIT|[769]|01p57000001HcKx|DESCrypt.initialPermutationLeft(List<Integer>, Integer)
17:49:27.56 (468555345)|METHOD_ENTRY|[770]|01p57000001HcKx|DESCrypt.initialPermutationRight(List<Integer>, Integer)
17:49:27.56 (468632017)|METHOD_EXIT|[770]|01p57000001HcKx|DESCrypt.initialPermutationRight(List<Integer>, Integer)
17:49:27.56 (469102077)|METHOD_ENTRY|[804]|01p57000001HcKx|DESCrypt.perm(Integer, Integer, List<Integer>, Integer)
17:49:27.56 (469196094)|METHOD_EXIT|[804]|01p57000001HcKx|DESCrypt.perm(Integer, Integer, List<Integer>, Integer)
17:49:27.56 (469208387)|METHOD_EXIT|[751]|01p57000001HcKx|DESCrypt.cipherBlock(List<Integer>, Integer, List<Integer>, Integer)
17:49:27.56 (469217248)|METHOD_EXIT|[724]|01p57000001HcKx|DESCrypt.encryptBlock(List<Integer>, Integer, List<Integer>, Integer)
17:49:27.56 (469242363)|METHOD_EXIT|[707]|01p57000001HcKx|DESCrypt.encrypt(List<Integer>)
17:49:27.56 (469255328)|METHOD_EXIT|[196]|01p57000001HcKx|DESCrypt.encrypt(List<Integer>, List<Integer>)
17:49:27.56 (469271154)|METHOD_ENTRY|[197]|01p57000001HcKx|DESCrypt.encrypt(List<Integer>, List<Integer>)
17:49:27.56 (469299117)|METHOD_ENTRY|[706]|01p57000001HcKx|DESCrypt.init(List<Integer>)
17:49:27.56 (469324134)|METHOD_ENTRY|[695]|01p57000001HcKx|DESCrypt.expandKey(List<Integer>)
17:49:27.56 (472500215)|METHOD_EXIT|[695]|01p57000001HcKx|DESCrypt.expandKey(List<Integer>)
17:49:27.56 (472522892)|METHOD_EXIT|[706]|01p57000001HcKx|DESCrypt.init(List<Integer>)
17:49:27.56 (472537215)|METHOD_ENTRY|[707]|01p57000001HcKx|DESCrypt.encrypt(List<Integer>)
17:49:27.56 (472577288)|METHOD_ENTRY|[719]||System.Math.mod(Integer, Integer)
17:49:27.56 (472619267)|METHOD_EXIT|[719]||System.Math.mod(Integer, Integer)
17:49:27.56 (472671940)|METHOD_ENTRY|[724]|01p57000001HcKx|DESCrypt.encryptBlock(List<Integer>, Integer, List<Integer>, Integer)
17:49:27.56 (472683953)|METHOD_ENTRY|[751]|01p57000001HcKx|DESCrypt.cipherBlock(List<Integer>, Integer, List<Integer>, Integer)
17:49:27.56 (472696469)|METHOD_ENTRY|[769]|01p57000001HcKx|DESCrypt.initialPermutationLeft(List<Integer>, Integer)
17:49:27.56 (472779359)|METHOD_EXIT|[769]|01p57000001HcKx|DESCrypt.initialPermutationLeft(List<Integer>, Integer)
17:49:27.56 (472790617)|METHOD_ENTRY|[770]|01p57000001HcKx|DESCrypt.initialPermutationRight(List<Integer>, Integer)
17:49:27.56 (472859923)|METHOD_EXIT|[770]|01p57000001HcKx|DESCrypt.initialPermutationRight(List<Integer>, Integer)
17:49:27.56 (473268740)|METHOD_ENTRY|[804]|01p57000001HcKx|DESCrypt.perm(Integer, Integer, List<Integer>, Integer)
17:49:27.56 (473352166)|METHOD_EXIT|[804]|01p57000001HcKx|DESCrypt.perm(Integer, Integer, List<Integer>, Integer)
17:49:27.56 (473363264)|METHOD_EXIT|[751]|01p57000001HcKx|DESCrypt.cipherBlock(List<Integer>, Integer, List<Integer>, Integer)
17:49:27.56 (473372118)|METHOD_EXIT|[724]|01p57000001HcKx|DESCrypt.encryptBlock(List<Integer>, Integer, List<Integer>, Integer)
17:49:27.56 (473394806)|METHOD_ENTRY|[724]|01p57000001HcKx|DESCrypt.encryptBlock(List<Integer>, Integer, List<Integer>, Integer)
17:49:27.56 (473406687)|METHOD_ENTRY|[751]|01p57000001HcKx|DESCrypt.cipherBlock(List<Integer>, Integer, List<Integer>, Integer)
17:49:27.56 (473418175)|METHOD_ENTRY|[769]|01p57000001HcKx|DESCrypt.initialPermutationLeft(List<Integer>, Integer)
17:49:27.56 (473491020)|METHOD_EXIT|[769]|01p57000001HcKx|DESCrypt.initialPermutationLeft(List<Integer>, Integer)
17:49:27.56 (473503664)|METHOD_ENTRY|[770]|01p57000001HcKx|DESCrypt.initialPermutationRight(List<Integer>, Integer)
17:49:27.56 (473588133)|METHOD_EXIT|[770]|01p57000001HcKx|DESCrypt.initialPermutationRight(List<Integer>, Integer)
17:49:27.56 (474028191)|METHOD_ENTRY|[804]|01p57000001HcKx|DESCrypt.perm(Integer, Integer, List<Integer>, Integer)
17:49:27.56 (474106583)|METHOD_EXIT|[804]|01p57000001HcKx|DESCrypt.perm(Integer, Integer, List<Integer>, Integer)
17:49:27.56 (474118347)|METHOD_EXIT|[751]|01p57000001HcKx|DESCrypt.cipherBlock(List<Integer>, Integer, List<Integer>, Integer)
17:49:27.56 (474127834)|METHOD_EXIT|[724]|01p57000001HcKx|DESCrypt.encryptBlock(List<Integer>, Integer, List<Integer>, Integer)
17:49:27.56 (474149972)|METHOD_EXIT|[707]|01p57000001HcKx|DESCrypt.encrypt(List<Integer>)
17:49:27.56 (474162527)|METHOD_EXIT|[197]|01p57000001HcKx|DESCrypt.encrypt(List<Integer>, List<Integer>)
17:49:27.56 (474179052)|METHOD_ENTRY|[198]|01p57000001HcKx|DESCrypt.encrypt(List<Integer>, List<Integer>)
17:49:27.56 (474209758)|METHOD_ENTRY|[706]|01p57000001HcKx|DESCrypt.init(List<Integer>)
17:49:27.56 (474234162)|METHOD_ENTRY|[695]|01p57000001HcKx|DESCrypt.expandKey(List<Integer>)
17:49:27.56 (476007392)|METHOD_EXIT|[695]|01p57000001HcKx|DESCrypt.expandKey(List<Integer>)
17:49:27.56 (476026974)|METHOD_EXIT|[706]|01p57000001HcKx|DESCrypt.init(List<Integer>)
17:49:27.56 (476044545)|METHOD_ENTRY|[707]|01p57000001HcKx|DESCrypt.encrypt(List<Integer>)
17:49:27.56 (476072341)|METHOD_ENTRY|[719]||System.Math.mod(Integer, Integer)
17:49:27.56 (476110987)|METHOD_EXIT|[719]||System.Math.mod(Integer, Integer)
17:49:27.56 (476160981)|METHOD_ENTRY|[724]|01p57000001HcKx|DESCrypt.encryptBlock(List<Integer>, Integer, List<Integer>, Integer)
17:49:27.56 (476172968)|METHOD_ENTRY|[751]|01p57000001HcKx|DESCrypt.cipherBlock(List<Integer>, Integer, List<Integer>, Integer)
17:49:27.56 (476185419)|METHOD_ENTRY|[769]|01p57000001HcKx|DESCrypt.initialPermutationLeft(List<Integer>, Integer)
17:49:27.56 (476261022)|METHOD_EXIT|[769]|01p57000001HcKx|DESCrypt.initialPermutationLeft(List<Integer>, Integer)
17:49:27.56 (476276417)|METHOD_ENTRY|[770]|01p57000001HcKx|DESCrypt.initialPermutationRight(List<Integer>, Integer)
17:49:27.56 (476344939)|METHOD_EXIT|[770]|01p57000001HcKx|DESCrypt.initialPermutationRight(List<Integer>, Integer)
17:49:27.56 (476777005)|METHOD_ENTRY|[804]|01p57000001HcKx|DESCrypt.perm(Integer, Integer, List<Integer>, Integer)
17:49:27.56 (476865497)|METHOD_EXIT|[804]|01p57000001HcKx|DESCrypt.perm(Integer, Integer, List<Integer>, Integer)
17:49:27.56 (476877871)|METHOD_EXIT|[751]|01p57000001HcKx|DESCrypt.cipherBlock(List<Integer>, Integer, List<Integer>, Integer)
17:49:27.56 (476887882)|METHOD_EXIT|[724]|01p57000001HcKx|DESCrypt.encryptBlock(List<Integer>, Integer, List<Integer>, Integer)
17:49:27.56 (476913097)|METHOD_ENTRY|[724]|01p57000001HcKx|DESCrypt.encryptBlock(List<Integer>, Integer, List<Integer>, Integer)
17:49:27.56 (476924431)|METHOD_ENTRY|[751]|01p57000001HcKx|DESCrypt.cipherBlock(List<Integer>, Integer, List<Integer>, Integer)
17:49:27.56 (476935018)|METHOD_ENTRY|[769]|01p57000001HcKx|DESCrypt.initialPermutationLeft(List<Integer>, Integer)
17:49:27.56 (477004075)|METHOD_EXIT|[769]|01p57000001HcKx|DESCrypt.initialPermutationLeft(List<Integer>, Integer)
17:49:27.56 (477016099)|METHOD_ENTRY|[770]|01p57000001HcKx|DESCrypt.initialPermutationRight(List<Integer>, Integer)
17:49:27.56 (477078526)|METHOD_EXIT|[770]|01p57000001HcKx|DESCrypt.initialPermutationRight(List<Integer>, Integer)
17:49:27.56 (477484588)|METHOD_ENTRY|[804]|01p57000001HcKx|DESCrypt.perm(Integer, Integer, List<Integer>, Integer)
17:49:27.56 (477573687)|METHOD_EXIT|[804]|01p57000001HcKx|DESCrypt.perm(Integer, Integer, List<Integer>, Integer)
17:49:27.56 (477587599)|METHOD_EXIT|[751]|01p57000001HcKx|DESCrypt.cipherBlock(List<Integer>, Integer, List<Integer>, Integer)
17:49:27.56 (477596632)|METHOD_EXIT|[724]|01p57000001HcKx|DESCrypt.encryptBlock(List<Integer>, Integer, List<Integer>, Integer)
17:49:27.56 (477619678)|METHOD_EXIT|[707]|01p57000001HcKx|DESCrypt.encrypt(List<Integer>)
17:49:27.56 (477631248)|METHOD_EXIT|[198]|01p57000001HcKx|DESCrypt.encrypt(List<Integer>, List<Integer>)
17:49:27.56 (477769118)|METHOD_EXIT|[108]|01p57000001HcL6|NTLMAuth.createNTLMResponse(List<Integer>, List<Integer>)
17:49:27.56 (477852402)|METHOD_ENTRY|[127]|01p57000001HcL6|NTLMAuth.WriteSecurityBuffer(List<Integer>, List<Integer>, List<Integer>)
17:49:27.56 (477989876)|METHOD_ENTRY|[172]|01p57000001HcKt|BitConverter.getBytesForUInt16(Integer)
17:49:27.56 (478034113)|METHOD_EXIT|[172]|01p57000001HcKt|BitConverter.getBytesForUInt16(Integer)
17:49:27.56 (478072013)|METHOD_ENTRY|[173]|01p57000001HcKt|BitConverter.getBytesForUInt16(Integer)
17:49:27.56 (478101184)|METHOD_EXIT|[173]|01p57000001HcKt|BitConverter.getBytesForUInt16(Integer)
17:49:27.56 (478121935)|METHOD_ENTRY|[174]|01p57000001HcKt|BitConverter.getBytesForUInt32(Integer)
17:49:27.56 (478164181)|METHOD_EXIT|[174]|01p57000001HcKt|BitConverter.getBytesForUInt32(Integer)
17:49:27.56 (478184312)|METHOD_EXIT|[127]|01p57000001HcL6|NTLMAuth.WriteSecurityBuffer(List<Integer>, List<Integer>, List<Integer>)
17:49:27.56 (478200428)|METHOD_ENTRY|[130]|01p57000001HcL6|NTLMAuth.WriteSecurityBuffer(List<Integer>, List<Integer>, List<Integer>)
17:49:27.56 (478259012)|METHOD_ENTRY|[172]|01p57000001HcKt|BitConverter.getBytesForUInt16(Integer)
17:49:27.56 (478288976)|METHOD_EXIT|[172]|01p57000001HcKt|BitConverter.getBytesForUInt16(Integer)
17:49:27.56 (478314227)|METHOD_ENTRY|[173]|01p57000001HcKt|BitConverter.getBytesForUInt16(Integer)
17:49:27.56 (478339724)|METHOD_EXIT|[173]|01p57000001HcKt|BitConverter.getBytesForUInt16(Integer)
17:49:27.56 (478358178)|METHOD_ENTRY|[174]|01p57000001HcKt|BitConverter.getBytesForUInt32(Integer)
17:49:27.56 (478387886)|METHOD_EXIT|[174]|01p57000001HcKt|BitConverter.getBytesForUInt32(Integer)
17:49:27.56 (478405929)|METHOD_EXIT|[130]|01p57000001HcL6|NTLMAuth.WriteSecurityBuffer(List<Integer>, List<Integer>, List<Integer>)
17:49:27.56 (478420425)|METHOD_ENTRY|[133]|01p57000001HcKt|BitConverter.encodeUTF16String(String)
17:49:27.56 (478548080)|METHOD_ENTRY|[208]||System.EncodingUtil.convertToHex(Blob)
17:49:27.56 (478586964)|METHOD_EXIT|[208]||System.EncodingUtil.convertToHex(Blob)
17:49:27.56 (478599029)|METHOD_ENTRY|[209]|01p57000001HcKt|BitConverter.encodeIntegerFromHex(String)
17:49:27.56 (478715348)|METHOD_ENTRY|[192]||System.Math.pow(Double, Double)
17:49:27.56 (478746178)|METHOD_EXIT|[192]||System.Math.pow(Double, Double)
17:49:27.56 (478813445)|METHOD_ENTRY|[192]||System.Math.pow(Double, Double)
17:49:27.56 (478834074)|METHOD_EXIT|[192]||System.Math.pow(Double, Double)
17:49:27.56 (478872596)|METHOD_EXIT|[209]|01p57000001HcKt|BitConverter.encodeIntegerFromHex(String)
17:49:27.56 (478950379)|METHOD_ENTRY|[208]||System.EncodingUtil.convertToHex(Blob)
17:49:27.56 (478973694)|METHOD_EXIT|[208]||System.EncodingUtil.convertToHex(Blob)
17:49:27.56 (478981974)|METHOD_ENTRY|[209]|01p57000001HcKt|BitConverter.encodeIntegerFromHex(String)
17:49:27.56 (479064171)|METHOD_ENTRY|[192]||System.Math.pow(Double, Double)
17:49:27.56 (479089008)|METHOD_EXIT|[192]||System.Math.pow(Double, Double)
17:49:27.56 (479150616)|METHOD_ENTRY|[192]||System.Math.pow(Double, Double)
17:49:27.56 (479173744)|METHOD_EXIT|[192]||System.Math.pow(Double, Double)
17:49:27.56 (479210064)|METHOD_EXIT|[209]|01p57000001HcKt|BitConverter.encodeIntegerFromHex(String)
17:49:27.56 (479281095)|METHOD_ENTRY|[208]||System.EncodingUtil.convertToHex(Blob)
17:49:27.56 (479305251)|METHOD_EXIT|[208]||System.EncodingUtil.convertToHex(Blob)
17:49:27.56 (479313549)|METHOD_ENTRY|[209]|01p57000001HcKt|BitConverter.encodeIntegerFromHex(String)
17:49:27.56 (479397037)|METHOD_ENTRY|[192]||System.Math.pow(Double, Double)
17:49:27.56 (479419685)|METHOD_EXIT|[192]||System.Math.pow(Double, Double)
17:49:27.56 (479480778)|METHOD_ENTRY|[192]||System.Math.pow(Double, Double)
17:49:27.56 (479502316)|METHOD_EXIT|[192]||System.Math.pow(Double, Double)
17:49:27.56 (479547451)|METHOD_EXIT|[209]|01p57000001HcKt|BitConverter.encodeIntegerFromHex(String)
17:49:27.56 (479617938)|METHOD_ENTRY|[208]||System.EncodingUtil.convertToHex(Blob)
17:49:27.56 (479641360)|METHOD_EXIT|[208]||System.EncodingUtil.convertToHex(Blob)
17:49:27.56 (479649418)|METHOD_ENTRY|[209]|01p57000001HcKt|BitConverter.encodeIntegerFromHex(String)
17:49:27.56 (479729415)|METHOD_ENTRY|[192]||System.Math.pow(Double, Double)
17:49:27.56 (479754126)|METHOD_EXIT|[192]||System.Math.pow(Double, Double)
17:49:27.56 (479816422)|METHOD_ENTRY|[192]||System.Math.pow(Double, Double)
17:49:27.56 (479836334)|METHOD_EXIT|[192]||System.Math.pow(Double, Double)
17:49:27.56 (479870946)|METHOD_EXIT|[209]|01p57000001HcKt|BitConverter.encodeIntegerFromHex(String)
17:49:27.56 (479942526)|METHOD_ENTRY|[208]||System.EncodingUtil.convertToHex(Blob)
17:49:27.56 (479966587)|METHOD_EXIT|[208]||System.EncodingUtil.convertToHex(Blob)
17:49:27.56 (479974771)|METHOD_ENTRY|[209]|01p57000001HcKt|BitConverter.encodeIntegerFromHex(String)
17:49:27.56 (480056687)|METHOD_ENTRY|[192]||System.Math.pow(Double, Double)
17:49:27.56 (480081073)|METHOD_EXIT|[192]||System.Math.pow(Double, Double)
17:49:27.56 (480144902)|METHOD_ENTRY|[192]||System.Math.pow(Double, Double)
17:49:27.56 (480169462)|METHOD_EXIT|[192]||System.Math.pow(Double, Double)
17:49:27.56 (480206129)|METHOD_EXIT|[209]|01p57000001HcKt|BitConverter.encodeIntegerFromHex(String)
17:49:27.56 (480273579)|METHOD_ENTRY|[208]||System.EncodingUtil.convertToHex(Blob)
17:49:27.56 (480296100)|METHOD_EXIT|[208]||System.EncodingUtil.convertToHex(Blob)
17:49:27.56 (480303582)|METHOD_ENTRY|[209]|01p57000001HcKt|BitConverter.encodeIntegerFromHex(String)
17:49:27.56 (480378032)|METHOD_ENTRY|[192]||System.Math.pow(Double, Double)
17:49:27.56 (480398123)|METHOD_EXIT|[192]||System.Math.pow(Double, Double)
17:49:27.56 (480454648)|METHOD_ENTRY|[192]||System.Math.pow(Double, Double)
17:49:27.56 (480473943)|METHOD_EXIT|[192]||System.Math.pow(Double, Double)
17:49:27.56 (480507599)|METHOD_EXIT|[209]|01p57000001HcKt|BitConverter.encodeIntegerFromHex(String)
17:49:27.56 (480589595)|METHOD_ENTRY|[208]||System.EncodingUtil.convertToHex(Blob)
17:49:27.56 (480615270)|METHOD_EXIT|[208]||System.EncodingUtil.convertToHex(Blob)
17:49:27.56 (480623052)|METHOD_ENTRY|[209]|01p57000001HcKt|BitConverter.encodeIntegerFromHex(String)
17:49:27.56 (480703164)|METHOD_ENTRY|[192]||System.Math.pow(Double, Double)
17:49:27.56 (480725988)|METHOD_EXIT|[192]||System.Math.pow(Double, Double)
17:49:27.56 (480786933)|METHOD_ENTRY|[192]||System.Math.pow(Double, Double)
17:49:27.56 (480811648)|METHOD_EXIT|[192]||System.Math.pow(Double, Double)
17:49:27.56 (480850652)|METHOD_EXIT|[209]|01p57000001HcKt|BitConverter.encodeIntegerFromHex(String)
17:49:27.56 (480925885)|METHOD_ENTRY|[208]||System.EncodingUtil.convertToHex(Blob)
17:49:27.56 (480952278)|METHOD_EXIT|[208]||System.EncodingUtil.convertToHex(Blob)
17:49:27.56 (480961133)|METHOD_ENTRY|[209]|01p57000001HcKt|BitConverter.encodeIntegerFromHex(String)
17:49:27.56 (481045657)|METHOD_ENTRY|[192]||System.Math.pow(Double, Double)
17:49:27.56 (481072080)|METHOD_EXIT|[192]||System.Math.pow(Double, Double)
17:49:27.56 (481136464)|METHOD_ENTRY|[192]||System.Math.pow(Double, Double)
17:49:27.56 (481160986)|METHOD_EXIT|[192]||System.Math.pow(Double, Double)
17:49:27.56 (481200887)|METHOD_EXIT|[209]|01p57000001HcKt|BitConverter.encodeIntegerFromHex(String)
17:49:27.56 (481277619)|METHOD_ENTRY|[208]||System.EncodingUtil.convertToHex(Blob)
17:49:27.56 (481304634)|METHOD_EXIT|[208]||System.EncodingUtil.convertToHex(Blob)
17:49:27.56 (481314047)|METHOD_ENTRY|[209]|01p57000001HcKt|BitConverter.encodeIntegerFromHex(String)
17:49:27.56 (481399097)|METHOD_ENTRY|[192]||System.Math.pow(Double, Double)
17:49:27.56 (481424967)|METHOD_EXIT|[192]||System.Math.pow(Double, Double)
17:49:27.56 (481489549)|METHOD_ENTRY|[192]||System.Math.pow(Double, Double)
17:49:27.56 (481513025)|METHOD_EXIT|[192]||System.Math.pow(Double, Double)
17:49:27.56 (481560658)|METHOD_EXIT|[209]|01p57000001HcKt|BitConverter.encodeIntegerFromHex(String)
17:49:27.56 (481636738)|METHOD_ENTRY|[208]||System.EncodingUtil.convertToHex(Blob)
17:49:27.56 (481662899)|METHOD_EXIT|[208]||System.EncodingUtil.convertToHex(Blob)
17:49:27.56 (481672012)|METHOD_ENTRY|[209]|01p57000001HcKt|BitConverter.encodeIntegerFromHex(String)
17:49:27.56 (481753705)|METHOD_ENTRY|[192]||System.Math.pow(Double, Double)
17:49:27.56 (481777233)|METHOD_EXIT|[192]||System.Math.pow(Double, Double)
17:49:27.56 (481837451)|METHOD_ENTRY|[192]||System.Math.pow(Double, Double)
17:49:27.56 (481854751)|METHOD_EXIT|[192]||System.Math.pow(Double, Double)
17:49:27.56 (481879870)|METHOD_EXIT|[209]|01p57000001HcKt|BitConverter.encodeIntegerFromHex(String)
17:49:27.56 (481935155)|METHOD_ENTRY|[208]||System.EncodingUtil.convertToHex(Blob)
17:49:27.56 (481957989)|METHOD_EXIT|[208]||System.EncodingUtil.convertToHex(Blob)
17:49:27.56 (481966040)|METHOD_ENTRY|[209]|01p57000001HcKt|BitConverter.encodeIntegerFromHex(String)
17:49:27.56 (482044270)|METHOD_ENTRY|[192]||System.Math.pow(Double, Double)
17:49:27.56 (482067825)|METHOD_EXIT|[192]||System.Math.pow(Double, Double)
17:49:27.56 (482128526)|METHOD_ENTRY|[192]||System.Math.pow(Double, Double)
17:49:27.56 (482148229)|METHOD_EXIT|[192]||System.Math.pow(Double, Double)
17:49:27.56 (482183755)|METHOD_EXIT|[209]|01p57000001HcKt|BitConverter.encodeIntegerFromHex(String)
17:49:27.56 (482254047)|METHOD_ENTRY|[208]||System.EncodingUtil.convertToHex(Blob)
17:49:27.56 (482274208)|METHOD_EXIT|[208]||System.EncodingUtil.convertToHex(Blob)
17:49:27.56 (482282011)|METHOD_ENTRY|[209]|01p57000001HcKt|BitConverter.encodeIntegerFromHex(String)
17:49:27.56 (482357371)|METHOD_ENTRY|[192]||System.Math.pow(Double, Double)
17:49:27.56 (482379741)|METHOD_EXIT|[192]||System.Math.pow(Double, Double)
17:49:27.56 (482441424)|METHOD_ENTRY|[192]||System.Math.pow(Double, Double)
17:49:27.56 (482463481)|METHOD_EXIT|[192]||System.Math.pow(Double, Double)
17:49:27.56 (482491070)|METHOD_EXIT|[209]|01p57000001HcKt|BitConverter.encodeIntegerFromHex(String)
17:49:27.56 (482523119)|METHOD_EXIT|[133]|01p57000001HcKt|BitConverter.encodeUTF16String(String)
17:49:27.56 (482550515)|METHOD_ENTRY|[133]|01p57000001HcL6|NTLMAuth.WriteSecurityBuffer(List<Integer>, List<Integer>, List<Integer>)
17:49:27.56 (482596733)|METHOD_ENTRY|[172]|01p57000001HcKt|BitConverter.getBytesForUInt16(Integer)
17:49:27.56 (482633923)|METHOD_EXIT|[172]|01p57000001HcKt|BitConverter.getBytesForUInt16(Integer)
17:49:27.56 (482659832)|METHOD_ENTRY|[173]|01p57000001HcKt|BitConverter.getBytesForUInt16(Integer)
17:49:27.56 (482687001)|METHOD_EXIT|[173]|01p57000001HcKt|BitConverter.getBytesForUInt16(Integer)
17:49:27.56 (482705104)|METHOD_ENTRY|[174]|01p57000001HcKt|BitConverter.getBytesForUInt32(Integer)
17:49:27.56 (482736142)|METHOD_EXIT|[174]|01p57000001HcKt|BitConverter.getBytesForUInt32(Integer)
17:49:27.56 (482754636)|METHOD_EXIT|[133]|01p57000001HcL6|NTLMAuth.WriteSecurityBuffer(List<Integer>, List<Integer>, List<Integer>)
17:49:27.56 (482769392)|METHOD_ENTRY|[136]|01p57000001HcKt|BitConverter.encodeUTF16String(String)
17:49:27.56 (482863047)|METHOD_ENTRY|[208]||System.EncodingUtil.convertToHex(Blob)
17:49:27.56 (482889602)|METHOD_EXIT|[208]||System.EncodingUtil.convertToHex(Blob)
17:49:27.56 (482899483)|METHOD_ENTRY|[209]|01p57000001HcKt|BitConverter.encodeIntegerFromHex(String)
17:49:27.56 (482985126)|METHOD_ENTRY|[192]||System.Math.pow(Double, Double)
17:49:27.56 (483008108)|METHOD_EXIT|[192]||System.Math.pow(Double, Double)
17:49:27.56 (483068796)|METHOD_ENTRY|[192]||System.Math.pow(Double, Double)
17:49:27.56 (483089521)|METHOD_EXIT|[192]||System.Math.pow(Double, Double)
17:49:27.56 (483125038)|METHOD_EXIT|[209]|01p57000001HcKt|BitConverter.encodeIntegerFromHex(String)
17:49:27.56 (483194460)|METHOD_ENTRY|[208]||System.EncodingUtil.convertToHex(Blob)
17:49:27.56 (483217885)|METHOD_EXIT|[208]||System.EncodingUtil.convertToHex(Blob)
17:49:27.56 (483225663)|METHOD_ENTRY|[209]|01p57000001HcKt|BitConverter.encodeIntegerFromHex(String)
17:49:27.56 (483284117)|METHOD_ENTRY|[192]||System.Math.pow(Double, Double)
17:49:27.56 (483301734)|METHOD_EXIT|[192]||System.Math.pow(Double, Double)
17:49:27.56 (483344124)|METHOD_ENTRY|[192]||System.Math.pow(Double, Double)
17:49:27.56 (483360491)|METHOD_EXIT|[192]||System.Math.pow(Double, Double)
17:49:27.56 (483386998)|METHOD_EXIT|[209]|01p57000001HcKt|BitConverter.encodeIntegerFromHex(String)
17:49:27.56 (483436044)|METHOD_ENTRY|[208]||System.EncodingUtil.convertToHex(Blob)
17:49:27.56 (483451387)|METHOD_EXIT|[208]||System.EncodingUtil.convertToHex(Blob)
17:49:27.56 (483456758)|METHOD_ENTRY|[209]|01p57000001HcKt|BitConverter.encodeIntegerFromHex(String)
17:49:27.56 (483511116)|METHOD_ENTRY|[192]||System.Math.pow(Double, Double)
17:49:27.56 (483525367)|METHOD_EXIT|[192]||System.Math.pow(Double, Double)
17:49:27.56 (483575542)|METHOD_ENTRY|[192]||System.Math.pow(Double, Double)
17:49:27.56 (483591779)|METHOD_EXIT|[192]||System.Math.pow(Double, Double)
17:49:27.56 (483616197)|METHOD_EXIT|[209]|01p57000001HcKt|BitConverter.encodeIntegerFromHex(String)
17:49:27.56 (483661380)|METHOD_ENTRY|[208]||System.EncodingUtil.convertToHex(Blob)
17:49:27.56 (483677168)|METHOD_EXIT|[208]||System.EncodingUtil.convertToHex(Blob)
17:49:27.56 (483681992)|METHOD_ENTRY|[209]|01p57000001HcKt|BitConverter.encodeIntegerFromHex(String)
17:49:27.56 (483742259)|METHOD_ENTRY|[192]||System.Math.pow(Double, Double)
17:49:27.56 (483763417)|METHOD_EXIT|[192]||System.Math.pow(Double, Double)
17:49:27.56 (483822355)|METHOD_ENTRY|[192]||System.Math.pow(Double, Double)
17:49:27.56 (483843893)|METHOD_EXIT|[192]||System.Math.pow(Double, Double)
17:49:27.56 (483878196)|METHOD_EXIT|[209]|01p57000001HcKt|BitConverter.encodeIntegerFromHex(String)
17:49:27.56 (483944471)|METHOD_ENTRY|[208]||System.EncodingUtil.convertToHex(Blob)
17:49:27.56 (483969764)|METHOD_EXIT|[208]||System.EncodingUtil.convertToHex(Blob)
17:49:27.56 (483978073)|METHOD_ENTRY|[209]|01p57000001HcKt|BitConverter.encodeIntegerFromHex(String)
17:49:27.56 (484049739)|METHOD_ENTRY|[192]||System.Math.pow(Double, Double)
17:49:27.56 (484068267)|METHOD_EXIT|[192]||System.Math.pow(Double, Double)
17:49:27.56 (484109691)|METHOD_ENTRY|[192]||System.Math.pow(Double, Double)
17:49:27.56 (484123674)|METHOD_EXIT|[192]||System.Math.pow(Double, Double)
17:49:27.56 (484147358)|METHOD_EXIT|[209]|01p57000001HcKt|BitConverter.encodeIntegerFromHex(String)
17:49:27.56 (484195588)|METHOD_ENTRY|[208]||System.EncodingUtil.convertToHex(Blob)
17:49:27.56 (484211028)|METHOD_EXIT|[208]||System.EncodingUtil.convertToHex(Blob)
17:49:27.56 (484216377)|METHOD_ENTRY|[209]|01p57000001HcKt|BitConverter.encodeIntegerFromHex(String)
17:49:27.56 (484268538)|METHOD_ENTRY|[192]||System.Math.pow(Double, Double)
17:49:27.56 (484282537)|METHOD_EXIT|[192]||System.Math.pow(Double, Double)
17:49:27.56 (484324632)|METHOD_ENTRY|[192]||System.Math.pow(Double, Double)
17:49:27.56 (484338683)|METHOD_EXIT|[192]||System.Math.pow(Double, Double)
17:49:27.56 (484362765)|METHOD_EXIT|[209]|01p57000001HcKt|BitConverter.encodeIntegerFromHex(String)
17:49:27.56 (484408159)|METHOD_ENTRY|[208]||System.EncodingUtil.convertToHex(Blob)
17:49:27.56 (484423331)|METHOD_EXIT|[208]||System.EncodingUtil.convertToHex(Blob)
17:49:27.56 (484428366)|METHOD_ENTRY|[209]|01p57000001HcKt|BitConverter.encodeIntegerFromHex(String)
17:49:27.56 (484480170)|METHOD_ENTRY|[192]||System.Math.pow(Double, Double)
17:49:27.56 (484493249)|METHOD_EXIT|[192]||System.Math.pow(Double, Double)
17:49:27.56 (484532069)|METHOD_ENTRY|[192]||System.Math.pow(Double, Double)
17:49:27.56 (484553970)|METHOD_EXIT|[192]||System.Math.pow(Double, Double)
17:49:27.56 (484576845)|METHOD_EXIT|[209]|01p57000001HcKt|BitConverter.encodeIntegerFromHex(String)
17:49:27.56 (484619816)|METHOD_ENTRY|[208]||System.EncodingUtil.convertToHex(Blob)
17:49:27.56 (484632920)|METHOD_EXIT|[208]||System.EncodingUtil.convertToHex(Blob)
17:49:27.56 (484638180)|METHOD_ENTRY|[209]|01p57000001HcKt|BitConverter.encodeIntegerFromHex(String)
17:49:27.56 (484688517)|METHOD_ENTRY|[192]||System.Math.pow(Double, Double)
17:49:27.56 (484708096)|METHOD_EXIT|[192]||System.Math.pow(Double, Double)
17:49:27.56 (484747065)|METHOD_ENTRY|[192]||System.Math.pow(Double, Double)
17:49:27.56 (484760020)|METHOD_EXIT|[192]||System.Math.pow(Double, Double)
17:49:27.56 (484782978)|METHOD_EXIT|[209]|01p57000001HcKt|BitConverter.encodeIntegerFromHex(String)
17:49:27.56 (484828546)|METHOD_ENTRY|[208]||System.EncodingUtil.convertToHex(Blob)
17:49:27.56 (484841486)|METHOD_EXIT|[208]||System.EncodingUtil.convertToHex(Blob)
17:49:27.56 (484846760)|METHOD_ENTRY|[209]|01p57000001HcKt|BitConverter.encodeIntegerFromHex(String)
17:49:27.56 (484895620)|METHOD_ENTRY|[192]||System.Math.pow(Double, Double)
17:49:27.56 (484908911)|METHOD_EXIT|[192]||System.Math.pow(Double, Double)
17:49:27.56 (484947037)|METHOD_ENTRY|[192]||System.Math.pow(Double, Double)
17:49:27.56 (484960798)|METHOD_EXIT|[192]||System.Math.pow(Double, Double)
17:49:27.56 (484987460)|METHOD_EXIT|[209]|01p57000001HcKt|BitConverter.encodeIntegerFromHex(String)
17:49:27.56 (485035960)|METHOD_ENTRY|[208]||System.EncodingUtil.convertToHex(Blob)
17:49:27.56 (485051063)|METHOD_EXIT|[208]||System.EncodingUtil.convertToHex(Blob)
17:49:27.56 (485056005)|METHOD_ENTRY|[209]|01p57000001HcKt|BitConverter.encodeIntegerFromHex(String)
17:49:27.56 (485103668)|METHOD_ENTRY|[192]||System.Math.pow(Double, Double)
17:49:27.56 (485117078)|METHOD_EXIT|[192]||System.Math.pow(Double, Double)
17:49:27.56 (485157614)|METHOD_ENTRY|[192]||System.Math.pow(Double, Double)
17:49:27.56 (485172780)|METHOD_EXIT|[192]||System.Math.pow(Double, Double)
17:49:27.56 (485198278)|METHOD_EXIT|[209]|01p57000001HcKt|BitConverter.encodeIntegerFromHex(String)
17:49:27.56 (485244462)|METHOD_ENTRY|[208]||System.EncodingUtil.convertToHex(Blob)
17:49:27.56 (485257154)|METHOD_EXIT|[208]||System.EncodingUtil.convertToHex(Blob)
17:49:27.56 (485262320)|METHOD_ENTRY|[209]|01p57000001HcKt|BitConverter.encodeIntegerFromHex(String)
17:49:27.56 (485311913)|METHOD_ENTRY|[192]||System.Math.pow(Double, Double)
17:49:27.56 (485325639)|METHOD_EXIT|[192]||System.Math.pow(Double, Double)
17:49:27.56 (485369654)|METHOD_ENTRY|[192]||System.Math.pow(Double, Double)
17:49:27.56 (485382937)|METHOD_EXIT|[192]||System.Math.pow(Double, Double)
17:49:27.56 (485406011)|METHOD_EXIT|[209]|01p57000001HcKt|BitConverter.encodeIntegerFromHex(String)
17:49:27.56 (485450665)|METHOD_ENTRY|[208]||System.EncodingUtil.convertToHex(Blob)
17:49:27.56 (485463579)|METHOD_EXIT|[208]||System.EncodingUtil.convertToHex(Blob)
17:49:27.56 (485470222)|METHOD_ENTRY|[209]|01p57000001HcKt|BitConverter.encodeIntegerFromHex(String)
17:49:27.56 (485519761)|METHOD_ENTRY|[192]||System.Math.pow(Double, Double)
17:49:27.56 (485532533)|METHOD_EXIT|[192]||System.Math.pow(Double, Double)
17:49:27.56 (485580152)|METHOD_ENTRY|[192]||System.Math.pow(Double, Double)
17:49:27.56 (485592210)|METHOD_EXIT|[192]||System.Math.pow(Double, Double)
17:49:27.56 (485616118)|METHOD_EXIT|[209]|01p57000001HcKt|BitConverter.encodeIntegerFromHex(String)
17:49:27.56 (485661386)|METHOD_ENTRY|[208]||System.EncodingUtil.convertToHex(Blob)
17:49:27.56 (485673922)|METHOD_EXIT|[208]||System.EncodingUtil.convertToHex(Blob)
17:49:27.56 (485678883)|METHOD_ENTRY|[209]|01p57000001HcKt|BitConverter.encodeIntegerFromHex(String)
17:49:27.56 (485727204)|METHOD_ENTRY|[192]||System.Math.pow(Double, Double)
17:49:27.56 (485739710)|METHOD_EXIT|[192]||System.Math.pow(Double, Double)
17:49:27.56 (485776893)|METHOD_ENTRY|[192]||System.Math.pow(Double, Double)
17:49:27.56 (485788660)|METHOD_EXIT|[192]||System.Math.pow(Double, Double)
17:49:27.56 (485811797)|METHOD_EXIT|[209]|01p57000001HcKt|BitConverter.encodeIntegerFromHex(String)
17:49:27.56 (485840659)|METHOD_EXIT|[136]|01p57000001HcKt|BitConverter.encodeUTF16String(String)
17:49:27.56 (485855174)|METHOD_ENTRY|[136]|01p57000001HcL6|NTLMAuth.WriteSecurityBuffer(List<Integer>, List<Integer>, List<Integer>)
17:49:27.56 (485896869)|METHOD_ENTRY|[172]|01p57000001HcKt|BitConverter.getBytesForUInt16(Integer)
17:49:27.56 (485928652)|METHOD_EXIT|[172]|01p57000001HcKt|BitConverter.getBytesForUInt16(Integer)
17:49:27.56 (485948563)|METHOD_ENTRY|[173]|01p57000001HcKt|BitConverter.getBytesForUInt16(Integer)
17:49:27.56 (485966511)|METHOD_EXIT|[173]|01p57000001HcKt|BitConverter.getBytesForUInt16(Integer)
17:49:27.56 (485979327)|METHOD_ENTRY|[174]|01p57000001HcKt|BitConverter.getBytesForUInt32(Integer)
17:49:27.56 (486001633)|METHOD_EXIT|[174]|01p57000001HcKt|BitConverter.getBytesForUInt32(Integer)
17:49:27.56 (486014240)|METHOD_EXIT|[136]|01p57000001HcL6|NTLMAuth.WriteSecurityBuffer(List<Integer>, List<Integer>, List<Integer>)
17:49:27.56 (486026622)|METHOD_ENTRY|[139]|01p57000001HcKt|BitConverter.encodeUTF16String(String)
17:49:27.56 (486087048)|METHOD_ENTRY|[208]||System.EncodingUtil.convertToHex(Blob)
17:49:27.56 (486101826)|METHOD_EXIT|[208]||System.EncodingUtil.convertToHex(Blob)
17:49:27.56 (486106664)|METHOD_ENTRY|[209]|01p57000001HcKt|BitConverter.encodeIntegerFromHex(String)
17:49:27.56 (486160053)|METHOD_ENTRY|[192]||System.Math.pow(Double, Double)
17:49:27.56 (486175184)|METHOD_EXIT|[192]||System.Math.pow(Double, Double)
17:49:27.56 (486216043)|METHOD_ENTRY|[192]||System.Math.pow(Double, Double)
17:49:27.56 (486229411)|METHOD_EXIT|[192]||System.Math.pow(Double, Double)
17:49:27.56 (486253254)|METHOD_EXIT|[209]|01p57000001HcKt|BitConverter.encodeIntegerFromHex(String)
17:49:27.56 (486301469)|METHOD_ENTRY|[208]||System.EncodingUtil.convertToHex(Blob)
17:49:27.56 (486317019)|METHOD_EXIT|[208]||System.EncodingUtil.convertToHex(Blob)
17:49:27.56 (486323236)|METHOD_ENTRY|[209]|01p57000001HcKt|BitConverter.encodeIntegerFromHex(String)
17:49:27.56 (486376460)|METHOD_ENTRY|[192]||System.Math.pow(Double, Double)
17:49:27.56 (486391715)|METHOD_EXIT|[192]||System.Math.pow(Double, Double)
17:49:27.56 (486431215)|METHOD_ENTRY|[192]||System.Math.pow(Double, Double)
17:49:27.56 (486444374)|METHOD_EXIT|[192]||System.Math.pow(Double, Double)
17:49:27.56 (486467296)|METHOD_EXIT|[209]|01p57000001HcKt|BitConverter.encodeIntegerFromHex(String)
17:49:27.56 (486511685)|METHOD_ENTRY|[208]||System.EncodingUtil.convertToHex(Blob)
17:49:27.56 (486525576)|METHOD_EXIT|[208]||System.EncodingUtil.convertToHex(Blob)
17:49:27.56 (486530989)|METHOD_ENTRY|[209]|01p57000001HcKt|BitConverter.encodeIntegerFromHex(String)
17:49:27.56 (486591983)|METHOD_ENTRY|[192]||System.Math.pow(Double, Double)
17:49:27.56 (486605916)|METHOD_EXIT|[192]||System.Math.pow(Double, Double)
17:49:27.56 (486647659)|METHOD_ENTRY|[192]||System.Math.pow(Double, Double)
17:49:27.56 (486661712)|METHOD_EXIT|[192]||System.Math.pow(Double, Double)
17:49:27.56 (486686348)|METHOD_EXIT|[209]|01p57000001HcKt|BitConverter.encodeIntegerFromHex(String)
17:49:27.56 (486732386)|METHOD_ENTRY|[208]||System.EncodingUtil.convertToHex(Blob)
17:49:27.56 (486748783)|METHOD_EXIT|[208]||System.EncodingUtil.convertToHex(Blob)
17:49:27.56 (486753753)|METHOD_ENTRY|[209]|01p57000001HcKt|BitConverter.encodeIntegerFromHex(String)
17:49:27.56 (486802531)|METHOD_ENTRY|[192]||System.Math.pow(Double, Double)
17:49:27.56 (486816735)|METHOD_EXIT|[192]||System.Math.pow(Double, Double)
17:49:27.56 (486854669)|METHOD_ENTRY|[192]||System.Math.pow(Double, Double)
17:49:27.56 (486868334)|METHOD_EXIT|[192]||System.Math.pow(Double, Double)
17:49:27.56 (486891553)|METHOD_EXIT|[209]|01p57000001HcKt|BitConverter.encodeIntegerFromHex(String)
17:49:27.56 (486934277)|METHOD_ENTRY|[208]||System.EncodingUtil.convertToHex(Blob)
17:49:27.56 (486991108)|METHOD_EXIT|[208]||System.EncodingUtil.convertToHex(Blob)
17:49:27.56 (486996426)|METHOD_ENTRY|[209]|01p57000001HcKt|BitConverter.encodeIntegerFromHex(String)
17:49:27.56 (487047024)|METHOD_ENTRY|[192]||System.Math.pow(Double, Double)
17:49:27.56 (487060377)|METHOD_EXIT|[192]||System.Math.pow(Double, Double)
17:49:27.56 (487098931)|METHOD_ENTRY|[192]||System.Math.pow(Double, Double)
17:49:27.56 (487111255)|METHOD_EXIT|[192]||System.Math.pow(Double, Double)
17:49:27.56 (487133266)|METHOD_EXIT|[209]|01p57000001HcKt|BitConverter.encodeIntegerFromHex(String)
17:49:27.56 (487176692)|METHOD_ENTRY|[208]||System.EncodingUtil.convertToHex(Blob)
17:49:27.56 (487189122)|METHOD_EXIT|[208]||System.EncodingUtil.convertToHex(Blob)
17:49:27.56 (487194735)|METHOD_ENTRY|[209]|01p57000001HcKt|BitConverter.encodeIntegerFromHex(String)
17:49:27.56 (487242712)|METHOD_ENTRY|[192]||System.Math.pow(Double, Double)
17:49:27.56 (487255562)|METHOD_EXIT|[192]||System.Math.pow(Double, Double)
17:49:27.56 (487294000)|METHOD_ENTRY|[192]||System.Math.pow(Double, Double)
17:49:27.56 (487306405)|METHOD_EXIT|[192]||System.Math.pow(Double, Double)
17:49:27.56 (487329674)|METHOD_EXIT|[209]|01p57000001HcKt|BitConverter.encodeIntegerFromHex(String)
17:49:27.56 (487371768)|METHOD_ENTRY|[208]||System.EncodingUtil.convertToHex(Blob)
17:49:27.56 (487383645)|METHOD_EXIT|[208]||System.EncodingUtil.convertToHex(Blob)
17:49:27.56 (487388361)|METHOD_ENTRY|[209]|01p57000001HcKt|BitConverter.encodeIntegerFromHex(String)
17:49:27.56 (487436356)|METHOD_ENTRY|[192]||System.Math.pow(Double, Double)
17:49:27.56 (487449032)|METHOD_EXIT|[192]||System.Math.pow(Double, Double)
17:49:27.56 (487486678)|METHOD_ENTRY|[192]||System.Math.pow(Double, Double)
17:49:27.56 (487499985)|METHOD_EXIT|[192]||System.Math.pow(Double, Double)
17:49:27.56 (487522487)|METHOD_EXIT|[209]|01p57000001HcKt|BitConverter.encodeIntegerFromHex(String)
17:49:27.56 (487573674)|METHOD_ENTRY|[208]||System.EncodingUtil.convertToHex(Blob)
17:49:27.56 (487587570)|METHOD_EXIT|[208]||System.EncodingUtil.convertToHex(Blob)
17:49:27.56 (487592635)|METHOD_ENTRY|[209]|01p57000001HcKt|BitConverter.encodeIntegerFromHex(String)
17:49:27.56 (487642218)|METHOD_ENTRY|[192]||System.Math.pow(Double, Double)
17:49:27.56 (487657029)|METHOD_EXIT|[192]||System.Math.pow(Double, Double)
17:49:27.56 (487694510)|METHOD_ENTRY|[192]||System.Math.pow(Double, Double)
17:49:27.56 (487707210)|METHOD_EXIT|[192]||System.Math.pow(Double, Double)
17:49:27.56 (487729962)|METHOD_EXIT|[209]|01p57000001HcKt|BitConverter.encodeIntegerFromHex(String)
17:49:27.56 (487772905)|METHOD_ENTRY|[208]||System.EncodingUtil.convertToHex(Blob)
17:49:27.56 (487785830)|METHOD_EXIT|[208]||System.EncodingUtil.convertToHex(Blob)
17:49:27.56 (487790746)|METHOD_ENTRY|[209]|01p57000001HcKt|BitConverter.encodeIntegerFromHex(String)
17:49:27.56 (487839858)|METHOD_ENTRY|[192]||System.Math.pow(Double, Double)
17:49:27.56 (487853601)|METHOD_EXIT|[192]||System.Math.pow(Double, Double)
17:49:27.56 (487891352)|METHOD_ENTRY|[192]||System.Math.pow(Double, Double)
17:49:27.56 (487903980)|METHOD_EXIT|[192]||System.Math.pow(Double, Double)
17:49:27.56 (487925839)|METHOD_EXIT|[209]|01p57000001HcKt|BitConverter.encodeIntegerFromHex(String)
17:49:27.56 (487968607)|METHOD_ENTRY|[208]||System.EncodingUtil.convertToHex(Blob)
17:49:27.56 (487981550)|METHOD_EXIT|[208]||System.EncodingUtil.convertToHex(Blob)
17:49:27.56 (487987157)|METHOD_ENTRY|[209]|01p57000001HcKt|BitConverter.encodeIntegerFromHex(String)
17:49:27.56 (488035343)|METHOD_ENTRY|[192]||System.Math.pow(Double, Double)
17:49:27.56 (488048709)|METHOD_EXIT|[192]||System.Math.pow(Double, Double)
17:49:27.56 (488086709)|METHOD_ENTRY|[192]||System.Math.pow(Double, Double)
17:49:27.56 (488099037)|METHOD_EXIT|[192]||System.Math.pow(Double, Double)
17:49:27.56 (488121282)|METHOD_EXIT|[209]|01p57000001HcKt|BitConverter.encodeIntegerFromHex(String)
17:49:27.56 (488147528)|METHOD_EXIT|[139]|01p57000001HcKt|BitConverter.encodeUTF16String(String)
17:49:27.56 (488160485)|METHOD_ENTRY|[139]|01p57000001HcL6|NTLMAuth.WriteSecurityBuffer(List<Integer>, List<Integer>, List<Integer>)
17:49:27.56 (488196955)|METHOD_ENTRY|[172]|01p57000001HcKt|BitConverter.getBytesForUInt16(Integer)
17:49:27.56 (488223858)|METHOD_EXIT|[172]|01p57000001HcKt|BitConverter.getBytesForUInt16(Integer)
17:49:27.56 (488241415)|METHOD_ENTRY|[173]|01p57000001HcKt|BitConverter.getBytesForUInt16(Integer)
17:49:27.56 (488257252)|METHOD_EXIT|[173]|01p57000001HcKt|BitConverter.getBytesForUInt16(Integer)
17:49:27.56 (488269877)|METHOD_ENTRY|[174]|01p57000001HcKt|BitConverter.getBytesForUInt32(Integer)
17:49:27.56 (488288909)|METHOD_EXIT|[174]|01p57000001HcKt|BitConverter.getBytesForUInt32(Integer)
17:49:27.56 (488301557)|METHOD_EXIT|[139]|01p57000001HcL6|NTLMAuth.WriteSecurityBuffer(List<Integer>, List<Integer>, List<Integer>)
17:49:27.56 (488309215)|METHOD_ENTRY|[142]|01p57000001HcL6|NTLMAuth.WriteSecurityBuffer(List<Integer>, List<Integer>, List<Integer>)
17:49:27.56 (488327314)|METHOD_ENTRY|[165]|01p57000001HcKt|BitConverter.getBytesForUInt16(Integer)
17:49:27.56 (488344154)|METHOD_EXIT|[165]|01p57000001HcKt|BitConverter.getBytesForUInt16(Integer)
17:49:27.56 (488356360)|METHOD_ENTRY|[166]|01p57000001HcKt|BitConverter.getBytesForUInt16(Integer)
17:49:27.56 (488372096)|METHOD_EXIT|[166]|01p57000001HcKt|BitConverter.getBytesForUInt16(Integer)
17:49:27.56 (488384500)|METHOD_ENTRY|[167]|01p57000001HcKt|BitConverter.getBytesForUInt32(Integer)
17:49:27.56 (488401533)|METHOD_EXIT|[167]|01p57000001HcKt|BitConverter.getBytesForUInt32(Integer)
17:49:27.56 (488413030)|METHOD_EXIT|[142]|01p57000001HcL6|NTLMAuth.WriteSecurityBuffer(List<Integer>, List<Integer>, List<Integer>)
17:49:27.56 (488424163)|METHOD_ENTRY|[145]|01p57000001HcKt|BitConverter.getBytesForUInt32(Integer)
17:49:27.56 (488445682)|METHOD_EXIT|[145]|01p57000001HcKt|BitConverter.getBytesForUInt32(Integer)
17:49:27.56 (488553740)|METHOD_ENTRY|[151]|01p57000001HcKt|BitConverter.encodeBase64String(List<Integer>)
17:49:27.56 (490725646)|METHOD_EXIT|[151]|01p57000001HcKt|BitConverter.encodeBase64String(List<Integer>)
17:49:27.56 (490741339)|METHOD_EXIT|[189]|01p57000001HcL6|NTLMAuth.getType3Message(String, String, String)
17:49:27.56 (494016749)|CALLOUT_REQUEST|[190]|System.HttpRequest[Endpoint=https://bc-acc.primagas.es:7047/bc_ad/WS/PSEnergia/Codeunit/PGE_SF, Method=POST]
17:49:28.808 (1808053433)|CALLOUT_RESPONSE|[190]|System.HttpResponse[Status=OK, StatusCode=200]
17:49:28.808 (1808165964)|METHOD_EXIT|[148]|01p57000001HcL1|HttpClient.handle401Response(System.HttpResponse, System.HttpRequest, Map<String,String>, Integer)
17:49:28.808 (1808217835)|METHOD_EXIT|[287]|01p57000001HcL1|HttpClient.send(System.HttpRequest, Map<String,String>)
17:49:28.808 (1808398929)|USER_DEBUG|[289]|ERROR|Response**: <Soap:Envelope xmlns:Soap="http://schemas.xmlsoap.org/soap/envelope/"><Soap:Body><Sfdc2Nav_CrearCliente_Result xmlns="urn:microsoft-dynamics-schemas/codeunit/PGE_SF"><entitySyncDto></entitySyncDto><entitySyncDto_OUT></entitySyncDto_OUT></Sfdc2Nav_CrearCliente_Result></Soap:Body></Soap:Envelope>
17:49:28.808 (1808442503)|USER_DEBUG|[290]|ERROR|Response Code**: OK
17:49:28.808 (1808619101)|USER_DEBUG|[293]|DEBUG|Header Keys: (null, Server, Connection, Set-Cookie, Content-Length, Date, Content-Type)
17:49:28.808 (1808748480)|USER_DEBUG|[300]|DEBUG|Header Server - valor:Microsoft-HTTPAPI/2.0
17:49:28.808 (1808784961)|USER_DEBUG|[300]|DEBUG|Header Connection - valor:keep-alive
17:49:28.808 (1808811587)|USER_DEBUG|[300]|DEBUG|Header Set-Cookie - valor:ApplicationGatewayAffinity=893d11f559ebc679989f10af750b049e; Path=/;ApplicationGatewayAffinityCORS=893d11f559ebc679989f10af750b049e; Path=/; SameSite=None; Secure
17:49:28.808 (1808838076)|USER_DEBUG|[300]|DEBUG|Header Content-Length - valor:295
17:49:28.808 (1808863516)|USER_DEBUG|[300]|DEBUG|Header Date - valor:Wed, 03 Aug 2022 15:49:29 GMT
17:49:28.808 (1808888414)|USER_DEBUG|[300]|DEBUG|Header Content-Type - valor:text/xml; charset=utf-8
17:49:28.808 (1809097013)|USER_DEBUG|[309]|DEBUG|Header VsDebuggerCausalityData - valor:uIDPo/rQMOZhui5FrxcjWeCgRrgAAAAAcmt6f9FsN0yPjtFRb1XosVWMvmwiqwhJkz7pTrgcEugACQAA
17:49:28.808 (1809168185)|USER_DEBUG|[309]|DEBUG|Header Content-Type - valor:text/xml; charset=utf-8
17:49:28.808 (1809197556)|USER_DEBUG|[309]|DEBUG|Header SOAPAction - valor:"urn:microsoft-dynamics-schemas/codeunit/PGE_SF:Sfdc2Nav_CrearCliente"
17:49:28.808 (1809224995)|USER_DEBUG|[309]|DEBUG|Header Host - valor:sfnavservices.primagas.es
17:49:28.808 (1809254416)|USER_DEBUG|[309]|DEBUG|Header Content-Length - valor:1583
17:49:28.808 (1809277915)|USER_DEBUG|[309]|DEBUG|Header Connection - valor:Keep-Alive
17:49:28.808 (1809297024)|METHOD_EXIT|[162]|01p57000001HcLC|NavWSUtil.peticionesWSNavision(String, String, String)
17:49:28.808 (1809334634)|METHOD_ENTRY|[164]|01p57000001HcLU|XmlUtil.parsearRespuestaSincronizarClientes(System.HttpResponse)
17:49:28.808 (1810105875)|USER_DEBUG|[581]|DEBUG|nodoRaiz: Body
17:49:28.808 (1810222944)|USER_DEBUG|[593]|DEBUG|Nodo: Sfdc2Nav_CrearCliente_Result
17:49:28.808 (1810317745)|USER_DEBUG|[598]|DEBUG|nodoHijo: entitySyncDto
17:49:28.808 (1810367671)|USER_DEBUG|[598]|DEBUG|nodoHijo: entitySyncDto_OUT
17:49:28.808 (1810557868)|CONSTRUCTOR_ENTRY|[718]|01p57000001HcLU|<init>()|XmlUtil.RespuestaPeticionSincronizarClientes
17:49:28.808 (1810608335)|CONSTRUCTOR_EXIT|[718]|01p57000001HcLU|<init>()|XmlUtil.RespuestaPeticionSincronizarClientes
17:49:28.808 (1810699463)|METHOD_EXIT|[164]|01p57000001HcLU|XmlUtil.parsearRespuestaSincronizarClientes(System.HttpResponse)
17:49:28.808 (1810825750)|USER_DEBUG|[165]|DEBUG|Campos RespuestaPeticion: RespuestaPeticionSincronizarClientes:[mapaIdsSalesforceIdNavDatosBancarios={}, mapaIdsSalesforceIdsNavisioCuentas={}, mapaIdsSalesforceIdsNavisioDireccionesEntrega={}]
17:49:28.808 (1810995857)|USER_DEBUG|[168]|DEBUG|Se han cargado los datos bancarios de los clientes con Ids: {} Valores: ()
17:49:28.808 (1811101780)|USER_DEBUG|[171]|DEBUG|Se han cargado las direcciones de entrega de los clientes con Ids: {} Valores: ()
17:49:28.808 (1811210695)|USER_DEBUG|[174]|DEBUG|Se han cargado los Ids de Navisio de los clientes con Ids: {} Valores: ()
17:49:28.808 (1811227515)|METHOD_EXIT|[264]|01p57000001HcLC|NavWSUtil.peticionWSSincronizarClientes(SchemaCliente.entitySyncDto)
17:49:28.808 (1811357410)|USER_DEBUG|[326]|DEBUG|## after SincronizarCliente
17:49:28.808 (1811372816)|METHOD_EXIT|[84]|01p57000001HcLI|SyncNav.SincronizarClientes(List<String>, Boolean)
17:49:28.808 (1811388179)|METHOD_ENTRY|[85]|01p57000001HcL3|LogUtil.guardarLog()
17:49:28.808 (1811602421)|USER_DEBUG|[76]|DEBUG|Logs de errores a insertar: (Log__c:{Error__c=false, Descripcion__c=SincronizarClientesFuture. Clientes: (0013L00000LfR0wQAF), Metodo__c=SincronizarClientesFuture, Objeto__c=, RecordTypeId=01257000000kgIqAAI, Enviado_a_Navision__c=false}, Log__c:{Error__c=false, Descripcion__c=Peticion: <?xml version="1.0" encoding="utf-8"?><soap:Envelope xmlns:soap="http://schemas.xmlsoap.org/soap/envelope/" xmlns:xsi="http://www.w3.org/2001/XMLSchema-instance" xmlns:xsd="http://www.w3.org/2001/XMLSchema"><soap:Body><Sfdc2Nav_CrearCliente xmlns="urn:microsoft-dynamics-schemas/codeunit/PGE_SF"><entitySyncDto><etCustomer xmlns="urn:microsoft-dynamics-nav/xmlports/x50050"><CustomerNo>94030010</CustomerNo><Name/><Name2/><Name_SF/><Surname_SF>Burlington Textiles Corp of America</Surname_SF><Addres>Street Test</Addres><Addres2>Street 2 Test</Addres2><City>Poblacion TEST</City><PostCode>28000</PostCode><County>Lugo</County><Country>ES</Country><Phone>600600600</Phone><Mobile/><Fax>901901901</Fax><email>testing@testing.zt;testing2@testing.zt</email><VatRegistration>idFiscalTEST</VatRegistration><PaymentTerms/><PaymentMethod/><PaymentTermsStdOrd/><PaymentTermsFuelOrd/><PaymentDays/><NoPaymentDays/><Comercial>ngonz</Comercial><eMailInvoice>false</eMailInvoice><IBAN>ES5802370367518781424941</IBAN><SalesForceId>0013L00000LfR0wQAF</SalesForceId><etAddres><ADCode>01</ADCode><ADAddres>Dirección 1 DE</ADAddres><ADAddres2>Dirección 2 DE</ADAddres2><ADCity>Madriz</ADCity><ADCounty>Burgos</ADCounty><ADPostCode>28002</ADPostCode><ADCountry>ES</ADCountry><Activity1>1000-DU</Activity1><Activity2/><FixTemperature/><ADCodePriceDiscount/><ADSalesForceId>a003L000003TKLpQAO</ADSalesForceId></etAddres></etCustomer></entitySyncDto><entitySyncDto_OUT><etCustomer xmlns="urn:microsoft-dynamics-nav/xmlports/x50050"/></entitySyncDto_OUT></Sfdc2Nav_CrearCliente></soap:Body></soap:Envelope> SoapAction: "urn:microsoft-dynamics-schemas/codeunit/PGE_SF:Sfdc2Nav_CrearCliente", Metodo__c=PeticionNavision, Objeto__c="urn:microsoft-dynamics-schemas/codeunit/PGE_SF:Sfdc2Nav_CrearCliente", RecordTypeId=01257000000kgIqAAI, Enviado_a_Navision__c=false})
17:49:28.808 (2336081795)|METHOD_EXIT|[85]|01p57000001HcL3|LogUtil.guardarLog()
17:49:28.808 (2336144042)|CODE_UNIT_FINISHED|SyncNav.SincronizarClientesFuture(List<String>)
17:49:28.808 (2336151383)|EXECUTION_FINISHED
