49.0 APEX_CODE,FINER;APEX_PROFILING,INFO;CALLOUT,INFO;DB,FINEST;NBA,INFO;SYSTEM,DEBUG;VALIDATION,INFO;VISUALFORCE,INFO;WAVE,INFO;WORKFLOW,INFO
08:45:56.6 (6265531)|ENTERING_MANAGED_PKG|dsfs
08:45:56.6 (13604576)|ENTERING_MANAGED_PKG|dsfs
08:45:56.6 (13703631)|ENTERING_MANAGED_PKG|dsfs
08:45:56.6 (14114366)|ENTERING_MANAGED_PKG|dsfs
08:45:56.6 (14414242)|ENTERING_MANAGED_PKG|dsfs
08:45:56.6 (15156188)|ENTERING_MANAGED_PKG|dsfs
08:45:56.6 (17365010)|ENTERING_MANAGED_PKG|dsfs
08:45:56.6 (17485860)|ENTERING_MANAGED_PKG|dsfs
08:45:56.6 (17547912)|ENTERING_MANAGED_PKG|dsfs
08:45:56.6 (17643588)|ENTERING_MANAGED_PKG|dsfs
08:45:56.6 (17700479)|ENTERING_MANAGED_PKG|dsfs
08:45:56.6 (17759045)|ENTERING_MANAGED_PKG|dsfs
08:45:56.6 (17839104)|ENTERING_MANAGED_PKG|dsfs
08:45:56.6 (17935040)|ENTERING_MANAGED_PKG|dsfs
08:45:56.6 (18057987)|ENTERING_MANAGED_PKG|dsfs
08:45:56.6 (18099252)|ENTERING_MANAGED_PKG|dsfs
08:45:56.6 (21427150)|ENTERING_MANAGED_PKG|dsfs
08:45:56.6 (21519843)|ENTERING_MANAGED_PKG|dsfs
08:45:56.6 (126467513)|SOQL_EXECUTE_BEGIN|[50]|Aggregations:0|SELECT NamespacePrefix FROM Organization LIMIT 1
08:45:56.6 (141676614)|SOQL_EXECUTE_EXPLAIN|[50]|TableScan on Organization : [], cardinality: 1, sobjectCardinality: 1, relativeCost 0.65
08:45:56.6 (141696526)|SOQL_EXECUTE_END|[50]|Rows:1
08:45:56.6 (142126633)|ENTERING_MANAGED_PKG|dsfs
08:45:56.6 (142317288)|ENTERING_MANAGED_PKG|dsfs
08:45:56.6 (142352586)|ENTERING_MANAGED_PKG|dsfs
08:45:56.6 (143173830)|ENTERING_MANAGED_PKG|dsfs
08:45:56.6 (143262942)|ENTERING_MANAGED_PKG|dsfs
08:45:56.6 (143310946)|ENTERING_MANAGED_PKG|dsfs
08:45:56.6 (143342710)|ENTERING_MANAGED_PKG|dsfs
08:45:56.6 (143377489)|ENTERING_MANAGED_PKG|dsfs
08:45:56.6 (143406494)|ENTERING_MANAGED_PKG|dsfs
08:45:56.6 (144266646)|ENTERING_MANAGED_PKG|dsfs
08:45:56.6 (144297750)|ENTERING_MANAGED_PKG|dsfs
08:45:56.6 (144343668)|ENTERING_MANAGED_PKG|dsfs
08:45:56.6 (144397039)|ENTERING_MANAGED_PKG|dsfs
08:45:56.6 (144425000)|ENTERING_MANAGED_PKG|dsfs
08:45:56.6 (144444821)|ENTERING_MANAGED_PKG|dsfs
08:45:56.6 (144472099)|ENTERING_MANAGED_PKG|dsfs
08:45:56.6 (144582469)|ENTERING_MANAGED_PKG|dsfs
08:45:56.6 (144627499)|ENTERING_MANAGED_PKG|dsfs
08:45:56.6 (144659373)|ENTERING_MANAGED_PKG|dsfs
08:45:56.6 (152402858)|ENTERING_MANAGED_PKG|dsfs
08:45:56.6 (152510953)|ENTERING_MANAGED_PKG|dsfs
08:45:56.6 (173955643)|SOQL_EXECUTE_BEGIN|[37]|Aggregations:0|SELECT Id, OrganizationType FROM Organization LIMIT 1
08:45:56.6 (179397610)|SOQL_EXECUTE_EXPLAIN|[37]|TableScan on Organization : [], cardinality: 1, sobjectCardinality: 1, relativeCost 0.65
08:45:56.6 (179424081)|SOQL_EXECUTE_END|[37]|Rows:1
08:45:56.6 (181448759)|ENTERING_MANAGED_PKG|dsfs
08:45:56.6 (181534760)|ENTERING_MANAGED_PKG|dsfs
08:45:56.6 (181860764)|ENTERING_MANAGED_PKG|dsfs
08:45:56.6 (181902897)|ENTERING_MANAGED_PKG|dsfs
08:45:56.6 (183225975)|ENTERING_MANAGED_PKG|dsfs
08:45:56.6 (183414282)|ENTERING_MANAGED_PKG|dsfs
08:45:56.6 (183720130)|ENTERING_MANAGED_PKG|dsfs
08:45:56.6 (186846278)|ENTERING_MANAGED_PKG|dsfs
08:45:56.6 (186989363)|ENTERING_MANAGED_PKG|dsfs
08:45:56.6 (187912591)|ENTERING_MANAGED_PKG|dsfs
08:45:56.6 (187999991)|ENTERING_MANAGED_PKG|dsfs
08:45:56.6 (188044991)|ENTERING_MANAGED_PKG|dsfs
08:45:56.6 (188090773)|ENTERING_MANAGED_PKG|dsfs
08:45:56.6 (188119279)|ENTERING_MANAGED_PKG|dsfs
08:45:56.6 (188283926)|ENTERING_MANAGED_PKG|dsfs
08:45:56.6 (188331345)|ENTERING_MANAGED_PKG|dsfs
08:45:56.6 (188483579)|ENTERING_MANAGED_PKG|dsfs
08:45:56.6 (189531810)|ENTERING_MANAGED_PKG|dsfs
08:45:56.6 (189694248)|ENTERING_MANAGED_PKG|dsfs
08:45:56.6 (189745100)|ENTERING_MANAGED_PKG|dsfs
08:45:56.6 (189762575)|ENTERING_MANAGED_PKG|dsfs
08:45:56.6 (189793801)|ENTERING_MANAGED_PKG|dsfs
08:45:56.6 (189811042)|ENTERING_MANAGED_PKG|dsfs
08:45:56.6 (189983435)|ENTERING_MANAGED_PKG|dsfs
08:45:56.6 (190044934)|ENTERING_MANAGED_PKG|dsfs
08:45:56.6 (190088524)|ENTERING_MANAGED_PKG|dsfs
08:45:56.6 (190129196)|ENTERING_MANAGED_PKG|dsfs
08:45:56.6 (190168832)|ENTERING_MANAGED_PKG|dsfs
08:45:56.6 (190237386)|ENTERING_MANAGED_PKG|dsfs
08:45:56.6 (190339308)|ENTERING_MANAGED_PKG|dsfs
08:45:56.6 (190368376)|ENTERING_MANAGED_PKG|dsfs
08:45:56.6 (190398023)|ENTERING_MANAGED_PKG|dsfs
08:45:56.6 (190467398)|ENTERING_MANAGED_PKG|dsfs
08:45:56.6 (191386217)|ENTERING_MANAGED_PKG|dsfs
08:45:56.6 (194687210)|ENTERING_MANAGED_PKG|dsfs
08:45:56.6 (194777517)|ENTERING_MANAGED_PKG|dsfs
08:45:56.6 (194891827)|ENTERING_MANAGED_PKG|dsfs
08:45:56.6 (194938402)|ENTERING_MANAGED_PKG|dsfs
08:45:56.6 (194961396)|ENTERING_MANAGED_PKG|dsfs
08:45:56.6 (194994727)|ENTERING_MANAGED_PKG|dsfs
08:45:56.6 (195011825)|ENTERING_MANAGED_PKG|dsfs
08:45:56.6 (195140857)|ENTERING_MANAGED_PKG|dsfs
08:45:56.6 (195188737)|ENTERING_MANAGED_PKG|dsfs
08:45:56.6 (195329206)|ENTERING_MANAGED_PKG|dsfs
08:45:56.6 (196130220)|ENTERING_MANAGED_PKG|dsfs
08:45:56.6 (196229717)|ENTERING_MANAGED_PKG|dsfs
08:45:56.6 (196263061)|ENTERING_MANAGED_PKG|dsfs
08:45:56.6 (196278731)|ENTERING_MANAGED_PKG|dsfs
08:45:56.6 (196299395)|ENTERING_MANAGED_PKG|dsfs
08:45:56.6 (196311729)|ENTERING_MANAGED_PKG|dsfs
08:45:56.6 (196407178)|ENTERING_MANAGED_PKG|dsfs
08:45:56.6 (196819067)|ENTERING_MANAGED_PKG|dsfs
08:45:56.6 (196905119)|ENTERING_MANAGED_PKG|dsfs
08:45:56.6 (196932096)|ENTERING_MANAGED_PKG|dsfs
08:45:56.6 (196946516)|ENTERING_MANAGED_PKG|dsfs
08:45:56.6 (196966905)|ENTERING_MANAGED_PKG|dsfs
08:45:56.6 (196979731)|ENTERING_MANAGED_PKG|dsfs
08:45:56.6 (197037399)|ENTERING_MANAGED_PKG|dsfs
08:45:56.6 (197066092)|ENTERING_MANAGED_PKG|dsfs
08:45:56.6 (197080347)|ENTERING_MANAGED_PKG|dsfs
08:45:56.6 (197097500)|ENTERING_MANAGED_PKG|dsfs
08:45:56.6 (197110213)|ENTERING_MANAGED_PKG|dsfs
08:45:56.6 (197273685)|ENTERING_MANAGED_PKG|dsfs
08:45:56.6 (198015540)|SOQL_EXECUTE_BEGIN|[128]|Aggregations:0|SELECT ContractNumber, Account.Id, Account.Name FROM Contract WHERE Id = :tmpVar1 LIMIT 1
08:45:56.6 (218846937)|SOQL_EXECUTE_EXPLAIN|[128]|No explain plan is available
08:45:56.6 (218867145)|SOQL_EXECUTE_END|[128]|Rows:1
08:45:56.6 (219075608)|ENTERING_MANAGED_PKG|dsfs
08:45:56.6 (219603790)|ENTERING_MANAGED_PKG|dsfs
08:45:56.6 (219752455)|ENTERING_MANAGED_PKG|dsfs
08:45:56.6 (219783746)|ENTERING_MANAGED_PKG|dsfs
08:45:56.6 (219804882)|ENTERING_MANAGED_PKG|dsfs
08:45:56.6 (219819027)|ENTERING_MANAGED_PKG|dsfs
08:45:56.6 (219837680)|ENTERING_MANAGED_PKG|dsfs
08:45:56.6 (219854353)|ENTERING_MANAGED_PKG|dsfs
08:45:56.6 (219894383)|ENTERING_MANAGED_PKG|dsfs
08:45:56.6 (219925096)|ENTERING_MANAGED_PKG|dsfs
08:45:56.6 (219950013)|ENTERING_MANAGED_PKG|dsfs
08:45:56.6 (219962237)|ENTERING_MANAGED_PKG|dsfs
08:45:56.6 (220014442)|ENTERING_MANAGED_PKG|dsfs
08:45:56.6 (220066297)|ENTERING_MANAGED_PKG|dsfs
08:45:56.6 (220132315)|ENTERING_MANAGED_PKG|dsfs
08:45:56.6 (220191050)|ENTERING_MANAGED_PKG|dsfs
08:45:56.6 (220225086)|ENTERING_MANAGED_PKG|dsfs
08:45:56.6 (220253008)|ENTERING_MANAGED_PKG|dsfs
08:45:56.6 (220306540)|ENTERING_MANAGED_PKG|dsfs
08:45:56.6 (220321626)|ENTERING_MANAGED_PKG|dsfs
08:45:56.6 (220369092)|ENTERING_MANAGED_PKG|dsfs
08:45:56.6 (220398110)|ENTERING_MANAGED_PKG|dsfs
08:45:56.6 (220484732)|ENTERING_MANAGED_PKG|dsfs
08:45:56.6 (220510265)|ENTERING_MANAGED_PKG|dsfs
08:45:56.6 (220653045)|ENTERING_MANAGED_PKG|dsfs
08:45:56.6 (220723404)|ENTERING_MANAGED_PKG|dsfs
08:45:56.6 (220744186)|ENTERING_MANAGED_PKG|dsfs
08:45:56.6 (220825922)|ENTERING_MANAGED_PKG|dsfs
08:45:56.6 (220928059)|ENTERING_MANAGED_PKG|dsfs
08:45:56.6 (220946702)|ENTERING_MANAGED_PKG|dsfs
08:45:56.6 (220987951)|ENTERING_MANAGED_PKG|dsfs
08:45:56.6 (221017023)|ENTERING_MANAGED_PKG|dsfs
08:45:56.6 (221043587)|ENTERING_MANAGED_PKG|dsfs
08:45:56.6 (221075929)|ENTERING_MANAGED_PKG|dsfs
08:45:56.6 (221631323)|ENTERING_MANAGED_PKG|dsfs
08:45:56.6 (221665927)|ENTERING_MANAGED_PKG|dsfs
08:45:56.6 (221678102)|ENTERING_MANAGED_PKG|dsfs
08:45:56.325 (325128700)|CUMULATIVE_LIMIT_USAGE
08:45:56.325 (325128700)|LIMIT_USAGE_FOR_NS|(default)|
  Number of SOQL queries: 0 out of 100
  Number of query rows: 0 out of 50000
  Number of SOSL queries: 0 out of 20
  Number of DML statements: 0 out of 150
  Number of Publish Immediate DML: 0 out of 150
  Number of DML rows: 0 out of 10000
  Maximum CPU time: 0 out of 10000
  Maximum heap size: 0 out of 6000000
  Number of callouts: 0 out of 100
  Number of Email Invocations: 0 out of 10
  Number of future calls: 0 out of 50
  Number of queueable jobs added to the queue: 0 out of 50
  Number of Mobile Apex push calls: 0 out of 10

08:45:56.325 (325128700)|LIMIT_USAGE_FOR_NS|dsfs|
  Number of SOQL queries: 3 out of 100
  Number of query rows: 3 out of 50000
  Number of SOSL queries: 0 out of 20
  Number of DML statements: 0 out of 150
  Number of Publish Immediate DML: 0 out of 150
  Number of DML rows: 0 out of 10000
  Maximum CPU time: 0 out of 10000
  Maximum heap size: 0 out of 6000000
  Number of callouts: 0 out of 100
  Number of Email Invocations: 0 out of 10
  Number of future calls: 0 out of 50
  Number of queueable jobs added to the queue: 0 out of 50
  Number of Mobile Apex push calls: 0 out of 10

08:45:56.325 (325128700)|CUMULATIVE_LIMIT_USAGE_END

