31.0 APEX_CODE,FINE;APEX_PROFILING,NONE;CALLOUT,INFO;DB,NONE;NBA,INFO;SYSTEM,NONE;VALIDATION,NONE;VISUALFORCE,FINE;WAVE,NONE;WORKFLOW,NONE
11:11:35.3 (3217526)|USER_INFO|[EXTERNAL]|0052p000008i9TA|n.gonzalez@blackbirdcrew.com.pre|hora estándar de Europa central|GMT+02:00
11:11:35.3 (3281098)|EXECUTION_STARTED
11:11:35.3 (3290744)|CODE_UNIT_STARTED|[EXTERNAL]|FutureHandler - state load
11:11:35.3 (5161564)|CODE_UNIT_FINISHED|FutureHandler - state load
11:11:35.3 (5188944)|EXECUTION_FINISHED
11:11:35.36 (36053270)|USER_INFO|[EXTERNAL]|0052p000008i9TA|n.gonzalez@blackbirdcrew.com.pre|hora estándar de Europa central|GMT+02:00
11:11:35.36 (36312387)|EXECUTION_STARTED
11:11:35.36 (36320591)|CODE_UNIT_STARTED|[EXTERNAL]|01p57000001HcLI|SyncNav.SincronizarPedidosDeGasFuture(List<String>)
11:11:35.36 (476775424)|METHOD_ENTRY|[8]|01p57000001HcLI|SyncNav.SyncNav()
11:11:35.36 (478645108)|METHOD_EXIT|[8]|SyncNav
11:11:35.36 (479605731)|METHOD_ENTRY|[743]|01p57000001HcLI|SyncNav.SincronizarPedidosDeGas(List<String>)
11:11:36.520 (1520858701)|USER_DEBUG|[753]|DEBUG|pedidosGasSync: (Pedido_de_gas__c:{Id=a0y3L000000UscVQAS, Direccion_de_entrega__c=a003L000003TKLpQAO, Nivel_del_deposito__c=85, Comentarios__c=TEST Ignorar})
11:11:36.520 (1521066561)|USER_DEBUG|[757]|DEBUG|@@@@ pedidoGas:Pedido_de_gas__c:{Id=a0y3L000000UscVQAS, Direccion_de_entrega__c=a003L000003TKLpQAO, Nivel_del_deposito__c=85, Comentarios__c=TEST Ignorar}
11:11:36.520 (1521271017)|METHOD_ENTRY|[8]|01p57000001HcLU|XmlUtil.XmlUtil()
11:11:36.520 (1521338582)|METHOD_EXIT|[8]|XmlUtil
11:11:36.520 (1521381280)|METHOD_ENTRY|[758]|01p57000001HcLU|XmlUtil.generarXmlEnviarPedidosGas(Pedido_de_gas__c)
11:11:36.520 (1523382745)|USER_DEBUG|[2343]|DEBUG|Body: <?xml version="1.0" encoding="utf-8"?><soap:Envelope xmlns:soap="http://schemas.xmlsoap.org/soap/envelope/" xmlns="urn:microsoft-dynamics-schemas/codeunit/WS_App"><soap:Body><App_Order><codPrmCliente/><codPrmshipto/><intPrmLevel>85</intPrmLevel><txtPrmComentario>TEST Ignorar</txtPrmComentario><codPrmLanguage>ESP</codPrmLanguage><txtPrmMessage>Datos</txtPrmMessage></App_Order></soap:Body></soap:Envelope>
11:11:36.520 (1523430623)|METHOD_EXIT|[758]|01p57000001HcLU|XmlUtil.generarXmlEnviarPedidosGas(Pedido_de_gas__c)
11:11:36.520 (1523466289)|USER_DEBUG|[759]|DEBUG|@@@@@ cuerpo <?xml version="1.0" encoding="utf-8"?><soap:Envelope xmlns:soap="http://schemas.xmlsoap.org/soap/envelope/" xmlns="urn:microsoft-dynamics-schemas/codeunit/WS_App"><soap:Body><App_Order><codPrmCliente/><codPrmshipto/><intPrmLevel>85</intPrmLevel><txtPrmComentario>TEST Ignorar</txtPrmComentario><codPrmLanguage>ESP</codPrmLanguage><txtPrmMessage>Datos</txtPrmMessage></App_Order></soap:Body></soap:Envelope>
11:11:36.520 (1523972914)|METHOD_ENTRY|[1]|01p57000001lFxx|Util.Util()
11:11:36.520 (1524009409)|METHOD_EXIT|[1]|Util
11:11:36.520 (1781495459)|METHOD_ENTRY|[1]|01p57000001HcLC|NavWSUtil.NavWSUtil()
11:11:36.520 (1781643590)|METHOD_EXIT|[1]|NavWSUtil
11:11:36.520 (1781824626)|METHOD_ENTRY|[760]|01p57000001HcLC|NavWSUtil.peticionesWSNavision(String, String, String)
11:11:36.520 (1802702695)|METHOD_ENTRY|[7]|01p57000001HcL1|HttpClient.HttpClient()
11:11:36.520 (1802752913)|METHOD_EXIT|[7]|HttpClient
11:11:36.520 (1835840739)|CONSTRUCTOR_ENTRY|[255]|01p57000001HcL1|<init>(String,String,Boolean)|HttpClient
11:11:36.520 (1836052754)|METHOD_ENTRY|[59]|01p57000001HcL1|HttpClient.setUser(String)
11:11:36.520 (1836243629)|METHOD_EXIT|[59]|01p57000001HcL1|HttpClient.setUser(String)
11:11:36.520 (1836350962)|METHOD_ENTRY|[60]|01p57000001HcL1|HttpClient.setPassword(String)
11:11:36.520 (1836471260)|METHOD_EXIT|[60]|01p57000001HcL1|HttpClient.setPassword(String)
11:11:36.520 (1836495465)|METHOD_ENTRY|[61]|01p57000001HcL1|HttpClient.setIsPreAuthenticate(Boolean)
11:11:36.520 (1836540944)|METHOD_EXIT|[61]|01p57000001HcL1|HttpClient.setIsPreAuthenticate(Boolean)
11:11:36.520 (1836620246)|METHOD_ENTRY|[11]|01p57000001HcL6|NTLMAuth.NTLMAuth()
11:11:36.520 (1836649977)|METHOD_EXIT|[11]|NTLMAuth
11:11:36.520 (1836762474)|CONSTRUCTOR_ENTRY|[63]|01p57000001HcL6|<init>()|NTLMAuth
11:11:36.520 (1836816581)|CONSTRUCTOR_EXIT|[63]|01p57000001HcL6|<init>()|NTLMAuth
11:11:36.520 (1836937353)|CONSTRUCTOR_EXIT|[255]|01p57000001HcL1|<init>(String,String,Boolean)|HttpClient
11:11:36.520 (1838665407)|USER_DEBUG|[274]|ERROR|Request Body**: <?xml version="1.0" encoding="utf-8"?><soap:Envelope xmlns:soap="http://schemas.xmlsoap.org/soap/envelope/" xmlns="urn:microsoft-dynamics-schemas/codeunit/WS_App"><soap:Body><App_Order><codPrmCliente/><codPrmshipto/><intPrmLevel>85</intPrmLevel><txtPrmComentario>TEST Ignorar</txtPrmComentario><codPrmLanguage>ESP</codPrmLanguage><txtPrmMessage>Datos</txtPrmMessage></App_Order></soap:Body></soap:Envelope>
11:11:36.520 (1839151359)|METHOD_ENTRY|[287]|01p57000001HcL1|HttpClient.send(System.HttpRequest, Map<String,String>)
11:11:36.520 (1839607802)|METHOD_ENTRY|[134]|01p57000001HcL1|HttpClient.Clone(System.HttpRequest, Map<String,String>)
11:11:36.520 (1842214724)|METHOD_EXIT|[134]|01p57000001HcL1|HttpClient.Clone(System.HttpRequest, Map<String,String>)
11:11:36.520 (1842243067)|METHOD_ENTRY|[136]|01p57000001HcL1|HttpClient.getIsPreAuthenticate()
11:11:36.520 (1842283852)|METHOD_EXIT|[136]|01p57000001HcL1|HttpClient.getIsPreAuthenticate()
11:11:36.520 (1842501544)|METHOD_ENTRY|[137]|01p57000001HcL6|NTLMAuth.getType1Message()
11:11:36.520 (1877358575)|METHOD_ENTRY|[12]|01p57000001HcKt|BitConverter.BitConverter()
11:11:36.520 (1879310022)|METHOD_EXIT|[12]|BitConverter
11:11:36.520 (1879363130)|METHOD_ENTRY|[33]|01p57000001HcKt|BitConverter.getBytesForUInt32(Integer)
11:11:36.520 (1879558578)|METHOD_EXIT|[33]|01p57000001HcKt|BitConverter.getBytesForUInt32(Integer)
11:11:36.520 (1879608289)|METHOD_ENTRY|[34]|01p57000001HcL6|NTLMAuth.WriteSecurityBuffer(List<Integer>, List<Integer>, List<Integer>)
11:11:36.520 (1879655519)|METHOD_ENTRY|[165]|01p57000001HcKt|BitConverter.getBytesForUInt16(Integer)
11:11:36.520 (1879732644)|METHOD_EXIT|[165]|01p57000001HcKt|BitConverter.getBytesForUInt16(Integer)
11:11:36.520 (1879756859)|METHOD_ENTRY|[166]|01p57000001HcKt|BitConverter.getBytesForUInt16(Integer)
11:11:36.520 (1879798003)|METHOD_EXIT|[166]|01p57000001HcKt|BitConverter.getBytesForUInt16(Integer)
11:11:36.520 (1879820530)|METHOD_ENTRY|[167]|01p57000001HcKt|BitConverter.getBytesForUInt32(Integer)
11:11:36.520 (1879862511)|METHOD_EXIT|[167]|01p57000001HcKt|BitConverter.getBytesForUInt32(Integer)
11:11:36.520 (1879888494)|METHOD_EXIT|[34]|01p57000001HcL6|NTLMAuth.WriteSecurityBuffer(List<Integer>, List<Integer>, List<Integer>)
11:11:36.520 (1879905508)|METHOD_ENTRY|[35]|01p57000001HcL6|NTLMAuth.WriteSecurityBuffer(List<Integer>, List<Integer>, List<Integer>)
11:11:36.520 (1879926661)|METHOD_ENTRY|[165]|01p57000001HcKt|BitConverter.getBytesForUInt16(Integer)
11:11:36.520 (1879958115)|METHOD_EXIT|[165]|01p57000001HcKt|BitConverter.getBytesForUInt16(Integer)
11:11:36.520 (1879981287)|METHOD_ENTRY|[166]|01p57000001HcKt|BitConverter.getBytesForUInt16(Integer)
11:11:36.520 (1880010720)|METHOD_EXIT|[166]|01p57000001HcKt|BitConverter.getBytesForUInt16(Integer)
11:11:36.520 (1880032428)|METHOD_ENTRY|[167]|01p57000001HcKt|BitConverter.getBytesForUInt32(Integer)
11:11:36.520 (1880066687)|METHOD_EXIT|[167]|01p57000001HcKt|BitConverter.getBytesForUInt32(Integer)
11:11:36.520 (1880086506)|METHOD_EXIT|[35]|01p57000001HcL6|NTLMAuth.WriteSecurityBuffer(List<Integer>, List<Integer>, List<Integer>)
11:11:36.520 (1880110050)|METHOD_ENTRY|[37]|01p57000001HcKt|BitConverter.encodeBase64String(List<Integer>)
11:11:36.520 (1881031098)|METHOD_EXIT|[37]|01p57000001HcKt|BitConverter.encodeBase64String(List<Integer>)
11:11:36.520 (1881106809)|METHOD_EXIT|[137]|01p57000001HcL6|NTLMAuth.getType1Message()
11:11:36.520 (1881465488)|CALLOUT_REQUEST|[142]|System.HttpRequest[Endpoint=https://bc-acc.primagas.es:7047/bc_ad/WS/PSEnergia/Codeunit/PGE_SF, Method=POST]
11:11:36.520 (2347115385)|CALLOUT_RESPONSE|[142]|System.HttpResponse[Status=Unauthorized, StatusCode=401]
11:11:36.520 (2347239872)|METHOD_ENTRY|[148]|01p57000001HcL1|HttpClient.handle401Response(System.HttpResponse, System.HttpRequest, Map<String,String>, Integer)
11:11:36.520 (2347274769)|METHOD_ENTRY|[184]|01p57000001HcL1|HttpClient.ParseHttpNtlmHeader(System.HttpResponse)
11:11:36.520 (2347410614)|METHOD_EXIT|[184]|01p57000001HcL1|HttpClient.ParseHttpNtlmHeader(System.HttpResponse)
11:11:36.520 (2347488096)|METHOD_ENTRY|[188]|01p57000001HcL1|HttpClient.Clone(System.HttpRequest, Map<String,String>)
11:11:36.520 (2348797914)|METHOD_EXIT|[188]|01p57000001HcL1|HttpClient.Clone(System.HttpRequest, Map<String,String>)
11:11:36.520 (2348831199)|METHOD_ENTRY|[189]|01p57000001HcL1|HttpClient.getUser()
11:11:36.520 (2348861689)|METHOD_EXIT|[189]|01p57000001HcL1|HttpClient.getUser()
11:11:36.520 (2348870441)|METHOD_ENTRY|[189]|01p57000001HcL1|HttpClient.getPassword()
11:11:36.520 (2348879168)|METHOD_EXIT|[189]|01p57000001HcL1|HttpClient.getPassword()
11:11:36.520 (2348895571)|METHOD_ENTRY|[189]|01p57000001HcL6|NTLMAuth.getType3Message(String, String, String)
11:11:36.520 (2349053621)|METHOD_ENTRY|[59]|01p57000001HcKt|BitConverter.decodeBase64String(String)
11:11:36.520 (2349098647)|USER_DEBUG|[75]|DEBUG|hello
11:11:36.520 (2349224768)|SYSTEM_METHOD_ENTRY|[1]|Math.Math()
11:11:36.520 (2349280209)|SYSTEM_METHOD_EXIT|[1]|Math
11:11:36.520 (2349294333)|METHOD_ENTRY|[78]||System.Math.mod(Integer, Integer)
11:11:36.520 (2353622463)|METHOD_EXIT|[78]||System.Math.mod(Integer, Integer)
11:11:36.520 (2378549910)|METHOD_EXIT|[59]|01p57000001HcKt|BitConverter.decodeBase64String(String)
11:11:36.520 (2378974498)|METHOD_ENTRY|[75]|01p57000001HcKt|BitConverter.toUInt32(List<Integer>, Integer)
11:11:36.520 (2379083379)|METHOD_EXIT|[75]|01p57000001HcKt|BitConverter.toUInt32(List<Integer>, Integer)
11:11:36.520 (2472751888)|METHOD_ENTRY|[69]|01p57000001HcL4|MD4Hash.MD4Hash()
11:11:36.520 (2472795528)|METHOD_EXIT|[69]|MD4Hash
11:11:36.520 (2472849962)|CONSTRUCTOR_ENTRY|[89]|01p57000001HcL4|<init>()|MD4Hash
11:11:36.520 (2473053054)|METHOD_ENTRY|[99]|01p57000001HcL4|MD4Hash.reset()
11:11:36.520 (2473363432)|METHOD_ENTRY|[182]|01p57000001HcL4|MD4Hash.resetContext()
11:11:36.520 (2473407915)|METHOD_EXIT|[182]|01p57000001HcL4|MD4Hash.resetContext()
11:11:36.520 (2473418652)|METHOD_EXIT|[99]|01p57000001HcL4|MD4Hash.reset()
11:11:36.520 (2473430136)|METHOD_ENTRY|[100]|01p57000001HcL4|MD4Hash.resetContext()
11:11:36.520 (2473445528)|METHOD_EXIT|[100]|01p57000001HcL4|MD4Hash.resetContext()
11:11:36.520 (2473457382)|CONSTRUCTOR_EXIT|[89]|01p57000001HcL4|<init>()|MD4Hash
11:11:36.520 (2473484005)|METHOD_ENTRY|[90]|01p57000001HcKt|BitConverter.encodeUTF16String(String)
11:11:36.520 (2473716876)|SYSTEM_METHOD_ENTRY|[1]|EncodingUtil.EncodingUtil()
11:11:36.520 (2473746146)|SYSTEM_METHOD_EXIT|[1]|EncodingUtil
11:11:36.520 (2473759867)|METHOD_ENTRY|[208]||System.EncodingUtil.convertToHex(Blob)
11:11:36.520 (2473830965)|METHOD_EXIT|[208]||System.EncodingUtil.convertToHex(Blob)
11:11:36.520 (2473847394)|METHOD_ENTRY|[209]|01p57000001HcKt|BitConverter.encodeIntegerFromHex(String)
11:11:36.520 (2474038787)|METHOD_ENTRY|[192]||System.Math.pow(Double, Double)
11:11:36.520 (2474104707)|METHOD_EXIT|[192]||System.Math.pow(Double, Double)
11:11:36.520 (2474192701)|METHOD_ENTRY|[192]||System.Math.pow(Double, Double)
11:11:36.520 (2474214354)|METHOD_EXIT|[192]||System.Math.pow(Double, Double)
11:11:36.520 (2474254145)|METHOD_EXIT|[209]|01p57000001HcKt|BitConverter.encodeIntegerFromHex(String)
11:11:36.520 (2474353054)|METHOD_ENTRY|[208]||System.EncodingUtil.convertToHex(Blob)
11:11:36.520 (2474376369)|METHOD_EXIT|[208]||System.EncodingUtil.convertToHex(Blob)
11:11:36.520 (2474384721)|METHOD_ENTRY|[209]|01p57000001HcKt|BitConverter.encodeIntegerFromHex(String)
11:11:36.520 (2474472215)|METHOD_ENTRY|[192]||System.Math.pow(Double, Double)
11:11:36.520 (2474493688)|METHOD_EXIT|[192]||System.Math.pow(Double, Double)
11:11:36.520 (2474558253)|METHOD_ENTRY|[192]||System.Math.pow(Double, Double)
11:11:36.520 (2474576550)|METHOD_EXIT|[192]||System.Math.pow(Double, Double)
11:11:36.520 (2474613446)|METHOD_EXIT|[209]|01p57000001HcKt|BitConverter.encodeIntegerFromHex(String)
11:11:36.520 (2474685337)|METHOD_ENTRY|[208]||System.EncodingUtil.convertToHex(Blob)
11:11:36.520 (2474705686)|METHOD_EXIT|[208]||System.EncodingUtil.convertToHex(Blob)
11:11:36.520 (2474713445)|METHOD_ENTRY|[209]|01p57000001HcKt|BitConverter.encodeIntegerFromHex(String)
11:11:36.520 (2474805121)|METHOD_ENTRY|[192]||System.Math.pow(Double, Double)
11:11:36.520 (2474826181)|METHOD_EXIT|[192]||System.Math.pow(Double, Double)
11:11:36.520 (2474886654)|METHOD_ENTRY|[192]||System.Math.pow(Double, Double)
11:11:36.520 (2474905805)|METHOD_EXIT|[192]||System.Math.pow(Double, Double)
11:11:36.520 (2474941569)|METHOD_EXIT|[209]|01p57000001HcKt|BitConverter.encodeIntegerFromHex(String)
11:11:36.520 (2475012267)|METHOD_ENTRY|[208]||System.EncodingUtil.convertToHex(Blob)
11:11:36.520 (2475034834)|METHOD_EXIT|[208]||System.EncodingUtil.convertToHex(Blob)
11:11:36.520 (2475042636)|METHOD_ENTRY|[209]|01p57000001HcKt|BitConverter.encodeIntegerFromHex(String)
11:11:36.520 (2475129091)|METHOD_ENTRY|[192]||System.Math.pow(Double, Double)
11:11:36.520 (2475150548)|METHOD_EXIT|[192]||System.Math.pow(Double, Double)
11:11:36.520 (2475212237)|METHOD_ENTRY|[192]||System.Math.pow(Double, Double)
11:11:36.520 (2475230961)|METHOD_EXIT|[192]||System.Math.pow(Double, Double)
11:11:36.520 (2475268449)|METHOD_EXIT|[209]|01p57000001HcKt|BitConverter.encodeIntegerFromHex(String)
11:11:36.520 (2475337629)|METHOD_ENTRY|[208]||System.EncodingUtil.convertToHex(Blob)
11:11:36.520 (2475358134)|METHOD_EXIT|[208]||System.EncodingUtil.convertToHex(Blob)
11:11:36.520 (2475365774)|METHOD_ENTRY|[209]|01p57000001HcKt|BitConverter.encodeIntegerFromHex(String)
11:11:36.520 (2475443830)|METHOD_ENTRY|[192]||System.Math.pow(Double, Double)
11:11:36.520 (2475463808)|METHOD_EXIT|[192]||System.Math.pow(Double, Double)
11:11:36.520 (2475522876)|METHOD_ENTRY|[192]||System.Math.pow(Double, Double)
11:11:36.520 (2475541639)|METHOD_EXIT|[192]||System.Math.pow(Double, Double)
11:11:36.520 (2475578691)|METHOD_EXIT|[209]|01p57000001HcKt|BitConverter.encodeIntegerFromHex(String)
11:11:36.520 (2475648529)|METHOD_ENTRY|[208]||System.EncodingUtil.convertToHex(Blob)
11:11:36.520 (2475667824)|METHOD_EXIT|[208]||System.EncodingUtil.convertToHex(Blob)
11:11:36.520 (2475676135)|METHOD_ENTRY|[209]|01p57000001HcKt|BitConverter.encodeIntegerFromHex(String)
11:11:36.520 (2475769656)|METHOD_ENTRY|[192]||System.Math.pow(Double, Double)
11:11:36.520 (2475791035)|METHOD_EXIT|[192]||System.Math.pow(Double, Double)
11:11:36.520 (2475854255)|METHOD_ENTRY|[192]||System.Math.pow(Double, Double)
11:11:36.520 (2475873035)|METHOD_EXIT|[192]||System.Math.pow(Double, Double)
11:11:36.520 (2475908072)|METHOD_EXIT|[209]|01p57000001HcKt|BitConverter.encodeIntegerFromHex(String)
11:11:36.520 (2475979075)|METHOD_ENTRY|[208]||System.EncodingUtil.convertToHex(Blob)
11:11:36.520 (2475998177)|METHOD_EXIT|[208]||System.EncodingUtil.convertToHex(Blob)
11:11:36.520 (2476005685)|METHOD_ENTRY|[209]|01p57000001HcKt|BitConverter.encodeIntegerFromHex(String)
11:11:36.520 (2476087715)|METHOD_ENTRY|[192]||System.Math.pow(Double, Double)
11:11:36.520 (2476106832)|METHOD_EXIT|[192]||System.Math.pow(Double, Double)
11:11:36.520 (2476169731)|METHOD_ENTRY|[192]||System.Math.pow(Double, Double)
11:11:36.520 (2476189705)|METHOD_EXIT|[192]||System.Math.pow(Double, Double)
11:11:36.520 (2476226602)|METHOD_EXIT|[209]|01p57000001HcKt|BitConverter.encodeIntegerFromHex(String)
11:11:36.520 (2476298129)|METHOD_ENTRY|[208]||System.EncodingUtil.convertToHex(Blob)
11:11:36.520 (2476318422)|METHOD_EXIT|[208]||System.EncodingUtil.convertToHex(Blob)
11:11:36.520 (2476326066)|METHOD_ENTRY|[209]|01p57000001HcKt|BitConverter.encodeIntegerFromHex(String)
11:11:36.520 (2476405834)|METHOD_ENTRY|[192]||System.Math.pow(Double, Double)
11:11:36.520 (2476426928)|METHOD_EXIT|[192]||System.Math.pow(Double, Double)
11:11:36.520 (2476488857)|METHOD_ENTRY|[192]||System.Math.pow(Double, Double)
11:11:36.520 (2476508811)|METHOD_EXIT|[192]||System.Math.pow(Double, Double)
11:11:36.520 (2476546349)|METHOD_EXIT|[209]|01p57000001HcKt|BitConverter.encodeIntegerFromHex(String)
11:11:36.520 (2476615914)|METHOD_ENTRY|[208]||System.EncodingUtil.convertToHex(Blob)
11:11:36.520 (2476648748)|METHOD_EXIT|[208]||System.EncodingUtil.convertToHex(Blob)
11:11:36.520 (2476656691)|METHOD_ENTRY|[209]|01p57000001HcKt|BitConverter.encodeIntegerFromHex(String)
11:11:36.520 (2476752298)|METHOD_ENTRY|[192]||System.Math.pow(Double, Double)
11:11:36.520 (2476772850)|METHOD_EXIT|[192]||System.Math.pow(Double, Double)
11:11:36.520 (2476834543)|METHOD_ENTRY|[192]||System.Math.pow(Double, Double)
11:11:36.520 (2476854301)|METHOD_EXIT|[192]||System.Math.pow(Double, Double)
11:11:36.520 (2476892258)|METHOD_EXIT|[209]|01p57000001HcKt|BitConverter.encodeIntegerFromHex(String)
11:11:36.520 (2476934834)|METHOD_EXIT|[90]|01p57000001HcKt|BitConverter.encodeUTF16String(String)
11:11:36.520 (2476961491)|METHOD_ENTRY|[90]|01p57000001HcL4|MD4Hash.digest(List<Integer>)
11:11:36.520 (2477020312)|METHOD_ENTRY|[113]|01p57000001HcL4|MD4Hash.updateBuffer(List<Integer>, Integer, Integer)
11:11:36.520 (2477057923)|METHOD_ENTRY|[139]||System.Math.mod(Long, Long)
11:11:36.520 (2477140073)|METHOD_EXIT|[139]||System.Math.mod(Long, Long)
11:11:36.520 (2477212239)|METHOD_ENTRY|[154]|01p57000001HcL4|MD4Hash.arrayCopy(List<Integer>, Integer, List<Integer>, Integer, Integer)
11:11:36.520 (2477321793)|METHOD_EXIT|[154]|01p57000001HcL4|MD4Hash.arrayCopy(List<Integer>, Integer, List<Integer>, Integer, Integer)
11:11:36.520 (2477333151)|METHOD_EXIT|[113]|01p57000001HcL4|MD4Hash.updateBuffer(List<Integer>, Integer, Integer)
11:11:36.520 (2477347751)|METHOD_ENTRY|[114]|01p57000001HcL4|MD4Hash.digest()
11:11:36.520 (2477369326)|METHOD_ENTRY|[164]|01p57000001HcL4|MD4Hash.padBuffer()
11:11:36.520 (2477392331)|METHOD_ENTRY|[219]||System.Math.mod(Long, Long)
11:11:36.520 (2477427975)|METHOD_EXIT|[219]||System.Math.mod(Long, Long)
11:11:36.520 (2478200708)|METHOD_EXIT|[164]|01p57000001HcL4|MD4Hash.padBuffer()
11:11:36.520 (2478240389)|METHOD_ENTRY|[165]|01p57000001HcL4|MD4Hash.updateBuffer(List<Integer>, Integer, Integer)
11:11:36.520 (2478259041)|METHOD_ENTRY|[139]||System.Math.mod(Long, Long)
11:11:36.520 (2478298768)|METHOD_EXIT|[139]||System.Math.mod(Long, Long)
11:11:36.520 (2478337027)|METHOD_ENTRY|[145]|01p57000001HcL4|MD4Hash.arrayCopy(List<Integer>, Integer, List<Integer>, Integer, Integer)
11:11:36.520 (2478529823)|METHOD_EXIT|[145]|01p57000001HcL4|MD4Hash.arrayCopy(List<Integer>, Integer, List<Integer>, Integer, Integer)
11:11:36.520 (2478550921)|METHOD_ENTRY|[146]|01p57000001HcL4|MD4Hash.transform(List<Integer>, Integer)
11:11:36.520 (2478768469)|METHOD_ENTRY|[268]|01p57000001HcKt|BitConverter.getIntegerComplement(Integer)
11:11:36.520 (2478792009)|METHOD_EXIT|[268]|01p57000001HcKt|BitConverter.getIntegerComplement(Integer)
11:11:36.520 (2478805085)|METHOD_ENTRY|[270]|01p57000001HcKt|BitConverter.getIntegerComplement(Integer)
11:11:36.520 (2478820470)|METHOD_EXIT|[270]|01p57000001HcKt|BitConverter.getIntegerComplement(Integer)
11:11:36.520 (2478831732)|METHOD_ENTRY|[272]|01p57000001HcKt|BitConverter.getIntegerComplement(Integer)
11:11:36.520 (2478843723)|METHOD_EXIT|[272]|01p57000001HcKt|BitConverter.getIntegerComplement(Integer)
11:11:36.520 (2478854936)|METHOD_ENTRY|[274]|01p57000001HcKt|BitConverter.getIntegerComplement(Integer)
11:11:36.520 (2478867479)|METHOD_EXIT|[274]|01p57000001HcKt|BitConverter.getIntegerComplement(Integer)
11:11:36.520 (2478877978)|METHOD_ENTRY|[276]|01p57000001HcKt|BitConverter.getIntegerComplement(Integer)
11:11:36.520 (2478889312)|METHOD_EXIT|[276]|01p57000001HcKt|BitConverter.getIntegerComplement(Integer)
11:11:36.520 (2478900351)|METHOD_ENTRY|[278]|01p57000001HcKt|BitConverter.getIntegerComplement(Integer)
11:11:36.520 (2478911658)|METHOD_EXIT|[278]|01p57000001HcKt|BitConverter.getIntegerComplement(Integer)
11:11:36.520 (2478923102)|METHOD_ENTRY|[280]|01p57000001HcKt|BitConverter.getIntegerComplement(Integer)
11:11:36.520 (2478935127)|METHOD_EXIT|[280]|01p57000001HcKt|BitConverter.getIntegerComplement(Integer)
11:11:36.520 (2478945501)|METHOD_ENTRY|[282]|01p57000001HcKt|BitConverter.getIntegerComplement(Integer)
11:11:36.520 (2478957140)|METHOD_EXIT|[282]|01p57000001HcKt|BitConverter.getIntegerComplement(Integer)
11:11:36.520 (2478968014)|METHOD_ENTRY|[284]|01p57000001HcKt|BitConverter.getIntegerComplement(Integer)
11:11:36.520 (2478979679)|METHOD_EXIT|[284]|01p57000001HcKt|BitConverter.getIntegerComplement(Integer)
11:11:36.520 (2478990136)|METHOD_ENTRY|[286]|01p57000001HcKt|BitConverter.getIntegerComplement(Integer)
11:11:36.520 (2479001997)|METHOD_EXIT|[286]|01p57000001HcKt|BitConverter.getIntegerComplement(Integer)
11:11:36.520 (2479013527)|METHOD_ENTRY|[288]|01p57000001HcKt|BitConverter.getIntegerComplement(Integer)
11:11:36.520 (2479024989)|METHOD_EXIT|[288]|01p57000001HcKt|BitConverter.getIntegerComplement(Integer)
11:11:36.520 (2479035640)|METHOD_ENTRY|[290]|01p57000001HcKt|BitConverter.getIntegerComplement(Integer)
11:11:36.520 (2479048428)|METHOD_EXIT|[290]|01p57000001HcKt|BitConverter.getIntegerComplement(Integer)
11:11:36.520 (2479059318)|METHOD_ENTRY|[292]|01p57000001HcKt|BitConverter.getIntegerComplement(Integer)
11:11:36.520 (2479070828)|METHOD_EXIT|[292]|01p57000001HcKt|BitConverter.getIntegerComplement(Integer)
11:11:36.520 (2479081416)|METHOD_ENTRY|[294]|01p57000001HcKt|BitConverter.getIntegerComplement(Integer)
11:11:36.520 (2479093237)|METHOD_EXIT|[294]|01p57000001HcKt|BitConverter.getIntegerComplement(Integer)
11:11:36.520 (2479103948)|METHOD_ENTRY|[296]|01p57000001HcKt|BitConverter.getIntegerComplement(Integer)
11:11:36.520 (2479115752)|METHOD_EXIT|[296]|01p57000001HcKt|BitConverter.getIntegerComplement(Integer)
11:11:36.520 (2479126459)|METHOD_ENTRY|[298]|01p57000001HcKt|BitConverter.getIntegerComplement(Integer)
11:11:36.520 (2479138125)|METHOD_EXIT|[298]|01p57000001HcKt|BitConverter.getIntegerComplement(Integer)
11:11:36.520 (2479218194)|METHOD_EXIT|[146]|01p57000001HcL4|MD4Hash.transform(List<Integer>, Integer)
11:11:36.520 (2479236752)|METHOD_EXIT|[165]|01p57000001HcL4|MD4Hash.updateBuffer(List<Integer>, Integer, Integer)
11:11:36.520 (2479250900)|METHOD_ENTRY|[166]|01p57000001HcL4|MD4Hash.getResult()
11:11:36.520 (2479345796)|METHOD_EXIT|[166]|01p57000001HcL4|MD4Hash.getResult()
11:11:36.520 (2479360102)|METHOD_ENTRY|[168]|01p57000001HcL4|MD4Hash.reset()
11:11:36.520 (2479569492)|METHOD_ENTRY|[182]|01p57000001HcL4|MD4Hash.resetContext()
11:11:36.520 (2479587139)|METHOD_EXIT|[182]|01p57000001HcL4|MD4Hash.resetContext()
11:11:36.520 (2479595338)|METHOD_EXIT|[168]|01p57000001HcL4|MD4Hash.reset()
11:11:36.520 (2479604333)|METHOD_EXIT|[114]|01p57000001HcL4|MD4Hash.digest()
11:11:36.520 (2479616404)|METHOD_EXIT|[90]|01p57000001HcL4|MD4Hash.digest(List<Integer>)
11:11:36.520 (2479638582)|METHOD_ENTRY|[94]||System.Math.pow(Double, Double)
11:11:36.520 (2479675162)|METHOD_EXIT|[94]||System.Math.pow(Double, Double)
11:11:36.520 (2479699985)|METHOD_ENTRY|[95]||System.Math.random()
11:11:36.520 (2479745533)|METHOD_EXIT|[95]||System.Math.random()
11:11:36.520 (2479773894)|METHOD_ENTRY|[95]||System.Math.roundToLong(Double)
11:11:36.520 (2479826825)|METHOD_EXIT|[95]||System.Math.roundToLong(Double)
11:11:36.520 (2479844253)|METHOD_ENTRY|[96]|01p57000001HcKt|BitConverter.getBytesForUInt64(Long)
11:11:36.520 (2480103310)|METHOD_EXIT|[96]|01p57000001HcKt|BitConverter.getBytesForUInt64(Long)
11:11:36.520 (2480389958)|METHOD_ENTRY|[106]|01p57000001HcKt|BitConverter.getBlob(List<Integer>)
11:11:36.520 (2480416529)|METHOD_ENTRY|[344]|01p57000001HcKt|BitConverter.encodeBase64String(List<Integer>)
11:11:36.520 (2480874238)|METHOD_EXIT|[344]|01p57000001HcKt|BitConverter.encodeBase64String(List<Integer>)
11:11:36.520 (2480897090)|METHOD_ENTRY|[345]||System.EncodingUtil.base64Decode(String)
11:11:36.520 (2480954416)|METHOD_EXIT|[345]||System.EncodingUtil.base64Decode(String)
11:11:36.520 (2480964906)|METHOD_EXIT|[106]|01p57000001HcKt|BitConverter.getBlob(List<Integer>)
11:11:36.520 (2481062505)|SYSTEM_METHOD_ENTRY|[1]|Crypto.Crypto()
11:11:36.520 (2481077944)|SYSTEM_METHOD_EXIT|[1]|Crypto
11:11:36.520 (2481092510)|METHOD_ENTRY|[106]||System.Crypto.generateDigest(String, Blob)
11:11:36.520 (2481454602)|METHOD_EXIT|[106]||System.Crypto.generateDigest(String, Blob)
11:11:36.520 (2481481457)|METHOD_ENTRY|[108]|01p57000001HcKt|BitConverter.getBytes(Blob)
11:11:36.520 (2481513754)|METHOD_ENTRY|[279]||System.EncodingUtil.convertToHex(Blob)
11:11:36.520 (2481547156)|METHOD_EXIT|[279]||System.EncodingUtil.convertToHex(Blob)
11:11:36.520 (2481651984)|METHOD_ENTRY|[282]|01p57000001HcKt|BitConverter.encodeIntegerFromHex(String)
11:11:36.520 (2481765780)|METHOD_ENTRY|[192]||System.Math.pow(Double, Double)
11:11:36.520 (2481793584)|METHOD_EXIT|[192]||System.Math.pow(Double, Double)
11:11:36.520 (2481863049)|METHOD_ENTRY|[192]||System.Math.pow(Double, Double)
11:11:36.520 (2481883302)|METHOD_EXIT|[192]||System.Math.pow(Double, Double)
11:11:36.520 (2481921347)|METHOD_EXIT|[282]|01p57000001HcKt|BitConverter.encodeIntegerFromHex(String)
11:11:36.520 (2481972463)|METHOD_ENTRY|[282]|01p57000001HcKt|BitConverter.encodeIntegerFromHex(String)
11:11:36.520 (2482054293)|METHOD_ENTRY|[192]||System.Math.pow(Double, Double)
11:11:36.520 (2482075771)|METHOD_EXIT|[192]||System.Math.pow(Double, Double)
11:11:36.520 (2482136198)|METHOD_ENTRY|[192]||System.Math.pow(Double, Double)
11:11:36.520 (2482155429)|METHOD_EXIT|[192]||System.Math.pow(Double, Double)
11:11:36.520 (2482192064)|METHOD_EXIT|[282]|01p57000001HcKt|BitConverter.encodeIntegerFromHex(String)
11:11:36.520 (2482238903)|METHOD_ENTRY|[282]|01p57000001HcKt|BitConverter.encodeIntegerFromHex(String)
11:11:36.520 (2482318818)|METHOD_ENTRY|[192]||System.Math.pow(Double, Double)
11:11:36.520 (2482338068)|METHOD_EXIT|[192]||System.Math.pow(Double, Double)
11:11:36.520 (2482397648)|METHOD_ENTRY|[192]||System.Math.pow(Double, Double)
11:11:36.520 (2482416996)|METHOD_EXIT|[192]||System.Math.pow(Double, Double)
11:11:36.520 (2482454437)|METHOD_EXIT|[282]|01p57000001HcKt|BitConverter.encodeIntegerFromHex(String)
11:11:36.520 (2482502461)|METHOD_ENTRY|[282]|01p57000001HcKt|BitConverter.encodeIntegerFromHex(String)
11:11:36.520 (2482581600)|METHOD_ENTRY|[192]||System.Math.pow(Double, Double)
11:11:36.520 (2482601213)|METHOD_EXIT|[192]||System.Math.pow(Double, Double)
11:11:36.520 (2482661759)|METHOD_ENTRY|[192]||System.Math.pow(Double, Double)
11:11:36.520 (2482680399)|METHOD_EXIT|[192]||System.Math.pow(Double, Double)
11:11:36.520 (2482727742)|METHOD_EXIT|[282]|01p57000001HcKt|BitConverter.encodeIntegerFromHex(String)
11:11:36.520 (2482775867)|METHOD_ENTRY|[282]|01p57000001HcKt|BitConverter.encodeIntegerFromHex(String)
11:11:36.520 (2482855426)|METHOD_ENTRY|[192]||System.Math.pow(Double, Double)
11:11:36.520 (2482876871)|METHOD_EXIT|[192]||System.Math.pow(Double, Double)
11:11:36.520 (2482938334)|METHOD_ENTRY|[192]||System.Math.pow(Double, Double)
11:11:36.520 (2482958632)|METHOD_EXIT|[192]||System.Math.pow(Double, Double)
11:11:36.520 (2482995955)|METHOD_EXIT|[282]|01p57000001HcKt|BitConverter.encodeIntegerFromHex(String)
11:11:36.520 (2483044775)|METHOD_ENTRY|[282]|01p57000001HcKt|BitConverter.encodeIntegerFromHex(String)
11:11:36.520 (2483125253)|METHOD_ENTRY|[192]||System.Math.pow(Double, Double)
11:11:36.520 (2483147311)|METHOD_EXIT|[192]||System.Math.pow(Double, Double)
11:11:36.520 (2483271761)|METHOD_ENTRY|[192]||System.Math.pow(Double, Double)
11:11:36.520 (2483303515)|METHOD_EXIT|[192]||System.Math.pow(Double, Double)
11:11:36.520 (2483346733)|METHOD_EXIT|[282]|01p57000001HcKt|BitConverter.encodeIntegerFromHex(String)
11:11:36.520 (2483399495)|METHOD_ENTRY|[282]|01p57000001HcKt|BitConverter.encodeIntegerFromHex(String)
11:11:36.520 (2483486529)|METHOD_ENTRY|[192]||System.Math.pow(Double, Double)
11:11:36.520 (2483510238)|METHOD_EXIT|[192]||System.Math.pow(Double, Double)
11:11:36.520 (2483573675)|METHOD_ENTRY|[192]||System.Math.pow(Double, Double)
11:11:36.520 (2483594032)|METHOD_EXIT|[192]||System.Math.pow(Double, Double)
11:11:36.520 (2483632824)|METHOD_EXIT|[282]|01p57000001HcKt|BitConverter.encodeIntegerFromHex(String)
11:11:36.520 (2483680343)|METHOD_ENTRY|[282]|01p57000001HcKt|BitConverter.encodeIntegerFromHex(String)
11:11:36.520 (2483773854)|METHOD_ENTRY|[192]||System.Math.pow(Double, Double)
11:11:36.520 (2483795934)|METHOD_EXIT|[192]||System.Math.pow(Double, Double)
11:11:36.520 (2483858622)|METHOD_ENTRY|[192]||System.Math.pow(Double, Double)
11:11:36.520 (2483879966)|METHOD_EXIT|[192]||System.Math.pow(Double, Double)
11:11:36.520 (2483917036)|METHOD_EXIT|[282]|01p57000001HcKt|BitConverter.encodeIntegerFromHex(String)
11:11:36.520 (2483964539)|METHOD_ENTRY|[282]|01p57000001HcKt|BitConverter.encodeIntegerFromHex(String)
11:11:36.520 (2484045211)|METHOD_ENTRY|[192]||System.Math.pow(Double, Double)
11:11:36.520 (2484066306)|METHOD_EXIT|[192]||System.Math.pow(Double, Double)
11:11:36.520 (2484127746)|METHOD_ENTRY|[192]||System.Math.pow(Double, Double)
11:11:36.520 (2484146838)|METHOD_EXIT|[192]||System.Math.pow(Double, Double)
11:11:36.520 (2484183294)|METHOD_EXIT|[282]|01p57000001HcKt|BitConverter.encodeIntegerFromHex(String)
11:11:36.520 (2484230483)|METHOD_ENTRY|[282]|01p57000001HcKt|BitConverter.encodeIntegerFromHex(String)
11:11:36.520 (2484311568)|METHOD_ENTRY|[192]||System.Math.pow(Double, Double)
11:11:36.520 (2484332933)|METHOD_EXIT|[192]||System.Math.pow(Double, Double)
11:11:36.520 (2484393596)|METHOD_ENTRY|[192]||System.Math.pow(Double, Double)
11:11:36.520 (2484413413)|METHOD_EXIT|[192]||System.Math.pow(Double, Double)
11:11:36.520 (2484451458)|METHOD_EXIT|[282]|01p57000001HcKt|BitConverter.encodeIntegerFromHex(String)
11:11:36.520 (2484497607)|METHOD_ENTRY|[282]|01p57000001HcKt|BitConverter.encodeIntegerFromHex(String)
11:11:36.520 (2484579333)|METHOD_ENTRY|[192]||System.Math.pow(Double, Double)
11:11:36.520 (2484599884)|METHOD_EXIT|[192]||System.Math.pow(Double, Double)
11:11:36.520 (2484660480)|METHOD_ENTRY|[192]||System.Math.pow(Double, Double)
11:11:36.520 (2484680206)|METHOD_EXIT|[192]||System.Math.pow(Double, Double)
11:11:36.520 (2484717822)|METHOD_EXIT|[282]|01p57000001HcKt|BitConverter.encodeIntegerFromHex(String)
11:11:36.520 (2484776349)|METHOD_ENTRY|[282]|01p57000001HcKt|BitConverter.encodeIntegerFromHex(String)
11:11:36.520 (2484857671)|METHOD_ENTRY|[192]||System.Math.pow(Double, Double)
11:11:36.520 (2484878889)|METHOD_EXIT|[192]||System.Math.pow(Double, Double)
11:11:36.520 (2484940539)|METHOD_ENTRY|[192]||System.Math.pow(Double, Double)
11:11:36.520 (2484960878)|METHOD_EXIT|[192]||System.Math.pow(Double, Double)
11:11:36.520 (2484998294)|METHOD_EXIT|[282]|01p57000001HcKt|BitConverter.encodeIntegerFromHex(String)
11:11:36.520 (2485046049)|METHOD_ENTRY|[282]|01p57000001HcKt|BitConverter.encodeIntegerFromHex(String)
11:11:36.520 (2485125037)|METHOD_ENTRY|[192]||System.Math.pow(Double, Double)
11:11:36.520 (2485144935)|METHOD_EXIT|[192]||System.Math.pow(Double, Double)
11:11:36.520 (2485205675)|METHOD_ENTRY|[192]||System.Math.pow(Double, Double)
11:11:36.520 (2485225101)|METHOD_EXIT|[192]||System.Math.pow(Double, Double)
11:11:36.520 (2485262479)|METHOD_EXIT|[282]|01p57000001HcKt|BitConverter.encodeIntegerFromHex(String)
11:11:36.520 (2485308240)|METHOD_ENTRY|[282]|01p57000001HcKt|BitConverter.encodeIntegerFromHex(String)
11:11:36.520 (2485388100)|METHOD_ENTRY|[192]||System.Math.pow(Double, Double)
11:11:36.520 (2485410230)|METHOD_EXIT|[192]||System.Math.pow(Double, Double)
11:11:36.520 (2485471795)|METHOD_ENTRY|[192]||System.Math.pow(Double, Double)
11:11:36.520 (2485491388)|METHOD_EXIT|[192]||System.Math.pow(Double, Double)
11:11:36.520 (2485527929)|METHOD_EXIT|[282]|01p57000001HcKt|BitConverter.encodeIntegerFromHex(String)
11:11:36.520 (2485573094)|METHOD_ENTRY|[282]|01p57000001HcKt|BitConverter.encodeIntegerFromHex(String)
11:11:36.520 (2485648531)|METHOD_ENTRY|[192]||System.Math.pow(Double, Double)
11:11:36.520 (2485667794)|METHOD_EXIT|[192]||System.Math.pow(Double, Double)
11:11:36.520 (2485734045)|METHOD_ENTRY|[192]||System.Math.pow(Double, Double)
11:11:36.520 (2485752956)|METHOD_EXIT|[192]||System.Math.pow(Double, Double)
11:11:36.520 (2485789033)|METHOD_EXIT|[282]|01p57000001HcKt|BitConverter.encodeIntegerFromHex(String)
11:11:36.520 (2485833637)|METHOD_ENTRY|[282]|01p57000001HcKt|BitConverter.encodeIntegerFromHex(String)
11:11:36.520 (2485910669)|METHOD_ENTRY|[192]||System.Math.pow(Double, Double)
11:11:36.520 (2485931001)|METHOD_EXIT|[192]||System.Math.pow(Double, Double)
11:11:36.520 (2485989732)|METHOD_ENTRY|[192]||System.Math.pow(Double, Double)
11:11:36.520 (2486009588)|METHOD_EXIT|[192]||System.Math.pow(Double, Double)
11:11:36.520 (2486047330)|METHOD_EXIT|[282]|01p57000001HcKt|BitConverter.encodeIntegerFromHex(String)
11:11:36.520 (2486084650)|METHOD_EXIT|[108]|01p57000001HcKt|BitConverter.getBytes(Blob)
11:11:36.520 (2486115076)|METHOD_ENTRY|[108]|01p57000001HcL6|NTLMAuth.createNTLMResponse(List<Integer>, List<Integer>)
11:11:36.520 (2486286245)|METHOD_ENTRY|[191]|01p57000001HcL6|NTLMAuth.createDESKey(List<Integer>, Integer)
11:11:36.520 (2486457952)|METHOD_ENTRY|[231]|01p57000001HcL6|NTLMAuth.applyOddParity(List<Integer>)
11:11:36.520 (2486642579)|METHOD_EXIT|[231]|01p57000001HcL6|NTLMAuth.applyOddParity(List<Integer>)
11:11:36.520 (2486654370)|METHOD_EXIT|[191]|01p57000001HcL6|NTLMAuth.createDESKey(List<Integer>, Integer)
11:11:36.520 (2486666836)|METHOD_ENTRY|[192]|01p57000001HcL6|NTLMAuth.createDESKey(List<Integer>, Integer)
11:11:36.520 (2486785879)|METHOD_ENTRY|[231]|01p57000001HcL6|NTLMAuth.applyOddParity(List<Integer>)
11:11:36.520 (2487270775)|METHOD_EXIT|[231]|01p57000001HcL6|NTLMAuth.applyOddParity(List<Integer>)
11:11:36.520 (2487287895)|METHOD_EXIT|[192]|01p57000001HcL6|NTLMAuth.createDESKey(List<Integer>, Integer)
11:11:36.520 (2487303311)|METHOD_ENTRY|[193]|01p57000001HcL6|NTLMAuth.createDESKey(List<Integer>, Integer)
11:11:36.520 (2487421097)|METHOD_ENTRY|[231]|01p57000001HcL6|NTLMAuth.applyOddParity(List<Integer>)
11:11:36.520 (2487561134)|METHOD_EXIT|[231]|01p57000001HcL6|NTLMAuth.applyOddParity(List<Integer>)
11:11:36.520 (2487570875)|METHOD_EXIT|[193]|01p57000001HcL6|NTLMAuth.createDESKey(List<Integer>, Integer)
11:11:37.538 (2538096407)|METHOD_ENTRY|[40]|01p57000001HcKx|DESCrypt.DESCrypt()
11:11:37.538 (2541143563)|METHOD_EXIT|[40]|DESCrypt
11:11:37.538 (2541200538)|CONSTRUCTOR_ENTRY|[195]|01p57000001HcKx|<init>()|DESCrypt
11:11:37.538 (2541261482)|CONSTRUCTOR_EXIT|[195]|01p57000001HcKx|<init>()|DESCrypt
11:11:37.538 (2541314656)|METHOD_ENTRY|[196]|01p57000001HcKx|DESCrypt.encrypt(List<Integer>, List<Integer>)
11:11:37.538 (2541355138)|METHOD_ENTRY|[706]|01p57000001HcKx|DESCrypt.init(List<Integer>)
11:11:37.538 (2541500231)|METHOD_ENTRY|[695]|01p57000001HcKx|DESCrypt.expandKey(List<Integer>)
11:11:37.538 (2544048353)|METHOD_EXIT|[695]|01p57000001HcKx|DESCrypt.expandKey(List<Integer>)
11:11:37.538 (2544071086)|METHOD_EXIT|[706]|01p57000001HcKx|DESCrypt.init(List<Integer>)
11:11:37.538 (2544095705)|METHOD_ENTRY|[707]|01p57000001HcKx|DESCrypt.encrypt(List<Integer>)
11:11:37.538 (2544160945)|METHOD_ENTRY|[719]||System.Math.mod(Integer, Integer)
11:11:37.538 (2544204562)|METHOD_EXIT|[719]||System.Math.mod(Integer, Integer)
11:11:37.538 (2544280412)|METHOD_ENTRY|[724]|01p57000001HcKx|DESCrypt.encryptBlock(List<Integer>, Integer, List<Integer>, Integer)
11:11:37.538 (2544316704)|METHOD_ENTRY|[751]|01p57000001HcKx|DESCrypt.cipherBlock(List<Integer>, Integer, List<Integer>, Integer)
11:11:37.538 (2544348578)|METHOD_ENTRY|[769]|01p57000001HcKx|DESCrypt.initialPermutationLeft(List<Integer>, Integer)
11:11:37.538 (2544469383)|METHOD_EXIT|[769]|01p57000001HcKx|DESCrypt.initialPermutationLeft(List<Integer>, Integer)
11:11:37.538 (2544485819)|METHOD_ENTRY|[770]|01p57000001HcKx|DESCrypt.initialPermutationRight(List<Integer>, Integer)
11:11:37.538 (2544595153)|METHOD_EXIT|[770]|01p57000001HcKx|DESCrypt.initialPermutationRight(List<Integer>, Integer)
11:11:37.538 (2545087930)|METHOD_ENTRY|[804]|01p57000001HcKx|DESCrypt.perm(Integer, Integer, List<Integer>, Integer)
11:11:37.538 (2545226119)|METHOD_EXIT|[804]|01p57000001HcKx|DESCrypt.perm(Integer, Integer, List<Integer>, Integer)
11:11:37.538 (2545237307)|METHOD_EXIT|[751]|01p57000001HcKx|DESCrypt.cipherBlock(List<Integer>, Integer, List<Integer>, Integer)
11:11:37.538 (2545246863)|METHOD_EXIT|[724]|01p57000001HcKx|DESCrypt.encryptBlock(List<Integer>, Integer, List<Integer>, Integer)
11:11:37.538 (2545269734)|METHOD_ENTRY|[724]|01p57000001HcKx|DESCrypt.encryptBlock(List<Integer>, Integer, List<Integer>, Integer)
11:11:37.538 (2545281166)|METHOD_ENTRY|[751]|01p57000001HcKx|DESCrypt.cipherBlock(List<Integer>, Integer, List<Integer>, Integer)
11:11:37.538 (2545292978)|METHOD_ENTRY|[769]|01p57000001HcKx|DESCrypt.initialPermutationLeft(List<Integer>, Integer)
11:11:37.538 (2545360495)|METHOD_EXIT|[769]|01p57000001HcKx|DESCrypt.initialPermutationLeft(List<Integer>, Integer)
11:11:37.538 (2545371078)|METHOD_ENTRY|[770]|01p57000001HcKx|DESCrypt.initialPermutationRight(List<Integer>, Integer)
11:11:37.538 (2545434413)|METHOD_EXIT|[770]|01p57000001HcKx|DESCrypt.initialPermutationRight(List<Integer>, Integer)
11:11:37.538 (2545831416)|METHOD_ENTRY|[804]|01p57000001HcKx|DESCrypt.perm(Integer, Integer, List<Integer>, Integer)
11:11:37.538 (2545897379)|METHOD_EXIT|[804]|01p57000001HcKx|DESCrypt.perm(Integer, Integer, List<Integer>, Integer)
11:11:37.538 (2545906527)|METHOD_EXIT|[751]|01p57000001HcKx|DESCrypt.cipherBlock(List<Integer>, Integer, List<Integer>, Integer)
11:11:37.538 (2545915657)|METHOD_EXIT|[724]|01p57000001HcKx|DESCrypt.encryptBlock(List<Integer>, Integer, List<Integer>, Integer)
11:11:37.538 (2545935542)|METHOD_EXIT|[707]|01p57000001HcKx|DESCrypt.encrypt(List<Integer>)
11:11:37.538 (2545965526)|METHOD_EXIT|[196]|01p57000001HcKx|DESCrypt.encrypt(List<Integer>, List<Integer>)
11:11:37.538 (2545982179)|METHOD_ENTRY|[197]|01p57000001HcKx|DESCrypt.encrypt(List<Integer>, List<Integer>)
11:11:37.538 (2546004025)|METHOD_ENTRY|[706]|01p57000001HcKx|DESCrypt.init(List<Integer>)
11:11:37.538 (2546028331)|METHOD_ENTRY|[695]|01p57000001HcKx|DESCrypt.expandKey(List<Integer>)
11:11:37.538 (2549388857)|METHOD_EXIT|[695]|01p57000001HcKx|DESCrypt.expandKey(List<Integer>)
11:11:37.538 (2549417312)|METHOD_EXIT|[706]|01p57000001HcKx|DESCrypt.init(List<Integer>)
11:11:37.538 (2549434457)|METHOD_ENTRY|[707]|01p57000001HcKx|DESCrypt.encrypt(List<Integer>)
11:11:37.538 (2549470233)|METHOD_ENTRY|[719]||System.Math.mod(Integer, Integer)
11:11:37.538 (2549512607)|METHOD_EXIT|[719]||System.Math.mod(Integer, Integer)
11:11:37.538 (2549573232)|METHOD_ENTRY|[724]|01p57000001HcKx|DESCrypt.encryptBlock(List<Integer>, Integer, List<Integer>, Integer)
11:11:37.538 (2549586196)|METHOD_ENTRY|[751]|01p57000001HcKx|DESCrypt.cipherBlock(List<Integer>, Integer, List<Integer>, Integer)
11:11:37.538 (2549602137)|METHOD_ENTRY|[769]|01p57000001HcKx|DESCrypt.initialPermutationLeft(List<Integer>, Integer)
11:11:37.538 (2549692837)|METHOD_EXIT|[769]|01p57000001HcKx|DESCrypt.initialPermutationLeft(List<Integer>, Integer)
11:11:37.538 (2549703839)|METHOD_ENTRY|[770]|01p57000001HcKx|DESCrypt.initialPermutationRight(List<Integer>, Integer)
11:11:37.538 (2549794012)|METHOD_EXIT|[770]|01p57000001HcKx|DESCrypt.initialPermutationRight(List<Integer>, Integer)
11:11:37.538 (2550705107)|METHOD_ENTRY|[804]|01p57000001HcKx|DESCrypt.perm(Integer, Integer, List<Integer>, Integer)
11:11:37.538 (2550817592)|METHOD_EXIT|[804]|01p57000001HcKx|DESCrypt.perm(Integer, Integer, List<Integer>, Integer)
11:11:37.538 (2550838460)|METHOD_EXIT|[751]|01p57000001HcKx|DESCrypt.cipherBlock(List<Integer>, Integer, List<Integer>, Integer)
11:11:37.538 (2550846099)|METHOD_EXIT|[724]|01p57000001HcKx|DESCrypt.encryptBlock(List<Integer>, Integer, List<Integer>, Integer)
11:11:37.538 (2550869489)|METHOD_ENTRY|[724]|01p57000001HcKx|DESCrypt.encryptBlock(List<Integer>, Integer, List<Integer>, Integer)
11:11:37.538 (2550878274)|METHOD_ENTRY|[751]|01p57000001HcKx|DESCrypt.cipherBlock(List<Integer>, Integer, List<Integer>, Integer)
11:11:37.538 (2550888197)|METHOD_ENTRY|[769]|01p57000001HcKx|DESCrypt.initialPermutationLeft(List<Integer>, Integer)
11:11:37.538 (2550952839)|METHOD_EXIT|[769]|01p57000001HcKx|DESCrypt.initialPermutationLeft(List<Integer>, Integer)
11:11:37.538 (2550961101)|METHOD_ENTRY|[770]|01p57000001HcKx|DESCrypt.initialPermutationRight(List<Integer>, Integer)
11:11:37.538 (2551015161)|METHOD_EXIT|[770]|01p57000001HcKx|DESCrypt.initialPermutationRight(List<Integer>, Integer)
11:11:37.538 (2551326543)|METHOD_ENTRY|[804]|01p57000001HcKx|DESCrypt.perm(Integer, Integer, List<Integer>, Integer)
11:11:37.538 (2551413101)|METHOD_EXIT|[804]|01p57000001HcKx|DESCrypt.perm(Integer, Integer, List<Integer>, Integer)
11:11:37.538 (2551425575)|METHOD_EXIT|[751]|01p57000001HcKx|DESCrypt.cipherBlock(List<Integer>, Integer, List<Integer>, Integer)
11:11:37.538 (2551434822)|METHOD_EXIT|[724]|01p57000001HcKx|DESCrypt.encryptBlock(List<Integer>, Integer, List<Integer>, Integer)
11:11:37.538 (2551457596)|METHOD_EXIT|[707]|01p57000001HcKx|DESCrypt.encrypt(List<Integer>)
11:11:37.538 (2551469782)|METHOD_EXIT|[197]|01p57000001HcKx|DESCrypt.encrypt(List<Integer>, List<Integer>)
11:11:37.538 (2551489782)|METHOD_ENTRY|[198]|01p57000001HcKx|DESCrypt.encrypt(List<Integer>, List<Integer>)
11:11:37.538 (2551530528)|METHOD_ENTRY|[706]|01p57000001HcKx|DESCrypt.init(List<Integer>)
11:11:37.538 (2551551367)|METHOD_ENTRY|[695]|01p57000001HcKx|DESCrypt.expandKey(List<Integer>)
11:11:37.538 (2552966563)|METHOD_EXIT|[695]|01p57000001HcKx|DESCrypt.expandKey(List<Integer>)
11:11:37.538 (2552981967)|METHOD_EXIT|[706]|01p57000001HcKx|DESCrypt.init(List<Integer>)
11:11:37.538 (2552992213)|METHOD_ENTRY|[707]|01p57000001HcKx|DESCrypt.encrypt(List<Integer>)
11:11:37.538 (2553013429)|METHOD_ENTRY|[719]||System.Math.mod(Integer, Integer)
11:11:37.538 (2553049344)|METHOD_EXIT|[719]||System.Math.mod(Integer, Integer)
11:11:37.538 (2553091983)|METHOD_ENTRY|[724]|01p57000001HcKx|DESCrypt.encryptBlock(List<Integer>, Integer, List<Integer>, Integer)
11:11:37.538 (2553119920)|METHOD_ENTRY|[751]|01p57000001HcKx|DESCrypt.cipherBlock(List<Integer>, Integer, List<Integer>, Integer)
11:11:37.538 (2553130412)|METHOD_ENTRY|[769]|01p57000001HcKx|DESCrypt.initialPermutationLeft(List<Integer>, Integer)
11:11:37.538 (2553195955)|METHOD_EXIT|[769]|01p57000001HcKx|DESCrypt.initialPermutationLeft(List<Integer>, Integer)
11:11:37.538 (2553204928)|METHOD_ENTRY|[770]|01p57000001HcKx|DESCrypt.initialPermutationRight(List<Integer>, Integer)
11:11:37.538 (2553257754)|METHOD_EXIT|[770]|01p57000001HcKx|DESCrypt.initialPermutationRight(List<Integer>, Integer)
11:11:37.538 (2553589722)|METHOD_ENTRY|[804]|01p57000001HcKx|DESCrypt.perm(Integer, Integer, List<Integer>, Integer)
11:11:37.538 (2553661491)|METHOD_EXIT|[804]|01p57000001HcKx|DESCrypt.perm(Integer, Integer, List<Integer>, Integer)
11:11:37.538 (2553669842)|METHOD_EXIT|[751]|01p57000001HcKx|DESCrypt.cipherBlock(List<Integer>, Integer, List<Integer>, Integer)
11:11:37.538 (2553676232)|METHOD_EXIT|[724]|01p57000001HcKx|DESCrypt.encryptBlock(List<Integer>, Integer, List<Integer>, Integer)
11:11:37.538 (2553693038)|METHOD_ENTRY|[724]|01p57000001HcKx|DESCrypt.encryptBlock(List<Integer>, Integer, List<Integer>, Integer)
11:11:37.538 (2553700694)|METHOD_ENTRY|[751]|01p57000001HcKx|DESCrypt.cipherBlock(List<Integer>, Integer, List<Integer>, Integer)
11:11:37.538 (2553709734)|METHOD_ENTRY|[769]|01p57000001HcKx|DESCrypt.initialPermutationLeft(List<Integer>, Integer)
11:11:37.538 (2553769021)|METHOD_EXIT|[769]|01p57000001HcKx|DESCrypt.initialPermutationLeft(List<Integer>, Integer)
11:11:37.538 (2553776875)|METHOD_ENTRY|[770]|01p57000001HcKx|DESCrypt.initialPermutationRight(List<Integer>, Integer)
11:11:37.538 (2553821831)|METHOD_EXIT|[770]|01p57000001HcKx|DESCrypt.initialPermutationRight(List<Integer>, Integer)
11:11:37.538 (2554122792)|METHOD_ENTRY|[804]|01p57000001HcKx|DESCrypt.perm(Integer, Integer, List<Integer>, Integer)
11:11:37.538 (2554175631)|METHOD_EXIT|[804]|01p57000001HcKx|DESCrypt.perm(Integer, Integer, List<Integer>, Integer)
11:11:37.538 (2554183524)|METHOD_EXIT|[751]|01p57000001HcKx|DESCrypt.cipherBlock(List<Integer>, Integer, List<Integer>, Integer)
11:11:37.538 (2554190498)|METHOD_EXIT|[724]|01p57000001HcKx|DESCrypt.encryptBlock(List<Integer>, Integer, List<Integer>, Integer)
11:11:37.538 (2554207026)|METHOD_EXIT|[707]|01p57000001HcKx|DESCrypt.encrypt(List<Integer>)
11:11:37.538 (2554215916)|METHOD_EXIT|[198]|01p57000001HcKx|DESCrypt.encrypt(List<Integer>, List<Integer>)
11:11:37.538 (2554356523)|METHOD_EXIT|[108]|01p57000001HcL6|NTLMAuth.createNTLMResponse(List<Integer>, List<Integer>)
11:11:37.538 (2554421059)|METHOD_ENTRY|[127]|01p57000001HcL6|NTLMAuth.WriteSecurityBuffer(List<Integer>, List<Integer>, List<Integer>)
11:11:37.538 (2554542305)|METHOD_ENTRY|[172]|01p57000001HcKt|BitConverter.getBytesForUInt16(Integer)
11:11:37.538 (2554584742)|METHOD_EXIT|[172]|01p57000001HcKt|BitConverter.getBytesForUInt16(Integer)
11:11:37.538 (2554642854)|METHOD_ENTRY|[173]|01p57000001HcKt|BitConverter.getBytesForUInt16(Integer)
11:11:37.538 (2554674596)|METHOD_EXIT|[173]|01p57000001HcKt|BitConverter.getBytesForUInt16(Integer)
11:11:37.538 (2554695006)|METHOD_ENTRY|[174]|01p57000001HcKt|BitConverter.getBytesForUInt32(Integer)
11:11:37.538 (2554747311)|METHOD_EXIT|[174]|01p57000001HcKt|BitConverter.getBytesForUInt32(Integer)
11:11:37.538 (2554768057)|METHOD_EXIT|[127]|01p57000001HcL6|NTLMAuth.WriteSecurityBuffer(List<Integer>, List<Integer>, List<Integer>)
11:11:37.538 (2554782537)|METHOD_ENTRY|[130]|01p57000001HcL6|NTLMAuth.WriteSecurityBuffer(List<Integer>, List<Integer>, List<Integer>)
11:11:37.538 (2554840332)|METHOD_ENTRY|[172]|01p57000001HcKt|BitConverter.getBytesForUInt16(Integer)
11:11:37.538 (2554872794)|METHOD_EXIT|[172]|01p57000001HcKt|BitConverter.getBytesForUInt16(Integer)
11:11:37.538 (2554897475)|METHOD_ENTRY|[173]|01p57000001HcKt|BitConverter.getBytesForUInt16(Integer)
11:11:37.538 (2554923822)|METHOD_EXIT|[173]|01p57000001HcKt|BitConverter.getBytesForUInt16(Integer)
11:11:37.538 (2554941173)|METHOD_ENTRY|[174]|01p57000001HcKt|BitConverter.getBytesForUInt32(Integer)
11:11:37.538 (2554972631)|METHOD_EXIT|[174]|01p57000001HcKt|BitConverter.getBytesForUInt32(Integer)
11:11:37.538 (2554991174)|METHOD_EXIT|[130]|01p57000001HcL6|NTLMAuth.WriteSecurityBuffer(List<Integer>, List<Integer>, List<Integer>)
11:11:37.538 (2555005947)|METHOD_ENTRY|[133]|01p57000001HcKt|BitConverter.encodeUTF16String(String)
11:11:37.538 (2555125782)|METHOD_ENTRY|[208]||System.EncodingUtil.convertToHex(Blob)
11:11:37.538 (2555165625)|METHOD_EXIT|[208]||System.EncodingUtil.convertToHex(Blob)
11:11:37.538 (2555177508)|METHOD_ENTRY|[209]|01p57000001HcKt|BitConverter.encodeIntegerFromHex(String)
11:11:37.538 (2555275993)|METHOD_ENTRY|[192]||System.Math.pow(Double, Double)
11:11:37.538 (2555337803)|METHOD_EXIT|[192]||System.Math.pow(Double, Double)
11:11:37.538 (2555415920)|METHOD_ENTRY|[192]||System.Math.pow(Double, Double)
11:11:37.538 (2555450870)|METHOD_EXIT|[192]||System.Math.pow(Double, Double)
11:11:37.538 (2555486313)|METHOD_EXIT|[209]|01p57000001HcKt|BitConverter.encodeIntegerFromHex(String)
11:11:37.538 (2555631998)|METHOD_ENTRY|[208]||System.EncodingUtil.convertToHex(Blob)
11:11:37.538 (2555664416)|METHOD_EXIT|[208]||System.EncodingUtil.convertToHex(Blob)
11:11:37.538 (2555674882)|METHOD_ENTRY|[209]|01p57000001HcKt|BitConverter.encodeIntegerFromHex(String)
11:11:37.538 (2555783760)|METHOD_ENTRY|[192]||System.Math.pow(Double, Double)
11:11:37.538 (2555814474)|METHOD_EXIT|[192]||System.Math.pow(Double, Double)
11:11:37.538 (2555892412)|METHOD_ENTRY|[192]||System.Math.pow(Double, Double)
11:11:37.538 (2555908622)|METHOD_EXIT|[192]||System.Math.pow(Double, Double)
11:11:37.538 (2555935123)|METHOD_EXIT|[209]|01p57000001HcKt|BitConverter.encodeIntegerFromHex(String)
11:11:37.538 (2556007350)|METHOD_ENTRY|[208]||System.EncodingUtil.convertToHex(Blob)
11:11:37.538 (2556026281)|METHOD_EXIT|[208]||System.EncodingUtil.convertToHex(Blob)
11:11:37.538 (2556033029)|METHOD_ENTRY|[209]|01p57000001HcKt|BitConverter.encodeIntegerFromHex(String)
11:11:37.538 (2556119934)|METHOD_ENTRY|[192]||System.Math.pow(Double, Double)
11:11:37.538 (2556140952)|METHOD_EXIT|[192]||System.Math.pow(Double, Double)
11:11:37.538 (2556186963)|METHOD_ENTRY|[192]||System.Math.pow(Double, Double)
11:11:37.538 (2556200308)|METHOD_EXIT|[192]||System.Math.pow(Double, Double)
11:11:37.538 (2556226012)|METHOD_EXIT|[209]|01p57000001HcKt|BitConverter.encodeIntegerFromHex(String)
11:11:37.538 (2556283621)|METHOD_ENTRY|[208]||System.EncodingUtil.convertToHex(Blob)
11:11:37.538 (2556298527)|METHOD_EXIT|[208]||System.EncodingUtil.convertToHex(Blob)
11:11:37.538 (2556303914)|METHOD_ENTRY|[209]|01p57000001HcKt|BitConverter.encodeIntegerFromHex(String)
11:11:37.538 (2556359511)|METHOD_ENTRY|[192]||System.Math.pow(Double, Double)
11:11:37.538 (2556374025)|METHOD_EXIT|[192]||System.Math.pow(Double, Double)
11:11:37.538 (2556414805)|METHOD_ENTRY|[192]||System.Math.pow(Double, Double)
11:11:37.538 (2556427763)|METHOD_EXIT|[192]||System.Math.pow(Double, Double)
11:11:37.538 (2556452803)|METHOD_EXIT|[209]|01p57000001HcKt|BitConverter.encodeIntegerFromHex(String)
11:11:37.538 (2556501899)|METHOD_ENTRY|[208]||System.EncodingUtil.convertToHex(Blob)
11:11:37.538 (2556516745)|METHOD_EXIT|[208]||System.EncodingUtil.convertToHex(Blob)
11:11:37.538 (2556522095)|METHOD_ENTRY|[209]|01p57000001HcKt|BitConverter.encodeIntegerFromHex(String)
11:11:37.538 (2556575046)|METHOD_ENTRY|[192]||System.Math.pow(Double, Double)
11:11:37.538 (2556588789)|METHOD_EXIT|[192]||System.Math.pow(Double, Double)
11:11:37.538 (2556630569)|METHOD_ENTRY|[192]||System.Math.pow(Double, Double)
11:11:37.538 (2556643432)|METHOD_EXIT|[192]||System.Math.pow(Double, Double)
11:11:37.538 (2556668038)|METHOD_EXIT|[209]|01p57000001HcKt|BitConverter.encodeIntegerFromHex(String)
11:11:37.538 (2556750266)|METHOD_ENTRY|[208]||System.EncodingUtil.convertToHex(Blob)
11:11:37.538 (2556775682)|METHOD_EXIT|[208]||System.EncodingUtil.convertToHex(Blob)
11:11:37.538 (2556784300)|METHOD_ENTRY|[209]|01p57000001HcKt|BitConverter.encodeIntegerFromHex(String)
11:11:37.538 (2556871202)|METHOD_ENTRY|[192]||System.Math.pow(Double, Double)
11:11:37.538 (2556893713)|METHOD_EXIT|[192]||System.Math.pow(Double, Double)
11:11:37.538 (2556973693)|METHOD_ENTRY|[192]||System.Math.pow(Double, Double)
11:11:37.538 (2556992505)|METHOD_EXIT|[192]||System.Math.pow(Double, Double)
11:11:37.538 (2557019014)|METHOD_EXIT|[209]|01p57000001HcKt|BitConverter.encodeIntegerFromHex(String)
11:11:37.538 (2557074532)|METHOD_ENTRY|[208]||System.EncodingUtil.convertToHex(Blob)
11:11:37.538 (2557090289)|METHOD_EXIT|[208]||System.EncodingUtil.convertToHex(Blob)
11:11:37.538 (2557096436)|METHOD_ENTRY|[209]|01p57000001HcKt|BitConverter.encodeIntegerFromHex(String)
11:11:37.538 (2557162983)|METHOD_ENTRY|[192]||System.Math.pow(Double, Double)
11:11:37.538 (2557183561)|METHOD_EXIT|[192]||System.Math.pow(Double, Double)
11:11:37.538 (2557245195)|METHOD_ENTRY|[192]||System.Math.pow(Double, Double)
11:11:37.538 (2557265159)|METHOD_EXIT|[192]||System.Math.pow(Double, Double)
11:11:37.538 (2557318858)|METHOD_EXIT|[209]|01p57000001HcKt|BitConverter.encodeIntegerFromHex(String)
11:11:37.538 (2557393458)|METHOD_ENTRY|[208]||System.EncodingUtil.convertToHex(Blob)
11:11:37.538 (2557417039)|METHOD_EXIT|[208]||System.EncodingUtil.convertToHex(Blob)
11:11:37.538 (2557425644)|METHOD_ENTRY|[209]|01p57000001HcKt|BitConverter.encodeIntegerFromHex(String)
11:11:37.538 (2557512061)|METHOD_ENTRY|[192]||System.Math.pow(Double, Double)
11:11:37.538 (2557536933)|METHOD_EXIT|[192]||System.Math.pow(Double, Double)
11:11:37.538 (2557601432)|METHOD_ENTRY|[192]||System.Math.pow(Double, Double)
11:11:37.538 (2557623811)|METHOD_EXIT|[192]||System.Math.pow(Double, Double)
11:11:37.538 (2557662997)|METHOD_EXIT|[209]|01p57000001HcKt|BitConverter.encodeIntegerFromHex(String)
11:11:37.538 (2557751108)|METHOD_ENTRY|[208]||System.EncodingUtil.convertToHex(Blob)
11:11:37.538 (2557774342)|METHOD_EXIT|[208]||System.EncodingUtil.convertToHex(Blob)
11:11:37.538 (2557783304)|METHOD_ENTRY|[209]|01p57000001HcKt|BitConverter.encodeIntegerFromHex(String)
11:11:37.538 (2557866117)|METHOD_ENTRY|[192]||System.Math.pow(Double, Double)
11:11:37.538 (2557890373)|METHOD_EXIT|[192]||System.Math.pow(Double, Double)
11:11:37.538 (2557951602)|METHOD_ENTRY|[192]||System.Math.pow(Double, Double)
11:11:37.538 (2557973665)|METHOD_EXIT|[192]||System.Math.pow(Double, Double)
11:11:37.538 (2558011149)|METHOD_EXIT|[209]|01p57000001HcKt|BitConverter.encodeIntegerFromHex(String)
11:11:37.538 (2558104175)|METHOD_ENTRY|[208]||System.EncodingUtil.convertToHex(Blob)
11:11:37.538 (2558129394)|METHOD_EXIT|[208]||System.EncodingUtil.convertToHex(Blob)
11:11:37.538 (2558138850)|METHOD_ENTRY|[209]|01p57000001HcKt|BitConverter.encodeIntegerFromHex(String)
11:11:37.538 (2558226441)|METHOD_ENTRY|[192]||System.Math.pow(Double, Double)
11:11:37.538 (2558252986)|METHOD_EXIT|[192]||System.Math.pow(Double, Double)
11:11:37.538 (2558320202)|METHOD_ENTRY|[192]||System.Math.pow(Double, Double)
11:11:37.538 (2558341786)|METHOD_EXIT|[192]||System.Math.pow(Double, Double)
11:11:37.538 (2558379671)|METHOD_EXIT|[209]|01p57000001HcKt|BitConverter.encodeIntegerFromHex(String)
11:11:37.538 (2558455496)|METHOD_ENTRY|[208]||System.EncodingUtil.convertToHex(Blob)
11:11:37.538 (2558480401)|METHOD_EXIT|[208]||System.EncodingUtil.convertToHex(Blob)
11:11:37.538 (2558488773)|METHOD_ENTRY|[209]|01p57000001HcKt|BitConverter.encodeIntegerFromHex(String)
11:11:37.538 (2558571453)|METHOD_ENTRY|[192]||System.Math.pow(Double, Double)
11:11:37.538 (2558589350)|METHOD_EXIT|[192]||System.Math.pow(Double, Double)
11:11:37.538 (2558638305)|METHOD_ENTRY|[192]||System.Math.pow(Double, Double)
11:11:37.538 (2558653077)|METHOD_EXIT|[192]||System.Math.pow(Double, Double)
11:11:37.538 (2558678082)|METHOD_EXIT|[209]|01p57000001HcKt|BitConverter.encodeIntegerFromHex(String)
11:11:37.538 (2558738953)|METHOD_ENTRY|[208]||System.EncodingUtil.convertToHex(Blob)
11:11:37.538 (2558754857)|METHOD_EXIT|[208]||System.EncodingUtil.convertToHex(Blob)
11:11:37.538 (2558760715)|METHOD_ENTRY|[209]|01p57000001HcKt|BitConverter.encodeIntegerFromHex(String)
11:11:37.538 (2558817634)|METHOD_ENTRY|[192]||System.Math.pow(Double, Double)
11:11:37.538 (2558830962)|METHOD_EXIT|[192]||System.Math.pow(Double, Double)
11:11:37.538 (2558872236)|METHOD_ENTRY|[192]||System.Math.pow(Double, Double)
11:11:37.538 (2558885093)|METHOD_EXIT|[192]||System.Math.pow(Double, Double)
11:11:37.538 (2558909731)|METHOD_EXIT|[209]|01p57000001HcKt|BitConverter.encodeIntegerFromHex(String)
11:11:37.538 (2558940785)|METHOD_EXIT|[133]|01p57000001HcKt|BitConverter.encodeUTF16String(String)
11:11:37.538 (2558959411)|METHOD_ENTRY|[133]|01p57000001HcL6|NTLMAuth.WriteSecurityBuffer(List<Integer>, List<Integer>, List<Integer>)
11:11:37.538 (2559002991)|METHOD_ENTRY|[172]|01p57000001HcKt|BitConverter.getBytesForUInt16(Integer)
11:11:37.538 (2559048164)|METHOD_EXIT|[172]|01p57000001HcKt|BitConverter.getBytesForUInt16(Integer)
11:11:37.538 (2559067844)|METHOD_ENTRY|[173]|01p57000001HcKt|BitConverter.getBytesForUInt16(Integer)
11:11:37.538 (2559087296)|METHOD_EXIT|[173]|01p57000001HcKt|BitConverter.getBytesForUInt16(Integer)
11:11:37.538 (2559101113)|METHOD_ENTRY|[174]|01p57000001HcKt|BitConverter.getBytesForUInt32(Integer)
11:11:37.538 (2559124349)|METHOD_EXIT|[174]|01p57000001HcKt|BitConverter.getBytesForUInt32(Integer)
11:11:37.538 (2559137149)|METHOD_EXIT|[133]|01p57000001HcL6|NTLMAuth.WriteSecurityBuffer(List<Integer>, List<Integer>, List<Integer>)
11:11:37.538 (2559146733)|METHOD_ENTRY|[136]|01p57000001HcKt|BitConverter.encodeUTF16String(String)
11:11:37.538 (2559219435)|METHOD_ENTRY|[208]||System.EncodingUtil.convertToHex(Blob)
11:11:37.538 (2559235397)|METHOD_EXIT|[208]||System.EncodingUtil.convertToHex(Blob)
11:11:37.538 (2559241826)|METHOD_ENTRY|[209]|01p57000001HcKt|BitConverter.encodeIntegerFromHex(String)
11:11:37.538 (2559319100)|METHOD_ENTRY|[192]||System.Math.pow(Double, Double)
11:11:37.538 (2559336021)|METHOD_EXIT|[192]||System.Math.pow(Double, Double)
11:11:37.538 (2559384070)|METHOD_ENTRY|[192]||System.Math.pow(Double, Double)
11:11:37.538 (2559399581)|METHOD_EXIT|[192]||System.Math.pow(Double, Double)
11:11:37.538 (2559424449)|METHOD_EXIT|[209]|01p57000001HcKt|BitConverter.encodeIntegerFromHex(String)
11:11:37.538 (2559474009)|METHOD_ENTRY|[208]||System.EncodingUtil.convertToHex(Blob)
11:11:37.538 (2559488495)|METHOD_EXIT|[208]||System.EncodingUtil.convertToHex(Blob)
11:11:37.538 (2559495539)|METHOD_ENTRY|[209]|01p57000001HcKt|BitConverter.encodeIntegerFromHex(String)
11:11:37.538 (2559552845)|METHOD_ENTRY|[192]||System.Math.pow(Double, Double)
11:11:37.538 (2559567333)|METHOD_EXIT|[192]||System.Math.pow(Double, Double)
11:11:37.538 (2559607423)|METHOD_ENTRY|[192]||System.Math.pow(Double, Double)
11:11:37.538 (2559620148)|METHOD_EXIT|[192]||System.Math.pow(Double, Double)
11:11:37.538 (2559644594)|METHOD_EXIT|[209]|01p57000001HcKt|BitConverter.encodeIntegerFromHex(String)
11:11:37.538 (2559712639)|METHOD_ENTRY|[208]||System.EncodingUtil.convertToHex(Blob)
11:11:37.538 (2559745120)|METHOD_EXIT|[208]||System.EncodingUtil.convertToHex(Blob)
11:11:37.538 (2559755640)|METHOD_ENTRY|[209]|01p57000001HcKt|BitConverter.encodeIntegerFromHex(String)
11:11:37.538 (2559818762)|METHOD_ENTRY|[192]||System.Math.pow(Double, Double)
11:11:37.538 (2559833896)|METHOD_EXIT|[192]||System.Math.pow(Double, Double)
11:11:37.538 (2559905744)|METHOD_ENTRY|[192]||System.Math.pow(Double, Double)
11:11:37.538 (2559924814)|METHOD_EXIT|[192]||System.Math.pow(Double, Double)
11:11:37.538 (2559952477)|METHOD_EXIT|[209]|01p57000001HcKt|BitConverter.encodeIntegerFromHex(String)
11:11:37.538 (2560004538)|METHOD_ENTRY|[208]||System.EncodingUtil.convertToHex(Blob)
11:11:37.538 (2560020006)|METHOD_EXIT|[208]||System.EncodingUtil.convertToHex(Blob)
11:11:37.538 (2560025472)|METHOD_ENTRY|[209]|01p57000001HcKt|BitConverter.encodeIntegerFromHex(String)
11:11:37.538 (2560109749)|METHOD_ENTRY|[192]||System.Math.pow(Double, Double)
11:11:37.538 (2560127561)|METHOD_EXIT|[192]||System.Math.pow(Double, Double)
11:11:37.538 (2560176045)|METHOD_ENTRY|[192]||System.Math.pow(Double, Double)
11:11:37.538 (2560212782)|METHOD_EXIT|[192]||System.Math.pow(Double, Double)
11:11:37.538 (2560240433)|METHOD_EXIT|[209]|01p57000001HcKt|BitConverter.encodeIntegerFromHex(String)
11:11:37.538 (2560304302)|METHOD_ENTRY|[208]||System.EncodingUtil.convertToHex(Blob)
11:11:37.538 (2560319603)|METHOD_EXIT|[208]||System.EncodingUtil.convertToHex(Blob)
11:11:37.538 (2560325381)|METHOD_ENTRY|[209]|01p57000001HcKt|BitConverter.encodeIntegerFromHex(String)
11:11:37.538 (2560382365)|METHOD_ENTRY|[192]||System.Math.pow(Double, Double)
11:11:37.538 (2560395572)|METHOD_EXIT|[192]||System.Math.pow(Double, Double)
11:11:37.538 (2560455644)|METHOD_ENTRY|[192]||System.Math.pow(Double, Double)
11:11:37.538 (2560471039)|METHOD_EXIT|[192]||System.Math.pow(Double, Double)
11:11:37.538 (2560496601)|METHOD_EXIT|[209]|01p57000001HcKt|BitConverter.encodeIntegerFromHex(String)
11:11:37.538 (2560545756)|METHOD_ENTRY|[208]||System.EncodingUtil.convertToHex(Blob)
11:11:37.538 (2560560311)|METHOD_EXIT|[208]||System.EncodingUtil.convertToHex(Blob)
11:11:37.538 (2560566034)|METHOD_ENTRY|[209]|01p57000001HcKt|BitConverter.encodeIntegerFromHex(String)
11:11:37.538 (2560619292)|METHOD_ENTRY|[192]||System.Math.pow(Double, Double)
11:11:37.538 (2560633703)|METHOD_EXIT|[192]||System.Math.pow(Double, Double)
11:11:37.538 (2560674232)|METHOD_ENTRY|[192]||System.Math.pow(Double, Double)
11:11:37.538 (2560687817)|METHOD_EXIT|[192]||System.Math.pow(Double, Double)
11:11:37.538 (2560733553)|METHOD_EXIT|[209]|01p57000001HcKt|BitConverter.encodeIntegerFromHex(String)
11:11:37.538 (2560792083)|METHOD_ENTRY|[208]||System.EncodingUtil.convertToHex(Blob)
11:11:37.538 (2560807285)|METHOD_EXIT|[208]||System.EncodingUtil.convertToHex(Blob)
11:11:37.538 (2560812588)|METHOD_ENTRY|[209]|01p57000001HcKt|BitConverter.encodeIntegerFromHex(String)
11:11:37.538 (2560867627)|METHOD_ENTRY|[192]||System.Math.pow(Double, Double)
11:11:37.538 (2560882021)|METHOD_EXIT|[192]||System.Math.pow(Double, Double)
11:11:37.538 (2560937105)|METHOD_ENTRY|[192]||System.Math.pow(Double, Double)
11:11:37.538 (2560953364)|METHOD_EXIT|[192]||System.Math.pow(Double, Double)
11:11:37.538 (2560978733)|METHOD_EXIT|[209]|01p57000001HcKt|BitConverter.encodeIntegerFromHex(String)
11:11:37.538 (2561028268)|METHOD_ENTRY|[208]||System.EncodingUtil.convertToHex(Blob)
11:11:37.538 (2561043195)|METHOD_EXIT|[208]||System.EncodingUtil.convertToHex(Blob)
11:11:37.538 (2561048508)|METHOD_ENTRY|[209]|01p57000001HcKt|BitConverter.encodeIntegerFromHex(String)
11:11:37.538 (2561111867)|METHOD_ENTRY|[192]||System.Math.pow(Double, Double)
11:11:37.538 (2561132224)|METHOD_EXIT|[192]||System.Math.pow(Double, Double)
11:11:37.538 (2561176026)|METHOD_ENTRY|[192]||System.Math.pow(Double, Double)
11:11:37.538 (2561190268)|METHOD_EXIT|[192]||System.Math.pow(Double, Double)
11:11:37.538 (2561215433)|METHOD_EXIT|[209]|01p57000001HcKt|BitConverter.encodeIntegerFromHex(String)
11:11:37.538 (2561262575)|METHOD_ENTRY|[208]||System.EncodingUtil.convertToHex(Blob)
11:11:37.538 (2561276893)|METHOD_EXIT|[208]||System.EncodingUtil.convertToHex(Blob)
11:11:37.538 (2561282296)|METHOD_ENTRY|[209]|01p57000001HcKt|BitConverter.encodeIntegerFromHex(String)
11:11:37.538 (2561336846)|METHOD_ENTRY|[192]||System.Math.pow(Double, Double)
11:11:37.538 (2561358033)|METHOD_EXIT|[192]||System.Math.pow(Double, Double)
11:11:37.538 (2561411937)|METHOD_ENTRY|[192]||System.Math.pow(Double, Double)
11:11:37.538 (2561427608)|METHOD_EXIT|[192]||System.Math.pow(Double, Double)
11:11:37.538 (2561453196)|METHOD_EXIT|[209]|01p57000001HcKt|BitConverter.encodeIntegerFromHex(String)
11:11:37.538 (2561501715)|METHOD_ENTRY|[208]||System.EncodingUtil.convertToHex(Blob)
11:11:37.538 (2561516599)|METHOD_EXIT|[208]||System.EncodingUtil.convertToHex(Blob)
11:11:37.538 (2561522213)|METHOD_ENTRY|[209]|01p57000001HcKt|BitConverter.encodeIntegerFromHex(String)
11:11:37.538 (2561575165)|METHOD_ENTRY|[192]||System.Math.pow(Double, Double)
11:11:37.538 (2561593941)|METHOD_EXIT|[192]||System.Math.pow(Double, Double)
11:11:37.538 (2561635232)|METHOD_ENTRY|[192]||System.Math.pow(Double, Double)
11:11:37.538 (2561649327)|METHOD_EXIT|[192]||System.Math.pow(Double, Double)
11:11:37.538 (2561673770)|METHOD_EXIT|[209]|01p57000001HcKt|BitConverter.encodeIntegerFromHex(String)
11:11:37.538 (2561730997)|METHOD_ENTRY|[208]||System.EncodingUtil.convertToHex(Blob)
11:11:37.538 (2561748126)|METHOD_EXIT|[208]||System.EncodingUtil.convertToHex(Blob)
11:11:37.538 (2561756296)|METHOD_ENTRY|[209]|01p57000001HcKt|BitConverter.encodeIntegerFromHex(String)
11:11:37.538 (2561831870)|METHOD_ENTRY|[192]||System.Math.pow(Double, Double)
11:11:37.538 (2561847492)|METHOD_EXIT|[192]||System.Math.pow(Double, Double)
11:11:37.538 (2561888532)|METHOD_ENTRY|[192]||System.Math.pow(Double, Double)
11:11:37.538 (2561903073)|METHOD_EXIT|[192]||System.Math.pow(Double, Double)
11:11:37.538 (2561939044)|METHOD_EXIT|[209]|01p57000001HcKt|BitConverter.encodeIntegerFromHex(String)
11:11:37.538 (2561988314)|METHOD_ENTRY|[208]||System.EncodingUtil.convertToHex(Blob)
11:11:37.538 (2562005798)|METHOD_EXIT|[208]||System.EncodingUtil.convertToHex(Blob)
11:11:37.538 (2562014735)|METHOD_ENTRY|[209]|01p57000001HcKt|BitConverter.encodeIntegerFromHex(String)
11:11:37.538 (2562085246)|METHOD_ENTRY|[192]||System.Math.pow(Double, Double)
11:11:37.538 (2562101238)|METHOD_EXIT|[192]||System.Math.pow(Double, Double)
11:11:37.538 (2562142700)|METHOD_ENTRY|[192]||System.Math.pow(Double, Double)
11:11:37.538 (2562156090)|METHOD_EXIT|[192]||System.Math.pow(Double, Double)
11:11:37.538 (2562180951)|METHOD_EXIT|[209]|01p57000001HcKt|BitConverter.encodeIntegerFromHex(String)
11:11:37.538 (2562236951)|METHOD_ENTRY|[208]||System.EncodingUtil.convertToHex(Blob)
11:11:37.538 (2562263288)|METHOD_EXIT|[208]||System.EncodingUtil.convertToHex(Blob)
11:11:37.538 (2562272510)|METHOD_ENTRY|[209]|01p57000001HcKt|BitConverter.encodeIntegerFromHex(String)
11:11:37.538 (2562345321)|METHOD_ENTRY|[192]||System.Math.pow(Double, Double)
11:11:37.538 (2562367843)|METHOD_EXIT|[192]||System.Math.pow(Double, Double)
11:11:37.538 (2562418247)|METHOD_ENTRY|[192]||System.Math.pow(Double, Double)
11:11:37.538 (2562433495)|METHOD_EXIT|[192]||System.Math.pow(Double, Double)
11:11:37.538 (2562458946)|METHOD_EXIT|[209]|01p57000001HcKt|BitConverter.encodeIntegerFromHex(String)
11:11:37.538 (2562499818)|METHOD_EXIT|[136]|01p57000001HcKt|BitConverter.encodeUTF16String(String)
11:11:37.538 (2562517229)|METHOD_ENTRY|[136]|01p57000001HcL6|NTLMAuth.WriteSecurityBuffer(List<Integer>, List<Integer>, List<Integer>)
11:11:37.538 (2562574267)|METHOD_ENTRY|[172]|01p57000001HcKt|BitConverter.getBytesForUInt16(Integer)
11:11:37.538 (2562625490)|METHOD_EXIT|[172]|01p57000001HcKt|BitConverter.getBytesForUInt16(Integer)
11:11:37.538 (2562646354)|METHOD_ENTRY|[173]|01p57000001HcKt|BitConverter.getBytesForUInt16(Integer)
11:11:37.538 (2562664509)|METHOD_EXIT|[173]|01p57000001HcKt|BitConverter.getBytesForUInt16(Integer)
11:11:37.538 (2562678029)|METHOD_ENTRY|[174]|01p57000001HcKt|BitConverter.getBytesForUInt32(Integer)
11:11:37.538 (2562703461)|METHOD_EXIT|[174]|01p57000001HcKt|BitConverter.getBytesForUInt32(Integer)
11:11:37.538 (2562716851)|METHOD_EXIT|[136]|01p57000001HcL6|NTLMAuth.WriteSecurityBuffer(List<Integer>, List<Integer>, List<Integer>)
11:11:37.538 (2562756807)|METHOD_ENTRY|[139]|01p57000001HcKt|BitConverter.encodeUTF16String(String)
11:11:37.538 (2562832670)|METHOD_ENTRY|[208]||System.EncodingUtil.convertToHex(Blob)
11:11:37.538 (2562851897)|METHOD_EXIT|[208]||System.EncodingUtil.convertToHex(Blob)
11:11:37.538 (2562857519)|METHOD_ENTRY|[209]|01p57000001HcKt|BitConverter.encodeIntegerFromHex(String)
11:11:37.538 (2562919575)|METHOD_ENTRY|[192]||System.Math.pow(Double, Double)
11:11:37.538 (2562939712)|METHOD_EXIT|[192]||System.Math.pow(Double, Double)
11:11:37.538 (2562984709)|METHOD_ENTRY|[192]||System.Math.pow(Double, Double)
11:11:37.538 (2562999789)|METHOD_EXIT|[192]||System.Math.pow(Double, Double)
11:11:37.538 (2563025084)|METHOD_EXIT|[209]|01p57000001HcKt|BitConverter.encodeIntegerFromHex(String)
11:11:37.538 (2563074220)|METHOD_ENTRY|[208]||System.EncodingUtil.convertToHex(Blob)
11:11:37.538 (2563088921)|METHOD_EXIT|[208]||System.EncodingUtil.convertToHex(Blob)
11:11:37.538 (2563094681)|METHOD_ENTRY|[209]|01p57000001HcKt|BitConverter.encodeIntegerFromHex(String)
11:11:37.538 (2563148392)|METHOD_ENTRY|[192]||System.Math.pow(Double, Double)
11:11:37.538 (2563162280)|METHOD_EXIT|[192]||System.Math.pow(Double, Double)
11:11:37.538 (2563203913)|METHOD_ENTRY|[192]||System.Math.pow(Double, Double)
11:11:37.538 (2563217654)|METHOD_EXIT|[192]||System.Math.pow(Double, Double)
11:11:37.538 (2563242548)|METHOD_EXIT|[209]|01p57000001HcKt|BitConverter.encodeIntegerFromHex(String)
11:11:37.538 (2563290144)|METHOD_ENTRY|[208]||System.EncodingUtil.convertToHex(Blob)
11:11:37.538 (2563304258)|METHOD_EXIT|[208]||System.EncodingUtil.convertToHex(Blob)
11:11:37.538 (2563310172)|METHOD_ENTRY|[209]|01p57000001HcKt|BitConverter.encodeIntegerFromHex(String)
11:11:37.538 (2563364362)|METHOD_ENTRY|[192]||System.Math.pow(Double, Double)
11:11:37.538 (2563378938)|METHOD_EXIT|[192]||System.Math.pow(Double, Double)
11:11:37.538 (2563419476)|METHOD_ENTRY|[192]||System.Math.pow(Double, Double)
11:11:37.538 (2563434095)|METHOD_EXIT|[192]||System.Math.pow(Double, Double)
11:11:37.538 (2563459226)|METHOD_EXIT|[209]|01p57000001HcKt|BitConverter.encodeIntegerFromHex(String)
11:11:37.538 (2563506612)|METHOD_ENTRY|[208]||System.EncodingUtil.convertToHex(Blob)
11:11:37.538 (2563520575)|METHOD_EXIT|[208]||System.EncodingUtil.convertToHex(Blob)
11:11:37.538 (2563525714)|METHOD_ENTRY|[209]|01p57000001HcKt|BitConverter.encodeIntegerFromHex(String)
11:11:37.538 (2563577626)|METHOD_ENTRY|[192]||System.Math.pow(Double, Double)
11:11:37.538 (2563591743)|METHOD_EXIT|[192]||System.Math.pow(Double, Double)
11:11:37.538 (2563633567)|METHOD_ENTRY|[192]||System.Math.pow(Double, Double)
11:11:37.538 (2563649229)|METHOD_EXIT|[192]||System.Math.pow(Double, Double)
11:11:37.538 (2563674354)|METHOD_EXIT|[209]|01p57000001HcKt|BitConverter.encodeIntegerFromHex(String)
11:11:37.538 (2563729699)|METHOD_ENTRY|[208]||System.EncodingUtil.convertToHex(Blob)
11:11:37.538 (2563745718)|METHOD_EXIT|[208]||System.EncodingUtil.convertToHex(Blob)
11:11:37.538 (2563753222)|METHOD_ENTRY|[209]|01p57000001HcKt|BitConverter.encodeIntegerFromHex(String)
11:11:37.538 (2563825533)|METHOD_ENTRY|[192]||System.Math.pow(Double, Double)
11:11:37.538 (2563841447)|METHOD_EXIT|[192]||System.Math.pow(Double, Double)
11:11:37.538 (2563898033)|METHOD_ENTRY|[192]||System.Math.pow(Double, Double)
11:11:37.538 (2563917688)|METHOD_EXIT|[192]||System.Math.pow(Double, Double)
11:11:37.538 (2563944866)|METHOD_EXIT|[209]|01p57000001HcKt|BitConverter.encodeIntegerFromHex(String)
11:11:37.538 (2563994557)|METHOD_ENTRY|[208]||System.EncodingUtil.convertToHex(Blob)
11:11:37.538 (2564012560)|METHOD_EXIT|[208]||System.EncodingUtil.convertToHex(Blob)
11:11:37.538 (2564021155)|METHOD_ENTRY|[209]|01p57000001HcKt|BitConverter.encodeIntegerFromHex(String)
11:11:37.538 (2564082089)|METHOD_ENTRY|[192]||System.Math.pow(Double, Double)
11:11:37.538 (2564096814)|METHOD_EXIT|[192]||System.Math.pow(Double, Double)
11:11:37.538 (2564142856)|METHOD_ENTRY|[192]||System.Math.pow(Double, Double)
11:11:37.538 (2564156036)|METHOD_EXIT|[192]||System.Math.pow(Double, Double)
11:11:37.538 (2564180329)|METHOD_EXIT|[209]|01p57000001HcKt|BitConverter.encodeIntegerFromHex(String)
11:11:37.538 (2564226721)|METHOD_ENTRY|[208]||System.EncodingUtil.convertToHex(Blob)
11:11:37.538 (2564241258)|METHOD_EXIT|[208]||System.EncodingUtil.convertToHex(Blob)
11:11:37.538 (2564246613)|METHOD_ENTRY|[209]|01p57000001HcKt|BitConverter.encodeIntegerFromHex(String)
11:11:37.538 (2564299014)|METHOD_ENTRY|[192]||System.Math.pow(Double, Double)
11:11:37.538 (2564312923)|METHOD_EXIT|[192]||System.Math.pow(Double, Double)
11:11:37.538 (2564353309)|METHOD_ENTRY|[192]||System.Math.pow(Double, Double)
11:11:37.538 (2564365526)|METHOD_EXIT|[192]||System.Math.pow(Double, Double)
11:11:37.538 (2564389629)|METHOD_EXIT|[209]|01p57000001HcKt|BitConverter.encodeIntegerFromHex(String)
11:11:37.538 (2564436345)|METHOD_ENTRY|[208]||System.EncodingUtil.convertToHex(Blob)
11:11:37.538 (2564450084)|METHOD_EXIT|[208]||System.EncodingUtil.convertToHex(Blob)
11:11:37.538 (2564455557)|METHOD_ENTRY|[209]|01p57000001HcKt|BitConverter.encodeIntegerFromHex(String)
11:11:37.538 (2564509121)|METHOD_ENTRY|[192]||System.Math.pow(Double, Double)
11:11:37.538 (2564566209)|METHOD_EXIT|[192]||System.Math.pow(Double, Double)
11:11:37.538 (2564608049)|METHOD_ENTRY|[192]||System.Math.pow(Double, Double)
11:11:37.538 (2564621740)|METHOD_EXIT|[192]||System.Math.pow(Double, Double)
11:11:37.538 (2564645573)|METHOD_EXIT|[209]|01p57000001HcKt|BitConverter.encodeIntegerFromHex(String)
11:11:37.538 (2564693002)|METHOD_ENTRY|[208]||System.EncodingUtil.convertToHex(Blob)
11:11:37.538 (2564705795)|METHOD_EXIT|[208]||System.EncodingUtil.convertToHex(Blob)
11:11:37.538 (2564710892)|METHOD_ENTRY|[209]|01p57000001HcKt|BitConverter.encodeIntegerFromHex(String)
11:11:37.538 (2564772563)|METHOD_ENTRY|[192]||System.Math.pow(Double, Double)
11:11:37.538 (2564787914)|METHOD_EXIT|[192]||System.Math.pow(Double, Double)
11:11:37.538 (2564828214)|METHOD_ENTRY|[192]||System.Math.pow(Double, Double)
11:11:37.538 (2564841589)|METHOD_EXIT|[192]||System.Math.pow(Double, Double)
11:11:37.538 (2564865717)|METHOD_EXIT|[209]|01p57000001HcKt|BitConverter.encodeIntegerFromHex(String)
11:11:37.538 (2564911619)|METHOD_ENTRY|[208]||System.EncodingUtil.convertToHex(Blob)
11:11:37.538 (2564925621)|METHOD_EXIT|[208]||System.EncodingUtil.convertToHex(Blob)
11:11:37.538 (2564930657)|METHOD_ENTRY|[209]|01p57000001HcKt|BitConverter.encodeIntegerFromHex(String)
11:11:37.538 (2564982042)|METHOD_ENTRY|[192]||System.Math.pow(Double, Double)
11:11:37.538 (2564995935)|METHOD_EXIT|[192]||System.Math.pow(Double, Double)
11:11:37.538 (2565037314)|METHOD_ENTRY|[192]||System.Math.pow(Double, Double)
11:11:37.538 (2565051315)|METHOD_EXIT|[192]||System.Math.pow(Double, Double)
11:11:37.538 (2565075075)|METHOD_EXIT|[209]|01p57000001HcKt|BitConverter.encodeIntegerFromHex(String)
11:11:37.538 (2565105048)|METHOD_EXIT|[139]|01p57000001HcKt|BitConverter.encodeUTF16String(String)
11:11:37.538 (2565123032)|METHOD_ENTRY|[139]|01p57000001HcL6|NTLMAuth.WriteSecurityBuffer(List<Integer>, List<Integer>, List<Integer>)
11:11:37.538 (2565166469)|METHOD_ENTRY|[172]|01p57000001HcKt|BitConverter.getBytesForUInt16(Integer)
11:11:37.538 (2565204523)|METHOD_EXIT|[172]|01p57000001HcKt|BitConverter.getBytesForUInt16(Integer)
11:11:37.538 (2565223568)|METHOD_ENTRY|[173]|01p57000001HcKt|BitConverter.getBytesForUInt16(Integer)
11:11:37.538 (2565242348)|METHOD_EXIT|[173]|01p57000001HcKt|BitConverter.getBytesForUInt16(Integer)
11:11:37.538 (2565256089)|METHOD_ENTRY|[174]|01p57000001HcKt|BitConverter.getBytesForUInt32(Integer)
11:11:37.538 (2565281039)|METHOD_EXIT|[174]|01p57000001HcKt|BitConverter.getBytesForUInt32(Integer)
11:11:37.538 (2565295015)|METHOD_EXIT|[139]|01p57000001HcL6|NTLMAuth.WriteSecurityBuffer(List<Integer>, List<Integer>, List<Integer>)
11:11:37.538 (2565304364)|METHOD_ENTRY|[142]|01p57000001HcL6|NTLMAuth.WriteSecurityBuffer(List<Integer>, List<Integer>, List<Integer>)
11:11:37.538 (2565324787)|METHOD_ENTRY|[165]|01p57000001HcKt|BitConverter.getBytesForUInt16(Integer)
11:11:37.538 (2565342902)|METHOD_EXIT|[165]|01p57000001HcKt|BitConverter.getBytesForUInt16(Integer)
11:11:37.538 (2565356387)|METHOD_ENTRY|[166]|01p57000001HcKt|BitConverter.getBytesForUInt16(Integer)
11:11:37.538 (2565373217)|METHOD_EXIT|[166]|01p57000001HcKt|BitConverter.getBytesForUInt16(Integer)
11:11:37.538 (2565387219)|METHOD_ENTRY|[167]|01p57000001HcKt|BitConverter.getBytesForUInt32(Integer)
11:11:37.538 (2565406370)|METHOD_EXIT|[167]|01p57000001HcKt|BitConverter.getBytesForUInt32(Integer)
11:11:37.538 (2565419506)|METHOD_EXIT|[142]|01p57000001HcL6|NTLMAuth.WriteSecurityBuffer(List<Integer>, List<Integer>, List<Integer>)
11:11:37.538 (2565431176)|METHOD_ENTRY|[145]|01p57000001HcKt|BitConverter.getBytesForUInt32(Integer)
11:11:37.538 (2565455617)|METHOD_EXIT|[145]|01p57000001HcKt|BitConverter.getBytesForUInt32(Integer)
11:11:37.538 (2565574011)|METHOD_ENTRY|[151]|01p57000001HcKt|BitConverter.encodeBase64String(List<Integer>)
11:11:37.538 (2567827575)|METHOD_EXIT|[151]|01p57000001HcKt|BitConverter.encodeBase64String(List<Integer>)
11:11:37.538 (2567843050)|METHOD_EXIT|[189]|01p57000001HcL6|NTLMAuth.getType3Message(String, String, String)
11:11:37.538 (2567981209)|CALLOUT_REQUEST|[190]|System.HttpRequest[Endpoint=https://bc-acc.primagas.es:7047/bc_ad/WS/PSEnergia/Codeunit/PGE_SF, Method=POST]
11:11:37.538 (2853545341)|CALLOUT_RESPONSE|[190]|System.HttpResponse[Status=Internal Server Error, StatusCode=500]
11:11:37.538 (2853634366)|METHOD_EXIT|[148]|01p57000001HcL1|HttpClient.handle401Response(System.HttpResponse, System.HttpRequest, Map<String,String>, Integer)
11:11:37.538 (2853686859)|METHOD_EXIT|[287]|01p57000001HcL1|HttpClient.send(System.HttpRequest, Map<String,String>)
11:11:37.538 (2853844731)|USER_DEBUG|[289]|ERROR|Response**: <s:Envelope xmlns:s="http://schemas.xmlsoap.org/soap/envelope/"><s:Body><s:Fault><faultcode xmlns:a="urn:microsoft-dynamics-schemas/error">a:Microsoft.Dynamics.Nav.Service.SOAP.ServiceBrokerException</faultcode><faultstring xml:lang="en-US">Method "App_Order" is invalid!</faultstring><detail><string xmlns="http://schemas.microsoft.com/2003/10/Serialization/">Method "App_Order" is invalid!</string></detail></s:Fault></s:Body></s:Envelope>
11:11:37.538 (2853917155)|USER_DEBUG|[290]|ERROR|Response Code**: Internal Server Error
11:11:37.538 (2854112712)|USER_DEBUG|[293]|DEBUG|Header Keys: (null, Server, Connection, Set-Cookie, Content-Length, Date, Content-Type)
11:11:37.538 (2854271770)|USER_DEBUG|[300]|DEBUG|Header Server - valor:Microsoft-HTTPAPI/2.0
11:11:37.538 (2854327411)|USER_DEBUG|[300]|DEBUG|Header Connection - valor:keep-alive
11:11:37.538 (2854366726)|USER_DEBUG|[300]|DEBUG|Header Set-Cookie - valor:ApplicationGatewayAffinity=893d11f559ebc679989f10af750b049e; Path=/;ApplicationGatewayAffinityCORS=893d11f559ebc679989f10af750b049e; Path=/; SameSite=None; Secure
11:11:37.538 (2854406228)|USER_DEBUG|[300]|DEBUG|Header Content-Length - valor:441
11:11:37.538 (2854442246)|USER_DEBUG|[300]|DEBUG|Header Date - valor:Wed, 03 Aug 2022 09:11:38 GMT
11:11:37.538 (2854478224)|USER_DEBUG|[300]|DEBUG|Header Content-Type - valor:text/xml; charset=utf-8
11:11:37.538 (2854676880)|USER_DEBUG|[309]|DEBUG|Header VsDebuggerCausalityData - valor:uIDPo/rQMOZhui5FrxcjWeCgRrgAAAAAcmt6f9FsN0yPjtFRb1XosVWMvmwiqwhJkz7pTrgcEugACQAA
11:11:37.538 (2854730147)|USER_DEBUG|[309]|DEBUG|Header Content-Type - valor:text/xml; charset=utf-8
11:11:37.538 (2854804311)|USER_DEBUG|[309]|DEBUG|Header SOAPAction - valor:"urn:microsoft-dynamics-schemas/codeunit/WS_App:App_Order"
11:11:37.538 (2854842762)|USER_DEBUG|[309]|DEBUG|Header Host - valor:sfnavservices.primagas.es
11:11:37.538 (2854881679)|USER_DEBUG|[309]|DEBUG|Header Content-Length - valor:406
11:11:37.538 (2854918800)|USER_DEBUG|[309]|DEBUG|Header Connection - valor:Keep-Alive
11:11:37.538 (2854948762)|METHOD_EXIT|[760]|01p57000001HcLC|NavWSUtil.peticionesWSNavision(String, String, String)
11:11:37.538 (2855027599)|USER_DEBUG|[761]|DEBUG|@@@@ res System.HttpResponse[Status=Internal Server Error, StatusCode=500]
11:11:37.538 (2855088554)|USER_DEBUG|[762]|DEBUG|@@@@@ endpointEnvioPedidoLectura https://bc-acc.primagas.es:7047/bc_ad/WS/PSEnergia/Codeunit/PGE_SF
11:11:37.538 (2855151682)|USER_DEBUG|[763]|DEBUG|@@@@@ url crear pedido gas "urn:microsoft-dynamics-schemas/codeunit/WS_App:App_Order"
11:11:37.538 (2855212437)|METHOD_ENTRY|[767]|01p57000001HcLU|XmlUtil.parsearRespuestaEnviarPedidosGas(System.HttpResponse)
11:11:37.538 (2856445040)|USER_DEBUG|[2356]|DEBUG|nodoRaiz: Body
11:11:37.538 (2856630338)|USER_DEBUG|[2361]|DEBUG|Nodo: Fault
11:11:37.538 (2856705344)|METHOD_EXIT|[767]|01p57000001HcLU|XmlUtil.parsearRespuestaEnviarPedidosGas(System.HttpResponse)
11:11:37.538 (2856746339)|USER_DEBUG|[769]|DEBUG|Ha habido algun error creando pedidos
11:11:37.538 (2897648042)|METHOD_ENTRY|[10]|01p57000001HcL3|LogUtil.LogUtil()
11:11:37.538 (2897685168)|METHOD_EXIT|[10]|LogUtil
11:11:37.538 (2897768844)|METHOD_ENTRY|[770]|01p57000001HcL3|LogUtil.crearLog(String, String, String, String, Boolean)
11:11:37.538 (3016135485)|SYSTEM_METHOD_ENTRY|[1]|Test.Test()
11:11:37.538 (3016171660)|SYSTEM_METHOD_EXIT|[1]|Test
11:11:37.538 (3016190294)|METHOD_ENTRY|[37]||System.Test.isRunningTest()
11:11:37.538 (3016251952)|METHOD_EXIT|[37]||System.Test.isRunningTest()
11:11:37.538 (3016305629)|METHOD_EXIT|[770]|01p57000001HcL3|LogUtil.crearLog(String, String, String, String, Boolean)
11:11:37.538 (3032472579)|CODE_UNIT_STARTED|[EXTERNAL]|01q57000000UYKB|PedidoGasTrigger on Pedido_de_gas trigger event BeforeDelete|__sfdc_trigger/PedidoGasTrigger
11:11:37.538 (3032913199)|USER_DEBUG|[3]|DEBUG|**** Pedidos de gas Trigger ****
11:11:37.538 (3033203759)|METHOD_ENTRY|[6]|01p57000001HcLT|TriggerFactory.TriggerFactory()
11:11:37.538 (3033222678)|METHOD_EXIT|[6]|TriggerFactory
11:11:37.538 (3033244514)|METHOD_ENTRY|[4]|01p57000001HcLT|TriggerFactory.createHandler(Schema.SObjectType)
11:11:37.538 (3039159150)|METHOD_ENTRY|[27]|01p57000001HcLT|TriggerFactory.getHandler(Configuration_Switch__mdt, String)
11:11:37.538 (3039362602)|SYSTEM_METHOD_ENTRY|[1]|Type.Type()
11:11:37.538 (3039384587)|SYSTEM_METHOD_EXIT|[1]|Type
11:11:37.538 (3039399569)|METHOD_ENTRY|[112]||System.Type.forName(String)
11:11:37.538 (3039788865)|METHOD_EXIT|[112]||System.Type.forName(String)
11:11:37.538 (3039815144)|METHOD_ENTRY|[119]||System.Type.newInstance()
11:11:37.538 (3040024630)|METHOD_ENTRY|[1]|01p57000000X8Tj|PedidoGasHandler.PedidoGasHandler()
11:11:37.538 (3040040671)|METHOD_EXIT|[1]|PedidoGasHandler
11:11:37.538 (3040090446)|METHOD_EXIT|[119]||System.Type.newInstance()
11:11:37.538 (3040231609)|METHOD_EXIT|[27]|01p57000001HcLT|TriggerFactory.getHandler(Configuration_Switch__mdt, String)
11:11:37.538 (3040255706)|METHOD_ENTRY|[33]|01p57000001HcLT|TriggerFactory.execute(ITrigger)
11:11:37.538 (3040413558)|METHOD_ENTRY|[51]|01p57000000X8Tj|PedidoGasHandler.bulkBefore(List<SObject>, Map<Id,SObject>)
11:11:37.538 (3040449640)|METHOD_EXIT|[51]|01p57000000X8Tj|PedidoGasHandler.bulkBefore(List<SObject>, Map<Id,SObject>)
11:11:37.538 (3040505700)|METHOD_ENTRY|[66]|01p57000000X8Tj|PedidoGasHandler.beforeDelete(Map<Id,SObject>)
11:11:37.538 (3040531317)|METHOD_EXIT|[66]|01p57000000X8Tj|PedidoGasHandler.beforeDelete(Map<Id,SObject>)
11:11:37.538 (3040549613)|METHOD_ENTRY|[92]|01p57000000X8Tj|PedidoGasHandler.andFinally()
11:11:37.538 (3040570066)|METHOD_EXIT|[92]|01p57000000X8Tj|PedidoGasHandler.andFinally()
11:11:37.538 (3040580846)|METHOD_EXIT|[33]|01p57000001HcLT|TriggerFactory.execute(ITrigger)
11:11:37.538 (3040593218)|METHOD_EXIT|[4]|01p57000001HcLT|TriggerFactory.createHandler(Schema.SObjectType)
11:11:37.538 (3043012756)|CODE_UNIT_FINISHED|PedidoGasTrigger on Pedido_de_gas trigger event BeforeDelete|__sfdc_trigger/PedidoGasTrigger
11:11:39.307 (4307951120)|CODE_UNIT_STARTED|[EXTERNAL]|01q57000000UYKB|PedidoGasTrigger on Pedido_de_gas trigger event AfterDelete|__sfdc_trigger/PedidoGasTrigger
11:11:39.307 (4308237507)|USER_DEBUG|[3]|DEBUG|**** Pedidos de gas Trigger ****
11:11:39.307 (4308300476)|METHOD_ENTRY|[4]|01p57000001HcLT|TriggerFactory.createHandler(Schema.SObjectType)
11:11:39.307 (4309053548)|METHOD_ENTRY|[27]|01p57000001HcLT|TriggerFactory.getHandler(Configuration_Switch__mdt, String)
11:11:39.307 (4309099086)|METHOD_ENTRY|[112]||System.Type.forName(String)
11:11:39.307 (4309256607)|METHOD_EXIT|[112]||System.Type.forName(String)
11:11:39.307 (4309272104)|METHOD_ENTRY|[119]||System.Type.newInstance()
11:11:39.307 (4309347920)|METHOD_EXIT|[119]||System.Type.newInstance()
11:11:39.307 (4309446940)|METHOD_EXIT|[27]|01p57000001HcLT|TriggerFactory.getHandler(Configuration_Switch__mdt, String)
11:11:39.307 (4309461257)|METHOD_ENTRY|[33]|01p57000001HcLT|TriggerFactory.execute(ITrigger)
11:11:39.307 (4309550799)|METHOD_ENTRY|[72]|01p57000000X8Tj|PedidoGasHandler.bulkAfter(List<SObject>, Map<Id,SObject>)
11:11:39.307 (4309604306)|METHOD_EXIT|[72]|01p57000000X8Tj|PedidoGasHandler.bulkAfter(List<SObject>, Map<Id,SObject>)
11:11:39.307 (4309700182)|METHOD_ENTRY|[87]|01p57000000X8Tj|PedidoGasHandler.afterDelete(Map<Id,SObject>)
11:11:39.307 (4309758772)|METHOD_EXIT|[87]|01p57000000X8Tj|PedidoGasHandler.afterDelete(Map<Id,SObject>)
11:11:39.307 (4309773386)|METHOD_ENTRY|[92]|01p57000000X8Tj|PedidoGasHandler.andFinally()
11:11:39.307 (4309783109)|METHOD_EXIT|[92]|01p57000000X8Tj|PedidoGasHandler.andFinally()
11:11:39.307 (4309792730)|METHOD_EXIT|[33]|01p57000001HcLT|TriggerFactory.execute(ITrigger)
11:11:39.307 (4309804023)|METHOD_EXIT|[4]|01p57000001HcLT|TriggerFactory.createHandler(Schema.SObjectType)
11:11:39.307 (4311716939)|CODE_UNIT_FINISHED|PedidoGasTrigger on Pedido_de_gas trigger event AfterDelete|__sfdc_trigger/PedidoGasTrigger
11:11:39.307 (4326967248)|METHOD_ENTRY|[780]|01p57000001HcL3|LogUtil.guardarLog()
11:11:39.307 (4327276634)|USER_DEBUG|[76]|DEBUG|Logs de errores a insertar: (Log__c:{Error__c=true, Descripcion__c=Ha habido un error al crear el pedido de gas en la cuenta null para la direccion de entrega con id Nav: null Registro: Pedido_de_gas__c:{Id=a0y3L000000UscVQAS, Direccion_de_entrega__c=a003L000003TKLpQAO, Nivel_del_deposito__c=85, Comentarios__c=TEST Ignorar}, Metodo__c=SincronizarPedidosDeGas, Objeto__c=SincronizarPedidosDeGas, RecordTypeId=01257000000kgIpAAI, Enviado_a_Navision__c=false})
11:11:39.307 (4763041024)|METHOD_EXIT|[780]|01p57000001HcL3|LogUtil.guardarLog()
11:11:39.307 (4763162210)|METHOD_EXIT|[743]|01p57000001HcLI|SyncNav.SincronizarPedidosDeGas(List<String>)
11:11:39.307 (4763220887)|CODE_UNIT_FINISHED|SyncNav.SincronizarPedidosDeGasFuture(List<String>)
11:11:39.307 (4763233249)|EXECUTION_FINISHED
