31.0 APEX_CODE,FINER;APEX_PROFILING,INFO;CALLOUT,INFO;DB,FINEST;NBA,INFO;SYSTEM,DEBUG;VALIDATION,INFO;VISUALFORCE,INFO;WAVE,INFO;WORKFLOW,INFO
08:46:28.0 (142040)|USER_INFO|[EXTERNAL]|0052p000008i9TA|n.gonzalez@blackbirdcrew.com.pre|hora estándar de Europa central|GMT+02:00
08:46:28.0 (193078)|EXECUTION_STARTED
08:46:28.0 (198875)|CODE_UNIT_STARTED|[EXTERNAL]|TRIGGERS
08:46:28.0 (234459)|CODE_UNIT_STARTED|[EXTERNAL]|01q57000000g1Lq|ContractTrigger on Contract trigger event BeforeUpdate|__sfdc_trigger/ContractTrigger
08:46:28.0 (283127)|HEAP_ALLOCATE|[EXTERNAL]|Bytes:8
08:46:28.0 (359312)|HEAP_ALLOCATE|[EXTERNAL]|Bytes:8
08:46:28.0 (907902)|HEAP_ALLOCATE|[79]|Bytes:3
08:46:28.0 (964906)|HEAP_ALLOCATE|[84]|Bytes:152
08:46:28.0 (988615)|HEAP_ALLOCATE|[399]|Bytes:408
08:46:28.0 (1008493)|HEAP_ALLOCATE|[412]|Bytes:408
08:46:28.0 (1023011)|HEAP_ALLOCATE|[520]|Bytes:48
08:46:28.0 (1054873)|HEAP_ALLOCATE|[139]|Bytes:6
08:46:28.0 (1072495)|HEAP_ALLOCATE|[EXTERNAL]|Bytes:1
08:46:28.0 (1090233)|HEAP_ALLOCATE|[EXTERNAL]|Bytes:4
08:46:28.0 (1165870)|HEAP_ALLOCATE|[EXTERNAL]|Bytes:4
08:46:28.0 (1212044)|STATEMENT_EXECUTE|[1]
08:46:28.0 (1215076)|STATEMENT_EXECUTE|[3]
08:46:28.0 (1218750)|HEAP_ALLOCATE|[3]|Bytes:26
08:46:28.0 (1255299)|HEAP_ALLOCATE|[52]|Bytes:5
08:46:28.0 (1279824)|HEAP_ALLOCATE|[58]|Bytes:5
08:46:28.0 (1287468)|HEAP_ALLOCATE|[66]|Bytes:7
08:46:28.0 (1382110)|USER_DEBUG|[3]|DEBUG|**** Contract Trigger ****
08:46:28.0 (1400532)|STATEMENT_EXECUTE|[4]
08:46:28.0 (1404320)|HEAP_ALLOCATE|[4]|Bytes:8
08:46:28.0 (30305391)|HEAP_ALLOCATE|[4]|Bytes:23
08:46:28.0 (30340074)|HEAP_ALLOCATE|[4]|Bytes:9
08:46:28.0 (30399685)|METHOD_ENTRY|[6]|01p57000001HcLT|TriggerFactory.TriggerFactory()
08:46:28.0 (30410739)|STATEMENT_EXECUTE|[6]
08:46:28.0 (30419458)|STATEMENT_EXECUTE|[6]
08:46:28.0 (30422335)|STATEMENT_EXECUTE|[8]
08:46:28.0 (30437115)|METHOD_EXIT|[6]|TriggerFactory
08:46:28.0 (30494772)|METHOD_ENTRY|[4]|01p57000001HcLT|TriggerFactory.createHandler(Schema.SObjectType)
08:46:28.0 (30573468)|STATEMENT_EXECUTE|[19]
08:46:28.0 (30576624)|STATEMENT_EXECUTE|[20]
08:46:28.0 (30735480)|HEAP_ALLOCATE|[20]|Bytes:15
08:46:28.0 (30749785)|HEAP_ALLOCATE|[20]|Bytes:436
08:46:28.0 (30756332)|HEAP_ALLOCATE|[20]|Bytes:93
08:46:28.0 (30761644)|HEAP_ALLOCATE|[20]|Bytes:7
08:46:28.0 (30984174)|METHOD_ENTRY|[1]|01p57000001lFxx|Util.Util()
08:46:28.0 (30993538)|STATEMENT_EXECUTE|[1]
08:46:28.0 (30998482)|STATEMENT_EXECUTE|[1]
08:46:28.0 (31927888)|SYSTEM_MODE_ENTER|false
08:46:28.0 (31980955)|HEAP_ALLOCATE|[20]|Bytes:5
08:46:28.0 (31998901)|STATEMENT_EXECUTE|[3]
08:46:28.0 (32007848)|SYSTEM_MODE_EXIT|false
08:46:28.0 (32035021)|METHOD_EXIT|[1]|Util
08:46:28.0 (32137807)|SYSTEM_MODE_ENTER|false
08:46:28.0 (32144991)|HEAP_ALLOCATE|[83]|Bytes:5
08:46:28.0 (32151396)|STATEMENT_EXECUTE|[81]
08:46:28.0 (32160205)|STATEMENT_EXECUTE|[84]
08:46:28.0 (32162449)|STATEMENT_EXECUTE|[85]
08:46:28.0 (32184250)|HEAP_ALLOCATE|[85]|Bytes:4
08:46:28.0 (32233484)|STATEMENT_EXECUTE|[88]
08:46:28.0 (32239325)|HEAP_ALLOCATE|[88]|Bytes:71
08:46:28.0 (32255337)|HEAP_ALLOCATE|[88]|Bytes:4
08:46:28.0 (32639823)|SOQL_EXECUTE_BEGIN|[88]|Aggregations:0|SELECT DeveloperName, Name__c, Activo__c FROM Configuration_Switch__mdt
08:46:28.0 (61381874)|SOQL_EXECUTE_EXPLAIN|[88]|No explain plan is available
08:46:28.0 (61400677)|SOQL_EXECUTE_END|[88]|Rows:10
08:46:28.0 (61441882)|HEAP_ALLOCATE|[88]|Bytes:44
08:46:28.0 (61523723)|HEAP_ALLOCATE|[88]|Bytes:1004
08:46:28.0 (61702004)|HEAP_ALLOCATE|[88]|Bytes:44
08:46:28.0 (62660722)|HEAP_ALLOCATE|[91]|Bytes:5
08:46:28.0 (62742192)|HEAP_ALLOCATE|[91]|Bytes:20
08:46:28.0 (62758646)|STATEMENT_EXECUTE|[92]
08:46:28.0 (62761496)|STATEMENT_EXECUTE|[93]
08:46:28.0 (62925002)|HEAP_ALLOCATE|[91]|Bytes:5
08:46:28.0 (62945765)|HEAP_ALLOCATE|[91]|Bytes:20
08:46:28.0 (62954834)|STATEMENT_EXECUTE|[92]
08:46:28.0 (62957921)|STATEMENT_EXECUTE|[93]
08:46:28.0 (62990540)|HEAP_ALLOCATE|[91]|Bytes:5
08:46:28.0 (63003876)|HEAP_ALLOCATE|[91]|Bytes:20
08:46:28.0 (63011828)|STATEMENT_EXECUTE|[92]
08:46:28.0 (63014399)|STATEMENT_EXECUTE|[93]
08:46:28.0 (63036177)|HEAP_ALLOCATE|[91]|Bytes:5
08:46:28.0 (63050467)|HEAP_ALLOCATE|[91]|Bytes:20
08:46:28.0 (63057974)|STATEMENT_EXECUTE|[92]
08:46:28.0 (63060945)|STATEMENT_EXECUTE|[93]
08:46:28.0 (63082169)|HEAP_ALLOCATE|[91]|Bytes:5
08:46:28.0 (63095793)|HEAP_ALLOCATE|[91]|Bytes:20
08:46:28.0 (63102921)|STATEMENT_EXECUTE|[92]
08:46:28.0 (63105426)|STATEMENT_EXECUTE|[93]
08:46:28.0 (63127186)|HEAP_ALLOCATE|[91]|Bytes:5
08:46:28.0 (63143464)|HEAP_ALLOCATE|[91]|Bytes:20
08:46:28.0 (63150438)|STATEMENT_EXECUTE|[92]
08:46:28.0 (63152824)|STATEMENT_EXECUTE|[93]
08:46:28.0 (63173327)|HEAP_ALLOCATE|[91]|Bytes:5
08:46:28.0 (63186268)|HEAP_ALLOCATE|[91]|Bytes:20
08:46:28.0 (63194346)|STATEMENT_EXECUTE|[92]
08:46:28.0 (63196819)|STATEMENT_EXECUTE|[93]
08:46:28.0 (63217750)|HEAP_ALLOCATE|[91]|Bytes:5
08:46:28.0 (63232527)|HEAP_ALLOCATE|[91]|Bytes:20
08:46:28.0 (63239638)|STATEMENT_EXECUTE|[92]
08:46:28.0 (63242144)|STATEMENT_EXECUTE|[93]
08:46:28.0 (63263349)|HEAP_ALLOCATE|[91]|Bytes:5
08:46:28.0 (63276664)|HEAP_ALLOCATE|[91]|Bytes:20
08:46:28.0 (63283727)|STATEMENT_EXECUTE|[92]
08:46:28.0 (63286535)|STATEMENT_EXECUTE|[93]
08:46:28.0 (63308148)|HEAP_ALLOCATE|[91]|Bytes:5
08:46:28.0 (63321605)|HEAP_ALLOCATE|[91]|Bytes:20
08:46:28.0 (63328526)|STATEMENT_EXECUTE|[92]
08:46:28.0 (63331024)|STATEMENT_EXECUTE|[93]
08:46:28.0 (63362541)|HEAP_ALLOCATE|[91]|Bytes:5
08:46:28.0 (63378341)|STATEMENT_EXECUTE|[97]
08:46:28.0 (63390552)|SYSTEM_MODE_EXIT|false
08:46:28.0 (63412869)|STATEMENT_EXECUTE|[21]
08:46:28.0 (63488874)|HEAP_ALLOCATE|[21]|Bytes:8
08:46:28.0 (63505874)|STATEMENT_EXECUTE|[24]
08:46:28.0 (63541621)|STATEMENT_EXECUTE|[27]
08:46:28.0 (63579800)|METHOD_ENTRY|[27]|01p57000001HcLT|TriggerFactory.getHandler(Configuration_Switch__mdt, String)
08:46:28.0 (84177797)|STATEMENT_EXECUTE|[104]
08:46:28.0 (84186878)|STATEMENT_EXECUTE|[106]
08:46:28.0 (84189634)|STATEMENT_EXECUTE|[107]
08:46:28.0 (84193982)|STATEMENT_EXECUTE|[108]
08:46:28.0 (84263916)|STATEMENT_EXECUTE|[111]
08:46:28.0 (84266960)|STATEMENT_EXECUTE|[112]
08:46:28.0 (84355682)|HEAP_ALLOCATE|[112]|Bytes:30
08:46:28.0 (84387738)|SYSTEM_METHOD_ENTRY|[1]|Type.Type()
08:46:28.0 (84394582)|STATEMENT_EXECUTE|[1]
08:46:28.0 (84412510)|SYSTEM_METHOD_EXIT|[1]|Type
08:46:28.0 (84433010)|METHOD_ENTRY|[112]||System.Type.forName(String)
08:46:28.0 (520323122)|METHOD_EXIT|[112]||System.Type.forName(String)
08:46:28.0 (520346241)|STATEMENT_EXECUTE|[114]
08:46:28.0 (520350811)|STATEMENT_EXECUTE|[119]
08:46:28.0 (520362576)|METHOD_ENTRY|[119]||System.Type.newInstance()
08:46:28.0 (520489027)|METHOD_ENTRY|[5]|01p57000001HcKv|ContractHandler.ContractHandler()
08:46:28.0 (520495861)|STATEMENT_EXECUTE|[5]
08:46:28.0 (520500640)|STATEMENT_EXECUTE|[5]
08:46:28.0 (520507634)|METHOD_EXIT|[5]|ContractHandler
08:46:28.0 (520629769)|HEAP_ALLOCATE|[42]|Bytes:12
08:46:28.0 (520645382)|STATEMENT_EXECUTE|[5]
08:46:28.0 (520647731)|STATEMENT_EXECUTE|[8]
08:46:28.0 (520659046)|HEAP_ALLOCATE|[8]|Bytes:4
08:46:28.0 (520689363)|STATEMENT_EXECUTE|[10]
08:46:28.0 (520698316)|HEAP_ALLOCATE|[10]|Bytes:4
08:46:28.0 (520717667)|STATEMENT_EXECUTE|[13]
08:46:28.0 (520742972)|METHOD_EXIT|[119]||System.Type.newInstance()
08:46:28.0 (520751037)|HEAP_ALLOCATE|[121]|Bytes:8
08:46:28.0 (520825446)|STATEMENT_EXECUTE|[122]
08:46:28.0 (520827541)|STATEMENT_EXECUTE|[123]
08:46:28.0 (520838681)|METHOD_EXIT|[27]|01p57000001HcLT|TriggerFactory.getHandler(Configuration_Switch__mdt, String)
08:46:28.0 (520846385)|STATEMENT_EXECUTE|[31]
08:46:28.0 (520848332)|STATEMENT_EXECUTE|[33]
08:46:28.0 (520861320)|METHOD_ENTRY|[33]|01p57000001HcLT|TriggerFactory.execute(ITrigger)
08:46:28.0 (520890860)|STATEMENT_EXECUTE|[46]
08:46:28.0 (520903818)|STATEMENT_EXECUTE|[49]
08:46:28.0 (520905865)|STATEMENT_EXECUTE|[51]
08:46:28.0 (521002487)|METHOD_ENTRY|[51]|01p57000001HcKv|ContractHandler.bulkBefore(List<SObject>, Map<Id,SObject>)
08:46:28.0 (521023594)|STATEMENT_EXECUTE|[22]
08:46:28.0 (521025525)|STATEMENT_EXECUTE|[23]
08:46:28.0 (551762474)|HEAP_ALLOCATE|[23]|Bytes:112
08:46:28.0 (551784470)|HEAP_ALLOCATE|[23]|Bytes:51
08:46:28.0 (551792503)|HEAP_ALLOCATE|[23]|Bytes:122
08:46:28.0 (551977279)|METHOD_ENTRY|[1]|01p57000001HcKw|ContractUtil.ContractUtil()
08:46:28.0 (551990990)|STATEMENT_EXECUTE|[1]
08:46:28.0 (551999151)|STATEMENT_EXECUTE|[1]
08:46:28.0 (552818965)|SYSTEM_MODE_ENTER|false
08:46:28.0 (552842287)|HEAP_ALLOCATE|[4]|Bytes:5
08:46:28.0 (552853153)|STATEMENT_EXECUTE|[4]
08:46:28.0 (552862649)|HEAP_ALLOCATE|[4]|Bytes:5
08:46:28.0 (552868041)|STATEMENT_EXECUTE|[8]
08:46:28.0 (552882772)|HEAP_ALLOCATE|[8]|Bytes:4
08:46:28.0 (552941776)|HEAP_ALLOCATE|[8]|Bytes:8
08:46:28.0 (552966519)|HEAP_ALLOCATE|[8]|Bytes:7
08:46:28.0 (552982579)|SYSTEM_MODE_EXIT|false
08:46:28.0 (552997499)|METHOD_EXIT|[1]|ContractUtil
08:46:28.0 (553041146)|METHOD_ENTRY|[23]|01p57000001HcKw|ContractUtil.loadData(List<Contract>, Map<String,Contract>)
08:46:28.0 (553115027)|SYSTEM_MODE_ENTER|false
08:46:28.0 (553121483)|HEAP_ALLOCATE|[51]|Bytes:5
08:46:28.0 (553126246)|STATEMENT_EXECUTE|[50]
08:46:28.0 (553128468)|STATEMENT_EXECUTE|[51]
08:46:28.0 (553131510)|HEAP_ALLOCATE|[51]|Bytes:35
08:46:28.0 (589501961)|HEAP_ALLOCATE|[51]|Bytes:7025
08:46:28.0 (589583416)|HEAP_ALLOCATE|[51]|Bytes:7060
08:46:28.0 (589616460)|USER_DEBUG|[51]|DEBUG|## before loadData BEFORE newList: (Contract:{Id=8002p000006LJBqAAO, AccountId=0012p00003WWipyAAD, OwnerExpirationNotice=null, StartDate=2021-03-10 00:00:00, EndDate=null, BillingStreet=C/ Arroyo Pellejero, 10, BillingCity=Torralba de Calatrava, BillingState=Ciudad Real, BillingPostalCode=13160, BillingCountry=España, BillingLatitude=null, BillingLongitude=null, BillingGeocodeAccuracy=null, ShippingStreet=null, ShippingCity=null, ShippingState=null, ShippingPostalCode=null, ShippingCountry=null, ShippingLatitude=null, ShippingLongitude=null, ShippingGeocodeAccuracy=null, ContractTerm=null, OwnerId=0052p00000AyvwJAAR, Status=Anulado, CompanySignedId=005D0000002ENXyIAO, CompanySignedDate=null, CustomerSignedId=null, CustomerSignedTitle=null, CustomerSignedDate=2021-04-10 00:00:00, SpecialTerms=null, ActivatedById=0052p00000AyvwJAAR, ActivatedDate=2021-03-12 13:16:27, StatusCode=Activated, Description=null, RecordTypeId=012D00000003GZSIA2, Name=null, IsDeleted=false, ContractNumber=00043240, LastApprovedDate=null, CreatedDate=2021-03-12 10:34:48, CreatedById=0052p00000AyvwJAAR, LastModifiedDate=2022-08-02 13:04:13, LastModifiedById=0052p000008i9TAAAY, SystemModstamp=2022-08-02 13:04:13, LastActivityDate=null, LastViewedDate=null, LastReferencedDate=null, Comarca__c=null, Territorio__c=null, N_cliente_existente__c=null, N_telefono__c=606373983, N_telefono_movil__c=660020731, N_fax__c=null, Cod_tarifa__c=null, Cod_forma_de_pago__c=RECIBO, Cod_terminos_de_pago__c=200, Cod_dia_de_pago__c=null, Duracion_contrato_en_toneladas__c=12.5, Consumo_previsto_Kgs__c=null, Coste_resolucion_anticipada__c=666.00, Producto_contratado__c=null, Prescriptor__c=null, Segmento__c=1300-IND, Importe_prima__c=null, Importe_prima_por_tonelada__c=null, Numero_de_contrato_app__c=null, Rentabilidad_prevista__c=null, dp_cad_min1__c=1249.00, dp_cad_min2__c=1999.00, dp_cad_min3__c=2999.00, SWI__c=null, IBAN__c=ES8420382900386000429501, CIF__c=B85961837, Nombre_cliente__c=null, e_mail__c=zamorano@pistachosdelsol.com, Cod_CNAE__c=null, Entrega_de_producto__c=Bajo pedido, Origen__c=Online Primagas, Origen_tipo_de_cliente__c=Nueva Creación, Perfil_de_consumo__c=null, Cod_forma_pago_servicios__c=null, Cod_terminos_pago_servicios__c=null, dp_cad_min4__c=null, dp_cad_min5__c=null, dp_cad_min6__c=null, dto_Kg_1__c=-0.078, dto_Kg_2__c=-0.120, dto_Kg_3__c=-0.146, dto_Kg_4__c=null, dto_Kg_5__c=null, dto_Kg_6__c=null, dcm_propano1__c=null, dcm_propano2__c=null, dcm_propano3__c=null, dcm_propano4__c=null, dto_a_o_1__c=null, dto_a_o_2__c=null, dto_a_o_3__c=null, dto_a_o_4__c=null, Cobertura_movil__c=false, Tipo_de_tanque__c=Aereo, Capacidad_tanque__c=2450, Tipo__c=null, Tipo_camion__c=null, Perfil_base__c=null, Fecha_prevista_1er_llenado__c=2021-04-02 00:00:00, Fecha_prevista_obra_civil__c=2021-04-01 00:00:00, TP_tipo_instalacion__c=null, Importe_modalidad_instalacion__c=null, Altitud__c=null, Proyecto_exterior_importe__c=null, Aportaci_n_al_cliente__c=null, Obra_civil_deposito_importe__c=null, Canalizado_promotor__c=null, Obra_civil_zanjas_importe__c=null, Carburante__c=false, Obra_civil_vallado_importe__c=null, Consumo_previsto_GWh__c=null, ECD_grua_importe__c=null, Consumo_previsto_tons__c=2600, Gestion_instalacion_importe__c=null, Contrato_anterior__c=null, Conexion_gas_red_ext_importe__c=null, Coste_resolucion_anticipada_MWh__c=null, Prueba_instalacion_importe__c=null, Coste_resolucion_anticipada_toneladas__c=null, LI_legaliz_inst_ext_importe__c=null, LI_extintores_importe__c=null, Direccion_de_entrega__c=a002p000018tGWLAA2, Duraci_n_contrato_GWh__c=null, Proyecto_interior_importe__c=null, Duraci_n_del_contrato_a_os__c=5, Conexion_certificado_interior_importe__c=null, Error_Sync__c=false, Contadores_importe__c=null, Estado_2__c=null, Otros_exterior__c=null, Aportacion_maxima_interior__c=null, Caldera__c=null, Inertizado_Dep_Cliente__c=null, Inversion_recuperable__c=null, Inversion_no_recuperable__c=null, Oportunidad__c=0062p00001Bc8LRAAZ, Modalidad_de_instalaci_n__c=Modular, Otros_interior_importe__c=null, Compraventa_minima_en_kg__c=null, Fecha_ltima_Sync__c=2021-03-12 13:16:28, Id_Navision__c=null, Importe_SAU__c=null, Importe_alquiler_contador__c=null, Importe_contador_nuevo__c=null, Importe_dep_sito__c=1754.00, Importe_derechos_acometida__c=null, Importe_derechos_de_alta__c=null, Importe_equipos__c=null, Importe_forfait__c=null, Importe_gesti_n_contrato__c=null, Importe_inspecci_n_quinquenal__c=null, Importe_instalaci_n_exterior__c=1154.00, Importe_instalaci_n_interior__c=null, Importe_obra_Civil__c=null, Importe_proyectos__c=800.00, Importe_reenganche__c=null, Importe_servicios__c=119.40, Importe_t_rmino_fijo__c=null, Motivo_de_renovacion__c=null, N_Cliente_anterior__c=null, N_mero_de_vaporizadores__c=null, Prescriptor_no_en_BD__c=null, Primaconta__c=false, Primaservicios_gratuitos__c=false, Promotor__c=null, Reminder_terms_code__c=20, Responsabilidad_Primagas__c=null, Responsabilidad_cliente__c=null, Segmento_1__c=null, Segmento_2__c=null, Servicios__c=null, Subcontratista__c=null, Subcontratista_no_BD__c=null, Tarifa__c=01s2p00000284UsAAI, Tipo_GNL__c=null, Tipo_de_descuento__c=Por volumen, Toma_agua_15_m__c=true, Uso__c=null, Vaporizaci_n_Nm3h__c=null, dcm_propano5__c=null, dcm_propano6__c=null, dto_1__c=null, dto_2__c=null, dto_3__c=null, dto_4__c=null, dto_5__c=null, dto_6__c=null, dto_a_o_5__c=null, dto_a_o_6__c=null, Fecha_fin_contrato__c=2026-03-12 00:00:00, Campa_a_relacionada__c=70157000001M9dEAAS, Coordenadas_GPS__Latitude__s=null, Coordenadas_GPS__Longitude__s=null, Derechos_de_titular__c=null, Directorio_pdf__c=null, Entrega_y_colocacion_deposito__c=null, Equipos_instalacion__c=null, Instalacion_exterior__c=null, Instalacion_y_certificado_interior__c=null, Instalador__c=0015700001lkXaiAAE, Obra_civil_deposito__c=null, Obra_civil_tuberia__c=null, Observaciones_equipos__c=null, Otros_Primagas__c=null, Otros_cliente__c=null, Pago_fraccionado__c=true, Plazo_de_pagos__c=null, Presentacion_en_ayuntamiento__c=null, Proyectista__c=null, Proyecto_exterior_memoria__c=null, Proyecto_interior__c=null, Tramo_con_descuento__c=null, Ubicacion_deposito__c=null, Vallado__c=null, Telemedida__c=false, Forma_de_pago_forfait__c=null, Observaciones_generales__c=null, emailDestinatarioBorrador__c=null, Contrato_original_recibido__c=false, N_Cliente_Navision__c=0, Pago_prima__c=false, Factura_n__c=null, Fraccionar_pago_1er_llenado_en_3__c=false, Tanque_propio__c=false, OldCustomerNavCode__c=null, OldShiptoCode__c=null, Ultima_lectura_de_contador__c=null, N_Pedido_creado__c=null, N_Prescriptor__c=R, Campa_a_aplicada__c=false, DNI__c=null, Pedido_Instalaci_n_creado__c=false, Primaservicios_mes1__c=9.95, Primaservicios_mes2__c=9.95, Primaservicios_mes3__c=9.95, Primaservicios_mes4__c=9.95, Primaservicios_mes5__c=9.95, Tipo_residencia__c=null, Financiacion_externa__c=false, IsTitularChange__c=false, Tramo__c=null, uso_en_contrato__c=null, DateFirstFilled__c=null, conv_importe_term_fijo__c=null, conv_importe_SAU__c=00, conv_total2_ds__c=null, conv_fecha_firma_cliente__c=10/4/2021})
08:46:28.0 (589726069)|STATEMENT_EXECUTE|[52]
08:46:28.0 (589746202)|HEAP_ALLOCATE|[52]|Bytes:4
08:46:28.0 (589790412)|STATEMENT_EXECUTE|[53]
08:46:28.0 (589800192)|HEAP_ALLOCATE|[53]|Bytes:4
08:46:28.0 (589872518)|STATEMENT_EXECUTE|[55]
08:46:28.0 (590069082)|HEAP_ALLOCATE|[56]|Bytes:5
08:46:28.0 (590123359)|HEAP_ALLOCATE|[56]|Bytes:4
08:46:28.0 (590133330)|STATEMENT_EXECUTE|[57]
08:46:28.0 (590161708)|STATEMENT_EXECUTE|[58]
08:46:28.0 (590171828)|HEAP_ALLOCATE|[56]|Bytes:5
08:46:28.0 (590207400)|STATEMENT_EXECUTE|[64]
08:46:28.0 (590209695)|STATEMENT_EXECUTE|[73]
08:46:28.0 (590213760)|HEAP_ALLOCATE|[73]|Bytes:40
08:46:28.0 (590224508)|HEAP_ALLOCATE|[EXTERNAL]|Bytes:4
08:46:28.0 (590262380)|HEAP_ALLOCATE|[73]|Bytes:2
08:46:28.0 (590276860)|HEAP_ALLOCATE|[73]|Bytes:42
08:46:28.0 (590291636)|USER_DEBUG|[73]|DEBUG|## loadData BEFORE contratosAnteriores: ()
08:46:28.0 (590300524)|STATEMENT_EXECUTE|[74]
08:46:28.0 (590303533)|HEAP_ALLOCATE|[74]|Bytes:24
08:46:28.0 (590320712)|USER_DEBUG|[74]|DEBUG|## after loadData BEFORE
08:46:28.0 (590332822)|SYSTEM_MODE_EXIT|false
08:46:28.0 (590348202)|METHOD_EXIT|[23]|01p57000001HcKw|ContractUtil.loadData(List<Contract>, Map<String,Contract>)
08:46:28.0 (590359491)|METHOD_EXIT|[51]|01p57000001HcKv|ContractHandler.bulkBefore(List<SObject>, Map<Id,SObject>)
08:46:28.0 (590378540)|STATEMENT_EXECUTE|[60]
08:46:28.0 (590380879)|STATEMENT_EXECUTE|[61]
08:46:28.0 (590442844)|METHOD_ENTRY|[61]|01p57000001HcKv|ContractHandler.beforeUpdate(List<SObject>, Map<Id,SObject>)
08:46:28.0 (590466301)|STATEMENT_EXECUTE|[47]
08:46:28.0 (590468184)|STATEMENT_EXECUTE|[48]
08:46:28.0 (590487397)|METHOD_ENTRY|[48]|01p57000001HcKw|ContractUtil.populateContractEndDateUpdate(List<Contract>, Map<Id,Contract>)
08:46:28.0 (590508083)|SYSTEM_MODE_ENTER|false
08:46:28.0 (590515281)|HEAP_ALLOCATE|[631]|Bytes:5
08:46:28.0 (590519873)|STATEMENT_EXECUTE|[630]
08:46:28.0 (590522204)|STATEMENT_EXECUTE|[631]
08:46:28.0 (590529911)|HEAP_ALLOCATE|[631]|Bytes:4
08:46:28.0 (590561266)|STATEMENT_EXECUTE|[633]
08:46:28.0 (590563195)|STATEMENT_EXECUTE|[633]
08:46:28.0 (590591022)|HEAP_ALLOCATE|[634]|Bytes:5
08:46:28.0 (590605646)|HEAP_ALLOCATE|[634]|Bytes:4
08:46:28.0 (590612504)|STATEMENT_EXECUTE|[634]
08:46:28.0 (601316207)|STATEMENT_EXECUTE|[635]
08:46:28.0 (601342497)|HEAP_ALLOCATE|[634]|Bytes:5
08:46:28.0 (601364229)|SYSTEM_MODE_EXIT|false
08:46:28.0 (601380110)|METHOD_EXIT|[48]|01p57000001HcKw|ContractUtil.populateContractEndDateUpdate(List<Contract>, Map<Id,Contract>)
08:46:28.0 (601392586)|METHOD_EXIT|[61]|01p57000001HcKv|ContractHandler.beforeUpdate(List<SObject>, Map<Id,SObject>)
08:46:28.0 (601399078)|STATEMENT_EXECUTE|[92]
08:46:28.0 (601411070)|METHOD_ENTRY|[92]|01p57000001HcKv|ContractHandler.andFinally()
08:46:28.0 (601446399)|STATEMENT_EXECUTE|[91]
08:46:28.0 (601448665)|STATEMENT_EXECUTE|[92]
08:46:28.0 (601458418)|METHOD_ENTRY|[92]|01p57000001HcKw|ContractUtil.insertUpdateDeleteRecords()
08:46:28.0 (601478724)|SYSTEM_MODE_ENTER|false
08:46:28.0 (601485406)|HEAP_ALLOCATE|[424]|Bytes:5
08:46:28.0 (601489991)|STATEMENT_EXECUTE|[422]
08:46:28.0 (601519087)|HEAP_ALLOCATE|[14]|Bytes:5
08:46:28.0 (601523391)|STATEMENT_EXECUTE|[13]
08:46:28.0 (601529034)|STATEMENT_EXECUTE|[15]
08:46:28.0 (601531035)|STATEMENT_EXECUTE|[16]
08:46:28.0 (601559240)|HEAP_ALLOCATE|[16]|Bytes:4
08:46:28.0 (601592513)|STATEMENT_EXECUTE|[18]
08:46:28.0 (601612661)|STATEMENT_EXECUTE|[424]
08:46:28.0 (601614632)|STATEMENT_EXECUTE|[429]
08:46:28.0 (601628181)|HEAP_ALLOCATE|[14]|Bytes:5
08:46:28.0 (601632382)|STATEMENT_EXECUTE|[13]
08:46:28.0 (601634633)|STATEMENT_EXECUTE|[14]
08:46:28.0 (601636416)|STATEMENT_EXECUTE|[18]
08:46:28.0 (601649633)|SYSTEM_MODE_EXIT|false
08:46:28.0 (601655843)|METHOD_EXIT|[92]|01p57000001HcKw|ContractUtil.insertUpdateDeleteRecords()
08:46:28.0 (601661739)|METHOD_EXIT|[92]|01p57000001HcKv|ContractHandler.andFinally()
08:46:28.0 (601669320)|METHOD_EXIT|[33]|01p57000001HcLT|TriggerFactory.execute(ITrigger)
08:46:28.0 (601678277)|METHOD_EXIT|[4]|01p57000001HcLT|TriggerFactory.createHandler(Schema.SObjectType)
08:46:28.601 (601690133)|CUMULATIVE_LIMIT_USAGE
08:46:28.601 (601690133)|LIMIT_USAGE_FOR_NS|(default)|
  Number of SOQL queries: 0 out of 100
  Number of query rows: 10 out of 50000
  Number of SOSL queries: 0 out of 20
  Number of DML statements: 0 out of 150
  Number of Publish Immediate DML: 0 out of 150
  Number of DML rows: 0 out of 10000
  Maximum CPU time: 0 out of 10000
  Maximum heap size: 0 out of 6000000
  Number of callouts: 0 out of 100
  Number of Email Invocations: 0 out of 10
  Number of future calls: 0 out of 50
  Number of queueable jobs added to the queue: 0 out of 50
  Number of Mobile Apex push calls: 0 out of 10

08:46:28.601 (601690133)|CUMULATIVE_LIMIT_USAGE_END

08:46:28.0 (603782185)|CODE_UNIT_FINISHED|ContractTrigger on Contract trigger event BeforeUpdate|__sfdc_trigger/ContractTrigger
08:46:28.0 (776705540)|CODE_UNIT_STARTED|[EXTERNAL]|01q57000000g1Lq|ContractTrigger on Contract trigger event AfterUpdate|__sfdc_trigger/ContractTrigger
08:46:28.0 (776766784)|HEAP_ALLOCATE|[EXTERNAL]|Bytes:8
08:46:28.0 (776834395)|HEAP_ALLOCATE|[EXTERNAL]|Bytes:8
08:46:28.0 (776958243)|HEAP_ALLOCATE|[EXTERNAL]|Bytes:4
08:46:28.0 (776998763)|HEAP_ALLOCATE|[EXTERNAL]|Bytes:4
08:46:28.0 (777007674)|STATEMENT_EXECUTE|[1]
08:46:28.0 (777012128)|STATEMENT_EXECUTE|[3]
08:46:28.0 (777034532)|USER_DEBUG|[3]|DEBUG|**** Contract Trigger ****
08:46:28.0 (777047909)|STATEMENT_EXECUTE|[4]
08:46:28.0 (777092842)|METHOD_ENTRY|[4]|01p57000001HcLT|TriggerFactory.createHandler(Schema.SObjectType)
08:46:28.0 (777103823)|STATEMENT_EXECUTE|[19]
08:46:28.0 (777106593)|STATEMENT_EXECUTE|[20]
08:46:28.0 (777681440)|SYSTEM_MODE_ENTER|false
08:46:28.0 (777702786)|HEAP_ALLOCATE|[83]|Bytes:5
08:46:28.0 (777713107)|STATEMENT_EXECUTE|[81]
08:46:28.0 (777718962)|STATEMENT_EXECUTE|[83]
08:46:28.0 (777721869)|STATEMENT_EXECUTE|[97]
08:46:28.0 (777728113)|SYSTEM_MODE_EXIT|false
08:46:28.0 (777746856)|STATEMENT_EXECUTE|[21]
08:46:28.0 (777773416)|HEAP_ALLOCATE|[21]|Bytes:8
08:46:28.0 (777786658)|STATEMENT_EXECUTE|[24]
08:46:28.0 (777808505)|STATEMENT_EXECUTE|[27]
08:46:28.0 (777818982)|METHOD_ENTRY|[27]|01p57000001HcLT|TriggerFactory.getHandler(Configuration_Switch__mdt, String)
08:46:28.0 (777833707)|STATEMENT_EXECUTE|[104]
08:46:28.0 (777837457)|STATEMENT_EXECUTE|[106]
08:46:28.0 (777839797)|STATEMENT_EXECUTE|[107]
08:46:28.0 (777842788)|STATEMENT_EXECUTE|[108]
08:46:28.0 (777857323)|STATEMENT_EXECUTE|[111]
08:46:28.0 (777860171)|STATEMENT_EXECUTE|[112]
08:46:28.0 (777873540)|METHOD_ENTRY|[112]||System.Type.forName(String)
08:46:28.0 (778041997)|METHOD_EXIT|[112]||System.Type.forName(String)
08:46:28.0 (778051313)|STATEMENT_EXECUTE|[114]
08:46:28.0 (778054022)|STATEMENT_EXECUTE|[119]
08:46:28.0 (778061143)|METHOD_ENTRY|[119]||System.Type.newInstance()
08:46:28.0 (778119467)|STATEMENT_EXECUTE|[5]
08:46:28.0 (778122641)|STATEMENT_EXECUTE|[8]
08:46:28.0 (778138336)|HEAP_ALLOCATE|[8]|Bytes:4
08:46:28.0 (778148680)|STATEMENT_EXECUTE|[10]
08:46:28.0 (778158151)|HEAP_ALLOCATE|[10]|Bytes:4
08:46:28.0 (778169790)|STATEMENT_EXECUTE|[13]
08:46:28.0 (778190483)|METHOD_EXIT|[119]||System.Type.newInstance()
08:46:28.0 (778272206)|STATEMENT_EXECUTE|[122]
08:46:28.0 (778275291)|STATEMENT_EXECUTE|[123]
08:46:28.0 (778289383)|METHOD_EXIT|[27]|01p57000001HcLT|TriggerFactory.getHandler(Configuration_Switch__mdt, String)
08:46:28.0 (778300452)|STATEMENT_EXECUTE|[31]
08:46:28.0 (778302792)|STATEMENT_EXECUTE|[33]
08:46:28.0 (778309133)|METHOD_ENTRY|[33]|01p57000001HcLT|TriggerFactory.execute(ITrigger)
08:46:28.0 (778317154)|STATEMENT_EXECUTE|[46]
08:46:28.0 (778325193)|STATEMENT_EXECUTE|[70]
08:46:28.0 (778327607)|STATEMENT_EXECUTE|[72]
08:46:28.0 (778398757)|METHOD_ENTRY|[72]|01p57000001HcKv|ContractHandler.bulkAfter(List<SObject>, Map<Id,SObject>)
08:46:28.0 (778436638)|STATEMENT_EXECUTE|[27]
08:46:28.0 (778439710)|STATEMENT_EXECUTE|[28]
08:46:28.0 (778466533)|METHOD_ENTRY|[28]|01p57000001HcKw|ContractUtil.loadData(List<SObject>, Map<String,Account>)
08:46:28.0 (778498823)|SYSTEM_MODE_ENTER|false
08:46:28.0 (778510149)|HEAP_ALLOCATE|[25]|Bytes:5
08:46:28.0 (778517071)|STATEMENT_EXECUTE|[24]
08:46:28.0 (778520149)|STATEMENT_EXECUTE|[25]
08:46:28.0 (778524709)|HEAP_ALLOCATE|[25]|Bytes:24
08:46:28.0 (778571809)|USER_DEBUG|[25]|DEBUG|## before loadData AFTER
08:46:28.0 (778586167)|STATEMENT_EXECUTE|[26]
08:46:28.0 (778600748)|HEAP_ALLOCATE|[26]|Bytes:4
08:46:28.0 (778632147)|STATEMENT_EXECUTE|[27]
08:46:28.0 (778638518)|HEAP_ALLOCATE|[27]|Bytes:4
08:46:28.0 (778656078)|STATEMENT_EXECUTE|[30]
08:46:28.0 (778700972)|HEAP_ALLOCATE|[31]|Bytes:5
08:46:28.0 (778728375)|STATEMENT_EXECUTE|[32]
08:46:28.0 (778730865)|STATEMENT_EXECUTE|[33]
08:46:28.0 (778862325)|HEAP_ALLOCATE|[31]|Bytes:5
08:46:28.0 (778895327)|STATEMENT_EXECUTE|[37]
08:46:28.0 (778898086)|STATEMENT_EXECUTE|[38]
08:46:28.0 (778933544)|HEAP_ALLOCATE|[38]|Bytes:4
08:46:28.0 (779012133)|STATEMENT_EXECUTE|[39]
08:46:28.0 (779018644)|HEAP_ALLOCATE|[39]|Bytes:104
08:46:28.0 (779033913)|HEAP_ALLOCATE|[39]|Bytes:4
08:46:28.0 (779042160)|HEAP_ALLOCATE|[39]|Bytes:7
08:46:28.0 (779087331)|HEAP_ALLOCATE|[EXTERNAL]|Bytes:8
08:46:28.0 (779510015)|SOQL_EXECUTE_BEGIN|[39]|Aggregations:0|SELECT Id, Name, RecordTypeId, Cod_terminos_pago__c, Cod_forma_pago__c FROM Account WHERE Id IN :tmpVar1
08:46:28.0 (787122016)|SOQL_EXECUTE_EXPLAIN|[39]|Index on Account : [Id], cardinality: 1, sobjectCardinality: 39675, relativeCost 0
08:46:28.0 (787140089)|SOQL_EXECUTE_END|[39]|Rows:1
08:46:28.0 (787179143)|HEAP_ALLOCATE|[39]|Bytes:8
08:46:28.0 (787223054)|HEAP_ALLOCATE|[39]|Bytes:93
08:46:28.0 (787270653)|HEAP_ALLOCATE|[39]|Bytes:8
08:46:28.0 (787478310)|HEAP_ALLOCATE|[40]|Bytes:5
08:46:28.0 (787525834)|HEAP_ALLOCATE|[40]|Bytes:16
08:46:28.0 (787538851)|STATEMENT_EXECUTE|[41]
08:46:28.0 (787542116)|STATEMENT_EXECUTE|[42]
08:46:28.0 (787692626)|HEAP_ALLOCATE|[40]|Bytes:5
08:46:28.0 (787710142)|STATEMENT_EXECUTE|[46]
08:46:28.0 (787714809)|HEAP_ALLOCATE|[46]|Bytes:23
08:46:28.0 (787759089)|USER_DEBUG|[46]|DEBUG|## after loadData AFTER
08:46:28.0 (787777427)|SYSTEM_MODE_EXIT|false
08:46:28.0 (787796568)|METHOD_EXIT|[28]|01p57000001HcKw|ContractUtil.loadData(List<SObject>, Map<String,Account>)
08:46:28.0 (787811912)|STATEMENT_EXECUTE|[30]
08:46:28.0 (787820276)|METHOD_EXIT|[72]|01p57000001HcKv|ContractHandler.bulkAfter(List<SObject>, Map<Id,SObject>)
08:46:28.0 (787834245)|STATEMENT_EXECUTE|[81]
08:46:28.0 (787837168)|STATEMENT_EXECUTE|[82]
08:46:28.0 (787903356)|METHOD_ENTRY|[82]|01p57000001HcKv|ContractHandler.afterUpdate(List<SObject>, Map<Id,SObject>)
08:46:28.0 (787932920)|STATEMENT_EXECUTE|[70]
08:46:28.0 (787935806)|STATEMENT_EXECUTE|[72]
08:46:28.0 (787963133)|METHOD_ENTRY|[72]|01p57000001HcKw|ContractUtil.actualizarDatosClienteYDireccionEntrega(List<Contract>, Map<Id,Contract>, Map<String,Account>)
08:46:28.0 (787990498)|SYSTEM_MODE_ENTER|false
08:46:28.0 (787999177)|HEAP_ALLOCATE|[300]|Bytes:5
08:46:28.0 (788005100)|STATEMENT_EXECUTE|[299]
08:46:28.0 (788009767)|STATEMENT_EXECUTE|[301]
08:46:28.0 (788012156)|STATEMENT_EXECUTE|[302]
08:46:28.0 (788025353)|HEAP_ALLOCATE|[302]|Bytes:4
08:46:28.0 (788064002)|STATEMENT_EXECUTE|[303]
08:46:28.0 (788078177)|HEAP_ALLOCATE|[303]|Bytes:4
08:46:28.0 (788089316)|STATEMENT_EXECUTE|[304]
08:46:28.0 (788151932)|HEAP_ALLOCATE|[304]|Bytes:4
08:46:28.0 (788273425)|HEAP_ALLOCATE|[305]|Bytes:5
08:46:28.0 (788300358)|STATEMENT_EXECUTE|[306]
08:46:28.0 (788411670)|STATEMENT_EXECUTE|[307]
08:46:28.0 (788423707)|HEAP_ALLOCATE|[305]|Bytes:5
08:46:28.0 (788461976)|STATEMENT_EXECUTE|[338]
08:46:28.0 (788464884)|STATEMENT_EXECUTE|[354]
08:46:28.0 (788469074)|HEAP_ALLOCATE|[354]|Bytes:17
08:46:28.0 (788480491)|HEAP_ALLOCATE|[EXTERNAL]|Bytes:4
08:46:28.0 (788513815)|HEAP_ALLOCATE|[354]|Bytes:2
08:46:28.0 (788530099)|HEAP_ALLOCATE|[354]|Bytes:19
08:46:28.0 (788558552)|USER_DEBUG|[354]|DEBUG|##cuentasUpdate: ()
08:46:28.0 (788590162)|STATEMENT_EXECUTE|[355]
08:46:28.0 (788593303)|STATEMENT_EXECUTE|[372]
08:46:28.0 (788596871)|HEAP_ALLOCATE|[372]|Bytes:21
08:46:28.0 (788604138)|HEAP_ALLOCATE|[EXTERNAL]|Bytes:4
08:46:28.0 (788623802)|HEAP_ALLOCATE|[372]|Bytes:2
08:46:28.0 (788637835)|HEAP_ALLOCATE|[372]|Bytes:23
08:46:28.0 (788649317)|USER_DEBUG|[372]|DEBUG|##direccionesUpdate: ()
08:46:28.0 (788677396)|STATEMENT_EXECUTE|[373]
08:46:28.0 (788684971)|SYSTEM_MODE_EXIT|false
08:46:28.0 (788701062)|METHOD_EXIT|[72]|01p57000001HcKw|ContractUtil.actualizarDatosClienteYDireccionEntrega(List<Contract>, Map<Id,Contract>, Map<String,Account>)
08:46:28.0 (788708072)|STATEMENT_EXECUTE|[73]
08:46:28.0 (788729403)|METHOD_ENTRY|[73]|01p57000001HcKw|ContractUtil.RegistrarContrato(List<Contract>, Map<Id,Contract>, Map<String,Account>)
08:46:28.0 (788757496)|SYSTEM_MODE_ENTER|false
08:46:28.0 (788765046)|HEAP_ALLOCATE|[142]|Bytes:5
08:46:28.0 (788770931)|STATEMENT_EXECUTE|[141]
08:46:28.0 (788773791)|STATEMENT_EXECUTE|[142]
08:46:28.0 (788778277)|HEAP_ALLOCATE|[142]|Bytes:37
08:46:28.0 (794965673)|HEAP_ALLOCATE|[142]|Bytes:7025
08:46:28.0 (795018394)|HEAP_ALLOCATE|[142]|Bytes:7062
08:46:28.0 (795045665)|USER_DEBUG|[142]|DEBUG|## before RegistrarContrato newList: (Contract:{Id=8002p000006LJBqAAO, AccountId=0012p00003WWipyAAD, OwnerExpirationNotice=null, StartDate=2021-03-10 00:00:00, EndDate=null, BillingStreet=C/ Arroyo Pellejero, 10, BillingCity=Torralba de Calatrava, BillingState=Ciudad Real, BillingPostalCode=13160, BillingCountry=España, BillingLatitude=null, BillingLongitude=null, BillingGeocodeAccuracy=null, ShippingStreet=null, ShippingCity=null, ShippingState=null, ShippingPostalCode=null, ShippingCountry=null, ShippingLatitude=null, ShippingLongitude=null, ShippingGeocodeAccuracy=null, ContractTerm=null, OwnerId=0052p00000AyvwJAAR, Status=Anulado, CompanySignedId=005D0000002ENXyIAO, CompanySignedDate=null, CustomerSignedId=null, CustomerSignedTitle=null, CustomerSignedDate=2021-04-10 00:00:00, SpecialTerms=null, ActivatedById=0052p00000AyvwJAAR, ActivatedDate=2021-03-12 13:16:27, StatusCode=Activated, Description=null, RecordTypeId=012D00000003GZSIA2, Name=null, IsDeleted=false, ContractNumber=00043240, LastApprovedDate=null, CreatedDate=2021-03-12 10:34:48, CreatedById=0052p00000AyvwJAAR, LastModifiedDate=2022-08-03 06:46:29, LastModifiedById=0052p000008i9TAAAY, SystemModstamp=2022-08-03 06:46:29, LastActivityDate=null, LastViewedDate=null, LastReferencedDate=null, Comarca__c=null, Territorio__c=null, N_cliente_existente__c=null, N_telefono__c=606373983, N_telefono_movil__c=660020731, N_fax__c=null, Cod_tarifa__c=null, Cod_forma_de_pago__c=RECIBO, Cod_terminos_de_pago__c=200, Cod_dia_de_pago__c=null, Duracion_contrato_en_toneladas__c=12.5, Consumo_previsto_Kgs__c=null, Coste_resolucion_anticipada__c=666.00, Producto_contratado__c=null, Prescriptor__c=null, Segmento__c=1300-IND, Importe_prima__c=null, Importe_prima_por_tonelada__c=null, Numero_de_contrato_app__c=null, Rentabilidad_prevista__c=null, dp_cad_min1__c=1249.00, dp_cad_min2__c=1999.00, dp_cad_min3__c=2999.00, SWI__c=null, IBAN__c=ES8420382900386000429501, CIF__c=B85961837, Nombre_cliente__c=null, e_mail__c=zamorano@pistachosdelsol.com, Cod_CNAE__c=null, Entrega_de_producto__c=Bajo pedido, Origen__c=Online Primagas, Origen_tipo_de_cliente__c=Nueva Creación, Perfil_de_consumo__c=null, Cod_forma_pago_servicios__c=null, Cod_terminos_pago_servicios__c=null, dp_cad_min4__c=null, dp_cad_min5__c=null, dp_cad_min6__c=null, dto_Kg_1__c=-0.078, dto_Kg_2__c=-0.120, dto_Kg_3__c=-0.146, dto_Kg_4__c=null, dto_Kg_5__c=null, dto_Kg_6__c=null, dcm_propano1__c=null, dcm_propano2__c=null, dcm_propano3__c=null, dcm_propano4__c=null, dto_a_o_1__c=null, dto_a_o_2__c=null, dto_a_o_3__c=null, dto_a_o_4__c=null, Cobertura_movil__c=false, Tipo_de_tanque__c=Aereo, Capacidad_tanque__c=2450, Tipo__c=null, Tipo_camion__c=null, Perfil_base__c=null, Fecha_prevista_1er_llenado__c=2021-04-02 00:00:00, Fecha_prevista_obra_civil__c=2021-04-01 00:00:00, TP_tipo_instalacion__c=null, Importe_modalidad_instalacion__c=null, Altitud__c=null, Proyecto_exterior_importe__c=null, Aportaci_n_al_cliente__c=null, Obra_civil_deposito_importe__c=null, Canalizado_promotor__c=null, Obra_civil_zanjas_importe__c=null, Carburante__c=false, Obra_civil_vallado_importe__c=null, Consumo_previsto_GWh__c=null, ECD_grua_importe__c=null, Consumo_previsto_tons__c=2600, Gestion_instalacion_importe__c=null, Contrato_anterior__c=null, Conexion_gas_red_ext_importe__c=null, Coste_resolucion_anticipada_MWh__c=null, Prueba_instalacion_importe__c=null, Coste_resolucion_anticipada_toneladas__c=null, LI_legaliz_inst_ext_importe__c=null, LI_extintores_importe__c=null, Direccion_de_entrega__c=a002p000018tGWLAA2, Duraci_n_contrato_GWh__c=null, Proyecto_interior_importe__c=null, Duraci_n_del_contrato_a_os__c=5, Conexion_certificado_interior_importe__c=null, Error_Sync__c=false, Contadores_importe__c=null, Estado_2__c=null, Otros_exterior__c=null, Aportacion_maxima_interior__c=null, Caldera__c=null, Inertizado_Dep_Cliente__c=null, Inversion_recuperable__c=null, Inversion_no_recuperable__c=null, Oportunidad__c=0062p00001Bc8LRAAZ, Modalidad_de_instalaci_n__c=Modular, Otros_interior_importe__c=null, Compraventa_minima_en_kg__c=null, Fecha_ltima_Sync__c=2021-03-12 13:16:28, Id_Navision__c=null, Importe_SAU__c=null, Importe_alquiler_contador__c=null, Importe_contador_nuevo__c=null, Importe_dep_sito__c=1754.00, Importe_derechos_acometida__c=null, Importe_derechos_de_alta__c=null, Importe_equipos__c=null, Importe_forfait__c=null, Importe_gesti_n_contrato__c=null, Importe_inspecci_n_quinquenal__c=null, Importe_instalaci_n_exterior__c=1154.00, Importe_instalaci_n_interior__c=null, Importe_obra_Civil__c=null, Importe_proyectos__c=800.00, Importe_reenganche__c=null, Importe_servicios__c=119.40, Importe_t_rmino_fijo__c=null, Motivo_de_renovacion__c=null, N_Cliente_anterior__c=null, N_mero_de_vaporizadores__c=null, Prescriptor_no_en_BD__c=null, Primaconta__c=false, Primaservicios_gratuitos__c=false, Promotor__c=null, Reminder_terms_code__c=20, Responsabilidad_Primagas__c=null, Responsabilidad_cliente__c=null, Segmento_1__c=null, Segmento_2__c=null, Servicios__c=null, Subcontratista__c=null, Subcontratista_no_BD__c=null, Tarifa__c=01s2p00000284UsAAI, Tipo_GNL__c=null, Tipo_de_descuento__c=Por volumen, Toma_agua_15_m__c=true, Uso__c=null, Vaporizaci_n_Nm3h__c=null, dcm_propano5__c=null, dcm_propano6__c=null, dto_1__c=null, dto_2__c=null, dto_3__c=null, dto_4__c=null, dto_5__c=null, dto_6__c=null, dto_a_o_5__c=null, dto_a_o_6__c=null, Fecha_fin_contrato__c=2026-03-12 00:00:00, Campa_a_relacionada__c=70157000001M9dEAAS, Coordenadas_GPS__Latitude__s=null, Coordenadas_GPS__Longitude__s=null, Derechos_de_titular__c=null, Directorio_pdf__c=null, Entrega_y_colocacion_deposito__c=null, Equipos_instalacion__c=null, Instalacion_exterior__c=null, Instalacion_y_certificado_interior__c=null, Instalador__c=0015700001lkXaiAAE, Obra_civil_deposito__c=null, Obra_civil_tuberia__c=null, Observaciones_equipos__c=null, Otros_Primagas__c=null, Otros_cliente__c=null, Pago_fraccionado__c=true, Plazo_de_pagos__c=null, Presentacion_en_ayuntamiento__c=null, Proyectista__c=null, Proyecto_exterior_memoria__c=null, Proyecto_interior__c=null, Tramo_con_descuento__c=null, Ubicacion_deposito__c=null, Vallado__c=null, Telemedida__c=false, Forma_de_pago_forfait__c=null, Observaciones_generales__c=null, emailDestinatarioBorrador__c=null, Contrato_original_recibido__c=false, N_Cliente_Navision__c=0, Pago_prima__c=false, Factura_n__c=null, Fraccionar_pago_1er_llenado_en_3__c=false, Tanque_propio__c=false, OldCustomerNavCode__c=null, OldShiptoCode__c=null, Ultima_lectura_de_contador__c=null, N_Pedido_creado__c=null, N_Prescriptor__c=R, Campa_a_aplicada__c=false, DNI__c=null, Pedido_Instalaci_n_creado__c=false, Primaservicios_mes1__c=9.95, Primaservicios_mes2__c=9.95, Primaservicios_mes3__c=9.95, Primaservicios_mes4__c=9.95, Primaservicios_mes5__c=9.95, Tipo_residencia__c=null, Financiacion_externa__c=false, IsTitularChange__c=false, Tramo__c=null, uso_en_contrato__c=null, DateFirstFilled__c=null, conv_importe_term_fijo__c=null, conv_importe_SAU__c=00, conv_total2_ds__c=null, conv_fecha_firma_cliente__c=10/4/2021})
08:46:28.0 (795174447)|STATEMENT_EXECUTE|[144]
08:46:28.0 (795177726)|STATEMENT_EXECUTE|[145]
08:46:28.0 (795183300)|HEAP_ALLOCATE|[145]|Bytes:14
08:46:28.0 (795270994)|HEAP_ALLOCATE|[145]|Bytes:26
08:46:28.0 (795301420)|HEAP_ALLOCATE|[145]|Bytes:20
08:46:28.0 (795315609)|HEAP_ALLOCATE|[145]|Bytes:34
08:46:28.0 (795327641)|USER_DEBUG|[145]|DEBUG|mapaClientes: {0012p00003WWipyAAD}
08:46:28.0 (795339003)|STATEMENT_EXECUTE|[147]
08:46:28.0 (795341654)|STATEMENT_EXECUTE|[148]
08:46:28.0 (795354570)|HEAP_ALLOCATE|[148]|Bytes:4
08:46:28.0 (795386001)|STATEMENT_EXECUTE|[149]
08:46:28.0 (795397736)|HEAP_ALLOCATE|[149]|Bytes:4
08:46:28.0 (795405648)|STATEMENT_EXECUTE|[150]
08:46:28.0 (795409068)|STATEMENT_EXECUTE|[151]
08:46:28.0 (795448811)|HEAP_ALLOCATE|[109]|Bytes:5
08:46:28.0 (795454703)|STATEMENT_EXECUTE|[108]
08:46:28.0 (795458985)|STATEMENT_EXECUTE|[110]
08:46:28.0 (795461371)|STATEMENT_EXECUTE|[111]
08:46:28.0 (795476115)|HEAP_ALLOCATE|[111]|Bytes:4
08:46:28.0 (795518550)|HEAP_ALLOCATE|[112]|Bytes:90
08:46:28.0 (795528667)|HEAP_ALLOCATE|[112]|Bytes:4
08:46:28.0 (795885959)|SOQL_EXECUTE_BEGIN|[112]|Aggregations:0|SELECT Id, DeveloperName, SObjectType FROM RecordType ORDER BY CreatedDate ASC NULLS FIRST
08:46:28.0 (821382065)|SOQL_EXECUTE_EXPLAIN|[112]|TableScan on RecordType : [], cardinality: 10, sobjectCardinality: 10, relativeCost 2.833
08:46:28.0 (821401822)|SOQL_EXECUTE_END|[112]|Rows:36
08:46:28.0 (821431134)|HEAP_ALLOCATE|[EXTERNAL]|Bytes:148
08:46:28.0 (821655165)|HEAP_ALLOCATE|[112]|Bytes:54
08:46:28.0 (821667135)|HEAP_ALLOCATE|[112]|Bytes:8
08:46:28.0 (821687272)|SYSTEM_METHOD_ENTRY|[7]|QueryLocatorIterator.QueryLocatorIterator()
08:46:28.0 (821693035)|STATEMENT_EXECUTE|[7]
08:46:28.0 (821705706)|SYSTEM_METHOD_EXIT|[7]|QueryLocatorIterator
08:46:28.0 (821715919)|HEAP_ALLOCATE|[112]|Bytes:28
08:46:28.0 (821766999)|HEAP_ALLOCATE|[112]|Bytes:148
08:46:28.0 (821784894)|HEAP_ALLOCATE|[112]|Bytes:8
08:46:28.0 (821790258)|HEAP_ALLOCATE|[112]|Bytes:8
08:46:28.0 (821837753)|HEAP_ALLOCATE|[112]|Bytes:28
08:46:28.0 (821862828)|METHOD_ENTRY|[112]||Database.QueryLocatorIterator.hasNext()
08:46:28.0 (821951926)|METHOD_EXIT|[112]||Database.QueryLocatorIterator.hasNext()
08:46:28.0 (821962547)|METHOD_ENTRY|[112]||Database.QueryLocatorIterator.next()
08:46:28.0 (822055059)|METHOD_EXIT|[112]||Database.QueryLocatorIterator.next()
08:46:28.0 (822067388)|STATEMENT_EXECUTE|[113]
08:46:28.0 (822150625)|STATEMENT_EXECUTE|[115]
08:46:28.0 (822153943)|STATEMENT_EXECUTE|[116]
08:46:28.0 (822176917)|HEAP_ALLOCATE|[116]|Bytes:4
08:46:28.0 (822298398)|STATEMENT_EXECUTE|[120]
08:46:28.0 (822301823)|STATEMENT_EXECUTE|[121]
08:46:28.0 (822341867)|METHOD_ENTRY|[112]||Database.QueryLocatorIterator.hasNext()
08:46:28.0 (822368953)|METHOD_EXIT|[112]||Database.QueryLocatorIterator.hasNext()
08:46:28.0 (822376672)|METHOD_ENTRY|[112]||Database.QueryLocatorIterator.next()
08:46:28.0 (822431038)|METHOD_EXIT|[112]||Database.QueryLocatorIterator.next()
08:46:28.0 (822438409)|STATEMENT_EXECUTE|[113]
08:46:28.0 (822454852)|STATEMENT_EXECUTE|[115]
08:46:28.0 (822457818)|STATEMENT_EXECUTE|[116]
08:46:28.0 (822470436)|HEAP_ALLOCATE|[116]|Bytes:4
08:46:28.0 (822506425)|STATEMENT_EXECUTE|[120]
08:46:28.0 (822509191)|STATEMENT_EXECUTE|[121]
08:46:28.0 (822533547)|METHOD_ENTRY|[112]||Database.QueryLocatorIterator.hasNext()
08:46:28.0 (822562533)|METHOD_EXIT|[112]||Database.QueryLocatorIterator.hasNext()
08:46:28.0 (822570435)|METHOD_ENTRY|[112]||Database.QueryLocatorIterator.next()
08:46:28.0 (822615572)|METHOD_EXIT|[112]||Database.QueryLocatorIterator.next()
08:46:28.0 (822621712)|STATEMENT_EXECUTE|[113]
08:46:28.0 (822636228)|STATEMENT_EXECUTE|[114]
08:46:28.0 (822658912)|STATEMENT_EXECUTE|[120]
08:46:28.0 (822661406)|STATEMENT_EXECUTE|[121]
08:46:28.0 (822684891)|METHOD_ENTRY|[112]||Database.QueryLocatorIterator.hasNext()
08:46:28.0 (822702345)|METHOD_EXIT|[112]||Database.QueryLocatorIterator.hasNext()
08:46:28.0 (822709130)|METHOD_ENTRY|[112]||Database.QueryLocatorIterator.next()
08:46:28.0 (822749283)|METHOD_EXIT|[112]||Database.QueryLocatorIterator.next()
08:46:28.0 (822754910)|STATEMENT_EXECUTE|[113]
08:46:28.0 (822768464)|STATEMENT_EXECUTE|[115]
08:46:28.0 (822771083)|STATEMENT_EXECUTE|[116]
08:46:28.0 (822780644)|HEAP_ALLOCATE|[116]|Bytes:4
08:46:28.0 (822812491)|STATEMENT_EXECUTE|[120]
08:46:28.0 (822815004)|STATEMENT_EXECUTE|[121]
08:46:28.0 (822838433)|METHOD_ENTRY|[112]||Database.QueryLocatorIterator.hasNext()
08:46:28.0 (822856272)|METHOD_EXIT|[112]||Database.QueryLocatorIterator.hasNext()
08:46:28.0 (822862304)|METHOD_ENTRY|[112]||Database.QueryLocatorIterator.next()
08:46:28.0 (822902958)|METHOD_EXIT|[112]||Database.QueryLocatorIterator.next()
08:46:28.0 (822908052)|STATEMENT_EXECUTE|[113]
08:46:28.0 (822920746)|STATEMENT_EXECUTE|[114]
08:46:28.0 (822941586)|STATEMENT_EXECUTE|[120]
08:46:28.0 (822944040)|STATEMENT_EXECUTE|[121]
08:46:28.0 (822966099)|METHOD_ENTRY|[112]||Database.QueryLocatorIterator.hasNext()
08:46:28.0 (822983779)|METHOD_EXIT|[112]||Database.QueryLocatorIterator.hasNext()
08:46:28.0 (822989901)|METHOD_ENTRY|[112]||Database.QueryLocatorIterator.next()
08:46:28.0 (823029549)|METHOD_EXIT|[112]||Database.QueryLocatorIterator.next()
08:46:28.0 (823036049)|STATEMENT_EXECUTE|[113]
08:46:28.0 (823049724)|STATEMENT_EXECUTE|[115]
08:46:28.0 (823052782)|STATEMENT_EXECUTE|[116]
08:46:28.0 (823062144)|HEAP_ALLOCATE|[116]|Bytes:4
08:46:28.0 (823094996)|STATEMENT_EXECUTE|[120]
08:46:28.0 (823097610)|STATEMENT_EXECUTE|[121]
08:46:28.0 (823119815)|METHOD_ENTRY|[112]||Database.QueryLocatorIterator.hasNext()
08:46:28.0 (823136796)|METHOD_EXIT|[112]||Database.QueryLocatorIterator.hasNext()
08:46:28.0 (823143462)|METHOD_ENTRY|[112]||Database.QueryLocatorIterator.next()
08:46:28.0 (823182690)|METHOD_EXIT|[112]||Database.QueryLocatorIterator.next()
08:46:28.0 (823188567)|STATEMENT_EXECUTE|[113]
08:46:28.0 (823202000)|STATEMENT_EXECUTE|[115]
08:46:28.0 (823204409)|STATEMENT_EXECUTE|[116]
08:46:28.0 (823213017)|HEAP_ALLOCATE|[116]|Bytes:4
08:46:28.0 (823245474)|STATEMENT_EXECUTE|[120]
08:46:28.0 (823247934)|STATEMENT_EXECUTE|[121]
08:46:28.0 (823270262)|METHOD_ENTRY|[112]||Database.QueryLocatorIterator.hasNext()
08:46:28.0 (823287605)|METHOD_EXIT|[112]||Database.QueryLocatorIterator.hasNext()
08:46:28.0 (823294472)|METHOD_ENTRY|[112]||Database.QueryLocatorIterator.next()
08:46:28.0 (823334745)|METHOD_EXIT|[112]||Database.QueryLocatorIterator.next()
08:46:28.0 (823340141)|STATEMENT_EXECUTE|[113]
08:46:28.0 (823352881)|STATEMENT_EXECUTE|[114]
08:46:28.0 (823375434)|STATEMENT_EXECUTE|[120]
08:46:28.0 (823377829)|STATEMENT_EXECUTE|[121]
08:46:28.0 (823400453)|METHOD_ENTRY|[112]||Database.QueryLocatorIterator.hasNext()
08:46:28.0 (823417210)|METHOD_EXIT|[112]||Database.QueryLocatorIterator.hasNext()
08:46:28.0 (823423222)|METHOD_ENTRY|[112]||Database.QueryLocatorIterator.next()
08:46:28.0 (823462939)|METHOD_EXIT|[112]||Database.QueryLocatorIterator.next()
08:46:28.0 (823468438)|STATEMENT_EXECUTE|[113]
08:46:28.0 (823481838)|STATEMENT_EXECUTE|[114]
08:46:28.0 (823503062)|STATEMENT_EXECUTE|[120]
08:46:28.0 (823505338)|STATEMENT_EXECUTE|[121]
08:46:28.0 (823529165)|METHOD_ENTRY|[112]||Database.QueryLocatorIterator.hasNext()
08:46:28.0 (823556964)|METHOD_EXIT|[112]||Database.QueryLocatorIterator.hasNext()
08:46:28.0 (823563246)|METHOD_ENTRY|[112]||Database.QueryLocatorIterator.next()
08:46:28.0 (823605520)|METHOD_EXIT|[112]||Database.QueryLocatorIterator.next()
08:46:28.0 (823611168)|STATEMENT_EXECUTE|[113]
08:46:28.0 (823625093)|STATEMENT_EXECUTE|[114]
08:46:28.0 (823646474)|STATEMENT_EXECUTE|[120]
08:46:28.0 (823648948)|STATEMENT_EXECUTE|[121]
08:46:28.0 (823671239)|METHOD_ENTRY|[112]||Database.QueryLocatorIterator.hasNext()
08:46:28.0 (823688528)|METHOD_EXIT|[112]||Database.QueryLocatorIterator.hasNext()
08:46:28.0 (823694664)|METHOD_ENTRY|[112]||Database.QueryLocatorIterator.next()
08:46:28.0 (823735206)|METHOD_EXIT|[112]||Database.QueryLocatorIterator.next()
08:46:28.0 (823740839)|STATEMENT_EXECUTE|[113]
08:46:28.0 (823755601)|STATEMENT_EXECUTE|[114]
08:46:28.0 (823777707)|STATEMENT_EXECUTE|[120]
08:46:28.0 (823780283)|STATEMENT_EXECUTE|[121]
08:46:28.0 (823802658)|METHOD_ENTRY|[112]||Database.QueryLocatorIterator.hasNext()
08:46:28.0 (823820204)|METHOD_EXIT|[112]||Database.QueryLocatorIterator.hasNext()
08:46:28.0 (823826319)|METHOD_ENTRY|[112]||Database.QueryLocatorIterator.next()
08:46:28.0 (823866170)|METHOD_EXIT|[112]||Database.QueryLocatorIterator.next()
08:46:28.0 (823871901)|STATEMENT_EXECUTE|[113]
08:46:28.0 (823885906)|STATEMENT_EXECUTE|[114]
08:46:28.0 (823907203)|STATEMENT_EXECUTE|[120]
08:46:28.0 (823909591)|STATEMENT_EXECUTE|[121]
08:46:28.0 (823933666)|METHOD_ENTRY|[112]||Database.QueryLocatorIterator.hasNext()
08:46:28.0 (823953193)|METHOD_EXIT|[112]||Database.QueryLocatorIterator.hasNext()
08:46:28.0 (823959989)|METHOD_ENTRY|[112]||Database.QueryLocatorIterator.next()
08:46:28.0 (823999783)|METHOD_EXIT|[112]||Database.QueryLocatorIterator.next()
08:46:28.0 (824005411)|STATEMENT_EXECUTE|[113]
08:46:28.0 (824021259)|STATEMENT_EXECUTE|[115]
08:46:28.0 (824023649)|STATEMENT_EXECUTE|[116]
08:46:28.0 (824034078)|HEAP_ALLOCATE|[116]|Bytes:4
08:46:28.0 (824068887)|STATEMENT_EXECUTE|[120]
08:46:28.0 (824071577)|STATEMENT_EXECUTE|[121]
08:46:28.0 (824094644)|METHOD_ENTRY|[112]||Database.QueryLocatorIterator.hasNext()
08:46:28.0 (824114537)|METHOD_EXIT|[112]||Database.QueryLocatorIterator.hasNext()
08:46:28.0 (824121320)|METHOD_ENTRY|[112]||Database.QueryLocatorIterator.next()
08:46:28.0 (824162924)|METHOD_EXIT|[112]||Database.QueryLocatorIterator.next()
08:46:28.0 (824168523)|STATEMENT_EXECUTE|[113]
08:46:28.0 (824182606)|STATEMENT_EXECUTE|[114]
08:46:28.0 (824203880)|STATEMENT_EXECUTE|[120]
08:46:28.0 (824206327)|STATEMENT_EXECUTE|[121]
08:46:28.0 (824228420)|METHOD_ENTRY|[112]||Database.QueryLocatorIterator.hasNext()
08:46:28.0 (824245955)|METHOD_EXIT|[112]||Database.QueryLocatorIterator.hasNext()
08:46:28.0 (824252069)|METHOD_ENTRY|[112]||Database.QueryLocatorIterator.next()
08:46:28.0 (824290782)|METHOD_EXIT|[112]||Database.QueryLocatorIterator.next()
08:46:28.0 (824296491)|STATEMENT_EXECUTE|[113]
08:46:28.0 (824310482)|STATEMENT_EXECUTE|[114]
08:46:28.0 (824331076)|STATEMENT_EXECUTE|[120]
08:46:28.0 (824333621)|STATEMENT_EXECUTE|[121]
08:46:28.0 (824356278)|METHOD_ENTRY|[112]||Database.QueryLocatorIterator.hasNext()
08:46:28.0 (824374176)|METHOD_EXIT|[112]||Database.QueryLocatorIterator.hasNext()
08:46:28.0 (824380464)|METHOD_ENTRY|[112]||Database.QueryLocatorIterator.next()
08:46:28.0 (824419993)|METHOD_EXIT|[112]||Database.QueryLocatorIterator.next()
08:46:28.0 (824426170)|STATEMENT_EXECUTE|[113]
08:46:28.0 (824440754)|STATEMENT_EXECUTE|[114]
08:46:28.0 (824463377)|STATEMENT_EXECUTE|[120]
08:46:28.0 (824465926)|STATEMENT_EXECUTE|[121]
08:46:28.0 (824489629)|METHOD_ENTRY|[112]||Database.QueryLocatorIterator.hasNext()
08:46:28.0 (824508019)|METHOD_EXIT|[112]||Database.QueryLocatorIterator.hasNext()
08:46:28.0 (824514836)|METHOD_ENTRY|[112]||Database.QueryLocatorIterator.next()
08:46:28.0 (824617445)|METHOD_EXIT|[112]||Database.QueryLocatorIterator.next()
08:46:28.0 (824629007)|STATEMENT_EXECUTE|[113]
08:46:28.0 (824650864)|STATEMENT_EXECUTE|[115]
08:46:28.0 (824653751)|STATEMENT_EXECUTE|[116]
08:46:28.0 (824668218)|HEAP_ALLOCATE|[116]|Bytes:4
08:46:28.0 (824705393)|STATEMENT_EXECUTE|[120]
08:46:28.0 (824708050)|STATEMENT_EXECUTE|[121]
08:46:28.0 (824731985)|METHOD_ENTRY|[112]||Database.QueryLocatorIterator.hasNext()
08:46:28.0 (824753164)|METHOD_EXIT|[112]||Database.QueryLocatorIterator.hasNext()
08:46:28.0 (824759432)|METHOD_ENTRY|[112]||Database.QueryLocatorIterator.next()
08:46:28.0 (824807044)|METHOD_EXIT|[112]||Database.QueryLocatorIterator.next()
08:46:28.0 (824813508)|STATEMENT_EXECUTE|[113]
08:46:28.0 (824827776)|STATEMENT_EXECUTE|[114]
08:46:28.0 (824848055)|STATEMENT_EXECUTE|[120]
08:46:28.0 (824850793)|STATEMENT_EXECUTE|[121]
08:46:28.0 (824873762)|METHOD_ENTRY|[112]||Database.QueryLocatorIterator.hasNext()
08:46:28.0 (824891066)|METHOD_EXIT|[112]||Database.QueryLocatorIterator.hasNext()
08:46:28.0 (824896918)|METHOD_ENTRY|[112]||Database.QueryLocatorIterator.next()
08:46:28.0 (824937533)|METHOD_EXIT|[112]||Database.QueryLocatorIterator.next()
08:46:28.0 (824943551)|STATEMENT_EXECUTE|[113]
08:46:28.0 (824956763)|STATEMENT_EXECUTE|[114]
08:46:28.0 (824978360)|STATEMENT_EXECUTE|[120]
08:46:28.0 (824981420)|STATEMENT_EXECUTE|[121]
08:46:28.0 (825004832)|METHOD_ENTRY|[112]||Database.QueryLocatorIterator.hasNext()
08:46:28.0 (825023544)|METHOD_EXIT|[112]||Database.QueryLocatorIterator.hasNext()
08:46:28.0 (825029957)|METHOD_ENTRY|[112]||Database.QueryLocatorIterator.next()
08:46:28.0 (825070056)|METHOD_EXIT|[112]||Database.QueryLocatorIterator.next()
08:46:28.0 (825075784)|STATEMENT_EXECUTE|[113]
08:46:28.0 (825089170)|STATEMENT_EXECUTE|[114]
08:46:28.0 (825110714)|STATEMENT_EXECUTE|[120]
08:46:28.0 (825112988)|STATEMENT_EXECUTE|[121]
08:46:28.0 (825135407)|METHOD_ENTRY|[112]||Database.QueryLocatorIterator.hasNext()
08:46:28.0 (825153705)|METHOD_EXIT|[112]||Database.QueryLocatorIterator.hasNext()
08:46:28.0 (825159570)|METHOD_ENTRY|[112]||Database.QueryLocatorIterator.next()
08:46:28.0 (825198113)|METHOD_EXIT|[112]||Database.QueryLocatorIterator.next()
08:46:28.0 (825203602)|STATEMENT_EXECUTE|[113]
08:46:28.0 (825217276)|STATEMENT_EXECUTE|[114]
08:46:28.0 (825238271)|STATEMENT_EXECUTE|[120]
08:46:28.0 (825241146)|STATEMENT_EXECUTE|[121]
08:46:28.0 (825263919)|METHOD_ENTRY|[112]||Database.QueryLocatorIterator.hasNext()
08:46:28.0 (825280872)|METHOD_EXIT|[112]||Database.QueryLocatorIterator.hasNext()
08:46:28.0 (825287254)|METHOD_ENTRY|[112]||Database.QueryLocatorIterator.next()
08:46:28.0 (825327165)|METHOD_EXIT|[112]||Database.QueryLocatorIterator.next()
08:46:28.0 (825332693)|STATEMENT_EXECUTE|[113]
08:46:28.0 (825346166)|STATEMENT_EXECUTE|[115]
08:46:28.0 (825348777)|STATEMENT_EXECUTE|[116]
08:46:28.0 (825360107)|HEAP_ALLOCATE|[116]|Bytes:4
08:46:28.0 (825395648)|STATEMENT_EXECUTE|[120]
08:46:28.0 (825398233)|STATEMENT_EXECUTE|[121]
08:46:28.0 (825421256)|METHOD_ENTRY|[112]||Database.QueryLocatorIterator.hasNext()
08:46:28.0 (825438836)|METHOD_EXIT|[112]||Database.QueryLocatorIterator.hasNext()
08:46:28.0 (825445233)|METHOD_ENTRY|[112]||Database.QueryLocatorIterator.next()
08:46:28.0 (825490565)|METHOD_EXIT|[112]||Database.QueryLocatorIterator.next()
08:46:28.0 (825496729)|STATEMENT_EXECUTE|[113]
08:46:28.0 (825510980)|STATEMENT_EXECUTE|[114]
08:46:28.0 (825532181)|STATEMENT_EXECUTE|[120]
08:46:28.0 (825534855)|STATEMENT_EXECUTE|[121]
08:46:28.0 (825567389)|METHOD_ENTRY|[112]||Database.QueryLocatorIterator.hasNext()
08:46:28.0 (825585271)|METHOD_EXIT|[112]||Database.QueryLocatorIterator.hasNext()
08:46:28.0 (825591476)|METHOD_ENTRY|[112]||Database.QueryLocatorIterator.next()
08:46:28.0 (825633391)|METHOD_EXIT|[112]||Database.QueryLocatorIterator.next()
08:46:28.0 (825638808)|STATEMENT_EXECUTE|[113]
08:46:28.0 (825653360)|STATEMENT_EXECUTE|[114]
08:46:28.0 (825675833)|STATEMENT_EXECUTE|[120]
08:46:28.0 (825678524)|STATEMENT_EXECUTE|[121]
08:46:28.0 (825701280)|METHOD_ENTRY|[112]||Database.QueryLocatorIterator.hasNext()
08:46:28.0 (825723710)|METHOD_EXIT|[112]||Database.QueryLocatorIterator.hasNext()
08:46:28.0 (825729856)|METHOD_ENTRY|[112]||Database.QueryLocatorIterator.next()
08:46:28.0 (825769887)|METHOD_EXIT|[112]||Database.QueryLocatorIterator.next()
08:46:28.0 (825776060)|STATEMENT_EXECUTE|[113]
08:46:28.0 (825789145)|STATEMENT_EXECUTE|[114]
08:46:28.0 (825810442)|STATEMENT_EXECUTE|[120]
08:46:28.0 (825812944)|STATEMENT_EXECUTE|[121]
08:46:28.0 (825835696)|METHOD_ENTRY|[112]||Database.QueryLocatorIterator.hasNext()
08:46:28.0 (825854156)|METHOD_EXIT|[112]||Database.QueryLocatorIterator.hasNext()
08:46:28.0 (825860924)|METHOD_ENTRY|[112]||Database.QueryLocatorIterator.next()
08:46:28.0 (825900732)|METHOD_EXIT|[112]||Database.QueryLocatorIterator.next()
08:46:28.0 (825907085)|STATEMENT_EXECUTE|[113]
08:46:28.0 (825919793)|STATEMENT_EXECUTE|[114]
08:46:28.0 (825941506)|STATEMENT_EXECUTE|[120]
08:46:28.0 (825944902)|STATEMENT_EXECUTE|[121]
08:46:28.0 (825967680)|METHOD_ENTRY|[112]||Database.QueryLocatorIterator.hasNext()
08:46:28.0 (825985725)|METHOD_EXIT|[112]||Database.QueryLocatorIterator.hasNext()
08:46:28.0 (825992490)|METHOD_ENTRY|[112]||Database.QueryLocatorIterator.next()
08:46:28.0 (826031397)|METHOD_EXIT|[112]||Database.QueryLocatorIterator.next()
08:46:28.0 (826038429)|STATEMENT_EXECUTE|[113]
08:46:28.0 (826051683)|STATEMENT_EXECUTE|[115]
08:46:28.0 (826054030)|STATEMENT_EXECUTE|[116]
08:46:28.0 (826065775)|HEAP_ALLOCATE|[116]|Bytes:4
08:46:28.0 (826100551)|STATEMENT_EXECUTE|[120]
08:46:28.0 (826102857)|STATEMENT_EXECUTE|[121]
08:46:28.0 (826125429)|METHOD_ENTRY|[112]||Database.QueryLocatorIterator.hasNext()
08:46:28.0 (826143132)|METHOD_EXIT|[112]||Database.QueryLocatorIterator.hasNext()
08:46:28.0 (826149187)|METHOD_ENTRY|[112]||Database.QueryLocatorIterator.next()
08:46:28.0 (826245718)|METHOD_EXIT|[112]||Database.QueryLocatorIterator.next()
08:46:28.0 (826252196)|STATEMENT_EXECUTE|[113]
08:46:28.0 (826267329)|STATEMENT_EXECUTE|[114]
08:46:28.0 (826289992)|STATEMENT_EXECUTE|[120]
08:46:28.0 (826292313)|STATEMENT_EXECUTE|[121]
08:46:28.0 (826316564)|METHOD_ENTRY|[112]||Database.QueryLocatorIterator.hasNext()
08:46:28.0 (826335687)|METHOD_EXIT|[112]||Database.QueryLocatorIterator.hasNext()
08:46:28.0 (826342518)|METHOD_ENTRY|[112]||Database.QueryLocatorIterator.next()
08:46:28.0 (826388404)|METHOD_EXIT|[112]||Database.QueryLocatorIterator.next()
08:46:28.0 (826393906)|STATEMENT_EXECUTE|[113]
08:46:28.0 (826408555)|STATEMENT_EXECUTE|[114]
08:46:28.0 (826430583)|STATEMENT_EXECUTE|[120]
08:46:28.0 (826433204)|STATEMENT_EXECUTE|[121]
08:46:28.0 (826456342)|METHOD_ENTRY|[112]||Database.QueryLocatorIterator.hasNext()
08:46:28.0 (826473258)|METHOD_EXIT|[112]||Database.QueryLocatorIterator.hasNext()
08:46:28.0 (826479743)|METHOD_ENTRY|[112]||Database.QueryLocatorIterator.next()
08:46:28.0 (826521054)|METHOD_EXIT|[112]||Database.QueryLocatorIterator.next()
08:46:28.0 (826528365)|STATEMENT_EXECUTE|[113]
08:46:28.0 (826541456)|STATEMENT_EXECUTE|[114]
08:46:28.0 (826574341)|STATEMENT_EXECUTE|[120]
08:46:28.0 (826576856)|STATEMENT_EXECUTE|[121]
08:46:28.0 (826601481)|METHOD_ENTRY|[112]||Database.QueryLocatorIterator.hasNext()
08:46:28.0 (826623094)|METHOD_EXIT|[112]||Database.QueryLocatorIterator.hasNext()
08:46:28.0 (826629728)|METHOD_ENTRY|[112]||Database.QueryLocatorIterator.next()
08:46:28.0 (826670755)|METHOD_EXIT|[112]||Database.QueryLocatorIterator.next()
08:46:28.0 (826677353)|STATEMENT_EXECUTE|[113]
08:46:28.0 (826692111)|STATEMENT_EXECUTE|[114]
08:46:28.0 (826713530)|STATEMENT_EXECUTE|[120]
08:46:28.0 (826716081)|STATEMENT_EXECUTE|[121]
08:46:28.0 (826739726)|METHOD_ENTRY|[112]||Database.QueryLocatorIterator.hasNext()
08:46:28.0 (826757231)|METHOD_EXIT|[112]||Database.QueryLocatorIterator.hasNext()
08:46:28.0 (826763559)|METHOD_ENTRY|[112]||Database.QueryLocatorIterator.next()
08:46:28.0 (826803911)|METHOD_EXIT|[112]||Database.QueryLocatorIterator.next()
08:46:28.0 (826809355)|STATEMENT_EXECUTE|[113]
08:46:28.0 (826824347)|STATEMENT_EXECUTE|[114]
08:46:28.0 (826847453)|STATEMENT_EXECUTE|[120]
08:46:28.0 (826849794)|STATEMENT_EXECUTE|[121]
08:46:28.0 (826873408)|METHOD_ENTRY|[112]||Database.QueryLocatorIterator.hasNext()
08:46:28.0 (826891135)|METHOD_EXIT|[112]||Database.QueryLocatorIterator.hasNext()
08:46:28.0 (826898542)|METHOD_ENTRY|[112]||Database.QueryLocatorIterator.next()
08:46:28.0 (826938277)|METHOD_EXIT|[112]||Database.QueryLocatorIterator.next()
08:46:28.0 (826944651)|STATEMENT_EXECUTE|[113]
08:46:28.0 (826958967)|STATEMENT_EXECUTE|[114]
08:46:28.0 (826980473)|STATEMENT_EXECUTE|[120]
08:46:28.0 (826982952)|STATEMENT_EXECUTE|[121]
08:46:28.0 (827006391)|METHOD_ENTRY|[112]||Database.QueryLocatorIterator.hasNext()
08:46:28.0 (827024717)|METHOD_EXIT|[112]||Database.QueryLocatorIterator.hasNext()
08:46:28.0 (827031420)|METHOD_ENTRY|[112]||Database.QueryLocatorIterator.next()
08:46:28.0 (827071942)|METHOD_EXIT|[112]||Database.QueryLocatorIterator.next()
08:46:28.0 (827077398)|STATEMENT_EXECUTE|[113]
08:46:28.0 (827091323)|STATEMENT_EXECUTE|[114]
08:46:28.0 (827113959)|STATEMENT_EXECUTE|[120]
08:46:28.0 (827116466)|STATEMENT_EXECUTE|[121]
08:46:28.0 (827139956)|METHOD_ENTRY|[112]||Database.QueryLocatorIterator.hasNext()
08:46:28.0 (827156097)|METHOD_EXIT|[112]||Database.QueryLocatorIterator.hasNext()
08:46:28.0 (827163043)|METHOD_ENTRY|[112]||Database.QueryLocatorIterator.next()
08:46:28.0 (827203306)|METHOD_EXIT|[112]||Database.QueryLocatorIterator.next()
08:46:28.0 (827208729)|STATEMENT_EXECUTE|[113]
08:46:28.0 (827222136)|STATEMENT_EXECUTE|[114]
08:46:28.0 (827243989)|STATEMENT_EXECUTE|[120]
08:46:28.0 (827246236)|STATEMENT_EXECUTE|[121]
08:46:28.0 (827268895)|METHOD_ENTRY|[112]||Database.QueryLocatorIterator.hasNext()
08:46:28.0 (827286300)|METHOD_EXIT|[112]||Database.QueryLocatorIterator.hasNext()
08:46:28.0 (827292414)|METHOD_ENTRY|[112]||Database.QueryLocatorIterator.next()
08:46:28.0 (827333083)|METHOD_EXIT|[112]||Database.QueryLocatorIterator.next()
08:46:28.0 (827339847)|STATEMENT_EXECUTE|[113]
08:46:28.0 (827353827)|STATEMENT_EXECUTE|[114]
08:46:28.0 (827376981)|STATEMENT_EXECUTE|[120]
08:46:28.0 (827379370)|STATEMENT_EXECUTE|[121]
08:46:28.0 (827402544)|METHOD_ENTRY|[112]||Database.QueryLocatorIterator.hasNext()
08:46:28.0 (827413652)|METHOD_EXIT|[112]||Database.QueryLocatorIterator.hasNext()
08:46:28.0 (827439169)|STATEMENT_EXECUTE|[126]
08:46:28.0 (827454807)|HEAP_ALLOCATE|[151]|Bytes:7
08:46:28.0 (827475831)|HEAP_ALLOCATE|[151]|Bytes:17
08:46:28.0 (827561827)|HEAP_ALLOCATE|[152]|Bytes:5
08:46:28.0 (827586912)|STATEMENT_EXECUTE|[153]
08:46:28.0 (827590310)|STATEMENT_EXECUTE|[154]
08:46:28.0 (827635598)|STATEMENT_EXECUTE|[159]
08:46:28.0 (827639598)|HEAP_ALLOCATE|[159]|Bytes:39
08:46:28.0 (827723725)|HEAP_ALLOCATE|[159]|Bytes:3
08:46:28.0 (827753747)|HEAP_ALLOCATE|[159]|Bytes:56
08:46:28.0 (827796413)|USER_DEBUG|[159]|DEBUG|contratoAnterior.Status - contrato --> Anulado - Anulado
08:46:28.0 (827852414)|STATEMENT_EXECUTE|[161]
08:46:28.0 (827868721)|HEAP_ALLOCATE|[152]|Bytes:5
08:46:28.0 (827880940)|STATEMENT_EXECUTE|[187]
08:46:28.0 (827899981)|HEAP_ALLOCATE|[187]|Bytes:4
08:46:28.0 (827951578)|STATEMENT_EXECUTE|[189]
08:46:28.0 (827972622)|STATEMENT_EXECUTE|[201]
08:46:28.0 (827975674)|STATEMENT_EXECUTE|[207]
08:46:28.0 (827980508)|HEAP_ALLOCATE|[207]|Bytes:26
08:46:28.0 (827999227)|USER_DEBUG|[207]|DEBUG|## after RegistrarContrato
08:46:28.0 (828014293)|SYSTEM_MODE_EXIT|false
08:46:28.0 (828033407)|METHOD_EXIT|[73]|01p57000001HcKw|ContractUtil.RegistrarContrato(List<Contract>, Map<Id,Contract>, Map<String,Account>)
08:46:28.0 (828040877)|STATEMENT_EXECUTE|[74]
08:46:28.0 (828058065)|METHOD_ENTRY|[74]|01p57000001HcKw|ContractUtil.cambiarEstadoOportunidadCerradaGanada(List<Contract>)
08:46:28.0 (828095162)|SYSTEM_MODE_ENTER|false
08:46:28.0 (828103749)|HEAP_ALLOCATE|[257]|Bytes:5
08:46:28.0 (828109255)|STATEMENT_EXECUTE|[256]
08:46:28.0 (828111772)|STATEMENT_EXECUTE|[257]
08:46:28.0 (828119971)|HEAP_ALLOCATE|[257]|Bytes:4
08:46:28.0 (828170098)|HEAP_ALLOCATE|[259]|Bytes:5
08:46:28.0 (828190194)|STATEMENT_EXECUTE|[260]
08:46:28.0 (828246941)|STATEMENT_EXECUTE|[262]
08:46:28.0 (828249849)|STATEMENT_EXECUTE|[263]
08:46:28.0 (828310725)|HEAP_ALLOCATE|[259]|Bytes:5
08:46:28.0 (828323600)|STATEMENT_EXECUTE|[266]
08:46:28.0 (828327586)|HEAP_ALLOCATE|[266]|Bytes:20
08:46:28.0 (828353177)|HEAP_ALLOCATE|[EXTERNAL]|Bytes:8
08:46:28.0 (828387664)|HEAP_ALLOCATE|[266]|Bytes:20
08:46:28.0 (828404496)|HEAP_ALLOCATE|[266]|Bytes:40
08:46:28.0 (828420074)|USER_DEBUG|[266]|DEBUG|Contratos firmados: (8002p000006LJBqAAO)
08:46:28.0 (828431722)|STATEMENT_EXECUTE|[268]
08:46:28.0 (828435143)|HEAP_ALLOCATE|[268]|Bytes:78
08:46:28.0 (828452587)|HEAP_ALLOCATE|[268]|Bytes:4
08:46:28.0 (828945075)|SOQL_EXECUTE_BEGIN|[268]|Aggregations:0|SELECT Id, StageName, ContractId FROM Opportunity WHERE ContractId IN :tmpVar1
08:46:28.0 (973225852)|SOQL_EXECUTE_EXPLAIN|[268]|Index on Opportunity : [ContractId], cardinality: 1, sobjectCardinality: 18716, relativeCost 0
08:46:28.0 (973268852)|SOQL_EXECUTE_END|[268]|Rows:1
08:46:28.0 (973308931)|HEAP_ALLOCATE|[268]|Bytes:8
08:46:28.0 (973345893)|HEAP_ALLOCATE|[268]|Bytes:88
08:46:28.0 (973404414)|HEAP_ALLOCATE|[268]|Bytes:8
08:46:28.0 (973426591)|STATEMENT_EXECUTE|[269]
08:46:28.0 (973436578)|HEAP_ALLOCATE|[269]|Bytes:4
08:46:28.0 (973755451)|HEAP_ALLOCATE|[270]|Bytes:5
08:46:28.0 (973804072)|HEAP_ALLOCATE|[270]|Bytes:16
08:46:28.0 (973813587)|STATEMENT_EXECUTE|[271]
08:46:28.0 (973854002)|HEAP_ALLOCATE|[272]|Bytes:14
08:46:28.0 (973885645)|STATEMENT_EXECUTE|[272]
08:46:28.0 (973900892)|HEAP_ALLOCATE|[270]|Bytes:5
08:46:28.0 (973911287)|STATEMENT_EXECUTE|[278]
08:46:28.0 (973914155)|HEAP_ALLOCATE|[278]|Bytes:50
08:46:28.0 (973923039)|HEAP_ALLOCATE|[EXTERNAL]|Bytes:4
08:46:28.0 (973969696)|HEAP_ALLOCATE|[278]|Bytes:2
08:46:28.0 (973983627)|HEAP_ALLOCATE|[278]|Bytes:52
08:46:28.0 (974001614)|USER_DEBUG|[278]|DEBUG|Oportunidades a pasar al estado "Cerrada ganada": ()
08:46:28.0 (974030343)|STATEMENT_EXECUTE|[280]
08:46:28.0 (974035951)|SYSTEM_MODE_EXIT|false
08:46:28.0 (974050631)|METHOD_EXIT|[74]|01p57000001HcKw|ContractUtil.cambiarEstadoOportunidadCerradaGanada(List<Contract>)
08:46:28.0 (974056831)|STATEMENT_EXECUTE|[75]
08:46:28.0 (974077311)|METHOD_ENTRY|[75]|01p57000001HcKw|ContractUtil.activarDireccionEntrega(List<Contract>, Map<Id,Contract>)
08:46:28.0 (974105995)|SYSTEM_MODE_ENTER|false
08:46:28.0 (974112254)|HEAP_ALLOCATE|[536]|Bytes:5
08:46:28.0 (974117119)|STATEMENT_EXECUTE|[535]
08:46:28.0 (974119125)|STATEMENT_EXECUTE|[536]
08:46:28.0 (974120892)|STATEMENT_EXECUTE|[536]
08:46:28.0 (974123119)|STATEMENT_EXECUTE|[538]
08:46:28.0 (974134450)|HEAP_ALLOCATE|[538]|Bytes:4
08:46:28.0 (974154924)|STATEMENT_EXECUTE|[539]
08:46:28.0 (974159321)|HEAP_ALLOCATE|[539]|Bytes:4
08:46:28.0 (974171047)|STATEMENT_EXECUTE|[540]
08:46:28.0 (974179295)|HEAP_ALLOCATE|[540]|Bytes:4
08:46:28.0 (974191258)|STATEMENT_EXECUTE|[541]
08:46:28.0 (974197945)|HEAP_ALLOCATE|[541]|Bytes:4
08:46:28.0 (974209698)|STATEMENT_EXECUTE|[542]
08:46:28.0 (974225153)|HEAP_ALLOCATE|[542]|Bytes:4
08:46:28.0 (974245633)|STATEMENT_EXECUTE|[543]
08:46:28.0 (974252290)|HEAP_ALLOCATE|[543]|Bytes:4
08:46:28.0 (974291060)|HEAP_ALLOCATE|[545]|Bytes:5
08:46:28.0 (974310194)|STATEMENT_EXECUTE|[545]
08:46:28.0 (974363801)|STATEMENT_EXECUTE|[546]
08:46:28.0 (974373067)|HEAP_ALLOCATE|[545]|Bytes:5
08:46:28.0 (974400221)|STATEMENT_EXECUTE|[552]
08:46:28.0 (974412025)|STATEMENT_EXECUTE|[560]
08:46:28.0 (974417407)|SYSTEM_MODE_EXIT|false
08:46:28.0 (974427600)|METHOD_EXIT|[75]|01p57000001HcKw|ContractUtil.activarDireccionEntrega(List<Contract>, Map<Id,Contract>)
08:46:28.0 (974437936)|METHOD_EXIT|[82]|01p57000001HcKv|ContractHandler.afterUpdate(List<SObject>, Map<Id,SObject>)
08:46:28.0 (974443292)|STATEMENT_EXECUTE|[92]
08:46:28.0 (974450663)|METHOD_ENTRY|[92]|01p57000001HcKv|ContractHandler.andFinally()
08:46:28.0 (974457345)|STATEMENT_EXECUTE|[91]
08:46:28.0 (974459295)|STATEMENT_EXECUTE|[92]
08:46:28.0 (974464379)|METHOD_ENTRY|[92]|01p57000001HcKw|ContractUtil.insertUpdateDeleteRecords()
08:46:28.0 (974474434)|SYSTEM_MODE_ENTER|false
08:46:28.0 (974479361)|HEAP_ALLOCATE|[424]|Bytes:5
08:46:28.0 (974483762)|STATEMENT_EXECUTE|[422]
08:46:28.0 (974492166)|HEAP_ALLOCATE|[14]|Bytes:5
08:46:28.0 (974495935)|STATEMENT_EXECUTE|[13]
08:46:28.0 (974499807)|STATEMENT_EXECUTE|[14]
08:46:28.0 (974501791)|STATEMENT_EXECUTE|[18]
08:46:28.0 (974518688)|STATEMENT_EXECUTE|[424]
08:46:28.0 (974520606)|STATEMENT_EXECUTE|[429]
08:46:28.0 (974527033)|HEAP_ALLOCATE|[14]|Bytes:5
08:46:28.0 (974530283)|STATEMENT_EXECUTE|[13]
08:46:28.0 (974532640)|STATEMENT_EXECUTE|[14]
08:46:28.0 (974534593)|STATEMENT_EXECUTE|[18]
08:46:28.0 (974546969)|SYSTEM_MODE_EXIT|false
08:46:28.0 (974563145)|METHOD_EXIT|[92]|01p57000001HcKw|ContractUtil.insertUpdateDeleteRecords()
08:46:28.0 (974571546)|METHOD_EXIT|[92]|01p57000001HcKv|ContractHandler.andFinally()
08:46:28.0 (974582406)|METHOD_EXIT|[33]|01p57000001HcLT|TriggerFactory.execute(ITrigger)
08:46:28.0 (974594897)|METHOD_EXIT|[4]|01p57000001HcLT|TriggerFactory.createHandler(Schema.SObjectType)
08:46:28.974 (974608880)|CUMULATIVE_LIMIT_USAGE
08:46:28.974 (974608880)|LIMIT_USAGE_FOR_NS|(default)|
  Number of SOQL queries: 3 out of 100
  Number of query rows: 48 out of 50000
  Number of SOSL queries: 0 out of 20
  Number of DML statements: 0 out of 150
  Number of Publish Immediate DML: 0 out of 150
  Number of DML rows: 0 out of 10000
  Maximum CPU time: 0 out of 10000
  Maximum heap size: 0 out of 6000000
  Number of callouts: 0 out of 100
  Number of Email Invocations: 0 out of 10
  Number of future calls: 0 out of 50
  Number of queueable jobs added to the queue: 0 out of 50
  Number of Mobile Apex push calls: 0 out of 10

08:46:28.974 (974608880)|CUMULATIVE_LIMIT_USAGE_END

08:46:28.0 (976616854)|CODE_UNIT_FINISHED|ContractTrigger on Contract trigger event AfterUpdate|__sfdc_trigger/ContractTrigger
08:46:29.272 (1272636984)|CODE_UNIT_STARTED|[EXTERNAL]|Workflow:Contract
08:46:29.272 (1294805312)|WF_RULE_EVAL_BEGIN|Workflow
08:46:29.272 (1294868640)|WF_CRITERIA_BEGIN|[Contract: 00043240 8002p000006LJBq]|Registrar Contrato Duplicado|01Q57000000jVVK|ON_CREATE_ONLY|0
08:46:29.272 (1294883539)|WF_RULE_NOT_EVALUATED
08:46:29.272 (1294891268)|WF_CRITERIA_BEGIN|[Contract: 00043240 8002p000006LJBq]|Update_tipo_direcci_n_de_env_o301570000000aaP|01Q57000000jepS|ON_CREATE_ONLY|0
08:46:29.272 (1294899022)|WF_RULE_NOT_EVALUATED
08:46:29.272 (1294903691)|WF_CRITERIA_BEGIN|[Contract: 00043240 8002p000006LJBq]|Bulk_metered3012p000000lD7o|01Q2p000000tHxJ|ON_ALL_CHANGES|0
08:46:29.272 (1295114739)|WF_FORMULA|Formula:ENCODED:[treatNullAsNull]true|Values:
08:46:29.272 (1295128302)|WF_CRITERIA_END|true
08:46:29.272 (1469801605)|WF_CRITERIA_BEGIN|[Contract: 00043240 8002p000006LJBq]|Alerta canvi titular|01Q570000003V9G|ON_ALL_CHANGES|0
08:46:29.272 (1479989776)|WF_RULE_FILTER|[Contract : Estado 2 equals Cambio titular] 
AND [Contract : Status equals Activado]
08:46:29.272 (1480023743)|WF_RULE_EVAL_VALUE|
08:46:29.272 (1480031163)|WF_CRITERIA_END|false
08:46:29.272 (1480054364)|WF_SPOOL_ACTION_BEGIN|Workflow
08:46:29.272 (1480103909)|WF_ACTION| Flow Trigger: 1;
08:46:29.272 (1480109409)|WF_RULE_EVAL_END
08:46:30.294 (2294997228)|FLOW_CREATE_INTERVIEW_BEGIN|00D3L0000000enE|3002p000000kKdi|3012p000000lD7o
08:46:30.294 (2319880104)|FLOW_CREATE_INTERVIEW_END|95394d5994a50e40a1b06bed9654182626279a4-439a|Bulk metered
08:46:30.319 (2319999297)|WF_FLOW_ACTION_BEGIN|09L2p000000kP2n
08:46:30.320 (2320870171)|FLOW_START_INTERVIEWS_BEGIN|1
08:46:30.320 (2320974556)|FLOW_START_INTERVIEW_BEGIN|95394d5994a50e40a1b06bed9654182626279a4-439a|Bulk metered
08:46:30.320 (2335534741)|FLOW_START_INTERVIEW_END|95394d5994a50e40a1b06bed9654182626279a4-439a|Bulk metered
08:46:30.320 (2335595910)|FLOW_START_INTERVIEWS_END|1
08:46:30.320 (2335637220)|FLOW_INTERVIEW_FINISHED|95394d5994a50e40a1b06bed9654182626279a4-439a|Bulk metered
08:46:30.319 (2346469780)|WF_FLOW_ACTION_END|09L2p000000kP2n
08:46:30.319 (2346685970)|WF_ACTIONS_END| Flow Trigger: 1;
08:46:30.319 (2346704361)|CODE_UNIT_FINISHED|Workflow:Contract
08:46:30.319 (2348576751)|CODE_UNIT_STARTED|[EXTERNAL]|Flow:Contract
08:46:30.319 (2348806193)|CODE_UNIT_FINISHED|Flow:Contract
08:46:30.319 (2348919623)|CODE_UNIT_STARTED|[EXTERNAL]|Flow:Contract
08:46:30.319 (2348937526)|CODE_UNIT_FINISHED|Flow:Contract
08:46:30.319 (2571644351)|CODE_UNIT_FINISHED|TRIGGERS
08:46:30.319 (2571669546)|EXECUTION_FINISHED
