31.0 APEX_CODE,FINE;APEX_PROFILING,NONE;CALLOUT,INFO;DB,NONE;NBA,INFO;SYSTEM,NONE;VALIDATION,NONE;VISUALFORCE,FINE;WAVE,NONE;WORKFLOW,NONE
11:54:06.0 (138702)|USER_INFO|[EXTERNAL]|0052p000008i9TA|n.gonzalez@blackbirdcrew.com.pre|hora estándar de Europa central|GMT+02:00
11:54:06.0 (180401)|EXECUTION_STARTED
11:54:06.0 (185514)|CODE_UNIT_STARTED|[EXTERNAL]|TRIGGERS
11:54:06.0 (222260)|CODE_UNIT_STARTED|[EXTERNAL]|01q57000000g1Lq|ContractTrigger on Contract trigger event BeforeUpdate|__sfdc_trigger/ContractTrigger
11:54:06.0 (1538287)|USER_DEBUG|[3]|DEBUG|**** Contract Trigger ****
11:54:06.0 (3196736)|METHOD_ENTRY|[6]|01p57000001HcLT|TriggerFactory.TriggerFactory()
11:54:06.0 (3241445)|METHOD_EXIT|[6]|TriggerFactory
11:54:06.0 (3274688)|METHOD_ENTRY|[4]|01p57000001HcLT|TriggerFactory.createHandler(Schema.SObjectType)
11:54:06.0 (4902025)|METHOD_ENTRY|[1]|01p57000001lFxx|Util.Util()
11:54:06.0 (6398047)|METHOD_EXIT|[1]|Util
11:54:06.0 (18062885)|METHOD_ENTRY|[27]|01p57000001HcLT|TriggerFactory.getHandler(Configuration_Switch__mdt, String)
11:54:06.0 (18237219)|SYSTEM_METHOD_ENTRY|[1]|Type.Type()
11:54:06.0 (18258391)|SYSTEM_METHOD_EXIT|[1]|Type
11:54:06.0 (18282375)|METHOD_ENTRY|[112]||System.Type.forName(String)
11:54:06.0 (24280853)|METHOD_EXIT|[112]||System.Type.forName(String)
11:54:06.0 (24327821)|METHOD_ENTRY|[119]||System.Type.newInstance()
11:54:06.0 (25372464)|METHOD_ENTRY|[5]|01p57000001HcKv|ContractHandler.ContractHandler()
11:54:06.0 (25427592)|METHOD_EXIT|[5]|ContractHandler
11:54:06.0 (25746567)|METHOD_EXIT|[119]||System.Type.newInstance()
11:54:06.0 (28701647)|METHOD_EXIT|[27]|01p57000001HcLT|TriggerFactory.getHandler(Configuration_Switch__mdt, String)
11:54:06.0 (28757161)|METHOD_ENTRY|[33]|01p57000001HcLT|TriggerFactory.execute(ITrigger)
11:54:06.0 (28976557)|METHOD_ENTRY|[51]|01p57000001HcKv|ContractHandler.bulkBefore(List<SObject>, Map<Id,SObject>)
11:54:06.0 (30361347)|METHOD_ENTRY|[1]|01p57000001HcKw|ContractUtil.ContractUtil()
11:54:06.0 (31242665)|METHOD_EXIT|[1]|ContractUtil
11:54:06.0 (31279003)|METHOD_ENTRY|[23]|01p57000001HcKw|ContractUtil.loadData(List<Contract>, Map<String,Contract>)
11:54:06.0 (108317215)|USER_DEBUG|[51]|DEBUG|## before loadData BEFORE newList: (Contract:{Id=8003L0000004ToWQAU, AccountId=0013L00000KN807QAD, OwnerExpirationNotice=null, StartDate=2022-09-27 00:00:00, EndDate=null, BillingStreet=null, BillingCity=null, BillingState=null, BillingPostalCode=null, BillingCountry=null, BillingLatitude=null, BillingLongitude=null, BillingGeocodeAccuracy=null, ShippingStreet=null, ShippingCity=null, ShippingState=null, ShippingPostalCode=null, ShippingCountry=null, ShippingLatitude=null, ShippingLongitude=null, ShippingGeocodeAccuracy=null, ContractTerm=null, OwnerId=0052p000008i9TAAAY, Status=Pendiente de registrar, CompanySignedId=0052p000008i9TAAAY, CompanySignedDate=null, CustomerSignedId=0032p00002iq6imAAA, CustomerSignedTitle=null, CustomerSignedDate=2022-09-30 00:00:00, SpecialTerms=null, ActivatedById=0052p000008i9TAAAY, ActivatedDate=2022-09-23 09:41:57, StatusCode=Activated, Description=null, RecordTypeId=012D00000003GZhIAM, Name=null, IsDeleted=false, ContractNumber=00046302, LastApprovedDate=null, CreatedDate=2022-09-23 09:36:10, CreatedById=0052p000008i9TAAAY, LastModifiedDate=2022-09-23 09:53:11, LastModifiedById=0052p000008i9TAAAY, SystemModstamp=2022-09-23 09:53:11, LastActivityDate=null, LastViewedDate=null, LastReferencedDate=null, Comarca__c=null, Territorio__c=null, N_cliente_existente__c=null, N_telefono__c=null, N_telefono_movil__c=922222222, N_fax__c=null, Cod_tarifa__c=null, Cod_forma_de_pago__c=PAGARÉ, Cod_terminos_de_pago__c=200, Cod_dia_de_pago__c=1, Duracion_contrato_en_toneladas__c=null, Consumo_previsto_Kgs__c=null, Coste_resolucion_anticipada__c=null, Producto_contratado__c=null, Prescriptor__c=null, Segmento__c=1200-AGRI, Importe_prima__c=null, Importe_prima_por_tonelada__c=null, Numero_de_contrato_app__c=null, Rentabilidad_prevista__c=null, dp_cad_min1__c=null, dp_cad_min2__c=null, dp_cad_min3__c=null, SWI__c=null, IBAN__c=null, CIF__c=35681619V, Nombre_cliente__c=null, e_mail__c=null, Cod_CNAE__c=null, Entrega_de_producto__c=null, Origen__c=Instalador, Origen_tipo_de_cliente__c=Nueva Creación, Perfil_de_consumo__c=null, Cod_forma_pago_servicios__c=CHEQUE, Cod_terminos_pago_servicios__c=200, dp_cad_min4__c=null, dp_cad_min5__c=null, dp_cad_min6__c=null, dto_Kg_1__c=null, dto_Kg_2__c=null, dto_Kg_3__c=null, dto_Kg_4__c=null, dto_Kg_5__c=null, dto_Kg_6__c=null, dcm_propano1__c=null, dcm_propano2__c=null, dcm_propano3__c=null, dcm_propano4__c=null, dto_a_o_1__c=null, dto_a_o_2__c=null, dto_a_o_3__c=null, dto_a_o_4__c=null, Cobertura_movil__c=false, Tipo_de_tanque__c=Aereo, Capacidad_tanque__c=10, Tipo__c=null, Tipo_camion__c=null, Perfil_base__c=null, Fecha_prevista_1er_llenado__c=2022-09-30 00:00:00, Fecha_prevista_obra_civil__c=2022-09-09 00:00:00, TP_tipo_instalacion__c=null, Importe_modalidad_instalacion__c=null, Altitud__c=null, Proyecto_exterior_importe__c=null, Aportaci_n_al_cliente__c=null, Obra_civil_deposito_importe__c=null, Canalizado_promotor__c=null, Obra_civil_zanjas_importe__c=null, Carburante__c=false, Obra_civil_vallado_importe__c=null, Consumo_previsto_GWh__c=10.0, ECD_grua_importe__c=null, Consumo_previsto_tons__c=null, Gestion_instalacion_importe__c=null, Contrato_anterior__c=null, Conexion_gas_red_ext_importe__c=null, Coste_resolucion_anticipada_MWh__c=null, Prueba_instalacion_importe__c=null, Coste_resolucion_anticipada_toneladas__c=null, LI_legaliz_inst_ext_importe__c=null, LI_extintores_importe__c=null, Direccion_de_entrega__c=a003L000003VuPRQA0, Duraci_n_contrato_GWh__c=null, Proyecto_interior_importe__c=null, Duraci_n_del_contrato_a_os__c=1, Conexion_certificado_interior_importe__c=null, Error_Sync__c=false, Contadores_importe__c=null, Estado_2__c=null, Otros_exterior__c=null, Aportacion_maxima_interior__c=null, Caldera__c=null, Inertizado_Dep_Cliente__c=null, Inversion_recuperable__c=null, Inversion_no_recuperable__c=null, Oportunidad__c=null, Modalidad_de_instalaci_n__c=Modular, Otros_interior_importe__c=null, Compraventa_minima_en_kg__c=null, Fecha_ltima_Sync__c=null, Id_Navision__c=null, Importe_SAU__c=null, Importe_alquiler_contador__c=null, Importe_contador_nuevo__c=null, Importe_dep_sito__c=10.00, Importe_derechos_acometida__c=null, Importe_derechos_de_alta__c=null, Importe_equipos__c=null, Importe_forfait__c=null, Importe_gesti_n_contrato__c=null, Importe_inspecci_n_quinquenal__c=null, Importe_instalaci_n_exterior__c=55.00, Importe_instalaci_n_interior__c=null, Importe_obra_Civil__c=null, Importe_proyectos__c=null, Importe_reenganche__c=null, Importe_servicios__c=null, Importe_t_rmino_fijo__c=null, Motivo_de_renovacion__c=null, N_Cliente_anterior__c=null, N_mero_de_vaporizadores__c=null, Prescriptor_no_en_BD__c=null, Primaconta__c=false, Primaservicios_gratuitos__c=true, Promotor__c=null, Reminder_terms_code__c=20, Responsabilidad_Primagas__c=null, Responsabilidad_cliente__c=null, Segmento_1__c=null, Segmento_2__c=null, Servicios__c=null, Subcontratista__c=null, Subcontratista_no_BD__c=null, Tarifa__c=null, Tipo_GNL__c=SPOT, Tipo_de_descuento__c=null, Toma_agua_15_m__c=false, Uso__c=null, Vaporizaci_n_Nm3h__c=null, dcm_propano5__c=null, dcm_propano6__c=null, dto_1__c=null, dto_2__c=null, dto_3__c=null, dto_4__c=null, dto_5__c=null, dto_6__c=null, dto_a_o_5__c=null, dto_a_o_6__c=null, Fecha_fin_contrato__c=2028-09-23 00:00:00, Campa_a_relacionada__c=70157000001bVxEAAU, Coordenadas_GPS__Latitude__s=null, Coordenadas_GPS__Longitude__s=null, Derechos_de_titular__c=null, Directorio_pdf__c=null, Entrega_y_colocacion_deposito__c=null, Equipos_instalacion__c=null, Instalacion_exterior__c=null, Instalacion_y_certificado_interior__c=null, Instalador__c=null, Obra_civil_deposito__c=null, Obra_civil_tuberia__c=null, Observaciones_equipos__c=null, Otros_Primagas__c=null, Otros_cliente__c=null, Pago_fraccionado__c=false, Plazo_de_pagos__c=null, Presentacion_en_ayuntamiento__c=null, Proyectista__c=null, Proyecto_exterior_memoria__c=null, Proyecto_interior__c=null, Tramo_con_descuento__c=null, Ubicacion_deposito__c=null, Vallado__c=null, Telemedida__c=false, Forma_de_pago_forfait__c=null, Observaciones_generales__c=null, emailDestinatarioBorrador__c=null, Contrato_original_recibido__c=false, N_Cliente_Navision__c=0, Pago_prima__c=false, Factura_n__c=null, Fraccionar_pago_1er_llenado_en_3__c=false, Tanque_propio__c=false, OldCustomerNavCode__c=null, OldShiptoCode__c=null, Ultima_lectura_de_contador__c=null, N_Pedido_creado__c=null, N_Prescriptor__c=R, Campa_a_aplicada__c=false, DNI__c=null, Pedido_Instalaci_n_creado__c=false, Primaservicios_mes1__c=0.00, Primaservicios_mes2__c=0.00, Primaservicios_mes3__c=0.00, Primaservicios_mes4__c=0.00, Primaservicios_mes5__c=0.00, Tipo_residencia__c=null, Financiacion_externa__c=false, IsTitularChange__c=false, Tramo__c=1, uso_en_contrato__c=null, DateFirstFilled__c=2020-11-24 00:00:00, conv_importe_term_fijo__c=null, conv_importe_SAU__c=00, conv_total2_ds__c=null, conv_fecha_firma_cliente__c=30/9/2022, ExternalId__c=null, IntegrationErrorStatus__c=null, IntegrationErrorMessage__c=null})
11:54:06.0 (109037264)|USER_DEBUG|[73]|DEBUG|## loadData BEFORE contratosAnteriores: ()
11:54:06.0 (109080066)|USER_DEBUG|[74]|DEBUG|## after loadData BEFORE
11:54:06.0 (109120016)|METHOD_EXIT|[23]|01p57000001HcKw|ContractUtil.loadData(List<Contract>, Map<String,Contract>)
11:54:06.0 (109134456)|METHOD_EXIT|[51]|01p57000001HcKv|ContractHandler.bulkBefore(List<SObject>, Map<Id,SObject>)
11:54:06.0 (109216801)|METHOD_ENTRY|[61]|01p57000001HcKv|ContractHandler.beforeUpdate(List<SObject>, Map<Id,SObject>)
11:54:06.0 (109255699)|METHOD_ENTRY|[48]|01p57000001HcKw|ContractUtil.populateContractEndDateUpdate(List<Contract>, Map<Id,Contract>)
11:54:06.0 (111109581)|METHOD_EXIT|[48]|01p57000001HcKw|ContractUtil.populateContractEndDateUpdate(List<Contract>, Map<Id,Contract>)
11:54:06.0 (111139468)|METHOD_EXIT|[61]|01p57000001HcKv|ContractHandler.beforeUpdate(List<SObject>, Map<Id,SObject>)
11:54:06.0 (111164674)|METHOD_ENTRY|[92]|01p57000001HcKv|ContractHandler.andFinally()
11:54:06.0 (111204625)|METHOD_ENTRY|[92]|01p57000001HcKw|ContractUtil.insertUpdateDeleteRecords()
11:54:06.0 (111375588)|METHOD_EXIT|[92]|01p57000001HcKw|ContractUtil.insertUpdateDeleteRecords()
11:54:06.0 (111389547)|METHOD_EXIT|[92]|01p57000001HcKv|ContractHandler.andFinally()
11:54:06.0 (111412779)|METHOD_EXIT|[33]|01p57000001HcLT|TriggerFactory.execute(ITrigger)
11:54:06.0 (111426448)|METHOD_EXIT|[4]|01p57000001HcLT|TriggerFactory.createHandler(Schema.SObjectType)
11:54:06.0 (112057996)|CODE_UNIT_FINISHED|ContractTrigger on Contract trigger event BeforeUpdate|__sfdc_trigger/ContractTrigger
11:54:06.0 (136043892)|CODE_UNIT_FINISHED|TRIGGERS
11:54:06.0 (136070943)|EXECUTION_FINISHED
