31.0 APEX_CODE,FINE;APEX_PROFILING,NONE;CALLOUT,INFO;DB,NONE;NBA,INFO;SYSTEM,NONE;VALIDATION,NONE;VISUALFORCE,FINE;WAVE,NONE;WORKFLOW,NONE
14:35:40.0 (114741)|USER_INFO|[EXTERNAL]|005D0000005TNAD|integrador@nts.com.pre|hora estándar de Europa central|GMT+02:00
14:35:40.0 (156398)|EXECUTION_STARTED
14:35:40.0 (160122)|CODE_UNIT_STARTED|[EXTERNAL]|TRIGGERS
14:35:40.0 (185270)|CODE_UNIT_STARTED|[EXTERNAL]|01q57000000g1Lq|ContractTrigger on Contract trigger event BeforeInsert|__sfdc_trigger/ContractTrigger
14:35:40.0 (1041183)|USER_DEBUG|[3]|DEBUG|**** Contract Trigger ****
14:35:40.0 (2988826)|METHOD_ENTRY|[6]|01p57000001HcLT|TriggerFactory.TriggerFactory()
14:35:40.0 (3015663)|METHOD_EXIT|[6]|TriggerFactory
14:35:40.0 (3052785)|METHOD_ENTRY|[4]|01p57000001HcLT|TriggerFactory.createHandler(Schema.SObjectType)
14:35:40.0 (7079043)|METHOD_ENTRY|[1]|01p57000001lFxx|Util.Util()
14:35:40.0 (7812516)|METHOD_EXIT|[1]|Util
14:35:40.0 (15925351)|METHOD_ENTRY|[27]|01p57000001HcLT|TriggerFactory.getHandler(Configuration_Switch__mdt, String)
14:35:40.0 (17237100)|SYSTEM_METHOD_ENTRY|[1]|Type.Type()
14:35:40.0 (17260458)|SYSTEM_METHOD_EXIT|[1]|Type
14:35:40.0 (17297100)|METHOD_ENTRY|[112]||System.Type.forName(String)
14:35:40.0 (21899731)|METHOD_EXIT|[112]||System.Type.forName(String)
14:35:40.0 (21960325)|METHOD_ENTRY|[119]||System.Type.newInstance()
14:35:40.0 (22077693)|METHOD_ENTRY|[5]|01p57000001HcKv|ContractHandler.ContractHandler()
14:35:40.0 (22089966)|METHOD_EXIT|[5]|ContractHandler
14:35:40.0 (22324956)|METHOD_EXIT|[119]||System.Type.newInstance()
14:35:40.0 (23432397)|METHOD_EXIT|[27]|01p57000001HcLT|TriggerFactory.getHandler(Configuration_Switch__mdt, String)
14:35:40.0 (23467310)|METHOD_ENTRY|[33]|01p57000001HcLT|TriggerFactory.execute(ITrigger)
14:35:40.0 (23605477)|METHOD_ENTRY|[51]|01p57000001HcKv|ContractHandler.bulkBefore(List<SObject>, Map<Id,SObject>)
14:35:40.0 (29593492)|METHOD_ENTRY|[1]|01p57000001HcKw|ContractUtil.ContractUtil()
14:35:40.0 (30695256)|METHOD_EXIT|[1]|ContractUtil
14:35:40.0 (30751842)|METHOD_ENTRY|[23]|01p57000001HcKw|ContractUtil.loadData(List<Contract>, Map<String,Contract>)
14:35:40.0 (250243332)|USER_DEBUG|[51]|DEBUG|## before loadData BEFORE newList: (Contract:{Id=null, AccountId=0013L00000L741hQAB, OwnerExpirationNotice=null, StartDate=null, EndDate=null, BillingStreet=null, BillingCity=null, BillingState=null, BillingPostalCode=null, BillingCountry=null, BillingLatitude=null, BillingLongitude=null, BillingGeocodeAccuracy=null, ShippingStreet=null, ShippingCity=null, ShippingState=null, ShippingPostalCode=null, ShippingCountry=null, ShippingLatitude=null, ShippingLongitude=null, ShippingGeocodeAccuracy=null, ContractTerm=null, OwnerId=005D0000005TNADIA4, Status=null, CompanySignedId=null, CompanySignedDate=null, CustomerSignedId=null, CustomerSignedTitle=null, CustomerSignedDate=null, SpecialTerms=null, ActivatedById=null, ActivatedDate=null, StatusCode=null, Description=null, RecordTypeId=012D00000003GZSIA2, Name=null, IsDeleted=false, ContractNumber=null, LastApprovedDate=null, CreatedDate=null, CreatedById=null, LastModifiedDate=null, LastModifiedById=null, SystemModstamp=null, LastActivityDate=null, LastViewedDate=null, LastReferencedDate=null, Comarca__c=null, Territorio__c=null, N_cliente_existente__c=null, N_telefono__c=null, N_telefono_movil__c=null, N_fax__c=null, Cod_tarifa__c=null, Cod_forma_de_pago__c=null, Cod_terminos_de_pago__c=null, Cod_dia_de_pago__c=null, Duracion_contrato_en_toneladas__c=null, Consumo_previsto_Kgs__c=null, Coste_resolucion_anticipada__c=null, Producto_contratado__c=null, Prescriptor__c=null, Segmento__c=null, Importe_prima__c=null, Importe_prima_por_tonelada__c=null, Numero_de_contrato_app__c=null, Rentabilidad_prevista__c=null, dp_cad_min1__c=null, dp_cad_min2__c=null, dp_cad_min3__c=null, SWI__c=null, IBAN__c=null, CIF__c=null, Nombre_cliente__c=null, e_mail__c=null, Cod_CNAE__c=null, Entrega_de_producto__c=null, Origen__c=null, Origen_tipo_de_cliente__c=null, Perfil_de_consumo__c=null, Cod_forma_pago_servicios__c=null, Cod_terminos_pago_servicios__c=null, dp_cad_min4__c=null, dp_cad_min5__c=null, dp_cad_min6__c=null, dto_Kg_1__c=null, dto_Kg_2__c=null, dto_Kg_3__c=null, dto_Kg_4__c=null, dto_Kg_5__c=null, dto_Kg_6__c=null, dcm_propano1__c=null, dcm_propano2__c=null, dcm_propano3__c=null, dcm_propano4__c=null, dto_a_o_1__c=null, dto_a_o_2__c=null, dto_a_o_3__c=null, dto_a_o_4__c=null, Cobertura_movil__c=false, Tipo_de_tanque__c=null, Capacidad_tanque__c=null, Tipo__c=null, Tipo_camion__c=null, Perfil_base__c=null, Fecha_prevista_1er_llenado__c=null, Fecha_prevista_obra_civil__c=null, TP_tipo_instalacion__c=null, Importe_modalidad_instalacion__c=null, Altitud__c=null, Proyecto_exterior_importe__c=null, Aportaci_n_al_cliente__c=null, Obra_civil_deposito_importe__c=null, Canalizado_promotor__c=null, Obra_civil_zanjas_importe__c=null, Carburante__c=false, Obra_civil_vallado_importe__c=null, Consumo_previsto_GWh__c=null, ECD_grua_importe__c=null, Consumo_previsto_tons__c=null, Gestion_instalacion_importe__c=null, Contrato_anterior__c=null, Conexion_gas_red_ext_importe__c=null, Coste_resolucion_anticipada_MWh__c=null, Prueba_instalacion_importe__c=null, Coste_resolucion_anticipada_toneladas__c=null, LI_legaliz_inst_ext_importe__c=null, LI_extintores_importe__c=null, Direccion_de_entrega__c=null, Duraci_n_contrato_GWh__c=null, Proyecto_interior_importe__c=null, Duraci_n_del_contrato_a_os__c=null, Conexion_certificado_interior_importe__c=null, Error_Sync__c=false, Contadores_importe__c=null, Estado_2__c=null, Otros_exterior__c=null, Aportacion_maxima_interior__c=null, Caldera__c=null, Inertizado_Dep_Cliente__c=null, Inversion_recuperable__c=null, Inversion_no_recuperable__c=null, Oportunidad__c=null, Modalidad_de_instalaci_n__c=Modular, Otros_interior_importe__c=null, Compraventa_minima_en_kg__c=null, Fecha_ltima_Sync__c=null, Id_Navision__c=null, Importe_SAU__c=null, Importe_alquiler_contador__c=null, Importe_contador_nuevo__c=null, Importe_dep_sito__c=null, Importe_derechos_acometida__c=null, Importe_derechos_de_alta__c=null, Importe_equipos__c=null, Importe_forfait__c=null, Importe_gesti_n_contrato__c=null, Importe_inspecci_n_quinquenal__c=null, Importe_instalaci_n_exterior__c=null, Importe_instalaci_n_interior__c=null, Importe_obra_Civil__c=null, Importe_proyectos__c=null, Importe_reenganche__c=null, Importe_servicios__c=null, Importe_t_rmino_fijo__c=null, Motivo_de_renovacion__c=null, N_Cliente_anterior__c=null, N_mero_de_vaporizadores__c=null, Prescriptor_no_en_BD__c=null, Primaconta__c=false, Primaservicios_gratuitos__c=true, Promotor__c=null, Reminder_terms_code__c=null, Responsabilidad_Primagas__c=null, Responsabilidad_cliente__c=null, Segmento_1__c=null, Segmento_2__c=null, Servicios__c=null, Subcontratista__c=null, Subcontratista_no_BD__c=null, Tarifa__c=null, Tipo_GNL__c=null, Tipo_de_descuento__c=null, Toma_agua_15_m__c=false, Uso__c=null, Vaporizaci_n_Nm3h__c=null, dcm_propano5__c=null, dcm_propano6__c=null, dto_1__c=null, dto_2__c=null, dto_3__c=null, dto_4__c=null, dto_5__c=null, dto_6__c=null, dto_a_o_5__c=null, dto_a_o_6__c=null, Fecha_fin_contrato__c=null, Campa_a_relacionada__c=null, Coordenadas_GPS__Latitude__s=null, Coordenadas_GPS__Longitude__s=null, Derechos_de_titular__c=null, Directorio_pdf__c=null, Entrega_y_colocacion_deposito__c=null, Equipos_instalacion__c=null, Instalacion_exterior__c=null, Instalacion_y_certificado_interior__c=null, Instalador__c=null, Obra_civil_deposito__c=null, Obra_civil_tuberia__c=null, Observaciones_equipos__c=null, Otros_Primagas__c=null, Otros_cliente__c=null, Pago_fraccionado__c=false, Plazo_de_pagos__c=null, Presentacion_en_ayuntamiento__c=null, Proyectista__c=null, Proyecto_exterior_memoria__c=null, Proyecto_interior__c=null, Tramo_con_descuento__c=null, Ubicacion_deposito__c=null, Vallado__c=null, Telemedida__c=false, Forma_de_pago_forfait__c=null, Observaciones_generales__c=null, emailDestinatarioBorrador__c=null, Contrato_original_recibido__c=false, N_Cliente_Navision__c=0, Pago_prima__c=false, Factura_n__c=null, Fraccionar_pago_1er_llenado_en_3__c=false, Tanque_propio__c=false, OldCustomerNavCode__c=null, OldShiptoCode__c=null, Ultima_lectura_de_contador__c=null, N_Pedido_creado__c=null, N_Prescriptor__c=R, Campa_a_aplicada__c=false, DNI__c=null, Pedido_Instalaci_n_creado__c=false, Primaservicios_mes1__c=0.00, Primaservicios_mes2__c=0.00, Primaservicios_mes3__c=0.00, Primaservicios_mes4__c=0.00, Primaservicios_mes5__c=0.00, Tipo_residencia__c=null, Financiacion_externa__c=false, IsTitularChange__c=false, Tramo__c=1, uso_en_contrato__c=null, DateFirstFilled__c=null, conv_importe_term_fijo__c=null, conv_importe_SAU__c=00, conv_total2_ds__c=null, conv_fecha_firma_cliente__c=//, ExternalId__c=8003L0000003f9XQAQ, IntegrationErrorStatus__c=OK, IntegrationErrorMessage__c=The format of the Date '0001-01-01T00:00:00.000+00:00' does not match your device's date settings.

Make sure that the day, month, and year are in the correct order and use the correct separator (such as - or /). Alternatively, you can always use the format 'yyyy-mm-dd'.; string=The format of the Date '0001-01-01T00:00:00.000+00:00' does not match your device's date settings.

Make sure that the day, month, and year are in the correct order and use the correct separator (such as - or /). Alternatively, you can always use the format 'yyyy-mm-dd'.})
14:35:40.0 (250732060)|USER_DEBUG|[73]|DEBUG|## loadData BEFORE contratosAnteriores: ()
14:35:40.0 (250760944)|USER_DEBUG|[74]|DEBUG|## after loadData BEFORE
14:35:40.0 (250783295)|METHOD_EXIT|[23]|01p57000001HcKw|ContractUtil.loadData(List<Contract>, Map<String,Contract>)
14:35:40.0 (250795420)|METHOD_EXIT|[51]|01p57000001HcKv|ContractHandler.bulkBefore(List<SObject>, Map<Id,SObject>)
14:35:40.0 (250846260)|METHOD_ENTRY|[56]|01p57000001HcKv|ContractHandler.beforeInsert(List<SObject>)
14:35:40.0 (250891768)|METHOD_ENTRY|[42]|01p57000001HcKw|ContractUtil.renovarContrato(List<Contract>, Map<String,Contract>)
14:35:40.0 (250931558)|USER_DEBUG|[115]|DEBUG|## before renovarContrato
14:35:40.0 (251118863)|USER_DEBUG|[134]|DEBUG|## after renovarContrato
14:35:40.0 (251137299)|METHOD_EXIT|[42]|01p57000001HcKw|ContractUtil.renovarContrato(List<Contract>, Map<String,Contract>)
14:35:40.0 (251153730)|METHOD_ENTRY|[43]|01p57000001HcKw|ContractUtil.populateContractEndDate(List<Contract>)
14:35:40.0 (251443321)|METHOD_EXIT|[43]|01p57000001HcKw|ContractUtil.populateContractEndDate(List<Contract>)
14:35:40.0 (251455517)|METHOD_EXIT|[56]|01p57000001HcKv|ContractHandler.beforeInsert(List<SObject>)
14:35:40.0 (251469097)|METHOD_ENTRY|[92]|01p57000001HcKv|ContractHandler.andFinally()
14:35:40.0 (251495471)|METHOD_ENTRY|[92]|01p57000001HcKw|ContractUtil.insertUpdateDeleteRecords()
14:35:40.0 (251621052)|METHOD_EXIT|[92]|01p57000001HcKw|ContractUtil.insertUpdateDeleteRecords()
14:35:40.0 (251628508)|METHOD_EXIT|[92]|01p57000001HcKv|ContractHandler.andFinally()
14:35:40.0 (251636405)|METHOD_EXIT|[33]|01p57000001HcLT|TriggerFactory.execute(ITrigger)
14:35:40.0 (251645895)|METHOD_EXIT|[4]|01p57000001HcLT|TriggerFactory.createHandler(Schema.SObjectType)
14:35:40.0 (251823117)|CODE_UNIT_FINISHED|ContractTrigger on Contract trigger event BeforeInsert|__sfdc_trigger/ContractTrigger
14:35:40.0 (270801967)|CODE_UNIT_STARTED|[EXTERNAL]|Validation:Contract:new
14:35:40.0 (271018089)|CODE_UNIT_FINISHED|Validation:Contract:new
14:35:41.23 (1023973188)|CODE_UNIT_STARTED|[EXTERNAL]|01q57000000g1Lq|ContractTrigger on Contract trigger event AfterInsert|__sfdc_trigger/ContractTrigger
14:35:41.23 (1024253147)|USER_DEBUG|[3]|DEBUG|**** Contract Trigger ****
14:35:41.23 (1024330930)|METHOD_ENTRY|[4]|01p57000001HcLT|TriggerFactory.createHandler(Schema.SObjectType)
14:35:41.23 (1025163891)|METHOD_ENTRY|[27]|01p57000001HcLT|TriggerFactory.getHandler(Configuration_Switch__mdt, String)
14:35:41.23 (1025209652)|METHOD_ENTRY|[112]||System.Type.forName(String)
14:35:41.23 (1025384373)|METHOD_EXIT|[112]||System.Type.forName(String)
14:35:41.23 (1025400972)|METHOD_ENTRY|[119]||System.Type.newInstance()
14:35:41.23 (1025509504)|METHOD_EXIT|[119]||System.Type.newInstance()
14:35:41.23 (1025613572)|METHOD_EXIT|[27]|01p57000001HcLT|TriggerFactory.getHandler(Configuration_Switch__mdt, String)
14:35:41.23 (1025632942)|METHOD_ENTRY|[33]|01p57000001HcLT|TriggerFactory.execute(ITrigger)
14:35:41.23 (1025741712)|METHOD_ENTRY|[72]|01p57000001HcKv|ContractHandler.bulkAfter(List<SObject>, Map<Id,SObject>)
14:35:41.23 (1025830850)|METHOD_ENTRY|[28]|01p57000001HcKw|ContractUtil.loadData(List<SObject>, Map<String,Account>)
14:35:41.23 (1025901761)|USER_DEBUG|[25]|DEBUG|## before loadData AFTER
14:35:41.23 (1037841556)|USER_DEBUG|[46]|DEBUG|## after loadData AFTER
14:35:41.23 (1037880427)|METHOD_EXIT|[28]|01p57000001HcKw|ContractUtil.loadData(List<SObject>, Map<String,Account>)
14:35:41.23 (1037923026)|METHOD_ENTRY|[32]|01p57000001HcKw|ContractUtil.createOpportunitiesMap(List<Contract>)
14:35:41.23 (1043911761)|SYSTEM_METHOD_ENTRY|[7]|QueryLocatorIterator.QueryLocatorIterator()
14:35:41.23 (1043948352)|SYSTEM_METHOD_EXIT|[7]|QueryLocatorIterator
14:35:41.23 (1044034775)|METHOD_ENTRY|[95]||Database.QueryLocatorIterator.hasNext()
14:35:41.23 (1044057044)|METHOD_EXIT|[95]||Database.QueryLocatorIterator.hasNext()
14:35:41.23 (1044093096)|METHOD_EXIT|[32]|01p57000001HcKw|ContractUtil.createOpportunitiesMap(List<Contract>)
14:35:41.23 (1044104313)|METHOD_EXIT|[72]|01p57000001HcKv|ContractHandler.bulkAfter(List<SObject>, Map<Id,SObject>)
14:35:41.23 (1044159454)|METHOD_ENTRY|[77]|01p57000001HcKv|ContractHandler.afterInsert(List<SObject>)
14:35:41.23 (1044221744)|METHOD_ENTRY|[64]|01p57000001HcKw|ContractUtil.cambiarEstadoOportunidadCerradaGanada(List<Contract>)
14:35:41.23 (1044527994)|USER_DEBUG|[266]|DEBUG|Contratos firmados: ()
14:35:41.23 (1047474545)|USER_DEBUG|[278]|DEBUG|Oportunidades a pasar al estado "Cerrada ganada": ()
14:35:41.23 (1047529617)|METHOD_EXIT|[64]|01p57000001HcKw|ContractUtil.cambiarEstadoOportunidadCerradaGanada(List<Contract>)
14:35:41.23 (1047552043)|METHOD_ENTRY|[65]|01p57000001HcKw|ContractUtil.updateOppsWithContract(List<Contract>)
14:35:41.23 (1047701433)|METHOD_EXIT|[65]|01p57000001HcKw|ContractUtil.updateOppsWithContract(List<Contract>)
14:35:41.23 (1047711588)|METHOD_EXIT|[77]|01p57000001HcKv|ContractHandler.afterInsert(List<SObject>)
14:35:41.23 (1047722315)|METHOD_ENTRY|[92]|01p57000001HcKv|ContractHandler.andFinally()
14:35:41.23 (1047732977)|METHOD_ENTRY|[92]|01p57000001HcKw|ContractUtil.insertUpdateDeleteRecords()
14:35:41.23 (1047782175)|METHOD_EXIT|[92]|01p57000001HcKw|ContractUtil.insertUpdateDeleteRecords()
14:35:41.23 (1047788320)|METHOD_EXIT|[92]|01p57000001HcKv|ContractHandler.andFinally()
14:35:41.23 (1047795880)|METHOD_EXIT|[33]|01p57000001HcLT|TriggerFactory.execute(ITrigger)
14:35:41.23 (1047805941)|METHOD_EXIT|[4]|01p57000001HcLT|TriggerFactory.createHandler(Schema.SObjectType)
14:35:41.23 (1047972488)|CODE_UNIT_FINISHED|ContractTrigger on Contract trigger event AfterInsert|__sfdc_trigger/ContractTrigger
14:35:41.23 (1049387938)|CODE_UNIT_STARTED|[EXTERNAL]|Workflow:Contract
14:35:42.961 (2961287071)|CODE_UNIT_FINISHED|Workflow:Contract
14:35:42.961 (2962497042)|CODE_UNIT_STARTED|[EXTERNAL]|Flow:Contract
14:35:42.961 (2962522951)|CODE_UNIT_FINISHED|Flow:Contract
14:35:42.961 (2962561611)|CODE_UNIT_STARTED|[EXTERNAL]|Flow:Contract
14:35:42.961 (2962571822)|CODE_UNIT_FINISHED|Flow:Contract
14:35:42.961 (3114956689)|CODE_UNIT_FINISHED|TRIGGERS
14:35:42.961 (3114983389)|EXECUTION_FINISHED
