31.0 APEX_CODE,FINE;APEX_PROFILING,NONE;CALLOUT,INFO;DB,NONE;NBA,INFO;SYSTEM,NONE;VALIDATION,NONE;VISUALFORCE,FINE;WAVE,NONE;WORKFLOW,NONE
14:10:18.0 (185497)|USER_INFO|[EXTERNAL]|0052p000008i9TA|n.gonzalez@blackbirdcrew.com|hora estándar de Europa central|GMT+02:00
14:10:18.0 (264558)|EXECUTION_STARTED
14:10:18.0 (271131)|CODE_UNIT_STARTED|[EXTERNAL]|TRIGGERS
14:10:18.0 (310982)|CODE_UNIT_STARTED|[EXTERNAL]|01q57000000g1Lp|AccountTrigger on Account trigger event BeforeUpdate|__sfdc_trigger/AccountTrigger
14:10:18.0 (1584422)|USER_DEBUG|[3]|DEBUG|**** Account Trigger ****
14:10:18.0 (1966096)|METHOD_ENTRY|[6]|01p57000001HcLT|TriggerFactory.TriggerFactory()
14:10:18.0 (2007505)|METHOD_EXIT|[6]|TriggerFactory
14:10:18.0 (2024607)|METHOD_ENTRY|[4]|01p57000001HcLT|TriggerFactory.createHandler(Schema.SObjectType)
14:10:18.0 (2293519)|METHOD_ENTRY|[1]|01p57000001lFxx|Util.Util()
14:10:18.0 (2937986)|METHOD_EXIT|[1]|Util
14:10:18.0 (9324241)|METHOD_ENTRY|[27]|01p57000001HcLT|TriggerFactory.getHandler(Configuration_Switch__mdt, String)
14:10:18.0 (9470614)|SYSTEM_METHOD_ENTRY|[1]|Type.Type()
14:10:18.0 (9495500)|SYSTEM_METHOD_EXIT|[1]|Type
14:10:18.0 (9507308)|METHOD_ENTRY|[112]||System.Type.forName(String)
14:10:18.0 (12316908)|METHOD_EXIT|[112]||System.Type.forName(String)
14:10:18.0 (12352619)|METHOD_ENTRY|[119]||System.Type.newInstance()
14:10:18.0 (12569138)|METHOD_ENTRY|[5]|01p57000001HcKr|AccountHandler.AccountHandler()
14:10:18.0 (12598321)|METHOD_EXIT|[5]|AccountHandler
14:10:18.0 (12640567)|METHOD_EXIT|[119]||System.Type.newInstance()
14:10:18.0 (12805565)|METHOD_EXIT|[27]|01p57000001HcLT|TriggerFactory.getHandler(Configuration_Switch__mdt, String)
14:10:18.0 (12827989)|METHOD_ENTRY|[33]|01p57000001HcLT|TriggerFactory.execute(ITrigger)
14:10:18.0 (13007372)|METHOD_ENTRY|[51]|01p57000001HcKr|AccountHandler.bulkBefore(List<SObject>, Map<Id,SObject>)
14:10:18.0 (13033276)|METHOD_EXIT|[51]|01p57000001HcKr|AccountHandler.bulkBefore(List<SObject>, Map<Id,SObject>)
14:10:18.0 (13083530)|METHOD_ENTRY|[61]|01p57000001HcKr|AccountHandler.beforeUpdate(List<SObject>, Map<Id,SObject>)
14:10:18.0 (13401048)|METHOD_ENTRY|[1]|01p57000001HcKs|AccountUtil.AccountUtil()
14:10:18.0 (14072402)|METHOD_EXIT|[1]|AccountUtil
14:10:18.0 (14099567)|METHOD_ENTRY|[37]|01p57000001HcKs|AccountUtil.actualizarUsuarioWebClientes(List<Account>)
14:10:18.0 (14646882)|METHOD_EXIT|[37]|01p57000001HcKs|AccountUtil.actualizarUsuarioWebClientes(List<Account>)
14:10:18.0 (14700095)|METHOD_ENTRY|[38]|01p57000001HcKs|AccountUtil.procesarCuentasTriggerParaValidarIBAN(List<Account>, Map<Id,Account>)
14:10:18.0 (15002478)|USER_DEBUG|[475]|DEBUG|$$ - procesarCuentavalidarIBAN : null
14:10:18.0 (15041174)|USER_DEBUG|[476]|DEBUG|$$ - procesarCuentavalidarIBAN from oldMap : 
14:10:18.0 (15063416)|METHOD_ENTRY|[478]|01p57000001HcKs|AccountUtil.validarIBAN(Account, String)
14:10:18.0 (15121176)|USER_DEBUG|[307]|DEBUG|$$ - validarIBAN accountIBAN : null
14:10:18.0 (15189472)|METHOD_EXIT|[478]|01p57000001HcKs|AccountUtil.validarIBAN(Account, String)
14:10:18.0 (15226062)|METHOD_EXIT|[38]|01p57000001HcKs|AccountUtil.procesarCuentasTriggerParaValidarIBAN(List<Account>, Map<Id,Account>)
14:10:18.0 (15245024)|METHOD_ENTRY|[40]|01p57000001HcKs|AccountUtil.definirOrigenDeModificacion(List<Account>, Map<Id,Account>)
14:10:18.0 (15390152)|USER_DEBUG|[514]|DEBUG|en el trigger de definir true
14:10:18.0 (15540256)|USER_DEBUG|[538]|DEBUG|true
14:10:18.0 (15823523)|METHOD_EXIT|[40]|01p57000001HcKs|AccountUtil.definirOrigenDeModificacion(List<Account>, Map<Id,Account>)
14:10:18.0 (15841884)|METHOD_EXIT|[61]|01p57000001HcKr|AccountHandler.beforeUpdate(List<SObject>, Map<Id,SObject>)
14:10:18.0 (15861164)|METHOD_ENTRY|[92]|01p57000001HcKr|AccountHandler.andFinally()
14:10:18.0 (15887751)|METHOD_ENTRY|[66]|01p57000001HcKs|AccountUtil.insertUpdateDeleteRecords()
14:10:18.0 (16042925)|METHOD_EXIT|[66]|01p57000001HcKs|AccountUtil.insertUpdateDeleteRecords()
14:10:18.0 (16055892)|METHOD_EXIT|[92]|01p57000001HcKr|AccountHandler.andFinally()
14:10:18.0 (16065816)|METHOD_EXIT|[33]|01p57000001HcLT|TriggerFactory.execute(ITrigger)
14:10:18.0 (16077666)|METHOD_EXIT|[4]|01p57000001HcLT|TriggerFactory.createHandler(Schema.SObjectType)
14:10:18.0 (18045930)|CODE_UNIT_FINISHED|AccountTrigger on Account trigger event BeforeUpdate|__sfdc_trigger/AccountTrigger
14:10:18.0 (39174837)|CODE_UNIT_STARTED|[EXTERNAL]|Validation:Account:0017S00000EtPWU
14:10:18.0 (46192942)|CODE_UNIT_FINISHED|Validation:Account:0017S00000EtPWU
14:10:18.0 (46386643)|CODE_UNIT_STARTED|[EXTERNAL]|DuplicateDetector
14:10:18.0 (65344584)|CODE_UNIT_FINISHED|DuplicateDetector
14:10:18.0 (122750181)|CODE_UNIT_STARTED|[EXTERNAL]|01q57000000g1Lp|AccountTrigger on Account trigger event AfterUpdate|__sfdc_trigger/AccountTrigger
14:10:18.0 (123057091)|USER_DEBUG|[3]|DEBUG|**** Account Trigger ****
14:10:18.0 (123126554)|METHOD_ENTRY|[4]|01p57000001HcLT|TriggerFactory.createHandler(Schema.SObjectType)
14:10:18.0 (123885424)|METHOD_ENTRY|[27]|01p57000001HcLT|TriggerFactory.getHandler(Configuration_Switch__mdt, String)
14:10:18.0 (123932824)|METHOD_ENTRY|[112]||System.Type.forName(String)
14:10:18.0 (124091147)|METHOD_EXIT|[112]||System.Type.forName(String)
14:10:18.0 (124109761)|METHOD_ENTRY|[119]||System.Type.newInstance()
14:10:18.0 (124185249)|METHOD_EXIT|[119]||System.Type.newInstance()
14:10:18.0 (124286310)|METHOD_EXIT|[27]|01p57000001HcLT|TriggerFactory.getHandler(Configuration_Switch__mdt, String)
14:10:18.0 (124302774)|METHOD_ENTRY|[33]|01p57000001HcLT|TriggerFactory.execute(ITrigger)
14:10:18.0 (124393028)|METHOD_ENTRY|[72]|01p57000001HcKr|AccountHandler.bulkAfter(List<SObject>, Map<Id,SObject>)
14:10:18.0 (124450806)|METHOD_ENTRY|[18]|01p57000001HcKs|AccountUtil.recuperarContactos(List<Account>, Map<Id,Account>)
14:10:18.0 (158658935)|SYSTEM_METHOD_ENTRY|[7]|QueryLocatorIterator.QueryLocatorIterator()
14:10:18.0 (158690142)|SYSTEM_METHOD_EXIT|[7]|QueryLocatorIterator
14:10:18.0 (158866488)|METHOD_ENTRY|[112]||Database.QueryLocatorIterator.hasNext()
14:10:18.0 (159004587)|METHOD_EXIT|[112]||Database.QueryLocatorIterator.hasNext()
14:10:18.0 (159020931)|METHOD_ENTRY|[112]||Database.QueryLocatorIterator.next()
14:10:18.0 (159136483)|METHOD_EXIT|[112]||Database.QueryLocatorIterator.next()
14:10:18.0 (159482196)|METHOD_ENTRY|[112]||Database.QueryLocatorIterator.hasNext()
14:10:18.0 (159516443)|METHOD_EXIT|[112]||Database.QueryLocatorIterator.hasNext()
14:10:18.0 (159525313)|METHOD_ENTRY|[112]||Database.QueryLocatorIterator.next()
14:10:18.0 (159577375)|METHOD_EXIT|[112]||Database.QueryLocatorIterator.next()
14:10:18.0 (159670846)|METHOD_ENTRY|[112]||Database.QueryLocatorIterator.hasNext()
14:10:18.0 (159692101)|METHOD_EXIT|[112]||Database.QueryLocatorIterator.hasNext()
14:10:18.0 (159699242)|METHOD_ENTRY|[112]||Database.QueryLocatorIterator.next()
14:10:18.0 (159738436)|METHOD_EXIT|[112]||Database.QueryLocatorIterator.next()
14:10:18.0 (159793320)|METHOD_ENTRY|[112]||Database.QueryLocatorIterator.hasNext()
14:10:18.0 (159813224)|METHOD_EXIT|[112]||Database.QueryLocatorIterator.hasNext()
14:10:18.0 (159828260)|METHOD_ENTRY|[112]||Database.QueryLocatorIterator.next()
14:10:18.0 (159864667)|METHOD_EXIT|[112]||Database.QueryLocatorIterator.next()
14:10:18.0 (159936418)|METHOD_ENTRY|[112]||Database.QueryLocatorIterator.hasNext()
14:10:18.0 (159957562)|METHOD_EXIT|[112]||Database.QueryLocatorIterator.hasNext()
14:10:18.0 (159964564)|METHOD_ENTRY|[112]||Database.QueryLocatorIterator.next()
14:10:18.0 (160001340)|METHOD_EXIT|[112]||Database.QueryLocatorIterator.next()
14:10:18.0 (160056361)|METHOD_ENTRY|[112]||Database.QueryLocatorIterator.hasNext()
14:10:18.0 (160078344)|METHOD_EXIT|[112]||Database.QueryLocatorIterator.hasNext()
14:10:18.0 (160085521)|METHOD_ENTRY|[112]||Database.QueryLocatorIterator.next()
14:10:18.0 (160120352)|METHOD_EXIT|[112]||Database.QueryLocatorIterator.next()
14:10:18.0 (160192129)|METHOD_ENTRY|[112]||Database.QueryLocatorIterator.hasNext()
14:10:18.0 (160212107)|METHOD_EXIT|[112]||Database.QueryLocatorIterator.hasNext()
14:10:18.0 (160219714)|METHOD_ENTRY|[112]||Database.QueryLocatorIterator.next()
14:10:18.0 (160255383)|METHOD_EXIT|[112]||Database.QueryLocatorIterator.next()
14:10:18.0 (160323587)|METHOD_ENTRY|[112]||Database.QueryLocatorIterator.hasNext()
14:10:18.0 (160341993)|METHOD_EXIT|[112]||Database.QueryLocatorIterator.hasNext()
14:10:18.0 (160349335)|METHOD_ENTRY|[112]||Database.QueryLocatorIterator.next()
14:10:18.0 (160384154)|METHOD_EXIT|[112]||Database.QueryLocatorIterator.next()
14:10:18.0 (160438561)|METHOD_ENTRY|[112]||Database.QueryLocatorIterator.hasNext()
14:10:18.0 (160456380)|METHOD_EXIT|[112]||Database.QueryLocatorIterator.hasNext()
14:10:18.0 (160462569)|METHOD_ENTRY|[112]||Database.QueryLocatorIterator.next()
14:10:18.0 (160497895)|METHOD_EXIT|[112]||Database.QueryLocatorIterator.next()
14:10:18.0 (160550697)|METHOD_ENTRY|[112]||Database.QueryLocatorIterator.hasNext()
14:10:18.0 (160567792)|METHOD_EXIT|[112]||Database.QueryLocatorIterator.hasNext()
14:10:18.0 (160575038)|METHOD_ENTRY|[112]||Database.QueryLocatorIterator.next()
14:10:18.0 (160620686)|METHOD_EXIT|[112]||Database.QueryLocatorIterator.next()
14:10:18.0 (160679935)|METHOD_ENTRY|[112]||Database.QueryLocatorIterator.hasNext()
14:10:18.0 (160704740)|METHOD_EXIT|[112]||Database.QueryLocatorIterator.hasNext()
14:10:18.0 (160712242)|METHOD_ENTRY|[112]||Database.QueryLocatorIterator.next()
14:10:18.0 (160748535)|METHOD_EXIT|[112]||Database.QueryLocatorIterator.next()
14:10:18.0 (160802508)|METHOD_ENTRY|[112]||Database.QueryLocatorIterator.hasNext()
14:10:18.0 (160820537)|METHOD_EXIT|[112]||Database.QueryLocatorIterator.hasNext()
14:10:18.0 (160827295)|METHOD_ENTRY|[112]||Database.QueryLocatorIterator.next()
14:10:18.0 (160863183)|METHOD_EXIT|[112]||Database.QueryLocatorIterator.next()
14:10:18.0 (160915822)|METHOD_ENTRY|[112]||Database.QueryLocatorIterator.hasNext()
14:10:18.0 (160934261)|METHOD_EXIT|[112]||Database.QueryLocatorIterator.hasNext()
14:10:18.0 (160941794)|METHOD_ENTRY|[112]||Database.QueryLocatorIterator.next()
14:10:18.0 (160977387)|METHOD_EXIT|[112]||Database.QueryLocatorIterator.next()
14:10:18.0 (161052173)|METHOD_ENTRY|[112]||Database.QueryLocatorIterator.hasNext()
14:10:18.0 (161072084)|METHOD_EXIT|[112]||Database.QueryLocatorIterator.hasNext()
14:10:18.0 (161079416)|METHOD_ENTRY|[112]||Database.QueryLocatorIterator.next()
14:10:18.0 (161114833)|METHOD_EXIT|[112]||Database.QueryLocatorIterator.next()
14:10:18.0 (161169451)|METHOD_ENTRY|[112]||Database.QueryLocatorIterator.hasNext()
14:10:18.0 (161189724)|METHOD_EXIT|[112]||Database.QueryLocatorIterator.hasNext()
14:10:18.0 (161196744)|METHOD_ENTRY|[112]||Database.QueryLocatorIterator.next()
14:10:18.0 (161231743)|METHOD_EXIT|[112]||Database.QueryLocatorIterator.next()
14:10:18.0 (161291447)|METHOD_ENTRY|[112]||Database.QueryLocatorIterator.hasNext()
14:10:18.0 (161309453)|METHOD_EXIT|[112]||Database.QueryLocatorIterator.hasNext()
14:10:18.0 (161316803)|METHOD_ENTRY|[112]||Database.QueryLocatorIterator.next()
14:10:18.0 (161354109)|METHOD_EXIT|[112]||Database.QueryLocatorIterator.next()
14:10:18.0 (161410149)|METHOD_ENTRY|[112]||Database.QueryLocatorIterator.hasNext()
14:10:18.0 (161427688)|METHOD_EXIT|[112]||Database.QueryLocatorIterator.hasNext()
14:10:18.0 (161434338)|METHOD_ENTRY|[112]||Database.QueryLocatorIterator.next()
14:10:18.0 (161469917)|METHOD_EXIT|[112]||Database.QueryLocatorIterator.next()
14:10:18.0 (161543298)|METHOD_ENTRY|[112]||Database.QueryLocatorIterator.hasNext()
14:10:18.0 (161562627)|METHOD_EXIT|[112]||Database.QueryLocatorIterator.hasNext()
14:10:18.0 (161569881)|METHOD_ENTRY|[112]||Database.QueryLocatorIterator.next()
14:10:18.0 (161614041)|METHOD_EXIT|[112]||Database.QueryLocatorIterator.next()
14:10:18.0 (161667901)|METHOD_ENTRY|[112]||Database.QueryLocatorIterator.hasNext()
14:10:18.0 (161685525)|METHOD_EXIT|[112]||Database.QueryLocatorIterator.hasNext()
14:10:18.0 (161692045)|METHOD_ENTRY|[112]||Database.QueryLocatorIterator.next()
14:10:18.0 (161727462)|METHOD_EXIT|[112]||Database.QueryLocatorIterator.next()
14:10:18.0 (161782456)|METHOD_ENTRY|[112]||Database.QueryLocatorIterator.hasNext()
14:10:18.0 (161799609)|METHOD_EXIT|[112]||Database.QueryLocatorIterator.hasNext()
14:10:18.0 (161806971)|METHOD_ENTRY|[112]||Database.QueryLocatorIterator.next()
14:10:18.0 (161842347)|METHOD_EXIT|[112]||Database.QueryLocatorIterator.next()
14:10:18.0 (161896961)|METHOD_ENTRY|[112]||Database.QueryLocatorIterator.hasNext()
14:10:18.0 (161914738)|METHOD_EXIT|[112]||Database.QueryLocatorIterator.hasNext()
14:10:18.0 (161921040)|METHOD_ENTRY|[112]||Database.QueryLocatorIterator.next()
14:10:18.0 (161955897)|METHOD_EXIT|[112]||Database.QueryLocatorIterator.next()
14:10:18.0 (162011505)|METHOD_ENTRY|[112]||Database.QueryLocatorIterator.hasNext()
14:10:18.0 (162031490)|METHOD_EXIT|[112]||Database.QueryLocatorIterator.hasNext()
14:10:18.0 (162037596)|METHOD_ENTRY|[112]||Database.QueryLocatorIterator.next()
14:10:18.0 (162072990)|METHOD_EXIT|[112]||Database.QueryLocatorIterator.next()
14:10:18.0 (162149162)|METHOD_ENTRY|[112]||Database.QueryLocatorIterator.hasNext()
14:10:18.0 (162168793)|METHOD_EXIT|[112]||Database.QueryLocatorIterator.hasNext()
14:10:18.0 (162176583)|METHOD_ENTRY|[112]||Database.QueryLocatorIterator.next()
14:10:18.0 (162216565)|METHOD_EXIT|[112]||Database.QueryLocatorIterator.next()
14:10:18.0 (162272430)|METHOD_ENTRY|[112]||Database.QueryLocatorIterator.hasNext()
14:10:18.0 (162291497)|METHOD_EXIT|[112]||Database.QueryLocatorIterator.hasNext()
14:10:18.0 (162298639)|METHOD_ENTRY|[112]||Database.QueryLocatorIterator.next()
14:10:18.0 (162333775)|METHOD_EXIT|[112]||Database.QueryLocatorIterator.next()
14:10:18.0 (162390512)|METHOD_ENTRY|[112]||Database.QueryLocatorIterator.hasNext()
14:10:18.0 (162408404)|METHOD_EXIT|[112]||Database.QueryLocatorIterator.hasNext()
14:10:18.0 (162414793)|METHOD_ENTRY|[112]||Database.QueryLocatorIterator.next()
14:10:18.0 (162450478)|METHOD_EXIT|[112]||Database.QueryLocatorIterator.next()
14:10:18.0 (162504661)|METHOD_ENTRY|[112]||Database.QueryLocatorIterator.hasNext()
14:10:18.0 (162522350)|METHOD_EXIT|[112]||Database.QueryLocatorIterator.hasNext()
14:10:18.0 (162528819)|METHOD_ENTRY|[112]||Database.QueryLocatorIterator.next()
14:10:18.0 (162561994)|METHOD_EXIT|[112]||Database.QueryLocatorIterator.next()
14:10:18.0 (162630089)|METHOD_ENTRY|[112]||Database.QueryLocatorIterator.hasNext()
14:10:18.0 (162648042)|METHOD_EXIT|[112]||Database.QueryLocatorIterator.hasNext()
14:10:18.0 (162654452)|METHOD_ENTRY|[112]||Database.QueryLocatorIterator.next()
14:10:18.0 (162690135)|METHOD_EXIT|[112]||Database.QueryLocatorIterator.next()
14:10:18.0 (162781289)|METHOD_ENTRY|[112]||Database.QueryLocatorIterator.hasNext()
14:10:18.0 (162803007)|METHOD_EXIT|[112]||Database.QueryLocatorIterator.hasNext()
14:10:18.0 (162810929)|METHOD_ENTRY|[112]||Database.QueryLocatorIterator.next()
14:10:18.0 (162855554)|METHOD_EXIT|[112]||Database.QueryLocatorIterator.next()
14:10:18.0 (162917624)|METHOD_ENTRY|[112]||Database.QueryLocatorIterator.hasNext()
14:10:18.0 (162937935)|METHOD_EXIT|[112]||Database.QueryLocatorIterator.hasNext()
14:10:18.0 (162945132)|METHOD_ENTRY|[112]||Database.QueryLocatorIterator.next()
14:10:18.0 (162985173)|METHOD_EXIT|[112]||Database.QueryLocatorIterator.next()
14:10:18.0 (163047239)|METHOD_ENTRY|[112]||Database.QueryLocatorIterator.hasNext()
14:10:18.0 (163068888)|METHOD_EXIT|[112]||Database.QueryLocatorIterator.hasNext()
14:10:18.0 (163076800)|METHOD_ENTRY|[112]||Database.QueryLocatorIterator.next()
14:10:18.0 (163117063)|METHOD_EXIT|[112]||Database.QueryLocatorIterator.next()
14:10:18.0 (163180155)|METHOD_ENTRY|[112]||Database.QueryLocatorIterator.hasNext()
14:10:18.0 (163201520)|METHOD_EXIT|[112]||Database.QueryLocatorIterator.hasNext()
14:10:18.0 (163208940)|METHOD_ENTRY|[112]||Database.QueryLocatorIterator.next()
14:10:18.0 (163254226)|METHOD_EXIT|[112]||Database.QueryLocatorIterator.next()
14:10:18.0 (163317901)|METHOD_ENTRY|[112]||Database.QueryLocatorIterator.hasNext()
14:10:18.0 (163340443)|METHOD_EXIT|[112]||Database.QueryLocatorIterator.hasNext()
14:10:18.0 (163348832)|METHOD_ENTRY|[112]||Database.QueryLocatorIterator.next()
14:10:18.0 (163398126)|METHOD_EXIT|[112]||Database.QueryLocatorIterator.next()
14:10:18.0 (163454650)|METHOD_ENTRY|[112]||Database.QueryLocatorIterator.hasNext()
14:10:18.0 (163473998)|METHOD_EXIT|[112]||Database.QueryLocatorIterator.hasNext()
14:10:18.0 (163480951)|METHOD_ENTRY|[112]||Database.QueryLocatorIterator.next()
14:10:18.0 (163516429)|METHOD_EXIT|[112]||Database.QueryLocatorIterator.next()
14:10:18.0 (163571032)|METHOD_ENTRY|[112]||Database.QueryLocatorIterator.hasNext()
14:10:18.0 (163603358)|METHOD_EXIT|[112]||Database.QueryLocatorIterator.hasNext()
14:10:18.0 (163610588)|METHOD_ENTRY|[112]||Database.QueryLocatorIterator.next()
14:10:18.0 (163646248)|METHOD_EXIT|[112]||Database.QueryLocatorIterator.next()
14:10:18.0 (163701654)|METHOD_ENTRY|[112]||Database.QueryLocatorIterator.hasNext()
14:10:18.0 (163723533)|METHOD_EXIT|[112]||Database.QueryLocatorIterator.hasNext()
14:10:18.0 (163730453)|METHOD_ENTRY|[112]||Database.QueryLocatorIterator.next()
14:10:18.0 (163767230)|METHOD_EXIT|[112]||Database.QueryLocatorIterator.next()
14:10:18.0 (163821532)|METHOD_ENTRY|[112]||Database.QueryLocatorIterator.hasNext()
14:10:18.0 (163839674)|METHOD_EXIT|[112]||Database.QueryLocatorIterator.hasNext()
14:10:18.0 (163846455)|METHOD_ENTRY|[112]||Database.QueryLocatorIterator.next()
14:10:18.0 (163881988)|METHOD_EXIT|[112]||Database.QueryLocatorIterator.next()
14:10:18.0 (163936256)|METHOD_ENTRY|[112]||Database.QueryLocatorIterator.hasNext()
14:10:18.0 (163948431)|METHOD_EXIT|[112]||Database.QueryLocatorIterator.hasNext()
14:10:18.0 (167873161)|METHOD_ENTRY|[177]||Database.QueryLocatorIterator.hasNext()
14:10:18.0 (167918538)|METHOD_EXIT|[177]||Database.QueryLocatorIterator.hasNext()
14:10:18.0 (167954418)|METHOD_EXIT|[18]|01p57000001HcKs|AccountUtil.recuperarContactos(List<Account>, Map<Id,Account>)
14:10:18.0 (167983987)|METHOD_ENTRY|[19]|01p57000001HcKs|AccountUtil.recuperarPersonasDeContactos(List<Account>, Map<Id,Account>)
14:10:18.0 (168170530)|METHOD_EXIT|[19]|01p57000001HcKs|AccountUtil.recuperarPersonasDeContactos(List<Account>, Map<Id,Account>)
14:10:18.0 (168201108)|METHOD_EXIT|[72]|01p57000001HcKr|AccountHandler.bulkAfter(List<SObject>, Map<Id,SObject>)
14:10:18.0 (168279631)|METHOD_ENTRY|[82]|01p57000001HcKr|AccountHandler.afterUpdate(List<SObject>, Map<Id,SObject>)
14:10:18.0 (168310648)|METHOD_ENTRY|[53]|01p57000001HcKs|AccountUtil.SincronizarCliente(List<Account>, Map<Id,Account>)
14:10:18.0 (168733894)|METHOD_EXIT|[53]|01p57000001HcKs|AccountUtil.SincronizarCliente(List<Account>, Map<Id,Account>)
14:10:18.0 (168771051)|METHOD_ENTRY|[55]|01p57000001HcKs|AccountUtil.aceptarPreferenciasPorClienteExistente(List<Account>, Map<Id,Account>)
14:10:18.0 (169090083)|METHOD_EXIT|[55]|01p57000001HcKs|AccountUtil.aceptarPreferenciasPorClienteExistente(List<Account>, Map<Id,Account>)
14:10:18.0 (169107887)|METHOD_EXIT|[82]|01p57000001HcKr|AccountHandler.afterUpdate(List<SObject>, Map<Id,SObject>)
14:10:18.0 (169122268)|METHOD_ENTRY|[92]|01p57000001HcKr|AccountHandler.andFinally()
14:10:18.0 (169136044)|METHOD_ENTRY|[66]|01p57000001HcKs|AccountUtil.insertUpdateDeleteRecords()
14:10:18.0 (169211144)|METHOD_EXIT|[66]|01p57000001HcKs|AccountUtil.insertUpdateDeleteRecords()
14:10:18.0 (169220771)|METHOD_EXIT|[92]|01p57000001HcKr|AccountHandler.andFinally()
14:10:18.0 (169230831)|METHOD_EXIT|[33]|01p57000001HcLT|TriggerFactory.execute(ITrigger)
14:10:18.0 (169244644)|METHOD_EXIT|[4]|01p57000001HcLT|TriggerFactory.createHandler(Schema.SObjectType)
14:10:18.0 (186856139)|CODE_UNIT_FINISHED|AccountTrigger on Account trigger event AfterUpdate|__sfdc_trigger/AccountTrigger
14:10:18.0 (188685394)|CODE_UNIT_STARTED|[EXTERNAL]|Workflow:Account
14:10:18.0 (238832010)|CODE_UNIT_FINISHED|Workflow:Account
14:10:18.0 (256223866)|CODE_UNIT_STARTED|[EXTERNAL]|DuplicateDetector
14:10:18.0 (269272287)|CODE_UNIT_FINISHED|DuplicateDetector
14:10:18.0 (270017681)|CODE_UNIT_FINISHED|TRIGGERS
14:10:18.0 (270038087)|EXECUTION_FINISHED
